<?xml version="1.0" encoding="UTF-8"?>
<testsuite xmlns:xsi="http://www.w3.org/2001/XMLSchema-instance" xsi:noNamespaceSchemaLocation="https://maven.apache.org/surefire/maven-surefire-plugin/xsd/surefire-test-report-3.0.xsd" version="3.0" name="TestSuite" time="273.687" tests="9" errors="0" skipped="0" failures="0">
  <properties>
    <property name="sun.desktop" value="windows"/>
    <property name="awt.toolkit" value="sun.awt.windows.WToolkit"/>
    <property name="file.encoding.pkg" value="sun.io"/>
    <property name="java.specification.version" value="1.8"/>
    <property name="sun.cpu.isalist" value="amd64"/>
    <property name="sun.jnu.encoding" value="Cp1252"/>
    <property name="java.class.path" value="C:\Users\joelv\eclipse-workspace2\framework\target\test-classes;C:\Users\joelv\eclipse-workspace2\framework\target\classes;C:\Users\joelv\.m2\repository\io\appium\java-client\7.6.0\java-client-7.6.0.jar;C:\Users\joelv\.m2\repository\org\seleniumhq\selenium\selenium-support\3.141.59\selenium-support-3.141.59.jar;C:\Users\joelv\.m2\repository\org\seleniumhq\selenium\selenium-api\3.141.59\selenium-api-3.141.59.jar;C:\Users\joelv\.m2\repository\com\google\code\gson\gson\2.8.8\gson-2.8.8.jar;C:\Users\joelv\.m2\repository\org\apache\httpcomponents\httpclient\4.5.13\httpclient-4.5.13.jar;C:\Users\joelv\.m2\repository\org\apache\httpcomponents\httpcore\4.4.13\httpcore-4.4.13.jar;C:\Users\joelv\.m2\repository\commons-codec\commons-codec\1.11\commons-codec-1.11.jar;C:\Users\joelv\.m2\repository\cglib\cglib\3.3.0\cglib-3.3.0.jar;C:\Users\joelv\.m2\repository\org\ow2\asm\asm\7.1\asm-7.1.jar;C:\Users\joelv\.m2\repository\org\springframework\spring-context\5.3.10\spring-context-5.3.10.jar;C:\Users\joelv\.m2\repository\org\springframework\spring-aop\5.3.10\spring-aop-5.3.10.jar;C:\Users\joelv\.m2\repository\org\springframework\spring-beans\5.3.10\spring-beans-5.3.10.jar;C:\Users\joelv\.m2\repository\org\springframework\spring-core\5.3.10\spring-core-5.3.10.jar;C:\Users\joelv\.m2\repository\org\springframework\spring-jcl\5.3.10\spring-jcl-5.3.10.jar;C:\Users\joelv\.m2\repository\org\springframework\spring-expression\5.3.10\spring-expression-5.3.10.jar;C:\Users\joelv\.m2\repository\org\aspectj\aspectjweaver\1.9.7\aspectjweaver-1.9.7.jar;C:\Users\joelv\.m2\repository\org\seleniumhq\selenium\selenium-java\3.141.59\selenium-java-3.141.59.jar;C:\Users\joelv\.m2\repository\org\seleniumhq\selenium\selenium-chrome-driver\3.141.59\selenium-chrome-driver-3.141.59.jar;C:\Users\joelv\.m2\repository\org\seleniumhq\selenium\selenium-edge-driver\3.141.59\selenium-edge-driver-3.141.59.jar;C:\Users\joelv\.m2\repository\org\seleniumhq\selenium\selenium-firefox-driver\3.141.59\selenium-firefox-driver-3.141.59.jar;C:\Users\joelv\.m2\repository\org\seleniumhq\selenium\selenium-ie-driver\3.141.59\selenium-ie-driver-3.141.59.jar;C:\Users\joelv\.m2\repository\org\seleniumhq\selenium\selenium-opera-driver\3.141.59\selenium-opera-driver-3.141.59.jar;C:\Users\joelv\.m2\repository\org\seleniumhq\selenium\selenium-remote-driver\3.141.59\selenium-remote-driver-3.141.59.jar;C:\Users\joelv\.m2\repository\org\seleniumhq\selenium\selenium-safari-driver\3.141.59\selenium-safari-driver-3.141.59.jar;C:\Users\joelv\.m2\repository\net\bytebuddy\byte-buddy\1.8.15\byte-buddy-1.8.15.jar;C:\Users\joelv\.m2\repository\org\apache\commons\commons-exec\1.3\commons-exec-1.3.jar;C:\Users\joelv\.m2\repository\com\google\guava\guava\25.0-jre\guava-25.0-jre.jar;C:\Users\joelv\.m2\repository\org\checkerframework\checker-compat-qual\2.0.0\checker-compat-qual-2.0.0.jar;C:\Users\joelv\.m2\repository\com\google\errorprone\error_prone_annotations\2.1.3\error_prone_annotations-2.1.3.jar;C:\Users\joelv\.m2\repository\com\google\j2objc\j2objc-annotations\1.1\j2objc-annotations-1.1.jar;C:\Users\joelv\.m2\repository\org\codehaus\mojo\animal-sniffer-annotations\1.14\animal-sniffer-annotations-1.14.jar;C:\Users\joelv\.m2\repository\com\squareup\okhttp3\okhttp\3.11.0\okhttp-3.11.0.jar;C:\Users\joelv\.m2\repository\com\squareup\okio\okio\1.14.0\okio-1.14.0.jar;C:\Users\joelv\.m2\repository\org\testng\testng\7.5\testng-7.5.jar;C:\Users\joelv\.m2\repository\com\google\code\findbugs\jsr305\3.0.1\jsr305-3.0.1.jar;C:\Users\joelv\.m2\repository\com\beust\jcommander\1.78\jcommander-1.78.jar;C:\Users\joelv\.m2\repository\org\webjars\jquery\3.5.1\jquery-3.5.1.jar;C:\Users\joelv\.m2\repository\org\slf4j\slf4j-simple\1.7.32\slf4j-simple-1.7.32.jar;C:\Users\joelv\.m2\repository\org\slf4j\slf4j-api\1.7.32\slf4j-api-1.7.32.jar;C:\Users\joelv\.m2\repository\org\apache\commons\commons-lang3\3.12.0\commons-lang3-3.12.0.jar;C:\Users\joelv\.m2\repository\commons-validator\commons-validator\1.7\commons-validator-1.7.jar;C:\Users\joelv\.m2\repository\commons-beanutils\commons-beanutils\1.9.4\commons-beanutils-1.9.4.jar;C:\Users\joelv\.m2\repository\commons-digester\commons-digester\2.1\commons-digester-2.1.jar;C:\Users\joelv\.m2\repository\commons-logging\commons-logging\1.2\commons-logging-1.2.jar;C:\Users\joelv\.m2\repository\commons-collections\commons-collections\3.2.2\commons-collections-3.2.2.jar;C:\Users\joelv\.m2\repository\commons-io\commons-io\2.11.0\commons-io-2.11.0.jar;C:\Users\joelv\.m2\repository\com\aventstack\extentreports\4.0.0\extentreports-4.0.0.jar;C:\Users\joelv\.m2\repository\org\freemarker\freemarker\2.3.23\freemarker-2.3.23.jar;C:\Users\joelv\.m2\repository\org\mongodb\mongodb-driver\3.3.0\mongodb-driver-3.3.0.jar;C:\Users\joelv\.m2\repository\org\mongodb\mongodb-driver-core\3.3.0\mongodb-driver-core-3.3.0.jar;C:\Users\joelv\.m2\repository\org\mongodb\bson\3.3.0\bson-3.3.0.jar;C:\Users\joelv\.m2\repository\org\apache\httpcomponents\httpmime\4.5.2\httpmime-4.5.2.jar;"/>
    <property name="java.vm.vendor" value="Oracle Corporation"/>
    <property name="deviceName" value="deviceName"/>
    <property name="sun.arch.data.model" value="64"/>
    <property name="user.variant" value=""/>
    <property name="java.vendor.url" value="http://java.oracle.com/"/>
    <property name="user.timezone" value="Asia/Calcutta"/>
    <property name="java.vm.specification.version" value="1.8"/>
    <property name="os.name" value="Windows 10"/>
    <property name="user.country" value="IN"/>
    <property name="sun.java.launcher" value="SUN_STANDARD"/>
    <property name="sun.boot.library.path" value="C:\Program Files\Java\jdk1.8.0_311\jre\bin"/>
    <property name="sun.java.command" value="C:\Users\joelv\AppData\Local\Temp\surefire2345038323584457002\surefirebooter2355970730544128911.jar C:\Users\joelv\AppData\Local\Temp\surefire2345038323584457002 2022-01-15T17-57-23_108-jvmRun1 surefire2192376337628371660tmp surefire_01373860403548828458tmp"/>
    <property name="surefire.test.class.path" value="C:\Users\joelv\eclipse-workspace2\framework\target\test-classes;C:\Users\joelv\eclipse-workspace2\framework\target\classes;C:\Users\joelv\.m2\repository\io\appium\java-client\7.6.0\java-client-7.6.0.jar;C:\Users\joelv\.m2\repository\org\seleniumhq\selenium\selenium-support\3.141.59\selenium-support-3.141.59.jar;C:\Users\joelv\.m2\repository\org\seleniumhq\selenium\selenium-api\3.141.59\selenium-api-3.141.59.jar;C:\Users\joelv\.m2\repository\com\google\code\gson\gson\2.8.8\gson-2.8.8.jar;C:\Users\joelv\.m2\repository\org\apache\httpcomponents\httpclient\4.5.13\httpclient-4.5.13.jar;C:\Users\joelv\.m2\repository\org\apache\httpcomponents\httpcore\4.4.13\httpcore-4.4.13.jar;C:\Users\joelv\.m2\repository\commons-codec\commons-codec\1.11\commons-codec-1.11.jar;C:\Users\joelv\.m2\repository\cglib\cglib\3.3.0\cglib-3.3.0.jar;C:\Users\joelv\.m2\repository\org\ow2\asm\asm\7.1\asm-7.1.jar;C:\Users\joelv\.m2\repository\org\springframework\spring-context\5.3.10\spring-context-5.3.10.jar;C:\Users\joelv\.m2\repository\org\springframework\spring-aop\5.3.10\spring-aop-5.3.10.jar;C:\Users\joelv\.m2\repository\org\springframework\spring-beans\5.3.10\spring-beans-5.3.10.jar;C:\Users\joelv\.m2\repository\org\springframework\spring-core\5.3.10\spring-core-5.3.10.jar;C:\Users\joelv\.m2\repository\org\springframework\spring-jcl\5.3.10\spring-jcl-5.3.10.jar;C:\Users\joelv\.m2\repository\org\springframework\spring-expression\5.3.10\spring-expression-5.3.10.jar;C:\Users\joelv\.m2\repository\org\aspectj\aspectjweaver\1.9.7\aspectjweaver-1.9.7.jar;C:\Users\joelv\.m2\repository\org\seleniumhq\selenium\selenium-java\3.141.59\selenium-java-3.141.59.jar;C:\Users\joelv\.m2\repository\org\seleniumhq\selenium\selenium-chrome-driver\3.141.59\selenium-chrome-driver-3.141.59.jar;C:\Users\joelv\.m2\repository\org\seleniumhq\selenium\selenium-edge-driver\3.141.59\selenium-edge-driver-3.141.59.jar;C:\Users\joelv\.m2\repository\org\seleniumhq\selenium\selenium-firefox-driver\3.141.59\selenium-firefox-driver-3.141.59.jar;C:\Users\joelv\.m2\repository\org\seleniumhq\selenium\selenium-ie-driver\3.141.59\selenium-ie-driver-3.141.59.jar;C:\Users\joelv\.m2\repository\org\seleniumhq\selenium\selenium-opera-driver\3.141.59\selenium-opera-driver-3.141.59.jar;C:\Users\joelv\.m2\repository\org\seleniumhq\selenium\selenium-remote-driver\3.141.59\selenium-remote-driver-3.141.59.jar;C:\Users\joelv\.m2\repository\org\seleniumhq\selenium\selenium-safari-driver\3.141.59\selenium-safari-driver-3.141.59.jar;C:\Users\joelv\.m2\repository\net\bytebuddy\byte-buddy\1.8.15\byte-buddy-1.8.15.jar;C:\Users\joelv\.m2\repository\org\apache\commons\commons-exec\1.3\commons-exec-1.3.jar;C:\Users\joelv\.m2\repository\com\google\guava\guava\25.0-jre\guava-25.0-jre.jar;C:\Users\joelv\.m2\repository\org\checkerframework\checker-compat-qual\2.0.0\checker-compat-qual-2.0.0.jar;C:\Users\joelv\.m2\repository\com\google\errorprone\error_prone_annotations\2.1.3\error_prone_annotations-2.1.3.jar;C:\Users\joelv\.m2\repository\com\google\j2objc\j2objc-annotations\1.1\j2objc-annotations-1.1.jar;C:\Users\joelv\.m2\repository\org\codehaus\mojo\animal-sniffer-annotations\1.14\animal-sniffer-annotations-1.14.jar;C:\Users\joelv\.m2\repository\com\squareup\okhttp3\okhttp\3.11.0\okhttp-3.11.0.jar;C:\Users\joelv\.m2\repository\com\squareup\okio\okio\1.14.0\okio-1.14.0.jar;C:\Users\joelv\.m2\repository\org\testng\testng\7.5\testng-7.5.jar;C:\Users\joelv\.m2\repository\com\google\code\findbugs\jsr305\3.0.1\jsr305-3.0.1.jar;C:\Users\joelv\.m2\repository\com\beust\jcommander\1.78\jcommander-1.78.jar;C:\Users\joelv\.m2\repository\org\webjars\jquery\3.5.1\jquery-3.5.1.jar;C:\Users\joelv\.m2\repository\org\slf4j\slf4j-simple\1.7.32\slf4j-simple-1.7.32.jar;C:\Users\joelv\.m2\repository\org\slf4j\slf4j-api\1.7.32\slf4j-api-1.7.32.jar;C:\Users\joelv\.m2\repository\org\apache\commons\commons-lang3\3.12.0\commons-lang3-3.12.0.jar;C:\Users\joelv\.m2\repository\commons-validator\commons-validator\1.7\commons-validator-1.7.jar;C:\Users\joelv\.m2\repository\commons-beanutils\commons-beanutils\1.9.4\commons-beanutils-1.9.4.jar;C:\Users\joelv\.m2\repository\commons-digester\commons-digester\2.1\commons-digester-2.1.jar;C:\Users\joelv\.m2\repository\commons-logging\commons-logging\1.2\commons-logging-1.2.jar;C:\Users\joelv\.m2\repository\commons-collections\commons-collections\3.2.2\commons-collections-3.2.2.jar;C:\Users\joelv\.m2\repository\commons-io\commons-io\2.11.0\commons-io-2.11.0.jar;C:\Users\joelv\.m2\repository\com\aventstack\extentreports\4.0.0\extentreports-4.0.0.jar;C:\Users\joelv\.m2\repository\org\freemarker\freemarker\2.3.23\freemarker-2.3.23.jar;C:\Users\joelv\.m2\repository\org\mongodb\mongodb-driver\3.3.0\mongodb-driver-3.3.0.jar;C:\Users\joelv\.m2\repository\org\mongodb\mongodb-driver-core\3.3.0\mongodb-driver-core-3.3.0.jar;C:\Users\joelv\.m2\repository\org\mongodb\bson\3.3.0\bson-3.3.0.jar;C:\Users\joelv\.m2\repository\org\apache\httpcomponents\httpmime\4.5.2\httpmime-4.5.2.jar;"/>
    <property name="sun.cpu.endian" value="little"/>
    <property name="user.home" value="C:\Users\joelv"/>
    <property name="user.language" value="en"/>
    <property name="java.specification.vendor" value="Oracle Corporation"/>
    <property name="java.home" value="C:\Program Files\Java\jdk1.8.0_311\jre"/>
    <property name="basedir" value="C:\Users\joelv\eclipse-workspace2\framework"/>
    <property name="file.separator" value="\"/>
    <property name="line.separator" value="&#10;"/>
    <property name="java.vm.specification.vendor" value="Oracle Corporation"/>
    <property name="java.specification.name" value="Java Platform API Specification"/>
    <property name="java.awt.graphicsenv" value="sun.awt.Win32GraphicsEnvironment"/>
    <property name="surefire.real.class.path" value="C:\Users\joelv\AppData\Local\Temp\surefire2345038323584457002\surefirebooter2355970730544128911.jar"/>
    <property name="sun.boot.class.path" value="C:\Program Files\Java\jdk1.8.0_311\jre\lib\resources.jar;C:\Program Files\Java\jdk1.8.0_311\jre\lib\rt.jar;C:\Program Files\Java\jdk1.8.0_311\jre\lib\sunrsasign.jar;C:\Program Files\Java\jdk1.8.0_311\jre\lib\jsse.jar;C:\Program Files\Java\jdk1.8.0_311\jre\lib\jce.jar;C:\Program Files\Java\jdk1.8.0_311\jre\lib\charsets.jar;C:\Program Files\Java\jdk1.8.0_311\jre\lib\jfr.jar;C:\Program Files\Java\jdk1.8.0_311\jre\classes"/>
    <property name="user.script" value=""/>
    <property name="sun.management.compiler" value="HotSpot 64-Bit Tiered Compilers"/>
    <property name="java.runtime.version" value="1.8.0_311-b11"/>
    <property name="user.name" value="joelv"/>
    <property name="path.separator" value=";"/>
    <property name="os.version" value="10.0"/>
    <property name="java.endorsed.dirs" value="C:\Program Files\Java\jdk1.8.0_311\jre\lib\endorsed"/>
    <property name="java.runtime.name" value="Java(TM) SE Runtime Environment"/>
    <property name="file.encoding" value="Cp1252"/>
    <property name="java.vm.name" value="Java HotSpot(TM) 64-Bit Server VM"/>
    <property name="localRepository" value="C:\Users\joelv\.m2\repository"/>
    <property name="java.vendor.url.bug" value="http://bugreport.sun.com/bugreport/"/>
    <property name="java.io.tmpdir" value="C:\Users\joelv\AppData\Local\Temp\"/>
    <property name="java.version" value="1.8.0_311"/>
    <property name="user.dir" value="C:\Users\joelv\eclipse-workspace2\framework"/>
    <property name="os.arch" value="amd64"/>
    <property name="java.vm.specification.name" value="Java Virtual Machine Specification"/>
    <property name="java.awt.printerjob" value="sun.awt.windows.WPrinterJob"/>
    <property name="sun.os.patch.level" value=""/>
    <property name="java.library.path" value="C:\Program Files\Java\jdk1.8.0_311\jre\bin;C:\WINDOWS\Sun\Java\bin;C:\WINDOWS\system32;C:\WINDOWS;C:\Program Files (x86)\Common Files\Oracle\Java\javapath;C:\Windows\system32;C:\Windows;C:\Windows\System32\Wbem;C:\Windows\System32\WindowsPowerShell\v1.0\;C:\Windows\System32\OpenSSH\;C:\Program Files (x86)\NVIDIA Corporation\PhysX\Common;C:\Program Files\NVIDIA Corporation\NVIDIA NvDLISR;C:\WINDOWS\system32;C:\WINDOWS;C:\WINDOWS\System32\Wbem;C:\WINDOWS\System32\WindowsPowerShell\v1.0\;C:\WINDOWS\System32\OpenSSH\;C:\Program Files\nodejs\;C:\Program Files\nodejs\node_modules;C:\Program Files\nodejs\node_modules\npm;C:\Program Files\nodejs\node_modules\npm\bin;C:\Users\joelv\AppData\Local\Android\Sdk\tools;C:\Users\joelv\AppData\Local\Android\Sdk\tools\bin;C:\Users\joelv\AppData\Local\Android\Sdk\platform-tools;C:\Program Files\Java\jdk1.8.0_311\bin;C:\apache-maven-3.8.4-bin\apache-maven-3.8.4\bin;C:\Program Files\Git\cmd;C:\Users\joelv\AppData\Local\Microsoft\WindowsApps;C:\Users\joelv\AppData\Roaming\npm;C:\Program Files\Java;;."/>
    <property name="java.vm.info" value="mixed mode"/>
    <property name="java.vendor" value="Oracle Corporation"/>
    <property name="java.vm.version" value="25.311-b11"/>
    <property name="java.ext.dirs" value="C:\Program Files\Java\jdk1.8.0_311\jre\lib\ext;C:\WINDOWS\Sun\Java\lib\ext"/>
    <property name="sun.io.unicode.encoding" value="UnicodeLittle"/>
    <property name="java.class.version" value="52.0"/>
  </properties>
  <testcase name="verifyHome" classname="appium.framework.CheckHomePage" time="36.542">
    <system-out><![CDATA[&amp#27;[35m[Appium]&amp#27;[39m Welcome to Appium v1.22.1
&amp#27;[35m[Appium]&amp#27;[39m Appium REST http interface listener started on 0.0.0.0:4723
&amp#27;[35m[HTTP]&amp#27;[39m &amp#27;[37m-->&amp#27;[39m &amp#27;[37mGET&amp#27;[39m &amp#27;[37m/wd/hub/status&amp#27;[39m
&amp#27;[35m[HTTP]&amp#27;[39m &amp#27;[90m{}&amp#27;[39m
[debug] &amp#27;[35m[GENERIC]&amp#27;[39m Calling AppiumDriver.getStatus() with args: []
[debug] &amp#27;[35m[GENERIC]&amp#27;[39m Responding to client with driver.getStatus() result: {"build":{"version":"1.22.1"}}
&amp#27;[35m[HTTP]&amp#27;[39m &amp#27;[37m<-- GET /wd/hub/status &amp#27;[39m&amp#27;[32m200&amp#27;[39m &amp#27;[90m3 ms - 68&amp#27;[39m
&amp#27;[35m[HTTP]&amp#27;[39m &amp#27;[90m&amp#27;[39m
[debug] &amp#27;[35m[HTTP]&amp#27;[39m Request idempotency key: 8e46bc58-5244-4098-aeb9-5f097267905c
&amp#27;[35m[HTTP]&amp#27;[39m &amp#27;[37m-->&amp#27;[39m &amp#27;[37mPOST&amp#27;[39m &amp#27;[37m/wd/hub/session&amp#27;[39m
&amp#27;[35m[HTTP]&amp#27;[39m &amp#27;[90m{"desiredCapabilities":{"app":"C:\\Users\\joelv\\eclipse-workspace2\\framework\\src\\General-Store.apk","automationName":"uiautomator2","appium:chromeOptions":{"w3c":false},"platformName":"Android","deviceName":"emulator1","avd":"emulator1"},"capabilities":{"firstMatch":[{"appium:app":"C:\\Users\\joelv\\eclipse-workspace2\\framework\\src\\General-Store.apk","appium:chromeOptions":{"w3c":false},"appium:automationName":"uiautomator2","appium:avd":"emulator1","appium:deviceName":"emulator1","platformName":"android"}]}}&amp#27;[39m
[debug] &amp#27;[35m[W3C]&amp#27;[39m Calling AppiumDriver.createSession() with args: [{"app":"C:\\Users\\joelv\\eclipse-workspace2\\framework\\src\\General-Store.apk","automationName":"uiautomator2","appium:chromeOptions":{"w3c":false},"platformName":"Android","deviceName":"emulator1","avd":"emulator1"},null,{"firstMatch":[{"appium:app":"C:\\Users\\joelv\\eclipse-workspace2\\framework\\src\\General-Store.apk","appium:chromeOptions":{"w3c":false},"appium:automationName":"uiautomator2","appium:avd":"emulator1","appium:deviceName":"emulator1","platformName":"android"}]}]
[debug] &amp#27;[35m[BaseDriver]&amp#27;[39m Event 'newSessionRequested' logged at 1642249655027 (17:57:35 GMT+0530 (India Standard Time))
&amp#27;[35m[Appium]&amp#27;[39m Appium v1.22.1 creating new AndroidUiautomator2Driver (v1.70.1) session
[debug] &amp#27;[35m[BaseDriver]&amp#27;[39m W3C capabilities and MJSONWP desired capabilities were provided
[debug] &amp#27;[35m[BaseDriver]&amp#27;[39m Creating session with W3C capabilities: {
[debug] &amp#27;[35m[BaseDriver]&amp#27;[39m   "alwaysMatch": {
[debug] &amp#27;[35m[BaseDriver]&amp#27;[39m     "platformName": "android",
[debug] &amp#27;[35m[BaseDriver]&amp#27;[39m     "appium:app": "C:\\Users\\joelv\\eclipse-workspace2\\framework\\src\\General-Store.apk",
[debug] &amp#27;[35m[BaseDriver]&amp#27;[39m     "appium:chromeOptions": {
[debug] &amp#27;[35m[BaseDriver]&amp#27;[39m       "w3c": false
[debug] &amp#27;[35m[BaseDriver]&amp#27;[39m     },
[debug] &amp#27;[35m[BaseDriver]&amp#27;[39m     "appium:automationName": "uiautomator2",
[debug] &amp#27;[35m[BaseDriver]&amp#27;[39m     "appium:avd": "emulator1",
[debug] &amp#27;[35m[BaseDriver]&amp#27;[39m     "appium:deviceName": "emulator1"
[debug] &amp#27;[35m[BaseDriver]&amp#27;[39m   },
[debug] &amp#27;[35m[BaseDriver]&amp#27;[39m   "firstMatch": [
[debug] &amp#27;[35m[BaseDriver]&amp#27;[39m     {}
[debug] &amp#27;[35m[BaseDriver]&amp#27;[39m   ]
[debug] &amp#27;[35m[BaseDriver]&amp#27;[39m }
&amp#27;[35m[BaseDriver]&amp#27;[39m Session created with session id: afe805c7-a966-456c-9401-831ac6b04c91
&amp#27;[35m[BaseDriver]&amp#27;[39m Using local app 'C:\Users\joelv\eclipse-workspace2\framework\src\General-Store.apk'
[debug] &amp#27;[35m[UiAutomator2]&amp#27;[39m Checking whether app is actually present
&amp#27;[35m[ADB]&amp#27;[39m Found 1 'build-tools' folders under 'C:\Users\joelv\AppData\Local\Android\Sdk' (newest first):
&amp#27;[35m[ADB]&amp#27;[39m     C:/Users/joelv/AppData/Local/Android/Sdk/build-tools/32.0.0
&amp#27;[35m[ADB]&amp#27;[39m Using 'adb.exe' from 'C:\Users\joelv\AppData\Local\Android\Sdk\platform-tools\adb.exe'
[debug] &amp#27;[35m[ADB]&amp#27;[39m Running 'C:\Users\joelv\AppData\Local\Android\Sdk\platform-tools\adb.exe -P 5037 start-server'
[debug] &amp#27;[35m[ADB]&amp#27;[39m Trying to find 'emulator1' emulator
[debug] &amp#27;[35m[ADB]&amp#27;[39m Getting connected emulators
[debug] &amp#27;[35m[ADB]&amp#27;[39m Getting connected devices
[debug] &amp#27;[35m[ADB]&amp#27;[39m No connected devices have been detected
[debug] &amp#27;[35m[ADB]&amp#27;[39m 0 emulators connected
[debug] &amp#27;[35m[ADB]&amp#27;[39m Emulator 'emulator1' not running
[debug] &amp#27;[35m[ADB]&amp#27;[39m Launching Emulator with AVD emulator1, launchTimeout 60000ms and readyTimeout 60000ms
&amp#27;[35m[ADB]&amp#27;[39m Using 'emulator.exe' from 'C:\Users\joelv\AppData\Local\Android\Sdk\emulator\emulator.exe'
[debug] &amp#27;[35m[ADB]&amp#27;[39m Running 'C:\Users\joelv\AppData\Local\Android\Sdk\emulator\emulator.exe' with args: -avd emulator1 -delay-adb
[debug] &amp#27;[35m[ADB]&amp#27;[39m Trying to find 'emulator1' emulator
[debug] &amp#27;[35m[ADB]&amp#27;[39m Getting connected emulators
[debug] &amp#27;[35m[ADB]&amp#27;[39m Getting connected devices
[debug] &amp#27;[35m[ADB]&amp#27;[39m No connected devices have been detected
[debug] &amp#27;[35m[ADB]&amp#27;[39m 0 emulators connected
[debug] &amp#27;[35m[ADB]&amp#27;[39m Emulator 'emulator1' not running
&amp#27;[35m[ADB]&amp#27;[39m [AVD OUTPUT] WARNING | unexpected system image feature string, emulator might not function correctly, please try updating the emulator.
&amp#27;[35m[ADB]&amp#27;[39m [AVD OUTPUT] ERROR   | Failed to open /qemu.conf, err: 2
&amp#27;[35m[ADB]&amp#27;[39m [AVD OUTPUT] INFO    | added library vulkan-1.dll
&amp#27;[35m[ADB]&amp#27;[39m [AVD OUTPUT] INFO    | configAndStartRenderer: setting vsync to 60 hz
&amp#27;[35m[ADB]&amp#27;[39m [AVD OUTPUT] HAX is working and emulator runs in fast virt mode.
[debug] &amp#27;[35m[ADB]&amp#27;[39m Trying to find 'emulator1' emulator
[debug] &amp#27;[35m[ADB]&amp#27;[39m Getting connected emulators
[debug] &amp#27;[35m[ADB]&amp#27;[39m Getting connected devices
[debug] &amp#27;[35m[ADB]&amp#27;[39m No connected devices have been detected
[debug] &amp#27;[35m[ADB]&amp#27;[39m 0 emulators connected
[debug] &amp#27;[35m[ADB]&amp#27;[39m Emulator 'emulator1' not running
&amp#27;[35m[ADB]&amp#27;[39m [AVD OUTPUT] INFO    | Started GRPC server at 127.0.0.1:8554, security: Local
&amp#27;[35m[ADB]&amp#27;[39m [AVD OUTPUT] INFO    | Advertising in: C:\Users\joelv\AppData\Local\Temp\avd\running\pid_11440.ini
[debug] &amp#27;[35m[ADB]&amp#27;[39m Trying to find 'emulator1' emulator
[debug] &amp#27;[35m[ADB]&amp#27;[39m Getting connected emulators
[debug] &amp#27;[35m[ADB]&amp#27;[39m Getting connected devices
[debug] &amp#27;[35m[ADB]&amp#27;[39m No connected devices have been detected
[debug] &amp#27;[35m[ADB]&amp#27;[39m 0 emulators connected
[debug] &amp#27;[35m[ADB]&amp#27;[39m Emulator 'emulator1' not running
[debug] &amp#27;[35m[ADB]&amp#27;[39m Trying to find 'emulator1' emulator
[debug] &amp#27;[35m[ADB]&amp#27;[39m Getting connected emulators
[debug] &amp#27;[35m[ADB]&amp#27;[39m Getting connected devices
[debug] &amp#27;[35m[ADB]&amp#27;[39m Connected devices: [{"udid":"emulator-5554","state":"device"}]
[debug] &amp#27;[35m[ADB]&amp#27;[39m 1 emulator connected
[debug] &amp#27;[35m[ADB]&amp#27;[39m Overriding C:\Users\joelv\.emulator_console_auth_token with an empty string to avoid telnet authentication for emulator commands
[debug] &amp#27;[35m[ADB]&amp#27;[39m Executing Emulator console command: avd name
[debug] &amp#27;[35m[ADB]&amp#27;[39m Found emulator 'emulator1' on port 5554
[debug] &amp#27;[35m[ADB]&amp#27;[39m Setting device id to emulator-5554
[debug] &amp#27;[35m[ADB]&amp#27;[39m Running 'C:\Users\joelv\AppData\Local\Android\Sdk\platform-tools\adb.exe -P 5037 -s emulator-5554 wait-for-device'
&amp#27;[35m[AndroidDriver]&amp#27;[39m Using device: emulator-5554
&amp#27;[35m[ADB]&amp#27;[39m Using 'adb.exe' from 'C:\Users\joelv\AppData\Local\Android\Sdk\platform-tools\adb.exe'
[debug] &amp#27;[35m[ADB]&amp#27;[39m Running 'C:\Users\joelv\AppData\Local\Android\Sdk\platform-tools\adb.exe -P 5037 start-server'
[debug] &amp#27;[35m[ADB]&amp#27;[39m Setting device id to emulator-5554
[debug] &amp#27;[35m[ADB]&amp#27;[39m Running 'C:\Users\joelv\AppData\Local\Android\Sdk\platform-tools\adb.exe -P 5037 -s emulator-5554 shell getprop ro.build.version.sdk'
[debug] &amp#27;[35m[ADB]&amp#27;[39m Current device property 'ro.build.version.sdk': 30
&amp#27;[35m[ADB]&amp#27;[39m Getting device platform version
[debug] &amp#27;[35m[ADB]&amp#27;[39m Running 'C:\Users\joelv\AppData\Local\Android\Sdk\platform-tools\adb.exe -P 5037 -s emulator-5554 shell getprop ro.build.version.release'
[debug] &amp#27;[35m[ADB]&amp#27;[39m Current device property 'ro.build.version.release': 11
[debug] &amp#27;[35m[ADB]&amp#27;[39m Device API level: 30
&amp#27;[35m[UiAutomator2]&amp#27;[39m Relaxing hidden api policy
[debug] &amp#27;[35m[ADB]&amp#27;[39m Running 'C:\Users\joelv\AppData\Local\Android\Sdk\platform-tools\adb.exe -P 5037 -s emulator-5554 shell 'settings put global hidden_api_policy_pre_p_apps 1;settings put global hidden_api_policy_p_apps 1;settings put global hidden_api_policy 1''
[debug] &amp#27;[35m[AndroidDriver]&amp#27;[39m Parsing package and activity from app manifest
&amp#27;[35m[ADB]&amp#27;[39m Package name: 'com.androidsample.generalstore'
&amp#27;[35m[ADB]&amp#27;[39m Main activity name: 'com.androidsample.generalstore.SplashActivity'
[debug] &amp#27;[35m[AndroidDriver]&amp#27;[39m Parsed package and activity are: com.androidsample.generalstore/com.androidsample.generalstore.SplashActivity
[debug] &amp#27;[35m[ADB]&amp#27;[39m Running 'C:\Users\joelv\AppData\Local\Android\Sdk\platform-tools\adb.exe -P 5037 -s emulator-5554 wait-for-device'
[debug] &amp#27;[35m[ADB]&amp#27;[39m Running 'C:\Users\joelv\AppData\Local\Android\Sdk\platform-tools\adb.exe -P 5037 -s emulator-5554 shell echo ping'
[debug] &amp#27;[35m[AndroidDriver]&amp#27;[39m Pushing settings apk to device...
[debug] &amp#27;[35m[ADB]&amp#27;[39m Getting install status for io.appium.settings
[debug] &amp#27;[35m[ADB]&amp#27;[39m Running 'C:\Users\joelv\AppData\Local\Android\Sdk\platform-tools\adb.exe -P 5037 -s emulator-5554 shell dumpsys package io.appium.settings'
[debug] &amp#27;[35m[ADB]&amp#27;[39m 'io.appium.settings' is installed
[debug] &amp#27;[35m[ADB]&amp#27;[39m Getting package info for 'io.appium.settings'
[debug] &amp#27;[35m[ADB]&amp#27;[39m Running 'C:\Users\joelv\AppData\Local\Android\Sdk\platform-tools\adb.exe -P 5037 -s emulator-5554 shell dumpsys package io.appium.settings'
[debug] &amp#27;[35m[ADB]&amp#27;[39m The version name of the installed 'io.appium.settings' is greater or equal to the application version name ('3.4.0' >= '3.4.0')
[debug] &amp#27;[35m[ADB]&amp#27;[39m There is no need to install/upgrade 'C:\Users\joelv\AppData\Roaming\npm\node_modules\appium\node_modules\io.appium.settings\apks\settings_apk-debug.apk'
[debug] &amp#27;[35m[ADB]&amp#27;[39m Getting IDs of all 'io.appium.settings' processes
[debug] &amp#27;[35m[ADB]&amp#27;[39m Running 'C:\Users\joelv\AppData\Local\Android\Sdk\platform-tools\adb.exe -P 5037 -s emulator-5554 shell 'pgrep --help; echo $?''
[debug] &amp#27;[35m[ADB]&amp#27;[39m Running 'C:\Users\joelv\AppData\Local\Android\Sdk\platform-tools\adb.exe -P 5037 -s emulator-5554 shell pgrep -f \(\[\[:blank:\]\]\|\^\)io\.appium\.settings\(\[\[:blank:\]\]\|\$\)'
[debug] &amp#27;[35m[AndroidDriver]&amp#27;[39m io.appium.settings is already running. There is no need to reset its permissions.
[debug] &amp#27;[35m[Logcat]&amp#27;[39m Starting logs capture with command: C:\\Users\\joelv\\AppData\\Local\\Android\\Sdk\\platform-tools\\adb.exe -P 5037 -s emulator-5554 logcat -v threadtime
[debug] &amp#27;[35m[UiAutomator2]&amp#27;[39m Forwarding UiAutomator2 Server port 6790 to local port 8200
[debug] &amp#27;[35m[ADB]&amp#27;[39m Forwarding system: 8200 to device: 6790
[debug] &amp#27;[35m[ADB]&amp#27;[39m Running 'C:\Users\joelv\AppData\Local\Android\Sdk\platform-tools\adb.exe -P 5037 -s emulator-5554 forward tcp:8200 tcp:6790'
[debug] &amp#27;[35m[ADB]&amp#27;[39m Getting install status for io.appium.uiautomator2.server
[debug] &amp#27;[35m[ADB]&amp#27;[39m Running 'C:\Users\joelv\AppData\Local\Android\Sdk\platform-tools\adb.exe -P 5037 -s emulator-5554 shell dumpsys package io.appium.uiautomator2.server'
[debug] &amp#27;[35m[ADB]&amp#27;[39m 'io.appium.uiautomator2.server' is installed
[debug] &amp#27;[35m[ADB]&amp#27;[39m Getting package info for 'io.appium.uiautomator2.server'
[debug] &amp#27;[35m[ADB]&amp#27;[39m Running 'C:\Users\joelv\AppData\Local\Android\Sdk\platform-tools\adb.exe -P 5037 -s emulator-5554 shell dumpsys package io.appium.uiautomator2.server'
[debug] &amp#27;[35m[ADB]&amp#27;[39m The version name of the installed 'io.appium.uiautomator2.server' is greater or equal to the application version name ('4.27.0' >= '4.27.0')
[debug] &amp#27;[35m[UiAutomator2]&amp#27;[39m io.appium.uiautomator2.server installation state: sameVersionInstalled
[debug] &amp#27;[35m[ADB]&amp#27;[39m Checking app cert for C:\Users\joelv\AppData\Roaming\npm\node_modules\appium\node_modules\appium-uiautomator2-server\apks\appium-uiautomator2-server-v4.27.0.apk
&amp#27;[35m[ADB]&amp#27;[39m Using 'apksigner.jar' from 'C:\Users\joelv\AppData\Local\Android\Sdk\build-tools\32.0.0\lib\apksigner.jar'
[debug] &amp#27;[35m[ADB]&amp#27;[39m Starting apksigner: 'C:\\Program Files\\Java\\jdk1.8.0_311\\bin\\java.exe' -Xmx1024M -Xss1m -jar C:\\Users\\joelv\\AppData\\Local\\Android\\Sdk\\build-tools\\32.0.0\\lib\\apksigner.jar verify --print-certs C:\\Users\\joelv\\AppData\\Roaming\\npm\\node_modules\\appium\\node_modules\\appium-uiautomator2-server\\apks\\appium-uiautomator2-server-v4.27.0.apk
[debug] &amp#27;[35m[ADB]&amp#27;[39m apksigner stdout: Signer #1 certificate DN: EMAILADDRESS=android@android.com, CN=Android, OU=Android, O=Android, L=Mountain View, ST=California, C=US
[debug] &amp#27;[35m[ADB]&amp#27;[39m Signer #1 certificate SHA-256 digest: a40da80a59d170caa950cf15c18c454d47a39b26989d8b640ecd745ba71bf5dc
[debug] &amp#27;[35m[ADB]&amp#27;[39m Signer #1 certificate SHA-1 digest: 61ed377e85d386a8dfee6b864bd85b0bfaa5af81
[debug] &amp#27;[35m[ADB]&amp#27;[39m Signer #1 certificate MD5 digest: e89b158e4bcf988ebd09eb83f5378e87
[debug] &amp#27;[35m[ADB]&amp#27;[39m 
[debug] &amp#27;[35m[ADB]&amp#27;[39m sha256 hash did match for 'appium-uiautomator2-server-v4.27.0.apk'
&amp#27;[35m[ADB]&amp#27;[39m 'C:\Users\joelv\AppData\Roaming\npm\node_modules\appium\node_modules\appium-uiautomator2-server\apks\appium-uiautomator2-server-v4.27.0.apk' is signed with the default certificate
[debug] &amp#27;[35m[ADB]&amp#27;[39m Getting install status for io.appium.uiautomator2.server.test
[debug] &amp#27;[35m[ADB]&amp#27;[39m Running 'C:\Users\joelv\AppData\Local\Android\Sdk\platform-tools\adb.exe -P 5037 -s emulator-5554 shell dumpsys package io.appium.uiautomator2.server.test'
[debug] &amp#27;[35m[ADB]&amp#27;[39m 'io.appium.uiautomator2.server.test' is installed
[debug] &amp#27;[35m[ADB]&amp#27;[39m Checking app cert for C:\Users\joelv\AppData\Roaming\npm\node_modules\appium\node_modules\appium-uiautomator2-server\apks\appium-uiautomator2-server-debug-androidTest.apk
[debug] &amp#27;[35m[ADB]&amp#27;[39m Starting apksigner: 'C:\\Program Files\\Java\\jdk1.8.0_311\\bin\\java.exe' -Xmx1024M -Xss1m -jar C:\\Users\\joelv\\AppData\\Local\\Android\\Sdk\\build-tools\\32.0.0\\lib\\apksigner.jar verify --print-certs C:\\Users\\joelv\\AppData\\Roaming\\npm\\node_modules\\appium\\node_modules\\appium-uiautomator2-server\\apks\\appium-uiautomator2-server-debug-androidTest.apk
[debug] &amp#27;[35m[ADB]&amp#27;[39m apksigner stdout: Signer #1 certificate DN: EMAILADDRESS=android@android.com, CN=Android, OU=Android, O=Android, L=Mountain View, ST=California, C=US
[debug] &amp#27;[35m[ADB]&amp#27;[39m Signer #1 certificate SHA-256 digest: a40da80a59d170caa950cf15c18c454d47a39b26989d8b640ecd745ba71bf5dc
[debug] &amp#27;[35m[ADB]&amp#27;[39m Signer #1 certificate SHA-1 digest: 61ed377e85d386a8dfee6b864bd85b0bfaa5af81
[debug] &amp#27;[35m[ADB]&amp#27;[39m Signer #1 certificate MD5 digest: e89b158e4bcf988ebd09eb83f5378e87
[debug] &amp#27;[35m[ADB]&amp#27;[39m 
[debug] &amp#27;[35m[ADB]&amp#27;[39m sha256 hash did match for 'appium-uiautomator2-server-debug-androidTest.apk'
&amp#27;[35m[ADB]&amp#27;[39m 'C:\Users\joelv\AppData\Roaming\npm\node_modules\appium\node_modules\appium-uiautomator2-server\apks\appium-uiautomator2-server-debug-androidTest.apk' is signed with the default certificate
&amp#27;[35m[UiAutomator2]&amp#27;[39m Server packages are not going to be (re)installed
[debug] &amp#27;[35m[UiAutomator2]&amp#27;[39m Waiting up to 30000ms for services to be available
[debug] &amp#27;[35m[ADB]&amp#27;[39m Running 'C:\Users\joelv\AppData\Local\Android\Sdk\platform-tools\adb.exe -P 5037 -s emulator-5554 shell pm list instrumentation'
[debug] &amp#27;[35m[UiAutomator2]&amp#27;[39m Instrumentation target 'io.appium.uiautomator2.server.test/androidx.test.runner.AndroidJUnitRunner' is available
&amp#27;[35m[ADB]&amp#27;[39m Adding packages ["io.appium.settings","io.appium.uiautomator2.server","io.appium.uiautomator2.server.test"] to Doze whitelist
[debug] &amp#27;[35m[ADB]&amp#27;[39m Got the following command chunks to execute: [["dumpsys","deviceidle","whitelist","+io.appium.settings",";","dumpsys","deviceidle","whitelist","+io.appium.uiautomator2.server",";","dumpsys","deviceidle","whitelist","+io.appium.uiautomator2.server.test",";"]]
[debug] &amp#27;[35m[ADB]&amp#27;[39m Running 'C:\Users\joelv\AppData\Local\Android\Sdk\platform-tools\adb.exe -P 5037 -s emulator-5554 shell dumpsys deviceidle whitelist +io.appium.settings ; dumpsys deviceidle whitelist +io.appium.uiautomator2.server ; dumpsys deviceidle whitelist +io.appium.uiautomator2.server.test ;'
[debug] &amp#27;[35m[ADB]&amp#27;[39m Checking app cert for C:\Users\joelv\eclipse-workspace2\framework\src\General-Store.apk
[debug] &amp#27;[35m[ADB]&amp#27;[39m Starting apksigner: 'C:\\Program Files\\Java\\jdk1.8.0_311\\bin\\java.exe' -Xmx1024M -Xss1m -jar C:\\Users\\joelv\\AppData\\Local\\Android\\Sdk\\build-tools\\32.0.0\\lib\\apksigner.jar verify --print-certs C:\\Users\\joelv\\eclipse-workspace2\\framework\\src\\General-Store.apk
[debug] &amp#27;[35m[ADB]&amp#27;[39m apksigner stdout: Signer #1 certificate DN: EMAILADDRESS=android@android.com, CN=Android, OU=Android, O=Android, L=Mountain View, ST=California, C=US
[debug] &amp#27;[35m[ADB]&amp#27;[39m Signer #1 certificate SHA-256 digest: a40da80a59d170caa950cf15c18c454d47a39b26989d8b640ecd745ba71bf5dc
[debug] &amp#27;[35m[ADB]&amp#27;[39m Signer #1 certificate SHA-1 digest: 61ed377e85d386a8dfee6b864bd85b0bfaa5af81
[debug] &amp#27;[35m[ADB]&amp#27;[39m Signer #1 certificate MD5 digest: e89b158e4bcf988ebd09eb83f5378e87
[debug] &amp#27;[35m[ADB]&amp#27;[39m 
[debug] &amp#27;[35m[ADB]&amp#27;[39m sha256 hash did match for 'General-Store.apk'
&amp#27;[35m[ADB]&amp#27;[39m 'C:\Users\joelv\eclipse-workspace2\framework\src\General-Store.apk' is signed with the default certificate
[debug] &amp#27;[35m[ADB]&amp#27;[39m Getting install status for com.androidsample.generalstore
[debug] &amp#27;[35m[ADB]&amp#27;[39m Running 'C:\Users\joelv\AppData\Local\Android\Sdk\platform-tools\adb.exe -P 5037 -s emulator-5554 shell dumpsys package com.androidsample.generalstore'
[debug] &amp#27;[35m[ADB]&amp#27;[39m 'com.androidsample.generalstore' is installed
[debug] &amp#27;[35m[ADB]&amp#27;[39m Getting package info for 'com.androidsample.generalstore'
[debug] &amp#27;[35m[ADB]&amp#27;[39m Running 'C:\Users\joelv\AppData\Local\Android\Sdk\platform-tools\adb.exe -P 5037 -s emulator-5554 shell dumpsys package com.androidsample.generalstore'
[debug] &amp#27;[35m[ADB]&amp#27;[39m The version name of the installed 'com.androidsample.generalstore' is greater or equal to the application version name ('1.0.0' >= '1.0.0')
[debug] &amp#27;[35m[ADB]&amp#27;[39m There is no need to install/upgrade 'C:\Users\joelv\eclipse-workspace2\framework\src\General-Store.apk'
&amp#27;[35m[AndroidDriver]&amp#27;[39m Performing fast reset on 'com.androidsample.generalstore'
[debug] &amp#27;[35m[ADB]&amp#27;[39m Getting install status for com.androidsample.generalstore
[debug] &amp#27;[35m[ADB]&amp#27;[39m Running 'C:\Users\joelv\AppData\Local\Android\Sdk\platform-tools\adb.exe -P 5037 -s emulator-5554 shell dumpsys package com.androidsample.generalstore'
[debug] &amp#27;[35m[ADB]&amp#27;[39m 'com.androidsample.generalstore' is installed
[debug] &amp#27;[35m[ADB]&amp#27;[39m Running 'C:\Users\joelv\AppData\Local\Android\Sdk\platform-tools\adb.exe -P 5037 -s emulator-5554 shell am force-stop com.androidsample.generalstore'
[debug] &amp#27;[35m[ADB]&amp#27;[39m Running 'C:\Users\joelv\AppData\Local\Android\Sdk\platform-tools\adb.exe -P 5037 -s emulator-5554 shell pm clear com.androidsample.generalstore'
[debug] &amp#27;[35m[AndroidDriver]&amp#27;[39m Performed fast reset on the installed 'com.androidsample.generalstore' application (stop and clear)
[debug] &amp#27;[35m[UiAutomator2]&amp#27;[39m Performing shallow cleanup of automation leftovers
[debug] &amp#27;[35m[UiAutomator2]&amp#27;[39m The following obsolete sessions are still running: ["756326e1-eae6-40c8-892f-ae973f71dcac"]
[debug] &amp#27;[35m[UiAutomator2]&amp#27;[39m Cleaning up 1 obsolete session
[debug] &amp#27;[35m[ADB]&amp#27;[39m Running 'C:\Users\joelv\AppData\Local\Android\Sdk\platform-tools\adb.exe -P 5037 -s emulator-5554 shell am force-stop io.appium.uiautomator2.server.test'
&amp#27;[35m[UiAutomator2]&amp#27;[39m Starting UIAutomator2 server 4.27.0
&amp#27;[35m[UiAutomator2]&amp#27;[39m Using UIAutomator2 server from 'C:\Users\joelv\AppData\Roaming\npm\node_modules\appium\node_modules\appium-uiautomator2-server\apks\appium-uiautomator2-server-v4.27.0.apk' and test from 'C:\Users\joelv\AppData\Roaming\npm\node_modules\appium\node_modules\appium-uiautomator2-server\apks\appium-uiautomator2-server-debug-androidTest.apk'
&amp#27;[35m[UiAutomator2]&amp#27;[39m Waiting up to 30000ms for UiAutomator2 to be online...
[debug] &amp#27;[35m[ADB]&amp#27;[39m Creating ADB subprocess with args: ["-P",5037,"-s","emulator-5554","shell","am","instrument","-w","-e","disableAnalytics",true,"io.appium.uiautomator2.server.test/androidx.test.runner.AndroidJUnitRunner"]
[debug] &amp#27;[35m[WD Proxy]&amp#27;[39m Matched '/status' to command name 'getStatus'
[debug] &amp#27;[35m[WD Proxy]&amp#27;[39m Proxying [GET /status] to [GET http://127.0.0.1:8200/wd/hub/status] with no body
&amp#27;[35m[WD Proxy]&amp#27;[39m socket hang up
[debug] &amp#27;[35m[Instrumentation]&amp#27;[39m io.appium.uiautomator2.server.test.AppiumUiAutomator2Server:
[debug] &amp#27;[35m[WD Proxy]&amp#27;[39m Matched '/status' to command name 'getStatus'
[debug] &amp#27;[35m[WD Proxy]&amp#27;[39m Proxying [GET /status] to [GET http://127.0.0.1:8200/wd/hub/status] with no body
&amp#27;[35m[WD Proxy]&amp#27;[39m socket hang up
[debug] &amp#27;[35m[WD Proxy]&amp#27;[39m Matched '/status' to command name 'getStatus'
[debug] &amp#27;[35m[WD Proxy]&amp#27;[39m Proxying [GET /status] to [GET http://127.0.0.1:8200/wd/hub/status] with no body
[debug] &amp#27;[35m[WD Proxy]&amp#27;[39m Got response with status 200: {"sessionId":"None","value":{"message":"UiAutomator2 Server is ready to accept commands","ready":true}}
[debug] &amp#27;[35m[UiAutomator2]&amp#27;[39m The initialization of the instrumentation process took 2094ms
[debug] &amp#27;[35m[WD Proxy]&amp#27;[39m Matched '/session' to command name 'createSession'
[debug] &amp#27;[35m[WD Proxy]&amp#27;[39m Proxying [POST /session] to [POST http://127.0.0.1:8200/wd/hub/session] with body: {"capabilities":{"firstMatch":[{"platform":"LINUX","webStorageEnabled":false,"takesScreenshot":true,"javascriptEnabled":true,"databaseEnabled":false,"networkConnectionEnabled":true,"locationContextEnabled":false,"warnings":{},"desired":{"platformName":"android","app":"C:\\Users\\joelv\\eclipse-workspace2\\framework\\src\\General-Store.apk","chromeOptions":{"w3c":false},"automationName":"uiautomator2","avd":"emulator1","deviceName":"emulator1"},"platformName":"android","app":"C:\\Users\\joelv\\eclipse-workspace2\\framework\\src\\General-Store.apk","chromeOptions":{"w3c":false},"automationName":"uiautomator2","avd":"emulator1","deviceName":"emulator-5554","deviceUDID":"emulator-5554","appPackage":"com.androidsample.generalstore"}],"alwaysMatch":{}}}
[debug] &amp#27;[35m[WD Proxy]&amp#27;[39m Got response with status 200: {"sessionId":"5b512f54-d782-4c0c-bcaa-45d1ead9771d","value":{"capabilities":{"firstMatch":[{"platform":"LINUX","webStorageEnabled":false,"takesScreenshot":true,"javascriptEnabled":true,"databaseEnabled":false,"networkConnectionEnabled":true,"locationContextEnabled":false,"warnings":{},"desired":{"platformName":"android","app":"C:\\Users\\joelv\\eclipse-workspace2\\framework\\src\\General-Store.apk","chromeOptions":{"w3c":false},"automationName":"uiautomator2","avd":"emulator1","deviceName":"emulator1"},"platformName":"android","app":"C:\\Users\\joelv\\eclipse-workspace2\\framework\\src\\General-Store.apk","chromeOptions":{"w3c":false},"automationName":"uiautomator2","avd":"emulator1","deviceName":"emulator-5554","deviceUDID":"emulator-5554","appPackage":"com.androidsample.generalstore"}],"alwaysMatch":{}},"sessionId":"5b512f54-d782-4c0c-bcaa-45d1ead9771d"}}
&amp#27;[35m[WD Proxy]&amp#27;[39m Determined the downstream protocol as 'W3C'
[debug] &amp#27;[35m[WD Proxy]&amp#27;[39m Proxying [GET /appium/device/info] to [GET http://127.0.0.1:8200/wd/hub/session/5b512f54-d782-4c0c-bcaa-45d1ead9771d/appium/device/info] with no body
[debug] &amp#27;[35m[WD Proxy]&amp#27;[39m Got response with status 200: {"sessionId":"5b512f54-d782-4c0c-bcaa-45d1ead9771d","value":{"androidId":"36aa52b107025819","apiVersion":"30","bluetooth":{"state":"ON"},"brand":"Android","carrierName":"Android","displayDensity":560,"locale":"en_US","manufacturer":"unknown","model":"Android SDK built for x86","networks":[{"capabilities":{"SSID":null,"linkDownBandwidthKbps":30000,"linkUpstreamBandwidthKbps":15000,"networkCapabilities":"NET_CAPABILITY_MMS,NET_CAPABILITY_SUPL,NET_CAPABILITY_DUN,NET_CAPABILITY_FOTA,NET_CAPABILITY_IMS,NET_CAPABILITY_CBS,NET_CAPABILITY_INTERNET,NET_CAPABILITY_NOT_RESTRICTED,NET_CAPABILITY_TRUSTED,NET_CAPABILITY_NOT_VPN,NET_CAPABILITY_VALIDATED,NET_CAPABILITY_NOT_ROAMING,NET_CAPABILITY_NOT_CONGESTED,NET_CAPABILITY_NOT_SUSPENDED","signalStrength":-2147483648,"transportTypes":"TRANSPORT_CELLULAR"},"detailedState":"CONNECTED","extraInfo":"epc.tmobile.com","isAvailable":true,"isConnected":true,"isFailover":false,"isRoaming":false,"state":"CONNECTED","subtype":13,"subtypeName":"LTE","type":0,"typeName":"MOBILE"},{"ca...
[debug] &amp#27;[35m[ADB]&amp#27;[39m Running 'C:\Users\joelv\AppData\Local\Android\Sdk\platform-tools\adb.exe -P 5037 -s emulator-5554 shell dumpsys window'
&amp#27;[35m[AndroidDriver]&amp#27;[39m Screen already unlocked, doing nothing
&amp#27;[35m[UiAutomator2]&amp#27;[39m Starting 'com.androidsample.generalstore/com.androidsample.generalstore.SplashActivity and waiting for 'com.androidsample.generalstore/com.androidsample.generalstore.SplashActivity'
[debug] &amp#27;[35m[ADB]&amp#27;[39m Running 'C:\Users\joelv\AppData\Local\Android\Sdk\platform-tools\adb.exe -P 5037 -s emulator-5554 shell am start -W -n com.androidsample.generalstore/com.androidsample.generalstore.SplashActivity -S -a android.intent.action.MAIN -c android.intent.category.LAUNCHER -f 0x10200000'
[debug] &amp#27;[35m[ADB]&amp#27;[39m Waiting up to 20000ms for activity matching pkg: 'com.androidsample.generalstore' and activity: 'com.androidsample.generalstore.SplashActivity' to be focused
[debug] &amp#27;[35m[ADB]&amp#27;[39m Possible activities, to be checked: 'com.androidsample.generalstore.SplashActivity', 'com.androidsample.generalstore.com.androidsample.generalstore.SplashActivity'
[debug] &amp#27;[35m[ADB]&amp#27;[39m Getting focused package and activity
[debug] &amp#27;[35m[ADB]&amp#27;[39m Running 'C:\Users\joelv\AppData\Local\Android\Sdk\platform-tools\adb.exe -P 5037 -s emulator-5554 shell dumpsys window displays'
[debug] &amp#27;[35m[ADB]&amp#27;[39m Found package: 'com.androidsample.generalstore' and fully qualified activity name : 'com.androidsample.generalstore.SplashActivity'
[debug] &amp#27;[35m[WD Proxy]&amp#27;[39m Proxying [GET /appium/device/pixel_ratio] to [GET http://127.0.0.1:8200/wd/hub/session/5b512f54-d782-4c0c-bcaa-45d1ead9771d/appium/device/pixel_ratio] with no body
[debug] &amp#27;[35m[WD Proxy]&amp#27;[39m Got response with status 200: {"sessionId":"5b512f54-d782-4c0c-bcaa-45d1ead9771d","value":3.5}
[debug] &amp#27;[35m[WD Proxy]&amp#27;[39m Matched '/appium/device/system_bars' to command name 'getSystemBars'
[debug] &amp#27;[35m[WD Proxy]&amp#27;[39m Proxying [GET /appium/device/system_bars] to [GET http://127.0.0.1:8200/wd/hub/session/5b512f54-d782-4c0c-bcaa-45d1ead9771d/appium/device/system_bars] with no body
[debug] &amp#27;[35m[WD Proxy]&amp#27;[39m Got response with status 200: {"sessionId":"5b512f54-d782-4c0c-bcaa-45d1ead9771d","value":{"statusBar":84}}
[debug] &amp#27;[35m[WD Proxy]&amp#27;[39m Matched '/window/current/size' to command name 'getWindowSize'
[debug] &amp#27;[35m[WD Proxy]&amp#27;[39m Proxying [GET /window/current/size] to [GET http://127.0.0.1:8200/wd/hub/session/5b512f54-d782-4c0c-bcaa-45d1ead9771d/window/current/size] with no body
[debug] &amp#27;[35m[WD Proxy]&amp#27;[39m Got response with status 200: {"sessionId":"5b512f54-d782-4c0c-bcaa-45d1ead9771d","value":{"height":2712,"width":1440}}
&amp#27;[35m[Appium]&amp#27;[39m New AndroidUiautomator2Driver session created successfully, session afe805c7-a966-456c-9401-831ac6b04c91 added to master session list
[debug] &amp#27;[35m[BaseDriver]&amp#27;[39m Event 'newSessionStarted' logged at 1642249664805 (17:57:44 GMT+0530 (India Standard Time))
[debug] &amp#27;[35m[W3C (afe805c7)]&amp#27;[39m Cached the protocol value 'W3C' for the new session afe805c7-a966-456c-9401-831ac6b04c91
[debug] &amp#27;[35m[W3C (afe805c7)]&amp#27;[39m Responding to client with driver.createSession() result: {"capabilities":{"platform":"LINUX","webStorageEnabled":false,"takesScreenshot":true,"javascriptEnabled":true,"databaseEnabled":false,"networkConnectionEnabled":true,"locationContextEnabled":false,"warnings":{},"desired":{"platformName":"android","app":"C:\\Users\\joelv\\eclipse-workspace2\\framework\\src\\General-Store.apk","chromeOptions":{"w3c":false},"automationName":"uiautomator2","avd":"emulator1","deviceName":"emulator1"},"platformName":"android","app":"C:\\Users\\joelv\\eclipse-workspace2\\framework\\src\\General-Store.apk","chromeOptions":{"w3c":false},"automationName":"uiautomator2","avd":"emulator1","deviceName":"emulator-5554","deviceUDID":"emulator-5554","appPackage":"com.androidsample.generalstore","deviceApiLevel":30,"platformVersion":"11","deviceScreenSize":"1440x2880","deviceScreenDensity":560,"deviceModel":"Android SDK built for x86","deviceManufacturer":"unknown","pixelRatio":3.5,"statBarHeight":84,"viewportRect":{"left":0,"top":84,"width":1440,"height":2628}}}
&amp#27;[35m[HTTP]&amp#27;[39m &amp#27;[37m<-- POST /wd/hub/session &amp#27;[39m&amp#27;[32m200&amp#27;[39m &amp#27;[90m9779 ms - 1055&amp#27;[39m
&amp#27;[35m[HTTP]&amp#27;[39m &amp#27;[90m&amp#27;[39m
&amp#27;[35m[HTTP]&amp#27;[39m &amp#27;[37m-->&amp#27;[39m &amp#27;[37mPOST&amp#27;[39m &amp#27;[37m/wd/hub/session/afe805c7-a966-456c-9401-831ac6b04c91/timeouts&amp#27;[39m
&amp#27;[35m[HTTP]&amp#27;[39m &amp#27;[90m{"implicit":10000}&amp#27;[39m
[debug] &amp#27;[35m[W3C (afe805c7)]&amp#27;[39m Calling AppiumDriver.timeouts() with args: [null,null,null,null,10000,"afe805c7-a966-456c-9401-831ac6b04c91"]
[debug] &amp#27;[35m[BaseDriver]&amp#27;[39m W3C timeout argument: {"implicit":10000}}
[debug] &amp#27;[35m[BaseDriver]&amp#27;[39m Set implicit wait to 10000ms
[debug] &amp#27;[35m[W3C (afe805c7)]&amp#27;[39m Responding to client with driver.timeouts() result: null
&amp#27;[35m[HTTP]&amp#27;[39m &amp#27;[37m<-- POST /wd/hub/session/afe805c7-a966-456c-9401-831ac6b04c91/timeouts &amp#27;[39m&amp#27;[32m200&amp#27;[39m &amp#27;[90m2 ms - 14&amp#27;[39m
&amp#27;[35m[HTTP]&amp#27;[39m &amp#27;[90m&amp#27;[39m
&amp#27;[35m[HTTP]&amp#27;[39m &amp#27;[37m-->&amp#27;[39m &amp#27;[37mPOST&amp#27;[39m &amp#27;[37m/wd/hub/session/afe805c7-a966-456c-9401-831ac6b04c91/element&amp#27;[39m
&amp#27;[35m[HTTP]&amp#27;[39m &amp#27;[90m{"using":"id","value":"com.androidsample.generalstore:id/nameField"}&amp#27;[39m
[debug] &amp#27;[35m[W3C (afe805c7)]&amp#27;[39m Calling AppiumDriver.findElement() with args: ["id","com.androidsample.generalstore:id/nameField","afe805c7-a966-456c-9401-831ac6b04c91"]
[debug] &amp#27;[35m[BaseDriver]&amp#27;[39m Valid locator strategies for this request: xpath, id, class name, accessibility id, css selector, -android uiautomator
[debug] &amp#27;[35m[BaseDriver]&amp#27;[39m Waiting up to 10000 ms for condition
[debug] &amp#27;[35m[WD Proxy]&amp#27;[39m Matched '/element' to command name 'findElement'
[debug] &amp#27;[35m[WD Proxy]&amp#27;[39m Proxying [POST /element] to [POST http://127.0.0.1:8200/wd/hub/session/5b512f54-d782-4c0c-bcaa-45d1ead9771d/element] with body: {"strategy":"id","selector":"com.androidsample.generalstore:id/nameField","context":"","multiple":false}
&amp#27;[35m[WD Proxy]&amp#27;[39m Got response with status 404: {"sessionId":"5b512f54-d782-4c0c-bcaa-45d1ead9771d","value":{"error":"no such element","message":"An element could not be located on the page using the given search parameters","stacktrace":"io.appium.uiautomator2.common.exceptions.ElementNotFoundException: An element could not be located on the page using the given search parameters\n\tat io.appium.uiautomator2.handler.FindElement.safeHandle(FindElement.java:70)\n\tat io.appium.uiautomator2.handler.request.SafeRequestHandler.handle(SafeRequestHandler.java:59)\n\tat io.appium.uiautomator2.server.AppiumServlet.handleRequest(AppiumServlet.java:266)\n\tat io.appium.uiautomator2.server.AppiumServlet.handleHttpRequest(AppiumServlet.java:260)\n\tat io.appium.uiautomator2.http.ServerHandler.channelRead(ServerHandler.java:68)\n\tat io.netty.channel.AbstractChannelHandlerContext.invokeChannelRead(AbstractChannelHandlerContext.java:366)\n\tat io.netty.channel.AbstractChannelHandlerContext.invokeChannelRead(AbstractChannelHandlerContext.java:352)\n\tat io.netty.chann...
[debug] &amp#27;[35m[W3C]&amp#27;[39m Matched W3C error code 'no such element' to NoSuchElementError
[debug] &amp#27;[35m[BaseDriver]&amp#27;[39m Waited for 304 ms so far
[debug] &amp#27;[35m[WD Proxy]&amp#27;[39m Matched '/element' to command name 'findElement'
[debug] &amp#27;[35m[WD Proxy]&amp#27;[39m Proxying [POST /element] to [POST http://127.0.0.1:8200/wd/hub/session/5b512f54-d782-4c0c-bcaa-45d1ead9771d/element] with body: {"strategy":"id","selector":"com.androidsample.generalstore:id/nameField","context":"","multiple":false}
&amp#27;[35m[WD Proxy]&amp#27;[39m Got response with status 404: {"sessionId":"5b512f54-d782-4c0c-bcaa-45d1ead9771d","value":{"error":"no such element","message":"An element could not be located on the page using the given search parameters","stacktrace":"io.appium.uiautomator2.common.exceptions.ElementNotFoundException: An element could not be located on the page using the given search parameters\n\tat io.appium.uiautomator2.handler.FindElement.safeHandle(FindElement.java:70)\n\tat io.appium.uiautomator2.handler.request.SafeRequestHandler.handle(SafeRequestHandler.java:59)\n\tat io.appium.uiautomator2.server.AppiumServlet.handleRequest(AppiumServlet.java:266)\n\tat io.appium.uiautomator2.server.AppiumServlet.handleHttpRequest(AppiumServlet.java:260)\n\tat io.appium.uiautomator2.http.ServerHandler.channelRead(ServerHandler.java:68)\n\tat io.netty.channel.AbstractChannelHandlerContext.invokeChannelRead(AbstractChannelHandlerContext.java:366)\n\tat io.netty.channel.AbstractChannelHandlerContext.invokeChannelRead(AbstractChannelHandlerContext.java:352)\n\tat io.netty.chann...
[debug] &amp#27;[35m[W3C]&amp#27;[39m Matched W3C error code 'no such element' to NoSuchElementError
[debug] &amp#27;[35m[BaseDriver]&amp#27;[39m Waited for 826 ms so far
[debug] &amp#27;[35m[WD Proxy]&amp#27;[39m Matched '/element' to command name 'findElement'
[debug] &amp#27;[35m[WD Proxy]&amp#27;[39m Proxying [POST /element] to [POST http://127.0.0.1:8200/wd/hub/session/5b512f54-d782-4c0c-bcaa-45d1ead9771d/element] with body: {"strategy":"id","selector":"com.androidsample.generalstore:id/nameField","context":"","multiple":false}
&amp#27;[35m[WD Proxy]&amp#27;[39m Got response with status 404: {"sessionId":"5b512f54-d782-4c0c-bcaa-45d1ead9771d","value":{"error":"no such element","message":"An element could not be located on the page using the given search parameters","stacktrace":"io.appium.uiautomator2.common.exceptions.ElementNotFoundException: An element could not be located on the page using the given search parameters\n\tat io.appium.uiautomator2.handler.FindElement.safeHandle(FindElement.java:70)\n\tat io.appium.uiautomator2.handler.request.SafeRequestHandler.handle(SafeRequestHandler.java:59)\n\tat io.appium.uiautomator2.server.AppiumServlet.handleRequest(AppiumServlet.java:266)\n\tat io.appium.uiautomator2.server.AppiumServlet.handleHttpRequest(AppiumServlet.java:260)\n\tat io.appium.uiautomator2.http.ServerHandler.channelRead(ServerHandler.java:68)\n\tat io.netty.channel.AbstractChannelHandlerContext.invokeChannelRead(AbstractChannelHandlerContext.java:366)\n\tat io.netty.channel.AbstractChannelHandlerContext.invokeChannelRead(AbstractChannelHandlerContext.java:352)\n\tat io.netty.chann...
[debug] &amp#27;[35m[W3C]&amp#27;[39m Matched W3C error code 'no such element' to NoSuchElementError
[debug] &amp#27;[35m[BaseDriver]&amp#27;[39m Waited for 1348 ms so far
[debug] &amp#27;[35m[WD Proxy]&amp#27;[39m Matched '/element' to command name 'findElement'
[debug] &amp#27;[35m[WD Proxy]&amp#27;[39m Proxying [POST /element] to [POST http://127.0.0.1:8200/wd/hub/session/5b512f54-d782-4c0c-bcaa-45d1ead9771d/element] with body: {"strategy":"id","selector":"com.androidsample.generalstore:id/nameField","context":"","multiple":false}
&amp#27;[35m[WD Proxy]&amp#27;[39m Got response with status 404: {"sessionId":"5b512f54-d782-4c0c-bcaa-45d1ead9771d","value":{"error":"no such element","message":"An element could not be located on the page using the given search parameters","stacktrace":"io.appium.uiautomator2.common.exceptions.ElementNotFoundException: An element could not be located on the page using the given search parameters\n\tat io.appium.uiautomator2.handler.FindElement.safeHandle(FindElement.java:70)\n\tat io.appium.uiautomator2.handler.request.SafeRequestHandler.handle(SafeRequestHandler.java:59)\n\tat io.appium.uiautomator2.server.AppiumServlet.handleRequest(AppiumServlet.java:266)\n\tat io.appium.uiautomator2.server.AppiumServlet.handleHttpRequest(AppiumServlet.java:260)\n\tat io.appium.uiautomator2.http.ServerHandler.channelRead(ServerHandler.java:68)\n\tat io.netty.channel.AbstractChannelHandlerContext.invokeChannelRead(AbstractChannelHandlerContext.java:366)\n\tat io.netty.channel.AbstractChannelHandlerContext.invokeChannelRead(AbstractChannelHandlerContext.java:352)\n\tat io.netty.chann...
[debug] &amp#27;[35m[W3C]&amp#27;[39m Matched W3C error code 'no such element' to NoSuchElementError
[debug] &amp#27;[35m[BaseDriver]&amp#27;[39m Waited for 1867 ms so far
[debug] &amp#27;[35m[WD Proxy]&amp#27;[39m Matched '/element' to command name 'findElement'
[debug] &amp#27;[35m[WD Proxy]&amp#27;[39m Proxying [POST /element] to [POST http://127.0.0.1:8200/wd/hub/session/5b512f54-d782-4c0c-bcaa-45d1ead9771d/element] with body: {"strategy":"id","selector":"com.androidsample.generalstore:id/nameField","context":"","multiple":false}
&amp#27;[35m[WD Proxy]&amp#27;[39m Got response with status 404: {"sessionId":"5b512f54-d782-4c0c-bcaa-45d1ead9771d","value":{"error":"no such element","message":"An element could not be located on the page using the given search parameters","stacktrace":"io.appium.uiautomator2.common.exceptions.ElementNotFoundException: An element could not be located on the page using the given search parameters\n\tat io.appium.uiautomator2.handler.FindElement.safeHandle(FindElement.java:70)\n\tat io.appium.uiautomator2.handler.request.SafeRequestHandler.handle(SafeRequestHandler.java:59)\n\tat io.appium.uiautomator2.server.AppiumServlet.handleRequest(AppiumServlet.java:266)\n\tat io.appium.uiautomator2.server.AppiumServlet.handleHttpRequest(AppiumServlet.java:260)\n\tat io.appium.uiautomator2.http.ServerHandler.channelRead(ServerHandler.java:68)\n\tat io.netty.channel.AbstractChannelHandlerContext.invokeChannelRead(AbstractChannelHandlerContext.java:366)\n\tat io.netty.channel.AbstractChannelHandlerContext.invokeChannelRead(AbstractChannelHandlerContext.java:352)\n\tat io.netty.chann...
[debug] &amp#27;[35m[W3C]&amp#27;[39m Matched W3C error code 'no such element' to NoSuchElementError
[debug] &amp#27;[35m[BaseDriver]&amp#27;[39m Waited for 2390 ms so far
[debug] &amp#27;[35m[WD Proxy]&amp#27;[39m Matched '/element' to command name 'findElement'
[debug] &amp#27;[35m[WD Proxy]&amp#27;[39m Proxying [POST /element] to [POST http://127.0.0.1:8200/wd/hub/session/5b512f54-d782-4c0c-bcaa-45d1ead9771d/element] with body: {"strategy":"id","selector":"com.androidsample.generalstore:id/nameField","context":"","multiple":false}
[debug] &amp#27;[35m[WD Proxy]&amp#27;[39m Got response with status 200: {"sessionId":"5b512f54-d782-4c0c-bcaa-45d1ead9771d","value":{"ELEMENT":"00000000-0000-027d-ffff-ffff0000001d","element-6066-11e4-a52e-4f735466cecf":"00000000-0000-027d-ffff-ffff0000001d"}}
[debug] &amp#27;[35m[W3C (afe805c7)]&amp#27;[39m Responding to client with driver.findElement() result: {"element-6066-11e4-a52e-4f735466cecf":"00000000-0000-027d-ffff-ffff0000001d","ELEMENT":"00000000-0000-027d-ffff-ffff0000001d"}
&amp#27;[35m[HTTP]&amp#27;[39m &amp#27;[37m<-- POST /wd/hub/session/afe805c7-a966-456c-9401-831ac6b04c91/element &amp#27;[39m&amp#27;[32m200&amp#27;[39m &amp#27;[90m2991 ms - 137&amp#27;[39m
&amp#27;[35m[HTTP]&amp#27;[39m &amp#27;[90m&amp#27;[39m
&amp#27;[35m[HTTP]&amp#27;[39m &amp#27;[37m-->&amp#27;[39m &amp#27;[37mPOST&amp#27;[39m &amp#27;[37m/wd/hub/session/afe805c7-a966-456c-9401-831ac6b04c91/element/00000000-0000-027d-ffff-ffff0000001d/value&amp#27;[39m
&amp#27;[35m[HTTP]&amp#27;[39m &amp#27;[90m{"id":"00000000-0000-027d-ffff-ffff0000001d","text":"brandShoes","value":["b","r","a","n","d","S","h","o","e","s"]}&amp#27;[39m
[debug] &amp#27;[35m[W3C (afe805c7)]&amp#27;[39m Calling AppiumDriver.setValue() with args: [["b","r","a","n","d","S","h","o","e","s"],"00000000-0000-027d-ffff-ffff0000001d","afe805c7-a966-456c-9401-831ac6b04c91"]
[debug] &amp#27;[35m[WD Proxy]&amp#27;[39m Matched '/element/00000000-0000-027d-ffff-ffff0000001d/value' to command name 'setValue'
[debug] &amp#27;[35m[Protocol Converter]&amp#27;[39m Added 'value' property ["b","r","a","n","d","S","h","o","e","s"] to 'setValue' request body
[debug] &amp#27;[35m[WD Proxy]&amp#27;[39m Proxying [POST /element/00000000-0000-027d-ffff-ffff0000001d/value] to [POST http://127.0.0.1:8200/wd/hub/session/5b512f54-d782-4c0c-bcaa-45d1ead9771d/element/00000000-0000-027d-ffff-ffff0000001d/value] with body: {"elementId":"00000000-0000-027d-ffff-ffff0000001d","text":"brandShoes","replace":false,"value":["b","r","a","n","d","S","h","o","e","s"]}
[debug] &amp#27;[35m[WD Proxy]&amp#27;[39m Got response with status 200: {"sessionId":"5b512f54-d782-4c0c-bcaa-45d1ead9771d","value":null}
[debug] &amp#27;[35m[W3C (afe805c7)]&amp#27;[39m Responding to client with driver.setValue() result: null
&amp#27;[35m[HTTP]&amp#27;[39m &amp#27;[37m<-- POST /wd/hub/session/afe805c7-a966-456c-9401-831ac6b04c91/element/00000000-0000-027d-ffff-ffff0000001d/value &amp#27;[39m&amp#27;[32m200&amp#27;[39m &amp#27;[90m1072 ms - 14&amp#27;[39m
&amp#27;[35m[HTTP]&amp#27;[39m &amp#27;[90m&amp#27;[39m
&amp#27;[35m[HTTP]&amp#27;[39m &amp#27;[37m-->&amp#27;[39m &amp#27;[37mPOST&amp#27;[39m &amp#27;[37m/wd/hub/session/afe805c7-a966-456c-9401-831ac6b04c91/appium/device/hide_keyboard&amp#27;[39m
&amp#27;[35m[HTTP]&amp#27;[39m &amp#27;[90m{}&amp#27;[39m
[debug] &amp#27;[35m[W3C (afe805c7)]&amp#27;[39m Calling AppiumDriver.hideKeyboard() with args: [null,null,null,null,"afe805c7-a966-456c-9401-831ac6b04c91"]
[debug] &amp#27;[35m[ADB]&amp#27;[39m Running 'C:\Users\joelv\AppData\Local\Android\Sdk\platform-tools\adb.exe -P 5037 -s emulator-5554 shell dumpsys input_method'
&amp#27;[35m[ADB]&amp#27;[39m Keyboard has no UI; no closing necessary
[debug] &amp#27;[35m[W3C (afe805c7)]&amp#27;[39m Responding to client with driver.hideKeyboard() result: false
&amp#27;[35m[HTTP]&amp#27;[39m &amp#27;[37m<-- POST /wd/hub/session/afe805c7-a966-456c-9401-831ac6b04c91/appium/device/hide_keyboard &amp#27;[39m&amp#27;[32m200&amp#27;[39m &amp#27;[90m64 ms - 15&amp#27;[39m
&amp#27;[35m[HTTP]&amp#27;[39m &amp#27;[90m&amp#27;[39m
&amp#27;[35m[HTTP]&amp#27;[39m &amp#27;[37m-->&amp#27;[39m &amp#27;[37mPOST&amp#27;[39m &amp#27;[37m/wd/hub/session/afe805c7-a966-456c-9401-831ac6b04c91/element&amp#27;[39m
&amp#27;[35m[HTTP]&amp#27;[39m &amp#27;[90m{"using":"xpath","value":"//*[@text='Female']"}&amp#27;[39m
[debug] &amp#27;[35m[W3C (afe805c7)]&amp#27;[39m Calling AppiumDriver.findElement() with args: ["xpath","//*[@text='Female']","afe805c7-a966-456c-9401-831ac6b04c91"]
[debug] &amp#27;[35m[BaseDriver]&amp#27;[39m Valid locator strategies for this request: xpath, id, class name, accessibility id, css selector, -android uiautomator
[debug] &amp#27;[35m[BaseDriver]&amp#27;[39m Waiting up to 10000 ms for condition
[debug] &amp#27;[35m[WD Proxy]&amp#27;[39m Matched '/element' to command name 'findElement'
[debug] &amp#27;[35m[WD Proxy]&amp#27;[39m Proxying [POST /element] to [POST http://127.0.0.1:8200/wd/hub/session/5b512f54-d782-4c0c-bcaa-45d1ead9771d/element] with body: {"strategy":"xpath","selector":"//*[@text='Female']","context":"","multiple":false}
[debug] &amp#27;[35m[WD Proxy]&amp#27;[39m Got response with status 200: {"sessionId":"5b512f54-d782-4c0c-bcaa-45d1ead9771d","value":{"ELEMENT":"00000000-0000-027d-ffff-ffff00000021","element-6066-11e4-a52e-4f735466cecf":"00000000-0000-027d-ffff-ffff00000021"}}
[debug] &amp#27;[35m[W3C (afe805c7)]&amp#27;[39m Responding to client with driver.findElement() result: {"element-6066-11e4-a52e-4f735466cecf":"00000000-0000-027d-ffff-ffff00000021","ELEMENT":"00000000-0000-027d-ffff-ffff00000021"}
&amp#27;[35m[HTTP]&amp#27;[39m &amp#27;[37m<-- POST /wd/hub/session/afe805c7-a966-456c-9401-831ac6b04c91/element &amp#27;[39m&amp#27;[32m200&amp#27;[39m &amp#27;[90m751 ms - 137&amp#27;[39m
&amp#27;[35m[HTTP]&amp#27;[39m &amp#27;[90m&amp#27;[39m
&amp#27;[35m[HTTP]&amp#27;[39m &amp#27;[37m-->&amp#27;[39m &amp#27;[37mPOST&amp#27;[39m &amp#27;[37m/wd/hub/session/afe805c7-a966-456c-9401-831ac6b04c91/element/00000000-0000-027d-ffff-ffff00000021/click&amp#27;[39m
&amp#27;[35m[HTTP]&amp#27;[39m &amp#27;[90m{"id":"00000000-0000-027d-ffff-ffff00000021"}&amp#27;[39m
[debug] &amp#27;[35m[W3C (afe805c7)]&amp#27;[39m Calling AppiumDriver.click() with args: ["00000000-0000-027d-ffff-ffff00000021","afe805c7-a966-456c-9401-831ac6b04c91"]
[debug] &amp#27;[35m[WD Proxy]&amp#27;[39m Matched '/element/00000000-0000-027d-ffff-ffff00000021/click' to command name 'click'
[debug] &amp#27;[35m[WD Proxy]&amp#27;[39m Proxying [POST /element/00000000-0000-027d-ffff-ffff00000021/click] to [POST http://127.0.0.1:8200/wd/hub/session/5b512f54-d782-4c0c-bcaa-45d1ead9771d/element/00000000-0000-027d-ffff-ffff00000021/click] with body: {"element":"00000000-0000-027d-ffff-ffff00000021"}
[debug] &amp#27;[35m[WD Proxy]&amp#27;[39m Got response with status 200: {"sessionId":"5b512f54-d782-4c0c-bcaa-45d1ead9771d","value":null}
[debug] &amp#27;[35m[W3C (afe805c7)]&amp#27;[39m Responding to client with driver.click() result: null
&amp#27;[35m[HTTP]&amp#27;[39m &amp#27;[37m<-- POST /wd/hub/session/afe805c7-a966-456c-9401-831ac6b04c91/element/00000000-0000-027d-ffff-ffff00000021/click &amp#27;[39m&amp#27;[32m200&amp#27;[39m &amp#27;[90m49 ms - 14&amp#27;[39m
&amp#27;[35m[HTTP]&amp#27;[39m &amp#27;[90m&amp#27;[39m
&amp#27;[35m[HTTP]&amp#27;[39m &amp#27;[37m-->&amp#27;[39m &amp#27;[37mPOST&amp#27;[39m &amp#27;[37m/wd/hub/session/afe805c7-a966-456c-9401-831ac6b04c91/element&amp#27;[39m
&amp#27;[35m[HTTP]&amp#27;[39m &amp#27;[90m{"using":"id","value":"android:id/text1"}&amp#27;[39m
[debug] &amp#27;[35m[W3C (afe805c7)]&amp#27;[39m Calling AppiumDriver.findElement() with args: ["id","android:id/text1","afe805c7-a966-456c-9401-831ac6b04c91"]
[debug] &amp#27;[35m[BaseDriver]&amp#27;[39m Valid locator strategies for this request: xpath, id, class name, accessibility id, css selector, -android uiautomator
[debug] &amp#27;[35m[BaseDriver]&amp#27;[39m Waiting up to 10000 ms for condition
[debug] &amp#27;[35m[WD Proxy]&amp#27;[39m Matched '/element' to command name 'findElement'
[debug] &amp#27;[35m[WD Proxy]&amp#27;[39m Proxying [POST /element] to [POST http://127.0.0.1:8200/wd/hub/session/5b512f54-d782-4c0c-bcaa-45d1ead9771d/element] with body: {"strategy":"id","selector":"android:id/text1","context":"","multiple":false}
[debug] &amp#27;[35m[WD Proxy]&amp#27;[39m Got response with status 200: {"sessionId":"5b512f54-d782-4c0c-bcaa-45d1ead9771d","value":{"ELEMENT":"00000000-0000-027d-ffff-ffff00000024","element-6066-11e4-a52e-4f735466cecf":"00000000-0000-027d-ffff-ffff00000024"}}
[debug] &amp#27;[35m[W3C (afe805c7)]&amp#27;[39m Responding to client with driver.findElement() result: {"element-6066-11e4-a52e-4f735466cecf":"00000000-0000-027d-ffff-ffff00000024","ELEMENT":"00000000-0000-027d-ffff-ffff00000024"}
&amp#27;[35m[HTTP]&amp#27;[39m &amp#27;[37m<-- POST /wd/hub/session/afe805c7-a966-456c-9401-831ac6b04c91/element &amp#27;[39m&amp#27;[32m200&amp#27;[39m &amp#27;[90m41 ms - 137&amp#27;[39m
&amp#27;[35m[HTTP]&amp#27;[39m &amp#27;[90m&amp#27;[39m
&amp#27;[35m[HTTP]&amp#27;[39m &amp#27;[37m-->&amp#27;[39m &amp#27;[37mPOST&amp#27;[39m &amp#27;[37m/wd/hub/session/afe805c7-a966-456c-9401-831ac6b04c91/element/00000000-0000-027d-ffff-ffff00000024/click&amp#27;[39m
&amp#27;[35m[HTTP]&amp#27;[39m &amp#27;[90m{"id":"00000000-0000-027d-ffff-ffff00000024"}&amp#27;[39m
[debug] &amp#27;[35m[W3C (afe805c7)]&amp#27;[39m Calling AppiumDriver.click() with args: ["00000000-0000-027d-ffff-ffff00000024","afe805c7-a966-456c-9401-831ac6b04c91"]
[debug] &amp#27;[35m[WD Proxy]&amp#27;[39m Matched '/element/00000000-0000-027d-ffff-ffff00000024/click' to command name 'click'
[debug] &amp#27;[35m[WD Proxy]&amp#27;[39m Proxying [POST /element/00000000-0000-027d-ffff-ffff00000024/click] to [POST http://127.0.0.1:8200/wd/hub/session/5b512f54-d782-4c0c-bcaa-45d1ead9771d/element/00000000-0000-027d-ffff-ffff00000024/click] with body: {"element":"00000000-0000-027d-ffff-ffff00000024"}
[debug] &amp#27;[35m[WD Proxy]&amp#27;[39m Got response with status 200: {"sessionId":"5b512f54-d782-4c0c-bcaa-45d1ead9771d","value":null}
[debug] &amp#27;[35m[W3C (afe805c7)]&amp#27;[39m Responding to client with driver.click() result: null
&amp#27;[35m[HTTP]&amp#27;[39m &amp#27;[37m<-- POST /wd/hub/session/afe805c7-a966-456c-9401-831ac6b04c91/element/00000000-0000-027d-ffff-ffff00000024/click &amp#27;[39m&amp#27;[32m200&amp#27;[39m &amp#27;[90m888 ms - 14&amp#27;[39m
&amp#27;[35m[HTTP]&amp#27;[39m &amp#27;[90m&amp#27;[39m
&amp#27;[35m[HTTP]&amp#27;[39m &amp#27;[37m-->&amp#27;[39m &amp#27;[37mPOST&amp#27;[39m &amp#27;[37m/wd/hub/session/afe805c7-a966-456c-9401-831ac6b04c91/element&amp#27;[39m
&amp#27;[35m[HTTP]&amp#27;[39m &amp#27;[90m{"using":"-android uiautomator","value":"new UiScrollable(new UiSelector()).scrollIntoView(text(\"Brazil\"));"}&amp#27;[39m
[debug] &amp#27;[35m[W3C (afe805c7)]&amp#27;[39m Calling AppiumDriver.findElement() with args: ["-android uiautomator","new UiScrollable(new UiSelector()).scrollIntoView(text(\"Brazil\"));","afe805c7-a966-456c-9401-831ac6b04c91"]
[debug] &amp#27;[35m[BaseDriver]&amp#27;[39m Valid locator strategies for this request: xpath, id, class name, accessibility id, css selector, -android uiautomator
[debug] &amp#27;[35m[BaseDriver]&amp#27;[39m Waiting up to 10000 ms for condition
[debug] &amp#27;[35m[WD Proxy]&amp#27;[39m Matched '/element' to command name 'findElement'
[debug] &amp#27;[35m[WD Proxy]&amp#27;[39m Proxying [POST /element] to [POST http://127.0.0.1:8200/wd/hub/session/5b512f54-d782-4c0c-bcaa-45d1ead9771d/element] with body: {"strategy":"-android uiautomator","selector":"new UiScrollable(new UiSelector()).scrollIntoView(text(\"Brazil\"));","context":"","multiple":false}
[debug] &amp#27;[35m[WD Proxy]&amp#27;[39m Got response with status 200: {"sessionId":"5b512f54-d782-4c0c-bcaa-45d1ead9771d","value":{"ELEMENT":"00000000-0000-027e-ffff-ffff00000033","element-6066-11e4-a52e-4f735466cecf":"00000000-0000-027e-ffff-ffff00000033"}}
[debug] &amp#27;[35m[W3C (afe805c7)]&amp#27;[39m Responding to client with driver.findElement() result: {"element-6066-11e4-a52e-4f735466cecf":"00000000-0000-027e-ffff-ffff00000033","ELEMENT":"00000000-0000-027e-ffff-ffff00000033"}
&amp#27;[35m[HTTP]&amp#27;[39m &amp#27;[37m<-- POST /wd/hub/session/afe805c7-a966-456c-9401-831ac6b04c91/element &amp#27;[39m&amp#27;[32m200&amp#27;[39m &amp#27;[90m8603 ms - 137&amp#27;[39m
&amp#27;[35m[HTTP]&amp#27;[39m &amp#27;[90m&amp#27;[39m
&amp#27;[35m[HTTP]&amp#27;[39m &amp#27;[37m-->&amp#27;[39m &amp#27;[37mPOST&amp#27;[39m &amp#27;[37m/wd/hub/session/afe805c7-a966-456c-9401-831ac6b04c91/element&amp#27;[39m
&amp#27;[35m[HTTP]&amp#27;[39m &amp#27;[90m{"using":"xpath","value":"//*[@text='Brazil']"}&amp#27;[39m
[debug] &amp#27;[35m[W3C (afe805c7)]&amp#27;[39m Calling AppiumDriver.findElement() with args: ["xpath","//*[@text='Brazil']","afe805c7-a966-456c-9401-831ac6b04c91"]
[debug] &amp#27;[35m[BaseDriver]&amp#27;[39m Valid locator strategies for this request: xpath, id, class name, accessibility id, css selector, -android uiautomator
[debug] &amp#27;[35m[BaseDriver]&amp#27;[39m Waiting up to 10000 ms for condition
[debug] &amp#27;[35m[WD Proxy]&amp#27;[39m Matched '/element' to command name 'findElement'
[debug] &amp#27;[35m[WD Proxy]&amp#27;[39m Proxying [POST /element] to [POST http://127.0.0.1:8200/wd/hub/session/5b512f54-d782-4c0c-bcaa-45d1ead9771d/element] with body: {"strategy":"xpath","selector":"//*[@text='Brazil']","context":"","multiple":false}
[debug] &amp#27;[35m[WD Proxy]&amp#27;[39m Got response with status 200: {"sessionId":"5b512f54-d782-4c0c-bcaa-45d1ead9771d","value":{"ELEMENT":"00000000-0000-027e-ffff-ffff00000033","element-6066-11e4-a52e-4f735466cecf":"00000000-0000-027e-ffff-ffff00000033"}}
[debug] &amp#27;[35m[W3C (afe805c7)]&amp#27;[39m Responding to client with driver.findElement() result: {"element-6066-11e4-a52e-4f735466cecf":"00000000-0000-027e-ffff-ffff00000033","ELEMENT":"00000000-0000-027e-ffff-ffff00000033"}
&amp#27;[35m[HTTP]&amp#27;[39m &amp#27;[37m<-- POST /wd/hub/session/afe805c7-a966-456c-9401-831ac6b04c91/element &amp#27;[39m&amp#27;[32m200&amp#27;[39m &amp#27;[90m28 ms - 137&amp#27;[39m
&amp#27;[35m[HTTP]&amp#27;[39m &amp#27;[90m&amp#27;[39m
&amp#27;[35m[HTTP]&amp#27;[39m &amp#27;[37m-->&amp#27;[39m &amp#27;[37mPOST&amp#27;[39m &amp#27;[37m/wd/hub/session/afe805c7-a966-456c-9401-831ac6b04c91/element/00000000-0000-027e-ffff-ffff00000033/click&amp#27;[39m
&amp#27;[35m[HTTP]&amp#27;[39m &amp#27;[90m{"id":"00000000-0000-027e-ffff-ffff00000033"}&amp#27;[39m
[debug] &amp#27;[35m[W3C (afe805c7)]&amp#27;[39m Calling AppiumDriver.click() with args: ["00000000-0000-027e-ffff-ffff00000033","afe805c7-a966-456c-9401-831ac6b04c91"]
[debug] &amp#27;[35m[WD Proxy]&amp#27;[39m Matched '/element/00000000-0000-027e-ffff-ffff00000033/click' to command name 'click'
[debug] &amp#27;[35m[WD Proxy]&amp#27;[39m Proxying [POST /element/00000000-0000-027e-ffff-ffff00000033/click] to [POST http://127.0.0.1:8200/wd/hub/session/5b512f54-d782-4c0c-bcaa-45d1ead9771d/element/00000000-0000-027e-ffff-ffff00000033/click] with body: {"element":"00000000-0000-027e-ffff-ffff00000033"}
[debug] &amp#27;[35m[WD Proxy]&amp#27;[39m Got response with status 200: {"sessionId":"5b512f54-d782-4c0c-bcaa-45d1ead9771d","value":null}
[debug] &amp#27;[35m[W3C (afe805c7)]&amp#27;[39m Responding to client with driver.click() result: null
&amp#27;[35m[HTTP]&amp#27;[39m &amp#27;[37m<-- POST /wd/hub/session/afe805c7-a966-456c-9401-831ac6b04c91/element/00000000-0000-027e-ffff-ffff00000033/click &amp#27;[39m&amp#27;[32m200&amp#27;[39m &amp#27;[90m658 ms - 14&amp#27;[39m
&amp#27;[35m[HTTP]&amp#27;[39m &amp#27;[90m&amp#27;[39m
&amp#27;[35m[HTTP]&amp#27;[39m &amp#27;[37m-->&amp#27;[39m &amp#27;[37mPOST&amp#27;[39m &amp#27;[37m/wd/hub/session/afe805c7-a966-456c-9401-831ac6b04c91/element&amp#27;[39m
&amp#27;[35m[HTTP]&amp#27;[39m &amp#27;[90m{"using":"id","value":"com.androidsample.generalstore:id/btnLetsShop"}&amp#27;[39m
[debug] &amp#27;[35m[W3C (afe805c7)]&amp#27;[39m Calling AppiumDriver.findElement() with args: ["id","com.androidsample.generalstore:id/btnLetsShop","afe805c7-a966-456c-9401-831ac6b04c91"]
[debug] &amp#27;[35m[BaseDriver]&amp#27;[39m Valid locator strategies for this request: xpath, id, class name, accessibility id, css selector, -android uiautomator
[debug] &amp#27;[35m[BaseDriver]&amp#27;[39m Waiting up to 10000 ms for condition
[debug] &amp#27;[35m[WD Proxy]&amp#27;[39m Matched '/element' to command name 'findElement'
[debug] &amp#27;[35m[WD Proxy]&amp#27;[39m Proxying [POST /element] to [POST http://127.0.0.1:8200/wd/hub/session/5b512f54-d782-4c0c-bcaa-45d1ead9771d/element] with body: {"strategy":"id","selector":"com.androidsample.generalstore:id/btnLetsShop","context":"","multiple":false}
[debug] &amp#27;[35m[WD Proxy]&amp#27;[39m Got response with status 200: {"sessionId":"5b512f54-d782-4c0c-bcaa-45d1ead9771d","value":{"ELEMENT":"00000000-0000-027d-ffff-ffff00000022","element-6066-11e4-a52e-4f735466cecf":"00000000-0000-027d-ffff-ffff00000022"}}
[debug] &amp#27;[35m[W3C (afe805c7)]&amp#27;[39m Responding to client with driver.findElement() result: {"element-6066-11e4-a52e-4f735466cecf":"00000000-0000-027d-ffff-ffff00000022","ELEMENT":"00000000-0000-027d-ffff-ffff00000022"}
&amp#27;[35m[HTTP]&amp#27;[39m &amp#27;[37m<-- POST /wd/hub/session/afe805c7-a966-456c-9401-831ac6b04c91/element &amp#27;[39m&amp#27;[32m200&amp#27;[39m &amp#27;[90m14 ms - 137&amp#27;[39m
&amp#27;[35m[HTTP]&amp#27;[39m &amp#27;[90m&amp#27;[39m
&amp#27;[35m[HTTP]&amp#27;[39m &amp#27;[37m-->&amp#27;[39m &amp#27;[37mPOST&amp#27;[39m &amp#27;[37m/wd/hub/session/afe805c7-a966-456c-9401-831ac6b04c91/element/00000000-0000-027d-ffff-ffff00000022/click&amp#27;[39m
&amp#27;[35m[HTTP]&amp#27;[39m &amp#27;[90m{"id":"00000000-0000-027d-ffff-ffff00000022"}&amp#27;[39m
[debug] &amp#27;[35m[W3C (afe805c7)]&amp#27;[39m Calling AppiumDriver.click() with args: ["00000000-0000-027d-ffff-ffff00000022","afe805c7-a966-456c-9401-831ac6b04c91"]
[debug] &amp#27;[35m[WD Proxy]&amp#27;[39m Matched '/element/00000000-0000-027d-ffff-ffff00000022/click' to command name 'click'
[debug] &amp#27;[35m[WD Proxy]&amp#27;[39m Proxying [POST /element/00000000-0000-027d-ffff-ffff00000022/click] to [POST http://127.0.0.1:8200/wd/hub/session/5b512f54-d782-4c0c-bcaa-45d1ead9771d/element/00000000-0000-027d-ffff-ffff00000022/click] with body: {"element":"00000000-0000-027d-ffff-ffff00000022"}
[debug] &amp#27;[35m[WD Proxy]&amp#27;[39m Got response with status 200: {"sessionId":"5b512f54-d782-4c0c-bcaa-45d1ead9771d","value":null}
[debug] &amp#27;[35m[W3C (afe805c7)]&amp#27;[39m Responding to client with driver.click() result: null
&amp#27;[35m[HTTP]&amp#27;[39m &amp#27;[37m<-- POST /wd/hub/session/afe805c7-a966-456c-9401-831ac6b04c91/element/00000000-0000-027d-ffff-ffff00000022/click &amp#27;[39m&amp#27;[32m200&amp#27;[39m &amp#27;[90m42 ms - 14&amp#27;[39m
&amp#27;[35m[HTTP]&amp#27;[39m &amp#27;[90m&amp#27;[39m
&amp#27;[35m[HTTP]&amp#27;[39m &amp#27;[37m-->&amp#27;[39m &amp#27;[37mPOST&amp#27;[39m &amp#27;[37m/wd/hub/session/afe805c7-a966-456c-9401-831ac6b04c91/element&amp#27;[39m
&amp#27;[35m[HTTP]&amp#27;[39m &amp#27;[90m{"using":"id","value":"com.androidsample.generalstore:id/toolbar_title"}&amp#27;[39m
[debug] &amp#27;[35m[W3C (afe805c7)]&amp#27;[39m Calling AppiumDriver.findElement() with args: ["id","com.androidsample.generalstore:id/toolbar_title","afe805c7-a966-456c-9401-831ac6b04c91"]
[debug] &amp#27;[35m[BaseDriver]&amp#27;[39m Valid locator strategies for this request: xpath, id, class name, accessibility id, css selector, -android uiautomator
[debug] &amp#27;[35m[BaseDriver]&amp#27;[39m Waiting up to 10000 ms for condition
[debug] &amp#27;[35m[WD Proxy]&amp#27;[39m Matched '/element' to command name 'findElement'
[debug] &amp#27;[35m[WD Proxy]&amp#27;[39m Proxying [POST /element] to [POST http://127.0.0.1:8200/wd/hub/session/5b512f54-d782-4c0c-bcaa-45d1ead9771d/element] with body: {"strategy":"id","selector":"com.androidsample.generalstore:id/toolbar_title","context":"","multiple":false}
[debug] &amp#27;[35m[WD Proxy]&amp#27;[39m Got response with status 200: {"sessionId":"5b512f54-d782-4c0c-bcaa-45d1ead9771d","value":{"ELEMENT":"00000000-0000-027f-ffff-ffff00000041","element-6066-11e4-a52e-4f735466cecf":"00000000-0000-027f-ffff-ffff00000041"}}
[debug] &amp#27;[35m[W3C (afe805c7)]&amp#27;[39m Responding to client with driver.findElement() result: {"element-6066-11e4-a52e-4f735466cecf":"00000000-0000-027f-ffff-ffff00000041","ELEMENT":"00000000-0000-027f-ffff-ffff00000041"}
&amp#27;[35m[HTTP]&amp#27;[39m &amp#27;[37m<-- POST /wd/hub/session/afe805c7-a966-456c-9401-831ac6b04c91/element &amp#27;[39m&amp#27;[32m200&amp#27;[39m &amp#27;[90m22 ms - 137&amp#27;[39m
&amp#27;[35m[HTTP]&amp#27;[39m &amp#27;[90m&amp#27;[39m
&amp#27;[35m[HTTP]&amp#27;[39m &amp#27;[37m-->&amp#27;[39m &amp#27;[37mGET&amp#27;[39m &amp#27;[37m/wd/hub/session/afe805c7-a966-456c-9401-831ac6b04c91/element/00000000-0000-027f-ffff-ffff00000041/text&amp#27;[39m
&amp#27;[35m[HTTP]&amp#27;[39m &amp#27;[90m{}&amp#27;[39m
&amp#27;[35m[W3C (afe805c7)]&amp#27;[39m Driver proxy active, passing request on via HTTP proxy
[debug] &amp#27;[35m[WD Proxy]&amp#27;[39m Matched '/wd/hub/session/afe805c7-a966-456c-9401-831ac6b04c91/element/00000000-0000-027f-ffff-ffff00000041/text' to command name 'getText'
[debug] &amp#27;[35m[WD Proxy]&amp#27;[39m Proxying [GET /wd/hub/session/afe805c7-a966-456c-9401-831ac6b04c91/element/00000000-0000-027f-ffff-ffff00000041/text] to [GET http://127.0.0.1:8200/wd/hub/session/5b512f54-d782-4c0c-bcaa-45d1ead9771d/element/00000000-0000-027f-ffff-ffff00000041/text] with no body
[debug] &amp#27;[35m[WD Proxy]&amp#27;[39m Got response with status 200: {"sessionId":"5b512f54-d782-4c0c-bcaa-45d1ead9771d","value":"Products"}
&amp#27;[35m[WD Proxy]&amp#27;[39m Replacing sessionId 5b512f54-d782-4c0c-bcaa-45d1ead9771d with afe805c7-a966-456c-9401-831ac6b04c91
&amp#27;[35m[HTTP]&amp#27;[39m &amp#27;[37m<-- GET /wd/hub/session/afe805c7-a966-456c-9401-831ac6b04c91/element/00000000-0000-027f-ffff-ffff00000041/text &amp#27;[39m&amp#27;[32m200&amp#27;[39m &amp#27;[90m9 ms - 71&amp#27;[39m
&amp#27;[35m[HTTP]&amp#27;[39m &amp#27;[90m&amp#27;[39m
HomePage Title is: Products
&amp#27;[35m[HTTP]&amp#27;[39m &amp#27;[37m-->&amp#27;[39m &amp#27;[37mPOST&amp#27;[39m &amp#27;[37m/wd/hub/session/afe805c7-a966-456c-9401-831ac6b04c91/element&amp#27;[39m
&amp#27;[35m[HTTP]&amp#27;[39m &amp#27;[90m{"using":"xpath","value":"//*[@text='Air Jordan 4 Retro']"}&amp#27;[39m
[debug] &amp#27;[35m[W3C (afe805c7)]&amp#27;[39m Calling AppiumDriver.findElement() with args: ["xpath","//*[@text='Air Jordan 4 Retro']","afe805c7-a966-456c-9401-831ac6b04c91"]
[debug] &amp#27;[35m[BaseDriver]&amp#27;[39m Valid locator strategies for this request: xpath, id, class name, accessibility id, css selector, -android uiautomator
[debug] &amp#27;[35m[BaseDriver]&amp#27;[39m Waiting up to 10000 ms for condition
[debug] &amp#27;[35m[WD Proxy]&amp#27;[39m Matched '/element' to command name 'findElement'
[debug] &amp#27;[35m[WD Proxy]&amp#27;[39m Proxying [POST /element] to [POST http://127.0.0.1:8200/wd/hub/session/5b512f54-d782-4c0c-bcaa-45d1ead9771d/element] with body: {"strategy":"xpath","selector":"//*[@text='Air Jordan 4 Retro']","context":"","multiple":false}
[debug] &amp#27;[35m[WD Proxy]&amp#27;[39m Got response with status 200: {"sessionId":"5b512f54-d782-4c0c-bcaa-45d1ead9771d","value":{"ELEMENT":"00000000-0000-027f-ffff-ffff0000004e","element-6066-11e4-a52e-4f735466cecf":"00000000-0000-027f-ffff-ffff0000004e"}}
[debug] &amp#27;[35m[W3C (afe805c7)]&amp#27;[39m Responding to client with driver.findElement() result: {"element-6066-11e4-a52e-4f735466cecf":"00000000-0000-027f-ffff-ffff0000004e","ELEMENT":"00000000-0000-027f-ffff-ffff0000004e"}
&amp#27;[35m[HTTP]&amp#27;[39m &amp#27;[37m<-- POST /wd/hub/session/afe805c7-a966-456c-9401-831ac6b04c91/element &amp#27;[39m&amp#27;[32m200&amp#27;[39m &amp#27;[90m80 ms - 137&amp#27;[39m
&amp#27;[35m[HTTP]&amp#27;[39m &amp#27;[90m&amp#27;[39m
&amp#27;[35m[HTTP]&amp#27;[39m &amp#27;[37m-->&amp#27;[39m &amp#27;[37mGET&amp#27;[39m &amp#27;[37m/wd/hub/session/afe805c7-a966-456c-9401-831ac6b04c91/element/00000000-0000-027f-ffff-ffff0000004e/text&amp#27;[39m
&amp#27;[35m[HTTP]&amp#27;[39m &amp#27;[90m{}&amp#27;[39m
&amp#27;[35m[W3C (afe805c7)]&amp#27;[39m Driver proxy active, passing request on via HTTP proxy
[debug] &amp#27;[35m[WD Proxy]&amp#27;[39m Matched '/wd/hub/session/afe805c7-a966-456c-9401-831ac6b04c91/element/00000000-0000-027f-ffff-ffff0000004e/text' to command name 'getText'
[debug] &amp#27;[35m[WD Proxy]&amp#27;[39m Proxying [GET /wd/hub/session/afe805c7-a966-456c-9401-831ac6b04c91/element/00000000-0000-027f-ffff-ffff0000004e/text] to [GET http://127.0.0.1:8200/wd/hub/session/5b512f54-d782-4c0c-bcaa-45d1ead9771d/element/00000000-0000-027f-ffff-ffff0000004e/text] with no body
[debug] &amp#27;[35m[WD Proxy]&amp#27;[39m Got response with status 200: {"sessionId":"5b512f54-d782-4c0c-bcaa-45d1ead9771d","value":"Air Jordan 4 Retro"}
&amp#27;[35m[WD Proxy]&amp#27;[39m Replacing sessionId 5b512f54-d782-4c0c-bcaa-45d1ead9771d with afe805c7-a966-456c-9401-831ac6b04c91
&amp#27;[35m[HTTP]&amp#27;[39m &amp#27;[37m<-- GET /wd/hub/session/afe805c7-a966-456c-9401-831ac6b04c91/element/00000000-0000-027f-ffff-ffff0000004e/text &amp#27;[39m&amp#27;[32m200&amp#27;[39m &amp#27;[90m11 ms - 81&amp#27;[39m
&amp#27;[35m[HTTP]&amp#27;[39m &amp#27;[90m&amp#27;[39m
TopList ProductName is: Air Jordan 4 Retro
It is  displaying the correct  Products Page Successfully:Air Jordan 4 Retro
]]></system-out>
    <system-err><![CDATA[Jan 15, 2022 5:57:44 PM io.appium.java_client.remote.AppiumCommandExecutor$1 lambda$0
INFO: Detected dialect: W3C
]]></system-err>
  </testcase>
  <testcase name="toastMessage" classname="appium.framework.VerifyToastMessage" time="17.918">
    <system-out><![CDATA[&amp#27;[35m[Appium]&amp#27;[39m Welcome to Appium v1.22.1
&amp#27;[35m[Appium]&amp#27;[39m Appium REST http interface listener started on 0.0.0.0:4723
&amp#27;[35m[HTTP]&amp#27;[39m &amp#27;[37m-->&amp#27;[39m &amp#27;[37mGET&amp#27;[39m &amp#27;[37m/wd/hub/status&amp#27;[39m
&amp#27;[35m[HTTP]&amp#27;[39m &amp#27;[90m{}&amp#27;[39m
[debug] &amp#27;[35m[GENERIC]&amp#27;[39m Calling AppiumDriver.getStatus() with args: []
[debug] &amp#27;[35m[GENERIC]&amp#27;[39m Responding to client with driver.getStatus() result: {"build":{"version":"1.22.1"}}
&amp#27;[35m[HTTP]&amp#27;[39m &amp#27;[37m<-- GET /wd/hub/status &amp#27;[39m&amp#27;[32m200&amp#27;[39m &amp#27;[90m4 ms - 68&amp#27;[39m
&amp#27;[35m[HTTP]&amp#27;[39m &amp#27;[90m&amp#27;[39m
[debug] &amp#27;[35m[HTTP]&amp#27;[39m Request idempotency key: 2e0ce381-9f95-43ed-8ccc-3fea29057936
&amp#27;[35m[HTTP]&amp#27;[39m &amp#27;[37m-->&amp#27;[39m &amp#27;[37mPOST&amp#27;[39m &amp#27;[37m/wd/hub/session&amp#27;[39m
&amp#27;[35m[HTTP]&amp#27;[39m &amp#27;[90m{"desiredCapabilities":{"app":"C:\\Users\\joelv\\eclipse-workspace2\\framework\\src\\General-Store.apk","automationName":"uiautomator2","appium:chromeOptions":{"w3c":false},"platformName":"Android","deviceName":"emulator1","avd":"emulator1"},"capabilities":{"firstMatch":[{"appium:app":"C:\\Users\\joelv\\eclipse-workspace2\\framework\\src\\General-Store.apk","appium:chromeOptions":{"w3c":false},"appium:automationName":"uiautomator2","appium:avd":"emulator1","appium:deviceName":"emulator1","platformName":"android"}]}}&amp#27;[39m
[debug] &amp#27;[35m[W3C]&amp#27;[39m Calling AppiumDriver.createSession() with args: [{"app":"C:\\Users\\joelv\\eclipse-workspace2\\framework\\src\\General-Store.apk","automationName":"uiautomator2","appium:chromeOptions":{"w3c":false},"platformName":"Android","deviceName":"emulator1","avd":"emulator1"},null,{"firstMatch":[{"appium:app":"C:\\Users\\joelv\\eclipse-workspace2\\framework\\src\\General-Store.apk","appium:chromeOptions":{"w3c":false},"appium:automationName":"uiautomator2","appium:avd":"emulator1","appium:deviceName":"emulator1","platformName":"android"}]}]
[debug] &amp#27;[35m[BaseDriver]&amp#27;[39m Event 'newSessionRequested' logged at 1642249691222 (17:58:11 GMT+0530 (India Standard Time))
&amp#27;[35m[Appium]&amp#27;[39m Appium v1.22.1 creating new AndroidUiautomator2Driver (v1.70.1) session
[debug] &amp#27;[35m[BaseDriver]&amp#27;[39m W3C capabilities and MJSONWP desired capabilities were provided
[debug] &amp#27;[35m[BaseDriver]&amp#27;[39m Creating session with W3C capabilities: {
[debug] &amp#27;[35m[BaseDriver]&amp#27;[39m   "alwaysMatch": {
[debug] &amp#27;[35m[BaseDriver]&amp#27;[39m     "platformName": "android",
[debug] &amp#27;[35m[BaseDriver]&amp#27;[39m     "appium:app": "C:\\Users\\joelv\\eclipse-workspace2\\framework\\src\\General-Store.apk",
[debug] &amp#27;[35m[BaseDriver]&amp#27;[39m     "appium:chromeOptions": {
[debug] &amp#27;[35m[BaseDriver]&amp#27;[39m       "w3c": false
[debug] &amp#27;[35m[BaseDriver]&amp#27;[39m     },
[debug] &amp#27;[35m[BaseDriver]&amp#27;[39m     "appium:automationName": "uiautomator2",
[debug] &amp#27;[35m[BaseDriver]&amp#27;[39m     "appium:avd": "emulator1",
[debug] &amp#27;[35m[BaseDriver]&amp#27;[39m     "appium:deviceName": "emulator1"
[debug] &amp#27;[35m[BaseDriver]&amp#27;[39m   },
[debug] &amp#27;[35m[BaseDriver]&amp#27;[39m   "firstMatch": [
[debug] &amp#27;[35m[BaseDriver]&amp#27;[39m     {}
[debug] &amp#27;[35m[BaseDriver]&amp#27;[39m   ]
[debug] &amp#27;[35m[BaseDriver]&amp#27;[39m }
&amp#27;[35m[BaseDriver]&amp#27;[39m Session created with session id: a45b0a43-b2b3-4412-b49d-07618ccb27f1
&amp#27;[35m[BaseDriver]&amp#27;[39m Using local app 'C:\Users\joelv\eclipse-workspace2\framework\src\General-Store.apk'
[debug] &amp#27;[35m[UiAutomator2]&amp#27;[39m Checking whether app is actually present
&amp#27;[35m[ADB]&amp#27;[39m Found 1 'build-tools' folders under 'C:\Users\joelv\AppData\Local\Android\Sdk' (newest first):
&amp#27;[35m[ADB]&amp#27;[39m     C:/Users/joelv/AppData/Local/Android/Sdk/build-tools/32.0.0
&amp#27;[35m[ADB]&amp#27;[39m Using 'adb.exe' from 'C:\Users\joelv\AppData\Local\Android\Sdk\platform-tools\adb.exe'
[debug] &amp#27;[35m[ADB]&amp#27;[39m Running 'C:\Users\joelv\AppData\Local\Android\Sdk\platform-tools\adb.exe -P 5037 start-server'
[debug] &amp#27;[35m[ADB]&amp#27;[39m Trying to find 'emulator1' emulator
[debug] &amp#27;[35m[ADB]&amp#27;[39m Getting connected emulators
[debug] &amp#27;[35m[ADB]&amp#27;[39m Getting connected devices
[debug] &amp#27;[35m[ADB]&amp#27;[39m Connected devices: [{"udid":"emulator-5554","state":"device"}]
[debug] &amp#27;[35m[ADB]&amp#27;[39m 1 emulator connected
[debug] &amp#27;[35m[ADB]&amp#27;[39m Overriding C:\Users\joelv\.emulator_console_auth_token with an empty string to avoid telnet authentication for emulator commands
[debug] &amp#27;[35m[ADB]&amp#27;[39m Executing Emulator console command: avd name
[debug] &amp#27;[35m[ADB]&amp#27;[39m Found emulator 'emulator1' on port 5554
[debug] &amp#27;[35m[ADB]&amp#27;[39m Setting device id to emulator-5554
[debug] &amp#27;[35m[AndroidDriver]&amp#27;[39m Not launching AVD because it is already running.
&amp#27;[35m[AndroidDriver]&amp#27;[39m Using device: emulator-5554
&amp#27;[35m[ADB]&amp#27;[39m Using 'adb.exe' from 'C:\Users\joelv\AppData\Local\Android\Sdk\platform-tools\adb.exe'
[debug] &amp#27;[35m[ADB]&amp#27;[39m Running 'C:\Users\joelv\AppData\Local\Android\Sdk\platform-tools\adb.exe -P 5037 start-server'
[debug] &amp#27;[35m[ADB]&amp#27;[39m Setting device id to emulator-5554
[debug] &amp#27;[35m[ADB]&amp#27;[39m Running 'C:\Users\joelv\AppData\Local\Android\Sdk\platform-tools\adb.exe -P 5037 -s emulator-5554 shell getprop ro.build.version.sdk'
[debug] &amp#27;[35m[ADB]&amp#27;[39m Current device property 'ro.build.version.sdk': 30
&amp#27;[35m[ADB]&amp#27;[39m Getting device platform version
[debug] &amp#27;[35m[ADB]&amp#27;[39m Running 'C:\Users\joelv\AppData\Local\Android\Sdk\platform-tools\adb.exe -P 5037 -s emulator-5554 shell getprop ro.build.version.release'
[debug] &amp#27;[35m[ADB]&amp#27;[39m Current device property 'ro.build.version.release': 11
[debug] &amp#27;[35m[ADB]&amp#27;[39m Device API level: 30
&amp#27;[35m[UiAutomator2]&amp#27;[39m Relaxing hidden api policy
[debug] &amp#27;[35m[ADB]&amp#27;[39m Running 'C:\Users\joelv\AppData\Local\Android\Sdk\platform-tools\adb.exe -P 5037 -s emulator-5554 shell 'settings put global hidden_api_policy_pre_p_apps 1;settings put global hidden_api_policy_p_apps 1;settings put global hidden_api_policy 1''
[debug] &amp#27;[35m[AndroidDriver]&amp#27;[39m Parsing package and activity from app manifest
&amp#27;[35m[ADB]&amp#27;[39m Package name: 'com.androidsample.generalstore'
&amp#27;[35m[ADB]&amp#27;[39m Main activity name: 'com.androidsample.generalstore.SplashActivity'
[debug] &amp#27;[35m[AndroidDriver]&amp#27;[39m Parsed package and activity are: com.androidsample.generalstore/com.androidsample.generalstore.SplashActivity
[debug] &amp#27;[35m[ADB]&amp#27;[39m Running 'C:\Users\joelv\AppData\Local\Android\Sdk\platform-tools\adb.exe -P 5037 -s emulator-5554 wait-for-device'
[debug] &amp#27;[35m[ADB]&amp#27;[39m Running 'C:\Users\joelv\AppData\Local\Android\Sdk\platform-tools\adb.exe -P 5037 -s emulator-5554 shell echo ping'
[debug] &amp#27;[35m[AndroidDriver]&amp#27;[39m Pushing settings apk to device...
[debug] &amp#27;[35m[ADB]&amp#27;[39m Getting install status for io.appium.settings
[debug] &amp#27;[35m[ADB]&amp#27;[39m Running 'C:\Users\joelv\AppData\Local\Android\Sdk\platform-tools\adb.exe -P 5037 -s emulator-5554 shell dumpsys package io.appium.settings'
[debug] &amp#27;[35m[ADB]&amp#27;[39m 'io.appium.settings' is installed
[debug] &amp#27;[35m[ADB]&amp#27;[39m Getting package info for 'io.appium.settings'
[debug] &amp#27;[35m[ADB]&amp#27;[39m Running 'C:\Users\joelv\AppData\Local\Android\Sdk\platform-tools\adb.exe -P 5037 -s emulator-5554 shell dumpsys package io.appium.settings'
[debug] &amp#27;[35m[ADB]&amp#27;[39m The version name of the installed 'io.appium.settings' is greater or equal to the application version name ('3.4.0' >= '3.4.0')
[debug] &amp#27;[35m[ADB]&amp#27;[39m There is no need to install/upgrade 'C:\Users\joelv\AppData\Roaming\npm\node_modules\appium\node_modules\io.appium.settings\apks\settings_apk-debug.apk'
[debug] &amp#27;[35m[ADB]&amp#27;[39m Getting IDs of all 'io.appium.settings' processes
[debug] &amp#27;[35m[ADB]&amp#27;[39m Running 'C:\Users\joelv\AppData\Local\Android\Sdk\platform-tools\adb.exe -P 5037 -s emulator-5554 shell 'pgrep --help; echo $?''
[debug] &amp#27;[35m[ADB]&amp#27;[39m Running 'C:\Users\joelv\AppData\Local\Android\Sdk\platform-tools\adb.exe -P 5037 -s emulator-5554 shell pgrep -f \(\[\[:blank:\]\]\|\^\)io\.appium\.settings\(\[\[:blank:\]\]\|\$\)'
[debug] &amp#27;[35m[AndroidDriver]&amp#27;[39m io.appium.settings is already running. There is no need to reset its permissions.
[debug] &amp#27;[35m[Logcat]&amp#27;[39m Starting logs capture with command: C:\\Users\\joelv\\AppData\\Local\\Android\\Sdk\\platform-tools\\adb.exe -P 5037 -s emulator-5554 logcat -v threadtime
[debug] &amp#27;[35m[UiAutomator2]&amp#27;[39m Forwarding UiAutomator2 Server port 6790 to local port 8201
[debug] &amp#27;[35m[ADB]&amp#27;[39m Forwarding system: 8201 to device: 6790
[debug] &amp#27;[35m[ADB]&amp#27;[39m Running 'C:\Users\joelv\AppData\Local\Android\Sdk\platform-tools\adb.exe -P 5037 -s emulator-5554 forward tcp:8201 tcp:6790'
[debug] &amp#27;[35m[ADB]&amp#27;[39m Getting install status for io.appium.uiautomator2.server
[debug] &amp#27;[35m[ADB]&amp#27;[39m Running 'C:\Users\joelv\AppData\Local\Android\Sdk\platform-tools\adb.exe -P 5037 -s emulator-5554 shell dumpsys package io.appium.uiautomator2.server'
[debug] &amp#27;[35m[ADB]&amp#27;[39m 'io.appium.uiautomator2.server' is installed
[debug] &amp#27;[35m[ADB]&amp#27;[39m Getting package info for 'io.appium.uiautomator2.server'
[debug] &amp#27;[35m[ADB]&amp#27;[39m Running 'C:\Users\joelv\AppData\Local\Android\Sdk\platform-tools\adb.exe -P 5037 -s emulator-5554 shell dumpsys package io.appium.uiautomator2.server'
[debug] &amp#27;[35m[ADB]&amp#27;[39m The version name of the installed 'io.appium.uiautomator2.server' is greater or equal to the application version name ('4.27.0' >= '4.27.0')
[debug] &amp#27;[35m[UiAutomator2]&amp#27;[39m io.appium.uiautomator2.server installation state: sameVersionInstalled
[debug] &amp#27;[35m[ADB]&amp#27;[39m Checking app cert for C:\Users\joelv\AppData\Roaming\npm\node_modules\appium\node_modules\appium-uiautomator2-server\apks\appium-uiautomator2-server-v4.27.0.apk
&amp#27;[35m[ADB]&amp#27;[39m Using 'apksigner.jar' from 'C:\Users\joelv\AppData\Local\Android\Sdk\build-tools\32.0.0\lib\apksigner.jar'
[debug] &amp#27;[35m[ADB]&amp#27;[39m Starting apksigner: 'C:\\Program Files\\Java\\jdk1.8.0_311\\bin\\java.exe' -Xmx1024M -Xss1m -jar C:\\Users\\joelv\\AppData\\Local\\Android\\Sdk\\build-tools\\32.0.0\\lib\\apksigner.jar verify --print-certs C:\\Users\\joelv\\AppData\\Roaming\\npm\\node_modules\\appium\\node_modules\\appium-uiautomator2-server\\apks\\appium-uiautomator2-server-v4.27.0.apk
[debug] &amp#27;[35m[ADB]&amp#27;[39m apksigner stdout: Signer #1 certificate DN: EMAILADDRESS=android@android.com, CN=Android, OU=Android, O=Android, L=Mountain View, ST=California, C=US
[debug] &amp#27;[35m[ADB]&amp#27;[39m Signer #1 certificate SHA-256 digest: a40da80a59d170caa950cf15c18c454d47a39b26989d8b640ecd745ba71bf5dc
[debug] &amp#27;[35m[ADB]&amp#27;[39m Signer #1 certificate SHA-1 digest: 61ed377e85d386a8dfee6b864bd85b0bfaa5af81
[debug] &amp#27;[35m[ADB]&amp#27;[39m Signer #1 certificate MD5 digest: e89b158e4bcf988ebd09eb83f5378e87
[debug] &amp#27;[35m[ADB]&amp#27;[39m 
[debug] &amp#27;[35m[ADB]&amp#27;[39m sha256 hash did match for 'appium-uiautomator2-server-v4.27.0.apk'
&amp#27;[35m[ADB]&amp#27;[39m 'C:\Users\joelv\AppData\Roaming\npm\node_modules\appium\node_modules\appium-uiautomator2-server\apks\appium-uiautomator2-server-v4.27.0.apk' is signed with the default certificate
[debug] &amp#27;[35m[ADB]&amp#27;[39m Getting install status for io.appium.uiautomator2.server.test
[debug] &amp#27;[35m[ADB]&amp#27;[39m Running 'C:\Users\joelv\AppData\Local\Android\Sdk\platform-tools\adb.exe -P 5037 -s emulator-5554 shell dumpsys package io.appium.uiautomator2.server.test'
[debug] &amp#27;[35m[ADB]&amp#27;[39m 'io.appium.uiautomator2.server.test' is installed
[debug] &amp#27;[35m[ADB]&amp#27;[39m Checking app cert for C:\Users\joelv\AppData\Roaming\npm\node_modules\appium\node_modules\appium-uiautomator2-server\apks\appium-uiautomator2-server-debug-androidTest.apk
[debug] &amp#27;[35m[ADB]&amp#27;[39m Starting apksigner: 'C:\\Program Files\\Java\\jdk1.8.0_311\\bin\\java.exe' -Xmx1024M -Xss1m -jar C:\\Users\\joelv\\AppData\\Local\\Android\\Sdk\\build-tools\\32.0.0\\lib\\apksigner.jar verify --print-certs C:\\Users\\joelv\\AppData\\Roaming\\npm\\node_modules\\appium\\node_modules\\appium-uiautomator2-server\\apks\\appium-uiautomator2-server-debug-androidTest.apk
[debug] &amp#27;[35m[ADB]&amp#27;[39m apksigner stdout: Signer #1 certificate DN: EMAILADDRESS=android@android.com, CN=Android, OU=Android, O=Android, L=Mountain View, ST=California, C=US
[debug] &amp#27;[35m[ADB]&amp#27;[39m Signer #1 certificate SHA-256 digest: a40da80a59d170caa950cf15c18c454d47a39b26989d8b640ecd745ba71bf5dc
[debug] &amp#27;[35m[ADB]&amp#27;[39m Signer #1 certificate SHA-1 digest: 61ed377e85d386a8dfee6b864bd85b0bfaa5af81
[debug] &amp#27;[35m[ADB]&amp#27;[39m Signer #1 certificate MD5 digest: e89b158e4bcf988ebd09eb83f5378e87
[debug] &amp#27;[35m[ADB]&amp#27;[39m 
[debug] &amp#27;[35m[ADB]&amp#27;[39m sha256 hash did match for 'appium-uiautomator2-server-debug-androidTest.apk'
&amp#27;[35m[ADB]&amp#27;[39m 'C:\Users\joelv\AppData\Roaming\npm\node_modules\appium\node_modules\appium-uiautomator2-server\apks\appium-uiautomator2-server-debug-androidTest.apk' is signed with the default certificate
&amp#27;[35m[UiAutomator2]&amp#27;[39m Server packages are not going to be (re)installed
[debug] &amp#27;[35m[UiAutomator2]&amp#27;[39m Waiting up to 30000ms for services to be available
[debug] &amp#27;[35m[ADB]&amp#27;[39m Running 'C:\Users\joelv\AppData\Local\Android\Sdk\platform-tools\adb.exe -P 5037 -s emulator-5554 shell pm list instrumentation'
[debug] &amp#27;[35m[UiAutomator2]&amp#27;[39m Instrumentation target 'io.appium.uiautomator2.server.test/androidx.test.runner.AndroidJUnitRunner' is available
&amp#27;[35m[ADB]&amp#27;[39m Adding packages ["io.appium.settings","io.appium.uiautomator2.server","io.appium.uiautomator2.server.test"] to Doze whitelist
[debug] &amp#27;[35m[ADB]&amp#27;[39m Got the following command chunks to execute: [["dumpsys","deviceidle","whitelist","+io.appium.settings",";","dumpsys","deviceidle","whitelist","+io.appium.uiautomator2.server",";","dumpsys","deviceidle","whitelist","+io.appium.uiautomator2.server.test",";"]]
[debug] &amp#27;[35m[ADB]&amp#27;[39m Running 'C:\Users\joelv\AppData\Local\Android\Sdk\platform-tools\adb.exe -P 5037 -s emulator-5554 shell dumpsys deviceidle whitelist +io.appium.settings ; dumpsys deviceidle whitelist +io.appium.uiautomator2.server ; dumpsys deviceidle whitelist +io.appium.uiautomator2.server.test ;'
[debug] &amp#27;[35m[ADB]&amp#27;[39m Checking app cert for C:\Users\joelv\eclipse-workspace2\framework\src\General-Store.apk
[debug] &amp#27;[35m[ADB]&amp#27;[39m Starting apksigner: 'C:\\Program Files\\Java\\jdk1.8.0_311\\bin\\java.exe' -Xmx1024M -Xss1m -jar C:\\Users\\joelv\\AppData\\Local\\Android\\Sdk\\build-tools\\32.0.0\\lib\\apksigner.jar verify --print-certs C:\\Users\\joelv\\eclipse-workspace2\\framework\\src\\General-Store.apk
[debug] &amp#27;[35m[ADB]&amp#27;[39m apksigner stdout: Signer #1 certificate DN: EMAILADDRESS=android@android.com, CN=Android, OU=Android, O=Android, L=Mountain View, ST=California, C=US
[debug] &amp#27;[35m[ADB]&amp#27;[39m Signer #1 certificate SHA-256 digest: a40da80a59d170caa950cf15c18c454d47a39b26989d8b640ecd745ba71bf5dc
[debug] &amp#27;[35m[ADB]&amp#27;[39m Signer #1 certificate SHA-1 digest: 61ed377e85d386a8dfee6b864bd85b0bfaa5af81
[debug] &amp#27;[35m[ADB]&amp#27;[39m Signer #1 certificate MD5 digest: e89b158e4bcf988ebd09eb83f5378e87
[debug] &amp#27;[35m[ADB]&amp#27;[39m 
[debug] &amp#27;[35m[ADB]&amp#27;[39m sha256 hash did match for 'General-Store.apk'
&amp#27;[35m[ADB]&amp#27;[39m 'C:\Users\joelv\eclipse-workspace2\framework\src\General-Store.apk' is signed with the default certificate
[debug] &amp#27;[35m[ADB]&amp#27;[39m Getting install status for com.androidsample.generalstore
[debug] &amp#27;[35m[ADB]&amp#27;[39m Running 'C:\Users\joelv\AppData\Local\Android\Sdk\platform-tools\adb.exe -P 5037 -s emulator-5554 shell dumpsys package com.androidsample.generalstore'
[debug] &amp#27;[35m[ADB]&amp#27;[39m 'com.androidsample.generalstore' is installed
[debug] &amp#27;[35m[ADB]&amp#27;[39m Getting package info for 'com.androidsample.generalstore'
[debug] &amp#27;[35m[ADB]&amp#27;[39m Running 'C:\Users\joelv\AppData\Local\Android\Sdk\platform-tools\adb.exe -P 5037 -s emulator-5554 shell dumpsys package com.androidsample.generalstore'
[debug] &amp#27;[35m[ADB]&amp#27;[39m The version name of the installed 'com.androidsample.generalstore' is greater or equal to the application version name ('1.0.0' >= '1.0.0')
[debug] &amp#27;[35m[ADB]&amp#27;[39m There is no need to install/upgrade 'C:\Users\joelv\eclipse-workspace2\framework\src\General-Store.apk'
&amp#27;[35m[AndroidDriver]&amp#27;[39m Performing fast reset on 'com.androidsample.generalstore'
[debug] &amp#27;[35m[ADB]&amp#27;[39m Getting install status for com.androidsample.generalstore
[debug] &amp#27;[35m[ADB]&amp#27;[39m Running 'C:\Users\joelv\AppData\Local\Android\Sdk\platform-tools\adb.exe -P 5037 -s emulator-5554 shell dumpsys package com.androidsample.generalstore'
[debug] &amp#27;[35m[ADB]&amp#27;[39m 'com.androidsample.generalstore' is installed
[debug] &amp#27;[35m[ADB]&amp#27;[39m Running 'C:\Users\joelv\AppData\Local\Android\Sdk\platform-tools\adb.exe -P 5037 -s emulator-5554 shell am force-stop com.androidsample.generalstore'
[debug] &amp#27;[35m[ADB]&amp#27;[39m Running 'C:\Users\joelv\AppData\Local\Android\Sdk\platform-tools\adb.exe -P 5037 -s emulator-5554 shell pm clear com.androidsample.generalstore'
[debug] &amp#27;[35m[AndroidDriver]&amp#27;[39m Performed fast reset on the installed 'com.androidsample.generalstore' application (stop and clear)
[debug] &amp#27;[35m[UiAutomator2]&amp#27;[39m Performing shallow cleanup of automation leftovers
[debug] &amp#27;[35m[UiAutomator2]&amp#27;[39m The following obsolete sessions are still running: ["5b512f54-d782-4c0c-bcaa-45d1ead9771d"]
[debug] &amp#27;[35m[UiAutomator2]&amp#27;[39m Cleaning up 1 obsolete session
[debug] &amp#27;[35m[ADB]&amp#27;[39m Running 'C:\Users\joelv\AppData\Local\Android\Sdk\platform-tools\adb.exe -P 5037 -s emulator-5554 shell am force-stop io.appium.uiautomator2.server.test'
&amp#27;[35m[UiAutomator2]&amp#27;[39m Starting UIAutomator2 server 4.27.0
&amp#27;[35m[UiAutomator2]&amp#27;[39m Using UIAutomator2 server from 'C:\Users\joelv\AppData\Roaming\npm\node_modules\appium\node_modules\appium-uiautomator2-server\apks\appium-uiautomator2-server-v4.27.0.apk' and test from 'C:\Users\joelv\AppData\Roaming\npm\node_modules\appium\node_modules\appium-uiautomator2-server\apks\appium-uiautomator2-server-debug-androidTest.apk'
&amp#27;[35m[UiAutomator2]&amp#27;[39m Waiting up to 30000ms for UiAutomator2 to be online...
[debug] &amp#27;[35m[ADB]&amp#27;[39m Creating ADB subprocess with args: ["-P",5037,"-s","emulator-5554","shell","am","instrument","-w","-e","disableAnalytics",true,"io.appium.uiautomator2.server.test/androidx.test.runner.AndroidJUnitRunner"]
[debug] &amp#27;[35m[WD Proxy]&amp#27;[39m Matched '/status' to command name 'getStatus'
[debug] &amp#27;[35m[WD Proxy]&amp#27;[39m Proxying [GET /status] to [GET http://127.0.0.1:8201/wd/hub/status] with no body
&amp#27;[35m[WD Proxy]&amp#27;[39m socket hang up
[debug] &amp#27;[35m[Instrumentation]&amp#27;[39m io.appium.uiautomator2.server.test.AppiumUiAutomator2Server:
[debug] &amp#27;[35m[WD Proxy]&amp#27;[39m Matched '/status' to command name 'getStatus'
[debug] &amp#27;[35m[WD Proxy]&amp#27;[39m Proxying [GET /status] to [GET http://127.0.0.1:8201/wd/hub/status] with no body
&amp#27;[35m[WD Proxy]&amp#27;[39m socket hang up
[debug] &amp#27;[35m[WD Proxy]&amp#27;[39m Matched '/status' to command name 'getStatus'
[debug] &amp#27;[35m[WD Proxy]&amp#27;[39m Proxying [GET /status] to [GET http://127.0.0.1:8201/wd/hub/status] with no body
[debug] &amp#27;[35m[WD Proxy]&amp#27;[39m Got response with status 200: {"sessionId":"None","value":{"message":"UiAutomator2 Server is ready to accept commands","ready":true}}
[debug] &amp#27;[35m[UiAutomator2]&amp#27;[39m The initialization of the instrumentation process took 2096ms
[debug] &amp#27;[35m[WD Proxy]&amp#27;[39m Matched '/session' to command name 'createSession'
[debug] &amp#27;[35m[WD Proxy]&amp#27;[39m Proxying [POST /session] to [POST http://127.0.0.1:8201/wd/hub/session] with body: {"capabilities":{"firstMatch":[{"platform":"LINUX","webStorageEnabled":false,"takesScreenshot":true,"javascriptEnabled":true,"databaseEnabled":false,"networkConnectionEnabled":true,"locationContextEnabled":false,"warnings":{},"desired":{"platformName":"android","app":"C:\\Users\\joelv\\eclipse-workspace2\\framework\\src\\General-Store.apk","chromeOptions":{"w3c":false},"automationName":"uiautomator2","avd":"emulator1","deviceName":"emulator1"},"platformName":"android","app":"C:\\Users\\joelv\\eclipse-workspace2\\framework\\src\\General-Store.apk","chromeOptions":{"w3c":false},"automationName":"uiautomator2","avd":"emulator1","deviceName":"emulator-5554","deviceUDID":"emulator-5554","appPackage":"com.androidsample.generalstore"}],"alwaysMatch":{}}}
[debug] &amp#27;[35m[WD Proxy]&amp#27;[39m Got response with status 200: {"sessionId":"88b200fe-7642-4a0a-9fb4-1d9454c488a9","value":{"capabilities":{"firstMatch":[{"platform":"LINUX","webStorageEnabled":false,"takesScreenshot":true,"javascriptEnabled":true,"databaseEnabled":false,"networkConnectionEnabled":true,"locationContextEnabled":false,"warnings":{},"desired":{"platformName":"android","app":"C:\\Users\\joelv\\eclipse-workspace2\\framework\\src\\General-Store.apk","chromeOptions":{"w3c":false},"automationName":"uiautomator2","avd":"emulator1","deviceName":"emulator1"},"platformName":"android","app":"C:\\Users\\joelv\\eclipse-workspace2\\framework\\src\\General-Store.apk","chromeOptions":{"w3c":false},"automationName":"uiautomator2","avd":"emulator1","deviceName":"emulator-5554","deviceUDID":"emulator-5554","appPackage":"com.androidsample.generalstore"}],"alwaysMatch":{}},"sessionId":"88b200fe-7642-4a0a-9fb4-1d9454c488a9"}}
&amp#27;[35m[WD Proxy]&amp#27;[39m Determined the downstream protocol as 'W3C'
[debug] &amp#27;[35m[WD Proxy]&amp#27;[39m Proxying [GET /appium/device/info] to [GET http://127.0.0.1:8201/wd/hub/session/88b200fe-7642-4a0a-9fb4-1d9454c488a9/appium/device/info] with no body
[debug] &amp#27;[35m[WD Proxy]&amp#27;[39m Got response with status 200: {"sessionId":"88b200fe-7642-4a0a-9fb4-1d9454c488a9","value":{"androidId":"36aa52b107025819","apiVersion":"30","bluetooth":{"state":"ON"},"brand":"Android","carrierName":"Android","displayDensity":560,"locale":"en_US","manufacturer":"unknown","model":"Android SDK built for x86","networks":[{"capabilities":{"SSID":null,"linkDownBandwidthKbps":30000,"linkUpstreamBandwidthKbps":15000,"networkCapabilities":"NET_CAPABILITY_MMS,NET_CAPABILITY_SUPL,NET_CAPABILITY_DUN,NET_CAPABILITY_FOTA,NET_CAPABILITY_IMS,NET_CAPABILITY_CBS,NET_CAPABILITY_INTERNET,NET_CAPABILITY_NOT_RESTRICTED,NET_CAPABILITY_TRUSTED,NET_CAPABILITY_NOT_VPN,NET_CAPABILITY_VALIDATED,NET_CAPABILITY_NOT_ROAMING,NET_CAPABILITY_NOT_CONGESTED,NET_CAPABILITY_NOT_SUSPENDED","signalStrength":-2147483648,"transportTypes":"TRANSPORT_CELLULAR"},"detailedState":"CONNECTED","extraInfo":"epc.tmobile.com","isAvailable":true,"isConnected":true,"isFailover":false,"isRoaming":false,"state":"CONNECTED","subtype":13,"subtypeName":"LTE","type":0,"typeName":"MOBILE"},{"ca...
[debug] &amp#27;[35m[ADB]&amp#27;[39m Running 'C:\Users\joelv\AppData\Local\Android\Sdk\platform-tools\adb.exe -P 5037 -s emulator-5554 shell dumpsys window'
&amp#27;[35m[AndroidDriver]&amp#27;[39m Screen already unlocked, doing nothing
&amp#27;[35m[UiAutomator2]&amp#27;[39m Starting 'com.androidsample.generalstore/com.androidsample.generalstore.SplashActivity and waiting for 'com.androidsample.generalstore/com.androidsample.generalstore.SplashActivity'
[debug] &amp#27;[35m[ADB]&amp#27;[39m Running 'C:\Users\joelv\AppData\Local\Android\Sdk\platform-tools\adb.exe -P 5037 -s emulator-5554 shell am start -W -n com.androidsample.generalstore/com.androidsample.generalstore.SplashActivity -S -a android.intent.action.MAIN -c android.intent.category.LAUNCHER -f 0x10200000'
[debug] &amp#27;[35m[ADB]&amp#27;[39m Waiting up to 20000ms for activity matching pkg: 'com.androidsample.generalstore' and activity: 'com.androidsample.generalstore.SplashActivity' to be focused
[debug] &amp#27;[35m[ADB]&amp#27;[39m Possible activities, to be checked: 'com.androidsample.generalstore.SplashActivity', 'com.androidsample.generalstore.com.androidsample.generalstore.SplashActivity'
[debug] &amp#27;[35m[ADB]&amp#27;[39m Getting focused package and activity
[debug] &amp#27;[35m[ADB]&amp#27;[39m Running 'C:\Users\joelv\AppData\Local\Android\Sdk\platform-tools\adb.exe -P 5037 -s emulator-5554 shell dumpsys window displays'
[debug] &amp#27;[35m[ADB]&amp#27;[39m Found package: 'com.androidsample.generalstore' and fully qualified activity name : 'com.androidsample.generalstore.SplashActivity'
[debug] &amp#27;[35m[WD Proxy]&amp#27;[39m Proxying [GET /appium/device/pixel_ratio] to [GET http://127.0.0.1:8201/wd/hub/session/88b200fe-7642-4a0a-9fb4-1d9454c488a9/appium/device/pixel_ratio] with no body
[debug] &amp#27;[35m[WD Proxy]&amp#27;[39m Got response with status 200: {"sessionId":"88b200fe-7642-4a0a-9fb4-1d9454c488a9","value":3.5}
[debug] &amp#27;[35m[WD Proxy]&amp#27;[39m Matched '/appium/device/system_bars' to command name 'getSystemBars'
[debug] &amp#27;[35m[WD Proxy]&amp#27;[39m Proxying [GET /appium/device/system_bars] to [GET http://127.0.0.1:8201/wd/hub/session/88b200fe-7642-4a0a-9fb4-1d9454c488a9/appium/device/system_bars] with no body
[debug] &amp#27;[35m[WD Proxy]&amp#27;[39m Got response with status 200: {"sessionId":"88b200fe-7642-4a0a-9fb4-1d9454c488a9","value":{"statusBar":84}}
[debug] &amp#27;[35m[WD Proxy]&amp#27;[39m Matched '/window/current/size' to command name 'getWindowSize'
[debug] &amp#27;[35m[WD Proxy]&amp#27;[39m Proxying [GET /window/current/size] to [GET http://127.0.0.1:8201/wd/hub/session/88b200fe-7642-4a0a-9fb4-1d9454c488a9/window/current/size] with no body
[debug] &amp#27;[35m[WD Proxy]&amp#27;[39m Got response with status 200: {"sessionId":"88b200fe-7642-4a0a-9fb4-1d9454c488a9","value":{"height":2712,"width":1440}}
&amp#27;[35m[Appium]&amp#27;[39m New AndroidUiautomator2Driver session created successfully, session a45b0a43-b2b3-4412-b49d-07618ccb27f1 added to master session list
[debug] &amp#27;[35m[BaseDriver]&amp#27;[39m Event 'newSessionStarted' logged at 1642249698175 (17:58:18 GMT+0530 (India Standard Time))
[debug] &amp#27;[35m[W3C (a45b0a43)]&amp#27;[39m Cached the protocol value 'W3C' for the new session a45b0a43-b2b3-4412-b49d-07618ccb27f1
[debug] &amp#27;[35m[W3C (a45b0a43)]&amp#27;[39m Responding to client with driver.createSession() result: {"capabilities":{"platform":"LINUX","webStorageEnabled":false,"takesScreenshot":true,"javascriptEnabled":true,"databaseEnabled":false,"networkConnectionEnabled":true,"locationContextEnabled":false,"warnings":{},"desired":{"platformName":"android","app":"C:\\Users\\joelv\\eclipse-workspace2\\framework\\src\\General-Store.apk","chromeOptions":{"w3c":false},"automationName":"uiautomator2","avd":"emulator1","deviceName":"emulator1"},"platformName":"android","app":"C:\\Users\\joelv\\eclipse-workspace2\\framework\\src\\General-Store.apk","chromeOptions":{"w3c":false},"automationName":"uiautomator2","avd":"emulator1","deviceName":"emulator-5554","deviceUDID":"emulator-5554","appPackage":"com.androidsample.generalstore","deviceApiLevel":30,"platformVersion":"11","deviceScreenSize":"1440x2880","deviceScreenDensity":560,"deviceModel":"Android SDK built for x86","deviceManufacturer":"unknown","pixelRatio":3.5,"statBarHeight":84,"viewportRect":{"left":0,"top":84,"width":1440,"height":2628}}}
&amp#27;[35m[HTTP]&amp#27;[39m &amp#27;[37m<-- POST /wd/hub/session &amp#27;[39m&amp#27;[32m200&amp#27;[39m &amp#27;[90m6956 ms - 1055&amp#27;[39m
&amp#27;[35m[HTTP]&amp#27;[39m &amp#27;[90m&amp#27;[39m
&amp#27;[35m[HTTP]&amp#27;[39m &amp#27;[37m-->&amp#27;[39m &amp#27;[37mPOST&amp#27;[39m &amp#27;[37m/wd/hub/session/a45b0a43-b2b3-4412-b49d-07618ccb27f1/timeouts&amp#27;[39m
&amp#27;[35m[HTTP]&amp#27;[39m &amp#27;[90m{"implicit":10000}&amp#27;[39m
[debug] &amp#27;[35m[W3C (a45b0a43)]&amp#27;[39m Calling AppiumDriver.timeouts() with args: [null,null,null,null,10000,"a45b0a43-b2b3-4412-b49d-07618ccb27f1"]
[debug] &amp#27;[35m[BaseDriver]&amp#27;[39m W3C timeout argument: {"implicit":10000}}
[debug] &amp#27;[35m[BaseDriver]&amp#27;[39m Set implicit wait to 10000ms
[debug] &amp#27;[35m[W3C (a45b0a43)]&amp#27;[39m Responding to client with driver.timeouts() result: null
&amp#27;[35m[HTTP]&amp#27;[39m &amp#27;[37m<-- POST /wd/hub/session/a45b0a43-b2b3-4412-b49d-07618ccb27f1/timeouts &amp#27;[39m&amp#27;[32m200&amp#27;[39m &amp#27;[90m2 ms - 14&amp#27;[39m
&amp#27;[35m[HTTP]&amp#27;[39m &amp#27;[90m&amp#27;[39m
&amp#27;[35m[HTTP]&amp#27;[39m &amp#27;[37m-->&amp#27;[39m &amp#27;[37mPOST&amp#27;[39m &amp#27;[37m/wd/hub/session/a45b0a43-b2b3-4412-b49d-07618ccb27f1/element&amp#27;[39m
&amp#27;[35m[HTTP]&amp#27;[39m &amp#27;[90m{"using":"id","value":"com.androidsample.generalstore:id/nameField"}&amp#27;[39m
[debug] &amp#27;[35m[W3C (a45b0a43)]&amp#27;[39m Calling AppiumDriver.findElement() with args: ["id","com.androidsample.generalstore:id/nameField","a45b0a43-b2b3-4412-b49d-07618ccb27f1"]
[debug] &amp#27;[35m[BaseDriver]&amp#27;[39m Valid locator strategies for this request: xpath, id, class name, accessibility id, css selector, -android uiautomator
[debug] &amp#27;[35m[BaseDriver]&amp#27;[39m Waiting up to 10000 ms for condition
[debug] &amp#27;[35m[WD Proxy]&amp#27;[39m Matched '/element' to command name 'findElement'
[debug] &amp#27;[35m[WD Proxy]&amp#27;[39m Proxying [POST /element] to [POST http://127.0.0.1:8201/wd/hub/session/88b200fe-7642-4a0a-9fb4-1d9454c488a9/element] with body: {"strategy":"id","selector":"com.androidsample.generalstore:id/nameField","context":"","multiple":false}
&amp#27;[35m[WD Proxy]&amp#27;[39m Got response with status 404: {"sessionId":"88b200fe-7642-4a0a-9fb4-1d9454c488a9","value":{"error":"no such element","message":"An element could not be located on the page using the given search parameters","stacktrace":"io.appium.uiautomator2.common.exceptions.ElementNotFoundException: An element could not be located on the page using the given search parameters\n\tat io.appium.uiautomator2.handler.FindElement.safeHandle(FindElement.java:70)\n\tat io.appium.uiautomator2.handler.request.SafeRequestHandler.handle(SafeRequestHandler.java:59)\n\tat io.appium.uiautomator2.server.AppiumServlet.handleRequest(AppiumServlet.java:266)\n\tat io.appium.uiautomator2.server.AppiumServlet.handleHttpRequest(AppiumServlet.java:260)\n\tat io.appium.uiautomator2.http.ServerHandler.channelRead(ServerHandler.java:68)\n\tat io.netty.channel.AbstractChannelHandlerContext.invokeChannelRead(AbstractChannelHandlerContext.java:366)\n\tat io.netty.channel.AbstractChannelHandlerContext.invokeChannelRead(AbstractChannelHandlerContext.java:352)\n\tat io.netty.chann...
[debug] &amp#27;[35m[W3C]&amp#27;[39m Matched W3C error code 'no such element' to NoSuchElementError
[debug] &amp#27;[35m[BaseDriver]&amp#27;[39m Waited for 261 ms so far
[debug] &amp#27;[35m[WD Proxy]&amp#27;[39m Matched '/element' to command name 'findElement'
[debug] &amp#27;[35m[WD Proxy]&amp#27;[39m Proxying [POST /element] to [POST http://127.0.0.1:8201/wd/hub/session/88b200fe-7642-4a0a-9fb4-1d9454c488a9/element] with body: {"strategy":"id","selector":"com.androidsample.generalstore:id/nameField","context":"","multiple":false}
&amp#27;[35m[WD Proxy]&amp#27;[39m Got response with status 404: {"sessionId":"88b200fe-7642-4a0a-9fb4-1d9454c488a9","value":{"error":"no such element","message":"An element could not be located on the page using the given search parameters","stacktrace":"io.appium.uiautomator2.common.exceptions.ElementNotFoundException: An element could not be located on the page using the given search parameters\n\tat io.appium.uiautomator2.handler.FindElement.safeHandle(FindElement.java:70)\n\tat io.appium.uiautomator2.handler.request.SafeRequestHandler.handle(SafeRequestHandler.java:59)\n\tat io.appium.uiautomator2.server.AppiumServlet.handleRequest(AppiumServlet.java:266)\n\tat io.appium.uiautomator2.server.AppiumServlet.handleHttpRequest(AppiumServlet.java:260)\n\tat io.appium.uiautomator2.http.ServerHandler.channelRead(ServerHandler.java:68)\n\tat io.netty.channel.AbstractChannelHandlerContext.invokeChannelRead(AbstractChannelHandlerContext.java:366)\n\tat io.netty.channel.AbstractChannelHandlerContext.invokeChannelRead(AbstractChannelHandlerContext.java:352)\n\tat io.netty.chann...
[debug] &amp#27;[35m[W3C]&amp#27;[39m Matched W3C error code 'no such element' to NoSuchElementError
[debug] &amp#27;[35m[BaseDriver]&amp#27;[39m Waited for 786 ms so far
[debug] &amp#27;[35m[WD Proxy]&amp#27;[39m Matched '/element' to command name 'findElement'
[debug] &amp#27;[35m[WD Proxy]&amp#27;[39m Proxying [POST /element] to [POST http://127.0.0.1:8201/wd/hub/session/88b200fe-7642-4a0a-9fb4-1d9454c488a9/element] with body: {"strategy":"id","selector":"com.androidsample.generalstore:id/nameField","context":"","multiple":false}
&amp#27;[35m[WD Proxy]&amp#27;[39m Got response with status 404: {"sessionId":"88b200fe-7642-4a0a-9fb4-1d9454c488a9","value":{"error":"no such element","message":"An element could not be located on the page using the given search parameters","stacktrace":"io.appium.uiautomator2.common.exceptions.ElementNotFoundException: An element could not be located on the page using the given search parameters\n\tat io.appium.uiautomator2.handler.FindElement.safeHandle(FindElement.java:70)\n\tat io.appium.uiautomator2.handler.request.SafeRequestHandler.handle(SafeRequestHandler.java:59)\n\tat io.appium.uiautomator2.server.AppiumServlet.handleRequest(AppiumServlet.java:266)\n\tat io.appium.uiautomator2.server.AppiumServlet.handleHttpRequest(AppiumServlet.java:260)\n\tat io.appium.uiautomator2.http.ServerHandler.channelRead(ServerHandler.java:68)\n\tat io.netty.channel.AbstractChannelHandlerContext.invokeChannelRead(AbstractChannelHandlerContext.java:366)\n\tat io.netty.channel.AbstractChannelHandlerContext.invokeChannelRead(AbstractChannelHandlerContext.java:352)\n\tat io.netty.chann...
[debug] &amp#27;[35m[W3C]&amp#27;[39m Matched W3C error code 'no such element' to NoSuchElementError
[debug] &amp#27;[35m[BaseDriver]&amp#27;[39m Waited for 1314 ms so far
[debug] &amp#27;[35m[WD Proxy]&amp#27;[39m Matched '/element' to command name 'findElement'
[debug] &amp#27;[35m[WD Proxy]&amp#27;[39m Proxying [POST /element] to [POST http://127.0.0.1:8201/wd/hub/session/88b200fe-7642-4a0a-9fb4-1d9454c488a9/element] with body: {"strategy":"id","selector":"com.androidsample.generalstore:id/nameField","context":"","multiple":false}
&amp#27;[35m[WD Proxy]&amp#27;[39m Got response with status 404: {"sessionId":"88b200fe-7642-4a0a-9fb4-1d9454c488a9","value":{"error":"no such element","message":"An element could not be located on the page using the given search parameters","stacktrace":"io.appium.uiautomator2.common.exceptions.ElementNotFoundException: An element could not be located on the page using the given search parameters\n\tat io.appium.uiautomator2.handler.FindElement.safeHandle(FindElement.java:70)\n\tat io.appium.uiautomator2.handler.request.SafeRequestHandler.handle(SafeRequestHandler.java:59)\n\tat io.appium.uiautomator2.server.AppiumServlet.handleRequest(AppiumServlet.java:266)\n\tat io.appium.uiautomator2.server.AppiumServlet.handleHttpRequest(AppiumServlet.java:260)\n\tat io.appium.uiautomator2.http.ServerHandler.channelRead(ServerHandler.java:68)\n\tat io.netty.channel.AbstractChannelHandlerContext.invokeChannelRead(AbstractChannelHandlerContext.java:366)\n\tat io.netty.channel.AbstractChannelHandlerContext.invokeChannelRead(AbstractChannelHandlerContext.java:352)\n\tat io.netty.chann...
[debug] &amp#27;[35m[W3C]&amp#27;[39m Matched W3C error code 'no such element' to NoSuchElementError
[debug] &amp#27;[35m[BaseDriver]&amp#27;[39m Waited for 1825 ms so far
[debug] &amp#27;[35m[WD Proxy]&amp#27;[39m Matched '/element' to command name 'findElement'
[debug] &amp#27;[35m[WD Proxy]&amp#27;[39m Proxying [POST /element] to [POST http://127.0.0.1:8201/wd/hub/session/88b200fe-7642-4a0a-9fb4-1d9454c488a9/element] with body: {"strategy":"id","selector":"com.androidsample.generalstore:id/nameField","context":"","multiple":false}
&amp#27;[35m[WD Proxy]&amp#27;[39m Got response with status 404: {"sessionId":"88b200fe-7642-4a0a-9fb4-1d9454c488a9","value":{"error":"no such element","message":"An element could not be located on the page using the given search parameters","stacktrace":"io.appium.uiautomator2.common.exceptions.ElementNotFoundException: An element could not be located on the page using the given search parameters\n\tat io.appium.uiautomator2.handler.FindElement.safeHandle(FindElement.java:70)\n\tat io.appium.uiautomator2.handler.request.SafeRequestHandler.handle(SafeRequestHandler.java:59)\n\tat io.appium.uiautomator2.server.AppiumServlet.handleRequest(AppiumServlet.java:266)\n\tat io.appium.uiautomator2.server.AppiumServlet.handleHttpRequest(AppiumServlet.java:260)\n\tat io.appium.uiautomator2.http.ServerHandler.channelRead(ServerHandler.java:68)\n\tat io.netty.channel.AbstractChannelHandlerContext.invokeChannelRead(AbstractChannelHandlerContext.java:366)\n\tat io.netty.channel.AbstractChannelHandlerContext.invokeChannelRead(AbstractChannelHandlerContext.java:352)\n\tat io.netty.chann...
[debug] &amp#27;[35m[W3C]&amp#27;[39m Matched W3C error code 'no such element' to NoSuchElementError
[debug] &amp#27;[35m[BaseDriver]&amp#27;[39m Waited for 2346 ms so far
[debug] &amp#27;[35m[WD Proxy]&amp#27;[39m Matched '/element' to command name 'findElement'
[debug] &amp#27;[35m[WD Proxy]&amp#27;[39m Proxying [POST /element] to [POST http://127.0.0.1:8201/wd/hub/session/88b200fe-7642-4a0a-9fb4-1d9454c488a9/element] with body: {"strategy":"id","selector":"com.androidsample.generalstore:id/nameField","context":"","multiple":false}
&amp#27;[35m[WD Proxy]&amp#27;[39m Got response with status 404: {"sessionId":"88b200fe-7642-4a0a-9fb4-1d9454c488a9","value":{"error":"no such element","message":"An element could not be located on the page using the given search parameters","stacktrace":"io.appium.uiautomator2.common.exceptions.ElementNotFoundException: An element could not be located on the page using the given search parameters\n\tat io.appium.uiautomator2.handler.FindElement.safeHandle(FindElement.java:70)\n\tat io.appium.uiautomator2.handler.request.SafeRequestHandler.handle(SafeRequestHandler.java:59)\n\tat io.appium.uiautomator2.server.AppiumServlet.handleRequest(AppiumServlet.java:266)\n\tat io.appium.uiautomator2.server.AppiumServlet.handleHttpRequest(AppiumServlet.java:260)\n\tat io.appium.uiautomator2.http.ServerHandler.channelRead(ServerHandler.java:68)\n\tat io.netty.channel.AbstractChannelHandlerContext.invokeChannelRead(AbstractChannelHandlerContext.java:366)\n\tat io.netty.channel.AbstractChannelHandlerContext.invokeChannelRead(AbstractChannelHandlerContext.java:352)\n\tat io.netty.chann...
[debug] &amp#27;[35m[W3C]&amp#27;[39m Matched W3C error code 'no such element' to NoSuchElementError
[debug] &amp#27;[35m[BaseDriver]&amp#27;[39m Waited for 2916 ms so far
[debug] &amp#27;[35m[WD Proxy]&amp#27;[39m Matched '/element' to command name 'findElement'
[debug] &amp#27;[35m[WD Proxy]&amp#27;[39m Proxying [POST /element] to [POST http://127.0.0.1:8201/wd/hub/session/88b200fe-7642-4a0a-9fb4-1d9454c488a9/element] with body: {"strategy":"id","selector":"com.androidsample.generalstore:id/nameField","context":"","multiple":false}
[debug] &amp#27;[35m[WD Proxy]&amp#27;[39m Got response with status 200: {"sessionId":"88b200fe-7642-4a0a-9fb4-1d9454c488a9","value":{"ELEMENT":"00000000-0000-028b-ffff-ffff0000001d","element-6066-11e4-a52e-4f735466cecf":"00000000-0000-028b-ffff-ffff0000001d"}}
[debug] &amp#27;[35m[W3C (a45b0a43)]&amp#27;[39m Responding to client with driver.findElement() result: {"element-6066-11e4-a52e-4f735466cecf":"00000000-0000-028b-ffff-ffff0000001d","ELEMENT":"00000000-0000-028b-ffff-ffff0000001d"}
&amp#27;[35m[HTTP]&amp#27;[39m &amp#27;[37m<-- POST /wd/hub/session/a45b0a43-b2b3-4412-b49d-07618ccb27f1/element &amp#27;[39m&amp#27;[32m200&amp#27;[39m &amp#27;[90m3566 ms - 137&amp#27;[39m
&amp#27;[35m[HTTP]&amp#27;[39m &amp#27;[90m&amp#27;[39m
&amp#27;[35m[HTTP]&amp#27;[39m &amp#27;[37m-->&amp#27;[39m &amp#27;[37mPOST&amp#27;[39m &amp#27;[37m/wd/hub/session/a45b0a43-b2b3-4412-b49d-07618ccb27f1/element/00000000-0000-028b-ffff-ffff0000001d/value&amp#27;[39m
&amp#27;[35m[HTTP]&amp#27;[39m &amp#27;[90m{"id":"00000000-0000-028b-ffff-ffff0000001d","text":"brandShoes","value":["b","r","a","n","d","S","h","o","e","s"]}&amp#27;[39m
[debug] &amp#27;[35m[W3C (a45b0a43)]&amp#27;[39m Calling AppiumDriver.setValue() with args: [["b","r","a","n","d","S","h","o","e","s"],"00000000-0000-028b-ffff-ffff0000001d","a45b0a43-b2b3-4412-b49d-07618ccb27f1"]
[debug] &amp#27;[35m[WD Proxy]&amp#27;[39m Matched '/element/00000000-0000-028b-ffff-ffff0000001d/value' to command name 'setValue'
[debug] &amp#27;[35m[Protocol Converter]&amp#27;[39m Added 'value' property ["b","r","a","n","d","S","h","o","e","s"] to 'setValue' request body
[debug] &amp#27;[35m[WD Proxy]&amp#27;[39m Proxying [POST /element/00000000-0000-028b-ffff-ffff0000001d/value] to [POST http://127.0.0.1:8201/wd/hub/session/88b200fe-7642-4a0a-9fb4-1d9454c488a9/element/00000000-0000-028b-ffff-ffff0000001d/value] with body: {"elementId":"00000000-0000-028b-ffff-ffff0000001d","text":"brandShoes","replace":false,"value":["b","r","a","n","d","S","h","o","e","s"]}
[debug] &amp#27;[35m[WD Proxy]&amp#27;[39m Got response with status 200: {"sessionId":"88b200fe-7642-4a0a-9fb4-1d9454c488a9","value":null}
[debug] &amp#27;[35m[W3C (a45b0a43)]&amp#27;[39m Responding to client with driver.setValue() result: null
&amp#27;[35m[HTTP]&amp#27;[39m &amp#27;[37m<-- POST /wd/hub/session/a45b0a43-b2b3-4412-b49d-07618ccb27f1/element/00000000-0000-028b-ffff-ffff0000001d/value &amp#27;[39m&amp#27;[32m200&amp#27;[39m &amp#27;[90m535 ms - 14&amp#27;[39m
&amp#27;[35m[HTTP]&amp#27;[39m &amp#27;[90m&amp#27;[39m
&amp#27;[35m[HTTP]&amp#27;[39m &amp#27;[37m-->&amp#27;[39m &amp#27;[37mPOST&amp#27;[39m &amp#27;[37m/wd/hub/session/a45b0a43-b2b3-4412-b49d-07618ccb27f1/appium/device/hide_keyboard&amp#27;[39m
&amp#27;[35m[HTTP]&amp#27;[39m &amp#27;[90m{}&amp#27;[39m
[debug] &amp#27;[35m[W3C (a45b0a43)]&amp#27;[39m Calling AppiumDriver.hideKeyboard() with args: [null,null,null,null,"a45b0a43-b2b3-4412-b49d-07618ccb27f1"]
[debug] &amp#27;[35m[ADB]&amp#27;[39m Running 'C:\Users\joelv\AppData\Local\Android\Sdk\platform-tools\adb.exe -P 5037 -s emulator-5554 shell dumpsys input_method'
&amp#27;[35m[ADB]&amp#27;[39m Keyboard has no UI; no closing necessary
[debug] &amp#27;[35m[W3C (a45b0a43)]&amp#27;[39m Responding to client with driver.hideKeyboard() result: false
&amp#27;[35m[HTTP]&amp#27;[39m &amp#27;[37m<-- POST /wd/hub/session/a45b0a43-b2b3-4412-b49d-07618ccb27f1/appium/device/hide_keyboard &amp#27;[39m&amp#27;[32m200&amp#27;[39m &amp#27;[90m62 ms - 15&amp#27;[39m
&amp#27;[35m[HTTP]&amp#27;[39m &amp#27;[90m&amp#27;[39m
&amp#27;[35m[HTTP]&amp#27;[39m &amp#27;[37m-->&amp#27;[39m &amp#27;[37mPOST&amp#27;[39m &amp#27;[37m/wd/hub/session/a45b0a43-b2b3-4412-b49d-07618ccb27f1/element&amp#27;[39m
&amp#27;[35m[HTTP]&amp#27;[39m &amp#27;[90m{"using":"id","value":"com.androidsample.generalstore:id/nameField"}&amp#27;[39m
[debug] &amp#27;[35m[W3C (a45b0a43)]&amp#27;[39m Calling AppiumDriver.findElement() with args: ["id","com.androidsample.generalstore:id/nameField","a45b0a43-b2b3-4412-b49d-07618ccb27f1"]
[debug] &amp#27;[35m[BaseDriver]&amp#27;[39m Valid locator strategies for this request: xpath, id, class name, accessibility id, css selector, -android uiautomator
[debug] &amp#27;[35m[BaseDriver]&amp#27;[39m Waiting up to 10000 ms for condition
[debug] &amp#27;[35m[WD Proxy]&amp#27;[39m Matched '/element' to command name 'findElement'
[debug] &amp#27;[35m[WD Proxy]&amp#27;[39m Proxying [POST /element] to [POST http://127.0.0.1:8201/wd/hub/session/88b200fe-7642-4a0a-9fb4-1d9454c488a9/element] with body: {"strategy":"id","selector":"com.androidsample.generalstore:id/nameField","context":"","multiple":false}
[debug] &amp#27;[35m[WD Proxy]&amp#27;[39m Got response with status 200: {"sessionId":"88b200fe-7642-4a0a-9fb4-1d9454c488a9","value":{"ELEMENT":"00000000-0000-028b-ffff-ffff0000001d","element-6066-11e4-a52e-4f735466cecf":"00000000-0000-028b-ffff-ffff0000001d"}}
[debug] &amp#27;[35m[W3C (a45b0a43)]&amp#27;[39m Responding to client with driver.findElement() result: {"element-6066-11e4-a52e-4f735466cecf":"00000000-0000-028b-ffff-ffff0000001d","ELEMENT":"00000000-0000-028b-ffff-ffff0000001d"}
&amp#27;[35m[HTTP]&amp#27;[39m &amp#27;[37m<-- POST /wd/hub/session/a45b0a43-b2b3-4412-b49d-07618ccb27f1/element &amp#27;[39m&amp#27;[32m200&amp#27;[39m &amp#27;[90m430 ms - 137&amp#27;[39m
&amp#27;[35m[HTTP]&amp#27;[39m &amp#27;[90m&amp#27;[39m
&amp#27;[35m[HTTP]&amp#27;[39m &amp#27;[37m-->&amp#27;[39m &amp#27;[37mPOST&amp#27;[39m &amp#27;[37m/wd/hub/session/a45b0a43-b2b3-4412-b49d-07618ccb27f1/element/00000000-0000-028b-ffff-ffff0000001d/clear&amp#27;[39m
&amp#27;[35m[HTTP]&amp#27;[39m &amp#27;[90m{"id":"00000000-0000-028b-ffff-ffff0000001d"}&amp#27;[39m
[debug] &amp#27;[35m[W3C (a45b0a43)]&amp#27;[39m Calling AppiumDriver.clear() with args: ["00000000-0000-028b-ffff-ffff0000001d","a45b0a43-b2b3-4412-b49d-07618ccb27f1"]
[debug] &amp#27;[35m[WD Proxy]&amp#27;[39m Matched '/element/00000000-0000-028b-ffff-ffff0000001d/clear' to command name 'clear'
[debug] &amp#27;[35m[WD Proxy]&amp#27;[39m Proxying [POST /element/00000000-0000-028b-ffff-ffff0000001d/clear] to [POST http://127.0.0.1:8201/wd/hub/session/88b200fe-7642-4a0a-9fb4-1d9454c488a9/element/00000000-0000-028b-ffff-ffff0000001d/clear] with body: {"elementId":"00000000-0000-028b-ffff-ffff0000001d"}
[debug] &amp#27;[35m[WD Proxy]&amp#27;[39m Got response with status 200: {"sessionId":"88b200fe-7642-4a0a-9fb4-1d9454c488a9","value":null}
[debug] &amp#27;[35m[W3C (a45b0a43)]&amp#27;[39m Responding to client with driver.clear() result: null
&amp#27;[35m[HTTP]&amp#27;[39m &amp#27;[37m<-- POST /wd/hub/session/a45b0a43-b2b3-4412-b49d-07618ccb27f1/element/00000000-0000-028b-ffff-ffff0000001d/clear &amp#27;[39m&amp#27;[32m200&amp#27;[39m &amp#27;[90m13 ms - 14&amp#27;[39m
&amp#27;[35m[HTTP]&amp#27;[39m &amp#27;[90m&amp#27;[39m
&amp#27;[35m[HTTP]&amp#27;[39m &amp#27;[37m-->&amp#27;[39m &amp#27;[37mPOST&amp#27;[39m &amp#27;[37m/wd/hub/session/a45b0a43-b2b3-4412-b49d-07618ccb27f1/element&amp#27;[39m
&amp#27;[35m[HTTP]&amp#27;[39m &amp#27;[90m{"using":"id","value":"com.androidsample.generalstore:id/btnLetsShop"}&amp#27;[39m
[debug] &amp#27;[35m[W3C (a45b0a43)]&amp#27;[39m Calling AppiumDriver.findElement() with args: ["id","com.androidsample.generalstore:id/btnLetsShop","a45b0a43-b2b3-4412-b49d-07618ccb27f1"]
[debug] &amp#27;[35m[BaseDriver]&amp#27;[39m Valid locator strategies for this request: xpath, id, class name, accessibility id, css selector, -android uiautomator
[debug] &amp#27;[35m[BaseDriver]&amp#27;[39m Waiting up to 10000 ms for condition
[debug] &amp#27;[35m[WD Proxy]&amp#27;[39m Matched '/element' to command name 'findElement'
[debug] &amp#27;[35m[WD Proxy]&amp#27;[39m Proxying [POST /element] to [POST http://127.0.0.1:8201/wd/hub/session/88b200fe-7642-4a0a-9fb4-1d9454c488a9/element] with body: {"strategy":"id","selector":"com.androidsample.generalstore:id/btnLetsShop","context":"","multiple":false}
[debug] &amp#27;[35m[WD Proxy]&amp#27;[39m Got response with status 200: {"sessionId":"88b200fe-7642-4a0a-9fb4-1d9454c488a9","value":{"ELEMENT":"00000000-0000-028b-ffff-ffff00000022","element-6066-11e4-a52e-4f735466cecf":"00000000-0000-028b-ffff-ffff00000022"}}
[debug] &amp#27;[35m[W3C (a45b0a43)]&amp#27;[39m Responding to client with driver.findElement() result: {"element-6066-11e4-a52e-4f735466cecf":"00000000-0000-028b-ffff-ffff00000022","ELEMENT":"00000000-0000-028b-ffff-ffff00000022"}
&amp#27;[35m[HTTP]&amp#27;[39m &amp#27;[37m<-- POST /wd/hub/session/a45b0a43-b2b3-4412-b49d-07618ccb27f1/element &amp#27;[39m&amp#27;[32m200&amp#27;[39m &amp#27;[90m495 ms - 137&amp#27;[39m
&amp#27;[35m[HTTP]&amp#27;[39m &amp#27;[90m&amp#27;[39m
&amp#27;[35m[HTTP]&amp#27;[39m &amp#27;[37m-->&amp#27;[39m &amp#27;[37mPOST&amp#27;[39m &amp#27;[37m/wd/hub/session/a45b0a43-b2b3-4412-b49d-07618ccb27f1/element/00000000-0000-028b-ffff-ffff00000022/click&amp#27;[39m
&amp#27;[35m[HTTP]&amp#27;[39m &amp#27;[90m{"id":"00000000-0000-028b-ffff-ffff00000022"}&amp#27;[39m
[debug] &amp#27;[35m[W3C (a45b0a43)]&amp#27;[39m Calling AppiumDriver.click() with args: ["00000000-0000-028b-ffff-ffff00000022","a45b0a43-b2b3-4412-b49d-07618ccb27f1"]
[debug] &amp#27;[35m[WD Proxy]&amp#27;[39m Matched '/element/00000000-0000-028b-ffff-ffff00000022/click' to command name 'click'
[debug] &amp#27;[35m[WD Proxy]&amp#27;[39m Proxying [POST /element/00000000-0000-028b-ffff-ffff00000022/click] to [POST http://127.0.0.1:8201/wd/hub/session/88b200fe-7642-4a0a-9fb4-1d9454c488a9/element/00000000-0000-028b-ffff-ffff00000022/click] with body: {"element":"00000000-0000-028b-ffff-ffff00000022"}
[debug] &amp#27;[35m[WD Proxy]&amp#27;[39m Got response with status 200: {"sessionId":"88b200fe-7642-4a0a-9fb4-1d9454c488a9","value":null}
[debug] &amp#27;[35m[W3C (a45b0a43)]&amp#27;[39m Responding to client with driver.click() result: null
&amp#27;[35m[HTTP]&amp#27;[39m &amp#27;[37m<-- POST /wd/hub/session/a45b0a43-b2b3-4412-b49d-07618ccb27f1/element/00000000-0000-028b-ffff-ffff00000022/click &amp#27;[39m&amp#27;[32m200&amp#27;[39m &amp#27;[90m64 ms - 14&amp#27;[39m
&amp#27;[35m[HTTP]&amp#27;[39m &amp#27;[90m&amp#27;[39m
&amp#27;[35m[HTTP]&amp#27;[39m &amp#27;[37m-->&amp#27;[39m &amp#27;[37mPOST&amp#27;[39m &amp#27;[37m/wd/hub/session/a45b0a43-b2b3-4412-b49d-07618ccb27f1/element&amp#27;[39m
&amp#27;[35m[HTTP]&amp#27;[39m &amp#27;[90m{"using":"xpath","value":"//android.widget.Toast[1]"}&amp#27;[39m
[debug] &amp#27;[35m[W3C (a45b0a43)]&amp#27;[39m Calling AppiumDriver.findElement() with args: ["xpath","//android.widget.Toast[1]","a45b0a43-b2b3-4412-b49d-07618ccb27f1"]
[debug] &amp#27;[35m[BaseDriver]&amp#27;[39m Valid locator strategies for this request: xpath, id, class name, accessibility id, css selector, -android uiautomator
[debug] &amp#27;[35m[BaseDriver]&amp#27;[39m Waiting up to 10000 ms for condition
[debug] &amp#27;[35m[WD Proxy]&amp#27;[39m Matched '/element' to command name 'findElement'
[debug] &amp#27;[35m[WD Proxy]&amp#27;[39m Proxying [POST /element] to [POST http://127.0.0.1:8201/wd/hub/session/88b200fe-7642-4a0a-9fb4-1d9454c488a9/element] with body: {"strategy":"xpath","selector":"//android.widget.Toast[1]","context":"","multiple":false}
[debug] &amp#27;[35m[WD Proxy]&amp#27;[39m Got response with status 200: {"sessionId":"88b200fe-7642-4a0a-9fb4-1d9454c488a9","value":{"ELEMENT":"84f37a6f-99ed-482c-9921-2b1f68216fa3","element-6066-11e4-a52e-4f735466cecf":"84f37a6f-99ed-482c-9921-2b1f68216fa3"}}
[debug] &amp#27;[35m[W3C (a45b0a43)]&amp#27;[39m Responding to client with driver.findElement() result: {"element-6066-11e4-a52e-4f735466cecf":"84f37a6f-99ed-482c-9921-2b1f68216fa3","ELEMENT":"84f37a6f-99ed-482c-9921-2b1f68216fa3"}
&amp#27;[35m[HTTP]&amp#27;[39m &amp#27;[37m<-- POST /wd/hub/session/a45b0a43-b2b3-4412-b49d-07618ccb27f1/element &amp#27;[39m&amp#27;[32m200&amp#27;[39m &amp#27;[90m810 ms - 137&amp#27;[39m
&amp#27;[35m[HTTP]&amp#27;[39m &amp#27;[90m&amp#27;[39m
&amp#27;[35m[HTTP]&amp#27;[39m &amp#27;[37m-->&amp#27;[39m &amp#27;[37mGET&amp#27;[39m &amp#27;[37m/wd/hub/session/a45b0a43-b2b3-4412-b49d-07618ccb27f1/element/84f37a6f-99ed-482c-9921-2b1f68216fa3/attribute/Name&amp#27;[39m
&amp#27;[35m[HTTP]&amp#27;[39m &amp#27;[90m{}&amp#27;[39m
[debug] &amp#27;[35m[W3C (a45b0a43)]&amp#27;[39m Calling AppiumDriver.getAttribute() with args: ["Name","84f37a6f-99ed-482c-9921-2b1f68216fa3","a45b0a43-b2b3-4412-b49d-07618ccb27f1"]
[debug] &amp#27;[35m[WD Proxy]&amp#27;[39m Matched '/element/84f37a6f-99ed-482c-9921-2b1f68216fa3/attribute/Name' to command name 'getAttribute'
[debug] &amp#27;[35m[WD Proxy]&amp#27;[39m Proxying [GET /element/84f37a6f-99ed-482c-9921-2b1f68216fa3/attribute/Name] to [GET http://127.0.0.1:8201/wd/hub/session/88b200fe-7642-4a0a-9fb4-1d9454c488a9/element/84f37a6f-99ed-482c-9921-2b1f68216fa3/attribute/Name] with no body
[debug] &amp#27;[35m[WD Proxy]&amp#27;[39m Got response with status 200: {"sessionId":"88b200fe-7642-4a0a-9fb4-1d9454c488a9","value":"Please enter your name"}
[debug] &amp#27;[35m[W3C (a45b0a43)]&amp#27;[39m Responding to client with driver.getAttribute() result: "Please enter your name"
&amp#27;[35m[HTTP]&amp#27;[39m &amp#27;[37m<-- GET /wd/hub/session/a45b0a43-b2b3-4412-b49d-07618ccb27f1/element/84f37a6f-99ed-482c-9921-2b1f68216fa3/attribute/Name &amp#27;[39m&amp#27;[32m200&amp#27;[39m &amp#27;[90m39 ms - 34&amp#27;[39m
&amp#27;[35m[HTTP]&amp#27;[39m &amp#27;[90m&amp#27;[39m
Error Message is: Please enter your name
]]></system-out>
    <system-err><![CDATA[Jan 15, 2022 5:58:18 PM io.appium.java_client.remote.AppiumCommandExecutor$1 lambda$0
INFO: Detected dialect: W3C
]]></system-err>
  </testcase>
  <testcase name="verifyLoginFunction" classname="appium.framework.VerifyLogin" time="29.752">
    <system-out><![CDATA[&amp#27;[35m[Appium]&amp#27;[39m Welcome to Appium v1.22.1
&amp#27;[35m[Appium]&amp#27;[39m Appium REST http interface listener started on 0.0.0.0:4723
&amp#27;[35m[HTTP]&amp#27;[39m &amp#27;[37m-->&amp#27;[39m &amp#27;[37mGET&amp#27;[39m &amp#27;[37m/wd/hub/status&amp#27;[39m
&amp#27;[35m[HTTP]&amp#27;[39m &amp#27;[90m{}&amp#27;[39m
[debug] &amp#27;[35m[GENERIC]&amp#27;[39m Calling AppiumDriver.getStatus() with args: []
[debug] &amp#27;[35m[GENERIC]&amp#27;[39m Responding to client with driver.getStatus() result: {"build":{"version":"1.22.1"}}
&amp#27;[35m[HTTP]&amp#27;[39m &amp#27;[37m<-- GET /wd/hub/status &amp#27;[39m&amp#27;[32m200&amp#27;[39m &amp#27;[90m4 ms - 68&amp#27;[39m
&amp#27;[35m[HTTP]&amp#27;[39m &amp#27;[90m&amp#27;[39m
[debug] &amp#27;[35m[HTTP]&amp#27;[39m Request idempotency key: ee05ab1b-4fb9-40fe-bd23-fc2ef0802bbd
&amp#27;[35m[HTTP]&amp#27;[39m &amp#27;[37m-->&amp#27;[39m &amp#27;[37mPOST&amp#27;[39m &amp#27;[37m/wd/hub/session&amp#27;[39m
&amp#27;[35m[HTTP]&amp#27;[39m &amp#27;[90m{"desiredCapabilities":{"app":"C:\\Users\\joelv\\eclipse-workspace2\\framework\\src\\General-Store.apk","automationName":"uiautomator2","appium:chromeOptions":{"w3c":false},"platformName":"Android","deviceName":"emulator1","avd":"emulator1"},"capabilities":{"firstMatch":[{"appium:app":"C:\\Users\\joelv\\eclipse-workspace2\\framework\\src\\General-Store.apk","appium:chromeOptions":{"w3c":false},"appium:automationName":"uiautomator2","appium:avd":"emulator1","appium:deviceName":"emulator1","platformName":"android"}]}}&amp#27;[39m
[debug] &amp#27;[35m[W3C]&amp#27;[39m Calling AppiumDriver.createSession() with args: [{"app":"C:\\Users\\joelv\\eclipse-workspace2\\framework\\src\\General-Store.apk","automationName":"uiautomator2","appium:chromeOptions":{"w3c":false},"platformName":"Android","deviceName":"emulator1","avd":"emulator1"},null,{"firstMatch":[{"appium:app":"C:\\Users\\joelv\\eclipse-workspace2\\framework\\src\\General-Store.apk","appium:chromeOptions":{"w3c":false},"appium:automationName":"uiautomator2","appium:avd":"emulator1","appium:deviceName":"emulator1","platformName":"android"}]}]
[debug] &amp#27;[35m[BaseDriver]&amp#27;[39m Event 'newSessionRequested' logged at 1642249709186 (17:58:29 GMT+0530 (India Standard Time))
&amp#27;[35m[Appium]&amp#27;[39m Appium v1.22.1 creating new AndroidUiautomator2Driver (v1.70.1) session
[debug] &amp#27;[35m[BaseDriver]&amp#27;[39m W3C capabilities and MJSONWP desired capabilities were provided
[debug] &amp#27;[35m[BaseDriver]&amp#27;[39m Creating session with W3C capabilities: {
[debug] &amp#27;[35m[BaseDriver]&amp#27;[39m   "alwaysMatch": {
[debug] &amp#27;[35m[BaseDriver]&amp#27;[39m     "platformName": "android",
[debug] &amp#27;[35m[BaseDriver]&amp#27;[39m     "appium:app": "C:\\Users\\joelv\\eclipse-workspace2\\framework\\src\\General-Store.apk",
[debug] &amp#27;[35m[BaseDriver]&amp#27;[39m     "appium:chromeOptions": {
[debug] &amp#27;[35m[BaseDriver]&amp#27;[39m       "w3c": false
[debug] &amp#27;[35m[BaseDriver]&amp#27;[39m     },
[debug] &amp#27;[35m[BaseDriver]&amp#27;[39m     "appium:automationName": "uiautomator2",
[debug] &amp#27;[35m[BaseDriver]&amp#27;[39m     "appium:avd": "emulator1",
[debug] &amp#27;[35m[BaseDriver]&amp#27;[39m     "appium:deviceName": "emulator1"
[debug] &amp#27;[35m[BaseDriver]&amp#27;[39m   },
[debug] &amp#27;[35m[BaseDriver]&amp#27;[39m   "firstMatch": [
[debug] &amp#27;[35m[BaseDriver]&amp#27;[39m     {}
[debug] &amp#27;[35m[BaseDriver]&amp#27;[39m   ]
[debug] &amp#27;[35m[BaseDriver]&amp#27;[39m }
&amp#27;[35m[BaseDriver]&amp#27;[39m Session created with session id: 745f9bd0-a060-47db-b44f-2f5bd711155f
&amp#27;[35m[BaseDriver]&amp#27;[39m Using local app 'C:\Users\joelv\eclipse-workspace2\framework\src\General-Store.apk'
[debug] &amp#27;[35m[UiAutomator2]&amp#27;[39m Checking whether app is actually present
&amp#27;[35m[ADB]&amp#27;[39m Found 1 'build-tools' folders under 'C:\Users\joelv\AppData\Local\Android\Sdk' (newest first):
&amp#27;[35m[ADB]&amp#27;[39m     C:/Users/joelv/AppData/Local/Android/Sdk/build-tools/32.0.0
&amp#27;[35m[ADB]&amp#27;[39m Using 'adb.exe' from 'C:\Users\joelv\AppData\Local\Android\Sdk\platform-tools\adb.exe'
[debug] &amp#27;[35m[ADB]&amp#27;[39m Running 'C:\Users\joelv\AppData\Local\Android\Sdk\platform-tools\adb.exe -P 5037 start-server'
[debug] &amp#27;[35m[ADB]&amp#27;[39m Trying to find 'emulator1' emulator
[debug] &amp#27;[35m[ADB]&amp#27;[39m Getting connected emulators
[debug] &amp#27;[35m[ADB]&amp#27;[39m Getting connected devices
[debug] &amp#27;[35m[ADB]&amp#27;[39m Connected devices: [{"udid":"emulator-5554","state":"device"}]
[debug] &amp#27;[35m[ADB]&amp#27;[39m 1 emulator connected
[debug] &amp#27;[35m[ADB]&amp#27;[39m Overriding C:\Users\joelv\.emulator_console_auth_token with an empty string to avoid telnet authentication for emulator commands
[debug] &amp#27;[35m[ADB]&amp#27;[39m Executing Emulator console command: avd name
[debug] &amp#27;[35m[ADB]&amp#27;[39m Found emulator 'emulator1' on port 5554
[debug] &amp#27;[35m[ADB]&amp#27;[39m Setting device id to emulator-5554
[debug] &amp#27;[35m[AndroidDriver]&amp#27;[39m Not launching AVD because it is already running.
&amp#27;[35m[AndroidDriver]&amp#27;[39m Using device: emulator-5554
&amp#27;[35m[ADB]&amp#27;[39m Using 'adb.exe' from 'C:\Users\joelv\AppData\Local\Android\Sdk\platform-tools\adb.exe'
[debug] &amp#27;[35m[ADB]&amp#27;[39m Running 'C:\Users\joelv\AppData\Local\Android\Sdk\platform-tools\adb.exe -P 5037 start-server'
[debug] &amp#27;[35m[ADB]&amp#27;[39m Setting device id to emulator-5554
[debug] &amp#27;[35m[ADB]&amp#27;[39m Running 'C:\Users\joelv\AppData\Local\Android\Sdk\platform-tools\adb.exe -P 5037 -s emulator-5554 shell getprop ro.build.version.sdk'
[debug] &amp#27;[35m[ADB]&amp#27;[39m Current device property 'ro.build.version.sdk': 30
&amp#27;[35m[ADB]&amp#27;[39m Getting device platform version
[debug] &amp#27;[35m[ADB]&amp#27;[39m Running 'C:\Users\joelv\AppData\Local\Android\Sdk\platform-tools\adb.exe -P 5037 -s emulator-5554 shell getprop ro.build.version.release'
[debug] &amp#27;[35m[ADB]&amp#27;[39m Current device property 'ro.build.version.release': 11
[debug] &amp#27;[35m[ADB]&amp#27;[39m Device API level: 30
&amp#27;[35m[UiAutomator2]&amp#27;[39m Relaxing hidden api policy
[debug] &amp#27;[35m[ADB]&amp#27;[39m Running 'C:\Users\joelv\AppData\Local\Android\Sdk\platform-tools\adb.exe -P 5037 -s emulator-5554 shell 'settings put global hidden_api_policy_pre_p_apps 1;settings put global hidden_api_policy_p_apps 1;settings put global hidden_api_policy 1''
[debug] &amp#27;[35m[AndroidDriver]&amp#27;[39m Parsing package and activity from app manifest
&amp#27;[35m[ADB]&amp#27;[39m Package name: 'com.androidsample.generalstore'
&amp#27;[35m[ADB]&amp#27;[39m Main activity name: 'com.androidsample.generalstore.SplashActivity'
[debug] &amp#27;[35m[AndroidDriver]&amp#27;[39m Parsed package and activity are: com.androidsample.generalstore/com.androidsample.generalstore.SplashActivity
[debug] &amp#27;[35m[ADB]&amp#27;[39m Running 'C:\Users\joelv\AppData\Local\Android\Sdk\platform-tools\adb.exe -P 5037 -s emulator-5554 wait-for-device'
[debug] &amp#27;[35m[ADB]&amp#27;[39m Running 'C:\Users\joelv\AppData\Local\Android\Sdk\platform-tools\adb.exe -P 5037 -s emulator-5554 shell echo ping'
[debug] &amp#27;[35m[AndroidDriver]&amp#27;[39m Pushing settings apk to device...
[debug] &amp#27;[35m[ADB]&amp#27;[39m Getting install status for io.appium.settings
[debug] &amp#27;[35m[ADB]&amp#27;[39m Running 'C:\Users\joelv\AppData\Local\Android\Sdk\platform-tools\adb.exe -P 5037 -s emulator-5554 shell dumpsys package io.appium.settings'
[debug] &amp#27;[35m[ADB]&amp#27;[39m 'io.appium.settings' is installed
[debug] &amp#27;[35m[ADB]&amp#27;[39m Getting package info for 'io.appium.settings'
[debug] &amp#27;[35m[ADB]&amp#27;[39m Running 'C:\Users\joelv\AppData\Local\Android\Sdk\platform-tools\adb.exe -P 5037 -s emulator-5554 shell dumpsys package io.appium.settings'
[debug] &amp#27;[35m[ADB]&amp#27;[39m The version name of the installed 'io.appium.settings' is greater or equal to the application version name ('3.4.0' >= '3.4.0')
[debug] &amp#27;[35m[ADB]&amp#27;[39m There is no need to install/upgrade 'C:\Users\joelv\AppData\Roaming\npm\node_modules\appium\node_modules\io.appium.settings\apks\settings_apk-debug.apk'
[debug] &amp#27;[35m[ADB]&amp#27;[39m Getting IDs of all 'io.appium.settings' processes
[debug] &amp#27;[35m[ADB]&amp#27;[39m Running 'C:\Users\joelv\AppData\Local\Android\Sdk\platform-tools\adb.exe -P 5037 -s emulator-5554 shell 'pgrep --help; echo $?''
[debug] &amp#27;[35m[ADB]&amp#27;[39m Running 'C:\Users\joelv\AppData\Local\Android\Sdk\platform-tools\adb.exe -P 5037 -s emulator-5554 shell pgrep -f \(\[\[:blank:\]\]\|\^\)io\.appium\.settings\(\[\[:blank:\]\]\|\$\)'
[debug] &amp#27;[35m[AndroidDriver]&amp#27;[39m io.appium.settings is already running. There is no need to reset its permissions.
[debug] &amp#27;[35m[Logcat]&amp#27;[39m Starting logs capture with command: C:\\Users\\joelv\\AppData\\Local\\Android\\Sdk\\platform-tools\\adb.exe -P 5037 -s emulator-5554 logcat -v threadtime
[debug] &amp#27;[35m[UiAutomator2]&amp#27;[39m Forwarding UiAutomator2 Server port 6790 to local port 8202
[debug] &amp#27;[35m[ADB]&amp#27;[39m Forwarding system: 8202 to device: 6790
[debug] &amp#27;[35m[ADB]&amp#27;[39m Running 'C:\Users\joelv\AppData\Local\Android\Sdk\platform-tools\adb.exe -P 5037 -s emulator-5554 forward tcp:8202 tcp:6790'
[debug] &amp#27;[35m[ADB]&amp#27;[39m Getting install status for io.appium.uiautomator2.server
[debug] &amp#27;[35m[ADB]&amp#27;[39m Running 'C:\Users\joelv\AppData\Local\Android\Sdk\platform-tools\adb.exe -P 5037 -s emulator-5554 shell dumpsys package io.appium.uiautomator2.server'
[debug] &amp#27;[35m[ADB]&amp#27;[39m 'io.appium.uiautomator2.server' is installed
[debug] &amp#27;[35m[ADB]&amp#27;[39m Getting package info for 'io.appium.uiautomator2.server'
[debug] &amp#27;[35m[ADB]&amp#27;[39m Running 'C:\Users\joelv\AppData\Local\Android\Sdk\platform-tools\adb.exe -P 5037 -s emulator-5554 shell dumpsys package io.appium.uiautomator2.server'
[debug] &amp#27;[35m[ADB]&amp#27;[39m The version name of the installed 'io.appium.uiautomator2.server' is greater or equal to the application version name ('4.27.0' >= '4.27.0')
[debug] &amp#27;[35m[UiAutomator2]&amp#27;[39m io.appium.uiautomator2.server installation state: sameVersionInstalled
[debug] &amp#27;[35m[ADB]&amp#27;[39m Checking app cert for C:\Users\joelv\AppData\Roaming\npm\node_modules\appium\node_modules\appium-uiautomator2-server\apks\appium-uiautomator2-server-v4.27.0.apk
&amp#27;[35m[ADB]&amp#27;[39m Using 'apksigner.jar' from 'C:\Users\joelv\AppData\Local\Android\Sdk\build-tools\32.0.0\lib\apksigner.jar'
[debug] &amp#27;[35m[ADB]&amp#27;[39m Starting apksigner: 'C:\\Program Files\\Java\\jdk1.8.0_311\\bin\\java.exe' -Xmx1024M -Xss1m -jar C:\\Users\\joelv\\AppData\\Local\\Android\\Sdk\\build-tools\\32.0.0\\lib\\apksigner.jar verify --print-certs C:\\Users\\joelv\\AppData\\Roaming\\npm\\node_modules\\appium\\node_modules\\appium-uiautomator2-server\\apks\\appium-uiautomator2-server-v4.27.0.apk
[debug] &amp#27;[35m[ADB]&amp#27;[39m apksigner stdout: Signer #1 certificate DN: EMAILADDRESS=android@android.com, CN=Android, OU=Android, O=Android, L=Mountain View, ST=California, C=US
[debug] &amp#27;[35m[ADB]&amp#27;[39m Signer #1 certificate SHA-256 digest: a40da80a59d170caa950cf15c18c454d47a39b26989d8b640ecd745ba71bf5dc
[debug] &amp#27;[35m[ADB]&amp#27;[39m Signer #1 certificate SHA-1 digest: 61ed377e85d386a8dfee6b864bd85b0bfaa5af81
[debug] &amp#27;[35m[ADB]&amp#27;[39m Signer #1 certificate MD5 digest: e89b158e4bcf988ebd09eb83f5378e87
[debug] &amp#27;[35m[ADB]&amp#27;[39m 
[debug] &amp#27;[35m[ADB]&amp#27;[39m sha256 hash did match for 'appium-uiautomator2-server-v4.27.0.apk'
&amp#27;[35m[ADB]&amp#27;[39m 'C:\Users\joelv\AppData\Roaming\npm\node_modules\appium\node_modules\appium-uiautomator2-server\apks\appium-uiautomator2-server-v4.27.0.apk' is signed with the default certificate
[debug] &amp#27;[35m[ADB]&amp#27;[39m Getting install status for io.appium.uiautomator2.server.test
[debug] &amp#27;[35m[ADB]&amp#27;[39m Running 'C:\Users\joelv\AppData\Local\Android\Sdk\platform-tools\adb.exe -P 5037 -s emulator-5554 shell dumpsys package io.appium.uiautomator2.server.test'
[debug] &amp#27;[35m[ADB]&amp#27;[39m 'io.appium.uiautomator2.server.test' is installed
[debug] &amp#27;[35m[ADB]&amp#27;[39m Checking app cert for C:\Users\joelv\AppData\Roaming\npm\node_modules\appium\node_modules\appium-uiautomator2-server\apks\appium-uiautomator2-server-debug-androidTest.apk
[debug] &amp#27;[35m[ADB]&amp#27;[39m Starting apksigner: 'C:\\Program Files\\Java\\jdk1.8.0_311\\bin\\java.exe' -Xmx1024M -Xss1m -jar C:\\Users\\joelv\\AppData\\Local\\Android\\Sdk\\build-tools\\32.0.0\\lib\\apksigner.jar verify --print-certs C:\\Users\\joelv\\AppData\\Roaming\\npm\\node_modules\\appium\\node_modules\\appium-uiautomator2-server\\apks\\appium-uiautomator2-server-debug-androidTest.apk
[debug] &amp#27;[35m[ADB]&amp#27;[39m apksigner stdout: Signer #1 certificate DN: EMAILADDRESS=android@android.com, CN=Android, OU=Android, O=Android, L=Mountain View, ST=California, C=US
[debug] &amp#27;[35m[ADB]&amp#27;[39m Signer #1 certificate SHA-256 digest: a40da80a59d170caa950cf15c18c454d47a39b26989d8b640ecd745ba71bf5dc
[debug] &amp#27;[35m[ADB]&amp#27;[39m Signer #1 certificate SHA-1 digest: 61ed377e85d386a8dfee6b864bd85b0bfaa5af81
[debug] &amp#27;[35m[ADB]&amp#27;[39m Signer #1 certificate MD5 digest: e89b158e4bcf988ebd09eb83f5378e87
[debug] &amp#27;[35m[ADB]&amp#27;[39m 
[debug] &amp#27;[35m[ADB]&amp#27;[39m sha256 hash did match for 'appium-uiautomator2-server-debug-androidTest.apk'
&amp#27;[35m[ADB]&amp#27;[39m 'C:\Users\joelv\AppData\Roaming\npm\node_modules\appium\node_modules\appium-uiautomator2-server\apks\appium-uiautomator2-server-debug-androidTest.apk' is signed with the default certificate
&amp#27;[35m[UiAutomator2]&amp#27;[39m Server packages are not going to be (re)installed
[debug] &amp#27;[35m[UiAutomator2]&amp#27;[39m Waiting up to 30000ms for services to be available
[debug] &amp#27;[35m[ADB]&amp#27;[39m Running 'C:\Users\joelv\AppData\Local\Android\Sdk\platform-tools\adb.exe -P 5037 -s emulator-5554 shell pm list instrumentation'
[debug] &amp#27;[35m[UiAutomator2]&amp#27;[39m Instrumentation target 'io.appium.uiautomator2.server.test/androidx.test.runner.AndroidJUnitRunner' is available
&amp#27;[35m[ADB]&amp#27;[39m Adding packages ["io.appium.settings","io.appium.uiautomator2.server","io.appium.uiautomator2.server.test"] to Doze whitelist
[debug] &amp#27;[35m[ADB]&amp#27;[39m Got the following command chunks to execute: [["dumpsys","deviceidle","whitelist","+io.appium.settings",";","dumpsys","deviceidle","whitelist","+io.appium.uiautomator2.server",";","dumpsys","deviceidle","whitelist","+io.appium.uiautomator2.server.test",";"]]
[debug] &amp#27;[35m[ADB]&amp#27;[39m Running 'C:\Users\joelv\AppData\Local\Android\Sdk\platform-tools\adb.exe -P 5037 -s emulator-5554 shell dumpsys deviceidle whitelist +io.appium.settings ; dumpsys deviceidle whitelist +io.appium.uiautomator2.server ; dumpsys deviceidle whitelist +io.appium.uiautomator2.server.test ;'
[debug] &amp#27;[35m[ADB]&amp#27;[39m Checking app cert for C:\Users\joelv\eclipse-workspace2\framework\src\General-Store.apk
[debug] &amp#27;[35m[ADB]&amp#27;[39m Starting apksigner: 'C:\\Program Files\\Java\\jdk1.8.0_311\\bin\\java.exe' -Xmx1024M -Xss1m -jar C:\\Users\\joelv\\AppData\\Local\\Android\\Sdk\\build-tools\\32.0.0\\lib\\apksigner.jar verify --print-certs C:\\Users\\joelv\\eclipse-workspace2\\framework\\src\\General-Store.apk
[debug] &amp#27;[35m[ADB]&amp#27;[39m apksigner stdout: Signer #1 certificate DN: EMAILADDRESS=android@android.com, CN=Android, OU=Android, O=Android, L=Mountain View, ST=California, C=US
[debug] &amp#27;[35m[ADB]&amp#27;[39m Signer #1 certificate SHA-256 digest: a40da80a59d170caa950cf15c18c454d47a39b26989d8b640ecd745ba71bf5dc
[debug] &amp#27;[35m[ADB]&amp#27;[39m Signer #1 certificate SHA-1 digest: 61ed377e85d386a8dfee6b864bd85b0bfaa5af81
[debug] &amp#27;[35m[ADB]&amp#27;[39m Signer #1 certificate MD5 digest: e89b158e4bcf988ebd09eb83f5378e87
[debug] &amp#27;[35m[ADB]&amp#27;[39m 
[debug] &amp#27;[35m[ADB]&amp#27;[39m sha256 hash did match for 'General-Store.apk'
&amp#27;[35m[ADB]&amp#27;[39m 'C:\Users\joelv\eclipse-workspace2\framework\src\General-Store.apk' is signed with the default certificate
[debug] &amp#27;[35m[ADB]&amp#27;[39m Getting install status for com.androidsample.generalstore
[debug] &amp#27;[35m[ADB]&amp#27;[39m Running 'C:\Users\joelv\AppData\Local\Android\Sdk\platform-tools\adb.exe -P 5037 -s emulator-5554 shell dumpsys package com.androidsample.generalstore'
[debug] &amp#27;[35m[ADB]&amp#27;[39m 'com.androidsample.generalstore' is installed
[debug] &amp#27;[35m[ADB]&amp#27;[39m Getting package info for 'com.androidsample.generalstore'
[debug] &amp#27;[35m[ADB]&amp#27;[39m Running 'C:\Users\joelv\AppData\Local\Android\Sdk\platform-tools\adb.exe -P 5037 -s emulator-5554 shell dumpsys package com.androidsample.generalstore'
[debug] &amp#27;[35m[ADB]&amp#27;[39m The version name of the installed 'com.androidsample.generalstore' is greater or equal to the application version name ('1.0.0' >= '1.0.0')
[debug] &amp#27;[35m[ADB]&amp#27;[39m There is no need to install/upgrade 'C:\Users\joelv\eclipse-workspace2\framework\src\General-Store.apk'
&amp#27;[35m[AndroidDriver]&amp#27;[39m Performing fast reset on 'com.androidsample.generalstore'
[debug] &amp#27;[35m[ADB]&amp#27;[39m Getting install status for com.androidsample.generalstore
[debug] &amp#27;[35m[ADB]&amp#27;[39m Running 'C:\Users\joelv\AppData\Local\Android\Sdk\platform-tools\adb.exe -P 5037 -s emulator-5554 shell dumpsys package com.androidsample.generalstore'
[debug] &amp#27;[35m[ADB]&amp#27;[39m 'com.androidsample.generalstore' is installed
[debug] &amp#27;[35m[ADB]&amp#27;[39m Running 'C:\Users\joelv\AppData\Local\Android\Sdk\platform-tools\adb.exe -P 5037 -s emulator-5554 shell am force-stop com.androidsample.generalstore'
[debug] &amp#27;[35m[ADB]&amp#27;[39m Running 'C:\Users\joelv\AppData\Local\Android\Sdk\platform-tools\adb.exe -P 5037 -s emulator-5554 shell pm clear com.androidsample.generalstore'
[debug] &amp#27;[35m[AndroidDriver]&amp#27;[39m Performed fast reset on the installed 'com.androidsample.generalstore' application (stop and clear)
[debug] &amp#27;[35m[UiAutomator2]&amp#27;[39m Performing shallow cleanup of automation leftovers
[debug] &amp#27;[35m[UiAutomator2]&amp#27;[39m The following obsolete sessions are still running: ["88b200fe-7642-4a0a-9fb4-1d9454c488a9"]
[debug] &amp#27;[35m[UiAutomator2]&amp#27;[39m Cleaning up 1 obsolete session
[debug] &amp#27;[35m[ADB]&amp#27;[39m Running 'C:\Users\joelv\AppData\Local\Android\Sdk\platform-tools\adb.exe -P 5037 -s emulator-5554 shell am force-stop io.appium.uiautomator2.server.test'
&amp#27;[35m[UiAutomator2]&amp#27;[39m Starting UIAutomator2 server 4.27.0
&amp#27;[35m[UiAutomator2]&amp#27;[39m Using UIAutomator2 server from 'C:\Users\joelv\AppData\Roaming\npm\node_modules\appium\node_modules\appium-uiautomator2-server\apks\appium-uiautomator2-server-v4.27.0.apk' and test from 'C:\Users\joelv\AppData\Roaming\npm\node_modules\appium\node_modules\appium-uiautomator2-server\apks\appium-uiautomator2-server-debug-androidTest.apk'
&amp#27;[35m[UiAutomator2]&amp#27;[39m Waiting up to 30000ms for UiAutomator2 to be online...
[debug] &amp#27;[35m[ADB]&amp#27;[39m Creating ADB subprocess with args: ["-P",5037,"-s","emulator-5554","shell","am","instrument","-w","-e","disableAnalytics",true,"io.appium.uiautomator2.server.test/androidx.test.runner.AndroidJUnitRunner"]
[debug] &amp#27;[35m[WD Proxy]&amp#27;[39m Matched '/status' to command name 'getStatus'
[debug] &amp#27;[35m[WD Proxy]&amp#27;[39m Proxying [GET /status] to [GET http://127.0.0.1:8202/wd/hub/status] with no body
&amp#27;[35m[WD Proxy]&amp#27;[39m socket hang up
[debug] &amp#27;[35m[Instrumentation]&amp#27;[39m io.appium.uiautomator2.server.test.AppiumUiAutomator2Server:
[debug] &amp#27;[35m[WD Proxy]&amp#27;[39m Matched '/status' to command name 'getStatus'
[debug] &amp#27;[35m[WD Proxy]&amp#27;[39m Proxying [GET /status] to [GET http://127.0.0.1:8202/wd/hub/status] with no body
&amp#27;[35m[WD Proxy]&amp#27;[39m socket hang up
[debug] &amp#27;[35m[WD Proxy]&amp#27;[39m Matched '/status' to command name 'getStatus'
[debug] &amp#27;[35m[WD Proxy]&amp#27;[39m Proxying [GET /status] to [GET http://127.0.0.1:8202/wd/hub/status] with no body
[debug] &amp#27;[35m[WD Proxy]&amp#27;[39m Got response with status 200: {"sessionId":"None","value":{"message":"UiAutomator2 Server is ready to accept commands","ready":true}}
[debug] &amp#27;[35m[UiAutomator2]&amp#27;[39m The initialization of the instrumentation process took 2096ms
[debug] &amp#27;[35m[WD Proxy]&amp#27;[39m Matched '/session' to command name 'createSession'
[debug] &amp#27;[35m[WD Proxy]&amp#27;[39m Proxying [POST /session] to [POST http://127.0.0.1:8202/wd/hub/session] with body: {"capabilities":{"firstMatch":[{"platform":"LINUX","webStorageEnabled":false,"takesScreenshot":true,"javascriptEnabled":true,"databaseEnabled":false,"networkConnectionEnabled":true,"locationContextEnabled":false,"warnings":{},"desired":{"platformName":"android","app":"C:\\Users\\joelv\\eclipse-workspace2\\framework\\src\\General-Store.apk","chromeOptions":{"w3c":false},"automationName":"uiautomator2","avd":"emulator1","deviceName":"emulator1"},"platformName":"android","app":"C:\\Users\\joelv\\eclipse-workspace2\\framework\\src\\General-Store.apk","chromeOptions":{"w3c":false},"automationName":"uiautomator2","avd":"emulator1","deviceName":"emulator-5554","deviceUDID":"emulator-5554","appPackage":"com.androidsample.generalstore"}],"alwaysMatch":{}}}
[debug] &amp#27;[35m[WD Proxy]&amp#27;[39m Got response with status 200: {"sessionId":"00426f6a-859e-41f5-8f9d-67c1f2b7b19a","value":{"capabilities":{"firstMatch":[{"platform":"LINUX","webStorageEnabled":false,"takesScreenshot":true,"javascriptEnabled":true,"databaseEnabled":false,"networkConnectionEnabled":true,"locationContextEnabled":false,"warnings":{},"desired":{"platformName":"android","app":"C:\\Users\\joelv\\eclipse-workspace2\\framework\\src\\General-Store.apk","chromeOptions":{"w3c":false},"automationName":"uiautomator2","avd":"emulator1","deviceName":"emulator1"},"platformName":"android","app":"C:\\Users\\joelv\\eclipse-workspace2\\framework\\src\\General-Store.apk","chromeOptions":{"w3c":false},"automationName":"uiautomator2","avd":"emulator1","deviceName":"emulator-5554","deviceUDID":"emulator-5554","appPackage":"com.androidsample.generalstore"}],"alwaysMatch":{}},"sessionId":"00426f6a-859e-41f5-8f9d-67c1f2b7b19a"}}
&amp#27;[35m[WD Proxy]&amp#27;[39m Determined the downstream protocol as 'W3C'
[debug] &amp#27;[35m[WD Proxy]&amp#27;[39m Proxying [GET /appium/device/info] to [GET http://127.0.0.1:8202/wd/hub/session/00426f6a-859e-41f5-8f9d-67c1f2b7b19a/appium/device/info] with no body
[debug] &amp#27;[35m[WD Proxy]&amp#27;[39m Got response with status 200: {"sessionId":"00426f6a-859e-41f5-8f9d-67c1f2b7b19a","value":{"androidId":"36aa52b107025819","apiVersion":"30","bluetooth":{"state":"ON"},"brand":"Android","carrierName":"Android","displayDensity":560,"locale":"en_US","manufacturer":"unknown","model":"Android SDK built for x86","networks":[{"capabilities":{"SSID":null,"linkDownBandwidthKbps":30000,"linkUpstreamBandwidthKbps":15000,"networkCapabilities":"NET_CAPABILITY_MMS,NET_CAPABILITY_SUPL,NET_CAPABILITY_DUN,NET_CAPABILITY_FOTA,NET_CAPABILITY_IMS,NET_CAPABILITY_CBS,NET_CAPABILITY_INTERNET,NET_CAPABILITY_NOT_RESTRICTED,NET_CAPABILITY_TRUSTED,NET_CAPABILITY_NOT_VPN,NET_CAPABILITY_VALIDATED,NET_CAPABILITY_NOT_ROAMING,NET_CAPABILITY_NOT_CONGESTED,NET_CAPABILITY_NOT_SUSPENDED","signalStrength":-2147483648,"transportTypes":"TRANSPORT_CELLULAR"},"detailedState":"CONNECTED","extraInfo":"epc.tmobile.com","isAvailable":true,"isConnected":true,"isFailover":false,"isRoaming":false,"state":"CONNECTED","subtype":13,"subtypeName":"LTE","type":0,"typeName":"MOBILE"},{"ca...
[debug] &amp#27;[35m[ADB]&amp#27;[39m Running 'C:\Users\joelv\AppData\Local\Android\Sdk\platform-tools\adb.exe -P 5037 -s emulator-5554 shell dumpsys window'
&amp#27;[35m[AndroidDriver]&amp#27;[39m Screen already unlocked, doing nothing
&amp#27;[35m[UiAutomator2]&amp#27;[39m Starting 'com.androidsample.generalstore/com.androidsample.generalstore.SplashActivity and waiting for 'com.androidsample.generalstore/com.androidsample.generalstore.SplashActivity'
[debug] &amp#27;[35m[ADB]&amp#27;[39m Running 'C:\Users\joelv\AppData\Local\Android\Sdk\platform-tools\adb.exe -P 5037 -s emulator-5554 shell am start -W -n com.androidsample.generalstore/com.androidsample.generalstore.SplashActivity -S -a android.intent.action.MAIN -c android.intent.category.LAUNCHER -f 0x10200000'
[debug] &amp#27;[35m[ADB]&amp#27;[39m Waiting up to 20000ms for activity matching pkg: 'com.androidsample.generalstore' and activity: 'com.androidsample.generalstore.SplashActivity' to be focused
[debug] &amp#27;[35m[ADB]&amp#27;[39m Possible activities, to be checked: 'com.androidsample.generalstore.SplashActivity', 'com.androidsample.generalstore.com.androidsample.generalstore.SplashActivity'
[debug] &amp#27;[35m[ADB]&amp#27;[39m Getting focused package and activity
[debug] &amp#27;[35m[ADB]&amp#27;[39m Running 'C:\Users\joelv\AppData\Local\Android\Sdk\platform-tools\adb.exe -P 5037 -s emulator-5554 shell dumpsys window displays'
[debug] &amp#27;[35m[ADB]&amp#27;[39m Found package: 'com.androidsample.generalstore' and fully qualified activity name : 'com.androidsample.generalstore.SplashActivity'
[debug] &amp#27;[35m[WD Proxy]&amp#27;[39m Proxying [GET /appium/device/pixel_ratio] to [GET http://127.0.0.1:8202/wd/hub/session/00426f6a-859e-41f5-8f9d-67c1f2b7b19a/appium/device/pixel_ratio] with no body
[debug] &amp#27;[35m[WD Proxy]&amp#27;[39m Got response with status 200: {"sessionId":"00426f6a-859e-41f5-8f9d-67c1f2b7b19a","value":3.5}
[debug] &amp#27;[35m[WD Proxy]&amp#27;[39m Matched '/appium/device/system_bars' to command name 'getSystemBars'
[debug] &amp#27;[35m[WD Proxy]&amp#27;[39m Proxying [GET /appium/device/system_bars] to [GET http://127.0.0.1:8202/wd/hub/session/00426f6a-859e-41f5-8f9d-67c1f2b7b19a/appium/device/system_bars] with no body
[debug] &amp#27;[35m[WD Proxy]&amp#27;[39m Got response with status 200: {"sessionId":"00426f6a-859e-41f5-8f9d-67c1f2b7b19a","value":{"statusBar":84}}
[debug] &amp#27;[35m[WD Proxy]&amp#27;[39m Matched '/window/current/size' to command name 'getWindowSize'
[debug] &amp#27;[35m[WD Proxy]&amp#27;[39m Proxying [GET /window/current/size] to [GET http://127.0.0.1:8202/wd/hub/session/00426f6a-859e-41f5-8f9d-67c1f2b7b19a/window/current/size] with no body
[debug] &amp#27;[35m[WD Proxy]&amp#27;[39m Got response with status 200: {"sessionId":"00426f6a-859e-41f5-8f9d-67c1f2b7b19a","value":{"height":2712,"width":1440}}
&amp#27;[35m[Appium]&amp#27;[39m New AndroidUiautomator2Driver session created successfully, session 745f9bd0-a060-47db-b44f-2f5bd711155f added to master session list
[debug] &amp#27;[35m[BaseDriver]&amp#27;[39m Event 'newSessionStarted' logged at 1642249715841 (17:58:35 GMT+0530 (India Standard Time))
[debug] &amp#27;[35m[W3C (745f9bd0)]&amp#27;[39m Cached the protocol value 'W3C' for the new session 745f9bd0-a060-47db-b44f-2f5bd711155f
[debug] &amp#27;[35m[W3C (745f9bd0)]&amp#27;[39m Responding to client with driver.createSession() result: {"capabilities":{"platform":"LINUX","webStorageEnabled":false,"takesScreenshot":true,"javascriptEnabled":true,"databaseEnabled":false,"networkConnectionEnabled":true,"locationContextEnabled":false,"warnings":{},"desired":{"platformName":"android","app":"C:\\Users\\joelv\\eclipse-workspace2\\framework\\src\\General-Store.apk","chromeOptions":{"w3c":false},"automationName":"uiautomator2","avd":"emulator1","deviceName":"emulator1"},"platformName":"android","app":"C:\\Users\\joelv\\eclipse-workspace2\\framework\\src\\General-Store.apk","chromeOptions":{"w3c":false},"automationName":"uiautomator2","avd":"emulator1","deviceName":"emulator-5554","deviceUDID":"emulator-5554","appPackage":"com.androidsample.generalstore","deviceApiLevel":30,"platformVersion":"11","deviceScreenSize":"1440x2880","deviceScreenDensity":560,"deviceModel":"Android SDK built for x86","deviceManufacturer":"unknown","pixelRatio":3.5,"statBarHeight":84,"viewportRect":{"left":0,"top":84,"width":1440,"height":2628}}}
&amp#27;[35m[HTTP]&amp#27;[39m &amp#27;[37m<-- POST /wd/hub/session &amp#27;[39m&amp#27;[32m200&amp#27;[39m &amp#27;[90m6656 ms - 1055&amp#27;[39m
&amp#27;[35m[HTTP]&amp#27;[39m &amp#27;[90m&amp#27;[39m
&amp#27;[35m[HTTP]&amp#27;[39m &amp#27;[37m-->&amp#27;[39m &amp#27;[37mPOST&amp#27;[39m &amp#27;[37m/wd/hub/session/745f9bd0-a060-47db-b44f-2f5bd711155f/timeouts&amp#27;[39m
&amp#27;[35m[HTTP]&amp#27;[39m &amp#27;[90m{"implicit":10000}&amp#27;[39m
[debug] &amp#27;[35m[W3C (745f9bd0)]&amp#27;[39m Calling AppiumDriver.timeouts() with args: [null,null,null,null,10000,"745f9bd0-a060-47db-b44f-2f5bd711155f"]
[debug] &amp#27;[35m[BaseDriver]&amp#27;[39m W3C timeout argument: {"implicit":10000}}
[debug] &amp#27;[35m[BaseDriver]&amp#27;[39m Set implicit wait to 10000ms
[debug] &amp#27;[35m[W3C (745f9bd0)]&amp#27;[39m Responding to client with driver.timeouts() result: null
&amp#27;[35m[HTTP]&amp#27;[39m &amp#27;[37m<-- POST /wd/hub/session/745f9bd0-a060-47db-b44f-2f5bd711155f/timeouts &amp#27;[39m&amp#27;[32m200&amp#27;[39m &amp#27;[90m2 ms - 14&amp#27;[39m
&amp#27;[35m[HTTP]&amp#27;[39m &amp#27;[90m&amp#27;[39m
&amp#27;[35m[HTTP]&amp#27;[39m &amp#27;[37m-->&amp#27;[39m &amp#27;[37mPOST&amp#27;[39m &amp#27;[37m/wd/hub/session/745f9bd0-a060-47db-b44f-2f5bd711155f/element&amp#27;[39m
&amp#27;[35m[HTTP]&amp#27;[39m &amp#27;[90m{"using":"id","value":"com.androidsample.generalstore:id/nameField"}&amp#27;[39m
[debug] &amp#27;[35m[W3C (745f9bd0)]&amp#27;[39m Calling AppiumDriver.findElement() with args: ["id","com.androidsample.generalstore:id/nameField","745f9bd0-a060-47db-b44f-2f5bd711155f"]
[debug] &amp#27;[35m[BaseDriver]&amp#27;[39m Valid locator strategies for this request: xpath, id, class name, accessibility id, css selector, -android uiautomator
[debug] &amp#27;[35m[BaseDriver]&amp#27;[39m Waiting up to 10000 ms for condition
[debug] &amp#27;[35m[WD Proxy]&amp#27;[39m Matched '/element' to command name 'findElement'
[debug] &amp#27;[35m[WD Proxy]&amp#27;[39m Proxying [POST /element] to [POST http://127.0.0.1:8202/wd/hub/session/00426f6a-859e-41f5-8f9d-67c1f2b7b19a/element] with body: {"strategy":"id","selector":"com.androidsample.generalstore:id/nameField","context":"","multiple":false}
&amp#27;[35m[WD Proxy]&amp#27;[39m Got response with status 404: {"sessionId":"00426f6a-859e-41f5-8f9d-67c1f2b7b19a","value":{"error":"no such element","message":"An element could not be located on the page using the given search parameters","stacktrace":"io.appium.uiautomator2.common.exceptions.ElementNotFoundException: An element could not be located on the page using the given search parameters\n\tat io.appium.uiautomator2.handler.FindElement.safeHandle(FindElement.java:70)\n\tat io.appium.uiautomator2.handler.request.SafeRequestHandler.handle(SafeRequestHandler.java:59)\n\tat io.appium.uiautomator2.server.AppiumServlet.handleRequest(AppiumServlet.java:266)\n\tat io.appium.uiautomator2.server.AppiumServlet.handleHttpRequest(AppiumServlet.java:260)\n\tat io.appium.uiautomator2.http.ServerHandler.channelRead(ServerHandler.java:68)\n\tat io.netty.channel.AbstractChannelHandlerContext.invokeChannelRead(AbstractChannelHandlerContext.java:366)\n\tat io.netty.channel.AbstractChannelHandlerContext.invokeChannelRead(AbstractChannelHandlerContext.java:352)\n\tat io.netty.chann...
[debug] &amp#27;[35m[W3C]&amp#27;[39m Matched W3C error code 'no such element' to NoSuchElementError
[debug] &amp#27;[35m[BaseDriver]&amp#27;[39m Waited for 286 ms so far
[debug] &amp#27;[35m[WD Proxy]&amp#27;[39m Matched '/element' to command name 'findElement'
[debug] &amp#27;[35m[WD Proxy]&amp#27;[39m Proxying [POST /element] to [POST http://127.0.0.1:8202/wd/hub/session/00426f6a-859e-41f5-8f9d-67c1f2b7b19a/element] with body: {"strategy":"id","selector":"com.androidsample.generalstore:id/nameField","context":"","multiple":false}
&amp#27;[35m[WD Proxy]&amp#27;[39m Got response with status 404: {"sessionId":"00426f6a-859e-41f5-8f9d-67c1f2b7b19a","value":{"error":"no such element","message":"An element could not be located on the page using the given search parameters","stacktrace":"io.appium.uiautomator2.common.exceptions.ElementNotFoundException: An element could not be located on the page using the given search parameters\n\tat io.appium.uiautomator2.handler.FindElement.safeHandle(FindElement.java:70)\n\tat io.appium.uiautomator2.handler.request.SafeRequestHandler.handle(SafeRequestHandler.java:59)\n\tat io.appium.uiautomator2.server.AppiumServlet.handleRequest(AppiumServlet.java:266)\n\tat io.appium.uiautomator2.server.AppiumServlet.handleHttpRequest(AppiumServlet.java:260)\n\tat io.appium.uiautomator2.http.ServerHandler.channelRead(ServerHandler.java:68)\n\tat io.netty.channel.AbstractChannelHandlerContext.invokeChannelRead(AbstractChannelHandlerContext.java:366)\n\tat io.netty.channel.AbstractChannelHandlerContext.invokeChannelRead(AbstractChannelHandlerContext.java:352)\n\tat io.netty.chann...
[debug] &amp#27;[35m[W3C]&amp#27;[39m Matched W3C error code 'no such element' to NoSuchElementError
[debug] &amp#27;[35m[BaseDriver]&amp#27;[39m Waited for 804 ms so far
[debug] &amp#27;[35m[WD Proxy]&amp#27;[39m Matched '/element' to command name 'findElement'
[debug] &amp#27;[35m[WD Proxy]&amp#27;[39m Proxying [POST /element] to [POST http://127.0.0.1:8202/wd/hub/session/00426f6a-859e-41f5-8f9d-67c1f2b7b19a/element] with body: {"strategy":"id","selector":"com.androidsample.generalstore:id/nameField","context":"","multiple":false}
&amp#27;[35m[WD Proxy]&amp#27;[39m Got response with status 404: {"sessionId":"00426f6a-859e-41f5-8f9d-67c1f2b7b19a","value":{"error":"no such element","message":"An element could not be located on the page using the given search parameters","stacktrace":"io.appium.uiautomator2.common.exceptions.ElementNotFoundException: An element could not be located on the page using the given search parameters\n\tat io.appium.uiautomator2.handler.FindElement.safeHandle(FindElement.java:70)\n\tat io.appium.uiautomator2.handler.request.SafeRequestHandler.handle(SafeRequestHandler.java:59)\n\tat io.appium.uiautomator2.server.AppiumServlet.handleRequest(AppiumServlet.java:266)\n\tat io.appium.uiautomator2.server.AppiumServlet.handleHttpRequest(AppiumServlet.java:260)\n\tat io.appium.uiautomator2.http.ServerHandler.channelRead(ServerHandler.java:68)\n\tat io.netty.channel.AbstractChannelHandlerContext.invokeChannelRead(AbstractChannelHandlerContext.java:366)\n\tat io.netty.channel.AbstractChannelHandlerContext.invokeChannelRead(AbstractChannelHandlerContext.java:352)\n\tat io.netty.chann...
[debug] &amp#27;[35m[W3C]&amp#27;[39m Matched W3C error code 'no such element' to NoSuchElementError
[debug] &amp#27;[35m[BaseDriver]&amp#27;[39m Waited for 1327 ms so far
[debug] &amp#27;[35m[WD Proxy]&amp#27;[39m Matched '/element' to command name 'findElement'
[debug] &amp#27;[35m[WD Proxy]&amp#27;[39m Proxying [POST /element] to [POST http://127.0.0.1:8202/wd/hub/session/00426f6a-859e-41f5-8f9d-67c1f2b7b19a/element] with body: {"strategy":"id","selector":"com.androidsample.generalstore:id/nameField","context":"","multiple":false}
&amp#27;[35m[WD Proxy]&amp#27;[39m Got response with status 404: {"sessionId":"00426f6a-859e-41f5-8f9d-67c1f2b7b19a","value":{"error":"no such element","message":"An element could not be located on the page using the given search parameters","stacktrace":"io.appium.uiautomator2.common.exceptions.ElementNotFoundException: An element could not be located on the page using the given search parameters\n\tat io.appium.uiautomator2.handler.FindElement.safeHandle(FindElement.java:70)\n\tat io.appium.uiautomator2.handler.request.SafeRequestHandler.handle(SafeRequestHandler.java:59)\n\tat io.appium.uiautomator2.server.AppiumServlet.handleRequest(AppiumServlet.java:266)\n\tat io.appium.uiautomator2.server.AppiumServlet.handleHttpRequest(AppiumServlet.java:260)\n\tat io.appium.uiautomator2.http.ServerHandler.channelRead(ServerHandler.java:68)\n\tat io.netty.channel.AbstractChannelHandlerContext.invokeChannelRead(AbstractChannelHandlerContext.java:366)\n\tat io.netty.channel.AbstractChannelHandlerContext.invokeChannelRead(AbstractChannelHandlerContext.java:352)\n\tat io.netty.chann...
[debug] &amp#27;[35m[W3C]&amp#27;[39m Matched W3C error code 'no such element' to NoSuchElementError
[debug] &amp#27;[35m[BaseDriver]&amp#27;[39m Waited for 1849 ms so far
[debug] &amp#27;[35m[WD Proxy]&amp#27;[39m Matched '/element' to command name 'findElement'
[debug] &amp#27;[35m[WD Proxy]&amp#27;[39m Proxying [POST /element] to [POST http://127.0.0.1:8202/wd/hub/session/00426f6a-859e-41f5-8f9d-67c1f2b7b19a/element] with body: {"strategy":"id","selector":"com.androidsample.generalstore:id/nameField","context":"","multiple":false}
&amp#27;[35m[WD Proxy]&amp#27;[39m Got response with status 404: {"sessionId":"00426f6a-859e-41f5-8f9d-67c1f2b7b19a","value":{"error":"no such element","message":"An element could not be located on the page using the given search parameters","stacktrace":"io.appium.uiautomator2.common.exceptions.ElementNotFoundException: An element could not be located on the page using the given search parameters\n\tat io.appium.uiautomator2.handler.FindElement.safeHandle(FindElement.java:70)\n\tat io.appium.uiautomator2.handler.request.SafeRequestHandler.handle(SafeRequestHandler.java:59)\n\tat io.appium.uiautomator2.server.AppiumServlet.handleRequest(AppiumServlet.java:266)\n\tat io.appium.uiautomator2.server.AppiumServlet.handleHttpRequest(AppiumServlet.java:260)\n\tat io.appium.uiautomator2.http.ServerHandler.channelRead(ServerHandler.java:68)\n\tat io.netty.channel.AbstractChannelHandlerContext.invokeChannelRead(AbstractChannelHandlerContext.java:366)\n\tat io.netty.channel.AbstractChannelHandlerContext.invokeChannelRead(AbstractChannelHandlerContext.java:352)\n\tat io.netty.chann...
[debug] &amp#27;[35m[W3C]&amp#27;[39m Matched W3C error code 'no such element' to NoSuchElementError
[debug] &amp#27;[35m[BaseDriver]&amp#27;[39m Waited for 2363 ms so far
[debug] &amp#27;[35m[WD Proxy]&amp#27;[39m Matched '/element' to command name 'findElement'
[debug] &amp#27;[35m[WD Proxy]&amp#27;[39m Proxying [POST /element] to [POST http://127.0.0.1:8202/wd/hub/session/00426f6a-859e-41f5-8f9d-67c1f2b7b19a/element] with body: {"strategy":"id","selector":"com.androidsample.generalstore:id/nameField","context":"","multiple":false}
&amp#27;[35m[WD Proxy]&amp#27;[39m Got response with status 404: {"sessionId":"00426f6a-859e-41f5-8f9d-67c1f2b7b19a","value":{"error":"no such element","message":"An element could not be located on the page using the given search parameters","stacktrace":"io.appium.uiautomator2.common.exceptions.ElementNotFoundException: An element could not be located on the page using the given search parameters\n\tat io.appium.uiautomator2.handler.FindElement.safeHandle(FindElement.java:70)\n\tat io.appium.uiautomator2.handler.request.SafeRequestHandler.handle(SafeRequestHandler.java:59)\n\tat io.appium.uiautomator2.server.AppiumServlet.handleRequest(AppiumServlet.java:266)\n\tat io.appium.uiautomator2.server.AppiumServlet.handleHttpRequest(AppiumServlet.java:260)\n\tat io.appium.uiautomator2.http.ServerHandler.channelRead(ServerHandler.java:68)\n\tat io.netty.channel.AbstractChannelHandlerContext.invokeChannelRead(AbstractChannelHandlerContext.java:366)\n\tat io.netty.channel.AbstractChannelHandlerContext.invokeChannelRead(AbstractChannelHandlerContext.java:352)\n\tat io.netty.chann...
[debug] &amp#27;[35m[W3C]&amp#27;[39m Matched W3C error code 'no such element' to NoSuchElementError
[debug] &amp#27;[35m[BaseDriver]&amp#27;[39m Waited for 2950 ms so far
[debug] &amp#27;[35m[WD Proxy]&amp#27;[39m Matched '/element' to command name 'findElement'
[debug] &amp#27;[35m[WD Proxy]&amp#27;[39m Proxying [POST /element] to [POST http://127.0.0.1:8202/wd/hub/session/00426f6a-859e-41f5-8f9d-67c1f2b7b19a/element] with body: {"strategy":"id","selector":"com.androidsample.generalstore:id/nameField","context":"","multiple":false}
[debug] &amp#27;[35m[WD Proxy]&amp#27;[39m Got response with status 200: {"sessionId":"00426f6a-859e-41f5-8f9d-67c1f2b7b19a","value":{"ELEMENT":"00000000-0000-0298-ffff-ffff0000001d","element-6066-11e4-a52e-4f735466cecf":"00000000-0000-0298-ffff-ffff0000001d"}}
[debug] &amp#27;[35m[W3C (745f9bd0)]&amp#27;[39m Responding to client with driver.findElement() result: {"element-6066-11e4-a52e-4f735466cecf":"00000000-0000-0298-ffff-ffff0000001d","ELEMENT":"00000000-0000-0298-ffff-ffff0000001d"}
&amp#27;[35m[HTTP]&amp#27;[39m &amp#27;[37m<-- POST /wd/hub/session/745f9bd0-a060-47db-b44f-2f5bd711155f/element &amp#27;[39m&amp#27;[32m200&amp#27;[39m &amp#27;[90m3575 ms - 137&amp#27;[39m
&amp#27;[35m[HTTP]&amp#27;[39m &amp#27;[90m&amp#27;[39m
&amp#27;[35m[HTTP]&amp#27;[39m &amp#27;[37m-->&amp#27;[39m &amp#27;[37mPOST&amp#27;[39m &amp#27;[37m/wd/hub/session/745f9bd0-a060-47db-b44f-2f5bd711155f/element/00000000-0000-0298-ffff-ffff0000001d/value&amp#27;[39m
&amp#27;[35m[HTTP]&amp#27;[39m &amp#27;[90m{"id":"00000000-0000-0298-ffff-ffff0000001d","text":"brandShoes","value":["b","r","a","n","d","S","h","o","e","s"]}&amp#27;[39m
[debug] &amp#27;[35m[W3C (745f9bd0)]&amp#27;[39m Calling AppiumDriver.setValue() with args: [["b","r","a","n","d","S","h","o","e","s"],"00000000-0000-0298-ffff-ffff0000001d","745f9bd0-a060-47db-b44f-2f5bd711155f"]
[debug] &amp#27;[35m[WD Proxy]&amp#27;[39m Matched '/element/00000000-0000-0298-ffff-ffff0000001d/value' to command name 'setValue'
[debug] &amp#27;[35m[Protocol Converter]&amp#27;[39m Added 'value' property ["b","r","a","n","d","S","h","o","e","s"] to 'setValue' request body
[debug] &amp#27;[35m[WD Proxy]&amp#27;[39m Proxying [POST /element/00000000-0000-0298-ffff-ffff0000001d/value] to [POST http://127.0.0.1:8202/wd/hub/session/00426f6a-859e-41f5-8f9d-67c1f2b7b19a/element/00000000-0000-0298-ffff-ffff0000001d/value] with body: {"elementId":"00000000-0000-0298-ffff-ffff0000001d","text":"brandShoes","replace":false,"value":["b","r","a","n","d","S","h","o","e","s"]}
[debug] &amp#27;[35m[WD Proxy]&amp#27;[39m Got response with status 200: {"sessionId":"00426f6a-859e-41f5-8f9d-67c1f2b7b19a","value":null}
[debug] &amp#27;[35m[W3C (745f9bd0)]&amp#27;[39m Responding to client with driver.setValue() result: null
&amp#27;[35m[HTTP]&amp#27;[39m &amp#27;[37m<-- POST /wd/hub/session/745f9bd0-a060-47db-b44f-2f5bd711155f/element/00000000-0000-0298-ffff-ffff0000001d/value &amp#27;[39m&amp#27;[32m200&amp#27;[39m &amp#27;[90m531 ms - 14&amp#27;[39m
&amp#27;[35m[HTTP]&amp#27;[39m &amp#27;[90m&amp#27;[39m
&amp#27;[35m[HTTP]&amp#27;[39m &amp#27;[37m-->&amp#27;[39m &amp#27;[37mPOST&amp#27;[39m &amp#27;[37m/wd/hub/session/745f9bd0-a060-47db-b44f-2f5bd711155f/appium/device/hide_keyboard&amp#27;[39m
&amp#27;[35m[HTTP]&amp#27;[39m &amp#27;[90m{}&amp#27;[39m
[debug] &amp#27;[35m[W3C (745f9bd0)]&amp#27;[39m Calling AppiumDriver.hideKeyboard() with args: [null,null,null,null,"745f9bd0-a060-47db-b44f-2f5bd711155f"]
[debug] &amp#27;[35m[ADB]&amp#27;[39m Running 'C:\Users\joelv\AppData\Local\Android\Sdk\platform-tools\adb.exe -P 5037 -s emulator-5554 shell dumpsys input_method'
&amp#27;[35m[ADB]&amp#27;[39m Keyboard has no UI; no closing necessary
[debug] &amp#27;[35m[W3C (745f9bd0)]&amp#27;[39m Responding to client with driver.hideKeyboard() result: false
&amp#27;[35m[HTTP]&amp#27;[39m &amp#27;[37m<-- POST /wd/hub/session/745f9bd0-a060-47db-b44f-2f5bd711155f/appium/device/hide_keyboard &amp#27;[39m&amp#27;[32m200&amp#27;[39m &amp#27;[90m49 ms - 15&amp#27;[39m
&amp#27;[35m[HTTP]&amp#27;[39m &amp#27;[90m&amp#27;[39m
&amp#27;[35m[HTTP]&amp#27;[39m &amp#27;[37m-->&amp#27;[39m &amp#27;[37mPOST&amp#27;[39m &amp#27;[37m/wd/hub/session/745f9bd0-a060-47db-b44f-2f5bd711155f/element&amp#27;[39m
&amp#27;[35m[HTTP]&amp#27;[39m &amp#27;[90m{"using":"xpath","value":"//*[@text='Female']"}&amp#27;[39m
[debug] &amp#27;[35m[W3C (745f9bd0)]&amp#27;[39m Calling AppiumDriver.findElement() with args: ["xpath","//*[@text='Female']","745f9bd0-a060-47db-b44f-2f5bd711155f"]
[debug] &amp#27;[35m[BaseDriver]&amp#27;[39m Valid locator strategies for this request: xpath, id, class name, accessibility id, css selector, -android uiautomator
[debug] &amp#27;[35m[BaseDriver]&amp#27;[39m Waiting up to 10000 ms for condition
[debug] &amp#27;[35m[WD Proxy]&amp#27;[39m Matched '/element' to command name 'findElement'
[debug] &amp#27;[35m[WD Proxy]&amp#27;[39m Proxying [POST /element] to [POST http://127.0.0.1:8202/wd/hub/session/00426f6a-859e-41f5-8f9d-67c1f2b7b19a/element] with body: {"strategy":"xpath","selector":"//*[@text='Female']","context":"","multiple":false}
[debug] &amp#27;[35m[WD Proxy]&amp#27;[39m Got response with status 200: {"sessionId":"00426f6a-859e-41f5-8f9d-67c1f2b7b19a","value":{"ELEMENT":"00000000-0000-0298-ffff-ffff00000021","element-6066-11e4-a52e-4f735466cecf":"00000000-0000-0298-ffff-ffff00000021"}}
[debug] &amp#27;[35m[W3C (745f9bd0)]&amp#27;[39m Responding to client with driver.findElement() result: {"element-6066-11e4-a52e-4f735466cecf":"00000000-0000-0298-ffff-ffff00000021","ELEMENT":"00000000-0000-0298-ffff-ffff00000021"}
&amp#27;[35m[HTTP]&amp#27;[39m &amp#27;[37m<-- POST /wd/hub/session/745f9bd0-a060-47db-b44f-2f5bd711155f/element &amp#27;[39m&amp#27;[32m200&amp#27;[39m &amp#27;[90m747 ms - 137&amp#27;[39m
&amp#27;[35m[HTTP]&amp#27;[39m &amp#27;[90m&amp#27;[39m
&amp#27;[35m[HTTP]&amp#27;[39m &amp#27;[37m-->&amp#27;[39m &amp#27;[37mPOST&amp#27;[39m &amp#27;[37m/wd/hub/session/745f9bd0-a060-47db-b44f-2f5bd711155f/element/00000000-0000-0298-ffff-ffff00000021/click&amp#27;[39m
&amp#27;[35m[HTTP]&amp#27;[39m &amp#27;[90m{"id":"00000000-0000-0298-ffff-ffff00000021"}&amp#27;[39m
[debug] &amp#27;[35m[W3C (745f9bd0)]&amp#27;[39m Calling AppiumDriver.click() with args: ["00000000-0000-0298-ffff-ffff00000021","745f9bd0-a060-47db-b44f-2f5bd711155f"]
[debug] &amp#27;[35m[WD Proxy]&amp#27;[39m Matched '/element/00000000-0000-0298-ffff-ffff00000021/click' to command name 'click'
[debug] &amp#27;[35m[WD Proxy]&amp#27;[39m Proxying [POST /element/00000000-0000-0298-ffff-ffff00000021/click] to [POST http://127.0.0.1:8202/wd/hub/session/00426f6a-859e-41f5-8f9d-67c1f2b7b19a/element/00000000-0000-0298-ffff-ffff00000021/click] with body: {"element":"00000000-0000-0298-ffff-ffff00000021"}
[debug] &amp#27;[35m[WD Proxy]&amp#27;[39m Got response with status 200: {"sessionId":"00426f6a-859e-41f5-8f9d-67c1f2b7b19a","value":null}
[debug] &amp#27;[35m[W3C (745f9bd0)]&amp#27;[39m Responding to client with driver.click() result: null
&amp#27;[35m[HTTP]&amp#27;[39m &amp#27;[37m<-- POST /wd/hub/session/745f9bd0-a060-47db-b44f-2f5bd711155f/element/00000000-0000-0298-ffff-ffff00000021/click &amp#27;[39m&amp#27;[32m200&amp#27;[39m &amp#27;[90m43 ms - 14&amp#27;[39m
&amp#27;[35m[HTTP]&amp#27;[39m &amp#27;[90m&amp#27;[39m
&amp#27;[35m[HTTP]&amp#27;[39m &amp#27;[37m-->&amp#27;[39m &amp#27;[37mPOST&amp#27;[39m &amp#27;[37m/wd/hub/session/745f9bd0-a060-47db-b44f-2f5bd711155f/element&amp#27;[39m
&amp#27;[35m[HTTP]&amp#27;[39m &amp#27;[90m{"using":"id","value":"android:id/text1"}&amp#27;[39m
[debug] &amp#27;[35m[W3C (745f9bd0)]&amp#27;[39m Calling AppiumDriver.findElement() with args: ["id","android:id/text1","745f9bd0-a060-47db-b44f-2f5bd711155f"]
[debug] &amp#27;[35m[BaseDriver]&amp#27;[39m Valid locator strategies for this request: xpath, id, class name, accessibility id, css selector, -android uiautomator
[debug] &amp#27;[35m[BaseDriver]&amp#27;[39m Waiting up to 10000 ms for condition
[debug] &amp#27;[35m[WD Proxy]&amp#27;[39m Matched '/element' to command name 'findElement'
[debug] &amp#27;[35m[WD Proxy]&amp#27;[39m Proxying [POST /element] to [POST http://127.0.0.1:8202/wd/hub/session/00426f6a-859e-41f5-8f9d-67c1f2b7b19a/element] with body: {"strategy":"id","selector":"android:id/text1","context":"","multiple":false}
[debug] &amp#27;[35m[WD Proxy]&amp#27;[39m Got response with status 200: {"sessionId":"00426f6a-859e-41f5-8f9d-67c1f2b7b19a","value":{"ELEMENT":"00000000-0000-0298-ffff-ffff00000024","element-6066-11e4-a52e-4f735466cecf":"00000000-0000-0298-ffff-ffff00000024"}}
[debug] &amp#27;[35m[W3C (745f9bd0)]&amp#27;[39m Responding to client with driver.findElement() result: {"element-6066-11e4-a52e-4f735466cecf":"00000000-0000-0298-ffff-ffff00000024","ELEMENT":"00000000-0000-0298-ffff-ffff00000024"}
&amp#27;[35m[HTTP]&amp#27;[39m &amp#27;[37m<-- POST /wd/hub/session/745f9bd0-a060-47db-b44f-2f5bd711155f/element &amp#27;[39m&amp#27;[32m200&amp#27;[39m &amp#27;[90m599 ms - 137&amp#27;[39m
&amp#27;[35m[HTTP]&amp#27;[39m &amp#27;[90m&amp#27;[39m
&amp#27;[35m[HTTP]&amp#27;[39m &amp#27;[37m-->&amp#27;[39m &amp#27;[37mPOST&amp#27;[39m &amp#27;[37m/wd/hub/session/745f9bd0-a060-47db-b44f-2f5bd711155f/element/00000000-0000-0298-ffff-ffff00000024/click&amp#27;[39m
&amp#27;[35m[HTTP]&amp#27;[39m &amp#27;[90m{"id":"00000000-0000-0298-ffff-ffff00000024"}&amp#27;[39m
[debug] &amp#27;[35m[W3C (745f9bd0)]&amp#27;[39m Calling AppiumDriver.click() with args: ["00000000-0000-0298-ffff-ffff00000024","745f9bd0-a060-47db-b44f-2f5bd711155f"]
[debug] &amp#27;[35m[WD Proxy]&amp#27;[39m Matched '/element/00000000-0000-0298-ffff-ffff00000024/click' to command name 'click'
[debug] &amp#27;[35m[WD Proxy]&amp#27;[39m Proxying [POST /element/00000000-0000-0298-ffff-ffff00000024/click] to [POST http://127.0.0.1:8202/wd/hub/session/00426f6a-859e-41f5-8f9d-67c1f2b7b19a/element/00000000-0000-0298-ffff-ffff00000024/click] with body: {"element":"00000000-0000-0298-ffff-ffff00000024"}
[debug] &amp#27;[35m[WD Proxy]&amp#27;[39m Got response with status 200: {"sessionId":"00426f6a-859e-41f5-8f9d-67c1f2b7b19a","value":null}
[debug] &amp#27;[35m[W3C (745f9bd0)]&amp#27;[39m Responding to client with driver.click() result: null
&amp#27;[35m[HTTP]&amp#27;[39m &amp#27;[37m<-- POST /wd/hub/session/745f9bd0-a060-47db-b44f-2f5bd711155f/element/00000000-0000-0298-ffff-ffff00000024/click &amp#27;[39m&amp#27;[32m200&amp#27;[39m &amp#27;[90m896 ms - 14&amp#27;[39m
&amp#27;[35m[HTTP]&amp#27;[39m &amp#27;[90m&amp#27;[39m
&amp#27;[35m[HTTP]&amp#27;[39m &amp#27;[37m-->&amp#27;[39m &amp#27;[37mPOST&amp#27;[39m &amp#27;[37m/wd/hub/session/745f9bd0-a060-47db-b44f-2f5bd711155f/element&amp#27;[39m
&amp#27;[35m[HTTP]&amp#27;[39m &amp#27;[90m{"using":"-android uiautomator","value":"new UiScrollable(new UiSelector()).scrollIntoView(text(\"Brazil\"));"}&amp#27;[39m
[debug] &amp#27;[35m[W3C (745f9bd0)]&amp#27;[39m Calling AppiumDriver.findElement() with args: ["-android uiautomator","new UiScrollable(new UiSelector()).scrollIntoView(text(\"Brazil\"));","745f9bd0-a060-47db-b44f-2f5bd711155f"]
[debug] &amp#27;[35m[BaseDriver]&amp#27;[39m Valid locator strategies for this request: xpath, id, class name, accessibility id, css selector, -android uiautomator
[debug] &amp#27;[35m[BaseDriver]&amp#27;[39m Waiting up to 10000 ms for condition
[debug] &amp#27;[35m[WD Proxy]&amp#27;[39m Matched '/element' to command name 'findElement'
[debug] &amp#27;[35m[WD Proxy]&amp#27;[39m Proxying [POST /element] to [POST http://127.0.0.1:8202/wd/hub/session/00426f6a-859e-41f5-8f9d-67c1f2b7b19a/element] with body: {"strategy":"-android uiautomator","selector":"new UiScrollable(new UiSelector()).scrollIntoView(text(\"Brazil\"));","context":"","multiple":false}
[debug] &amp#27;[35m[WD Proxy]&amp#27;[39m Got response with status 200: {"sessionId":"00426f6a-859e-41f5-8f9d-67c1f2b7b19a","value":{"ELEMENT":"00000000-0000-0299-ffff-ffff00000033","element-6066-11e4-a52e-4f735466cecf":"00000000-0000-0299-ffff-ffff00000033"}}
[debug] &amp#27;[35m[W3C (745f9bd0)]&amp#27;[39m Responding to client with driver.findElement() result: {"element-6066-11e4-a52e-4f735466cecf":"00000000-0000-0299-ffff-ffff00000033","ELEMENT":"00000000-0000-0299-ffff-ffff00000033"}
&amp#27;[35m[HTTP]&amp#27;[39m &amp#27;[37m<-- POST /wd/hub/session/745f9bd0-a060-47db-b44f-2f5bd711155f/element &amp#27;[39m&amp#27;[32m200&amp#27;[39m &amp#27;[90m7852 ms - 137&amp#27;[39m
&amp#27;[35m[HTTP]&amp#27;[39m &amp#27;[90m&amp#27;[39m
&amp#27;[35m[HTTP]&amp#27;[39m &amp#27;[37m-->&amp#27;[39m &amp#27;[37mPOST&amp#27;[39m &amp#27;[37m/wd/hub/session/745f9bd0-a060-47db-b44f-2f5bd711155f/element&amp#27;[39m
&amp#27;[35m[HTTP]&amp#27;[39m &amp#27;[90m{"using":"xpath","value":"//*[@text='Brazil']"}&amp#27;[39m
[debug] &amp#27;[35m[W3C (745f9bd0)]&amp#27;[39m Calling AppiumDriver.findElement() with args: ["xpath","//*[@text='Brazil']","745f9bd0-a060-47db-b44f-2f5bd711155f"]
[debug] &amp#27;[35m[BaseDriver]&amp#27;[39m Valid locator strategies for this request: xpath, id, class name, accessibility id, css selector, -android uiautomator
[debug] &amp#27;[35m[BaseDriver]&amp#27;[39m Waiting up to 10000 ms for condition
[debug] &amp#27;[35m[WD Proxy]&amp#27;[39m Matched '/element' to command name 'findElement'
[debug] &amp#27;[35m[WD Proxy]&amp#27;[39m Proxying [POST /element] to [POST http://127.0.0.1:8202/wd/hub/session/00426f6a-859e-41f5-8f9d-67c1f2b7b19a/element] with body: {"strategy":"xpath","selector":"//*[@text='Brazil']","context":"","multiple":false}
[debug] &amp#27;[35m[WD Proxy]&amp#27;[39m Got response with status 200: {"sessionId":"00426f6a-859e-41f5-8f9d-67c1f2b7b19a","value":{"ELEMENT":"00000000-0000-0299-ffff-ffff00000033","element-6066-11e4-a52e-4f735466cecf":"00000000-0000-0299-ffff-ffff00000033"}}
[debug] &amp#27;[35m[W3C (745f9bd0)]&amp#27;[39m Responding to client with driver.findElement() result: {"element-6066-11e4-a52e-4f735466cecf":"00000000-0000-0299-ffff-ffff00000033","ELEMENT":"00000000-0000-0299-ffff-ffff00000033"}
&amp#27;[35m[HTTP]&amp#27;[39m &amp#27;[37m<-- POST /wd/hub/session/745f9bd0-a060-47db-b44f-2f5bd711155f/element &amp#27;[39m&amp#27;[32m200&amp#27;[39m &amp#27;[90m30 ms - 137&amp#27;[39m
&amp#27;[35m[HTTP]&amp#27;[39m &amp#27;[90m&amp#27;[39m
&amp#27;[35m[HTTP]&amp#27;[39m &amp#27;[37m-->&amp#27;[39m &amp#27;[37mPOST&amp#27;[39m &amp#27;[37m/wd/hub/session/745f9bd0-a060-47db-b44f-2f5bd711155f/element/00000000-0000-0299-ffff-ffff00000033/click&amp#27;[39m
&amp#27;[35m[HTTP]&amp#27;[39m &amp#27;[90m{"id":"00000000-0000-0299-ffff-ffff00000033"}&amp#27;[39m
[debug] &amp#27;[35m[W3C (745f9bd0)]&amp#27;[39m Calling AppiumDriver.click() with args: ["00000000-0000-0299-ffff-ffff00000033","745f9bd0-a060-47db-b44f-2f5bd711155f"]
[debug] &amp#27;[35m[WD Proxy]&amp#27;[39m Matched '/element/00000000-0000-0299-ffff-ffff00000033/click' to command name 'click'
[debug] &amp#27;[35m[WD Proxy]&amp#27;[39m Proxying [POST /element/00000000-0000-0299-ffff-ffff00000033/click] to [POST http://127.0.0.1:8202/wd/hub/session/00426f6a-859e-41f5-8f9d-67c1f2b7b19a/element/00000000-0000-0299-ffff-ffff00000033/click] with body: {"element":"00000000-0000-0299-ffff-ffff00000033"}
[debug] &amp#27;[35m[WD Proxy]&amp#27;[39m Got response with status 200: {"sessionId":"00426f6a-859e-41f5-8f9d-67c1f2b7b19a","value":null}
[debug] &amp#27;[35m[W3C (745f9bd0)]&amp#27;[39m Responding to client with driver.click() result: null
&amp#27;[35m[HTTP]&amp#27;[39m &amp#27;[37m<-- POST /wd/hub/session/745f9bd0-a060-47db-b44f-2f5bd711155f/element/00000000-0000-0299-ffff-ffff00000033/click &amp#27;[39m&amp#27;[32m200&amp#27;[39m &amp#27;[90m682 ms - 14&amp#27;[39m
&amp#27;[35m[HTTP]&amp#27;[39m &amp#27;[90m&amp#27;[39m
&amp#27;[35m[HTTP]&amp#27;[39m &amp#27;[37m-->&amp#27;[39m &amp#27;[37mPOST&amp#27;[39m &amp#27;[37m/wd/hub/session/745f9bd0-a060-47db-b44f-2f5bd711155f/element&amp#27;[39m
&amp#27;[35m[HTTP]&amp#27;[39m &amp#27;[90m{"using":"id","value":"com.androidsample.generalstore:id/btnLetsShop"}&amp#27;[39m
[debug] &amp#27;[35m[W3C (745f9bd0)]&amp#27;[39m Calling AppiumDriver.findElement() with args: ["id","com.androidsample.generalstore:id/btnLetsShop","745f9bd0-a060-47db-b44f-2f5bd711155f"]
[debug] &amp#27;[35m[BaseDriver]&amp#27;[39m Valid locator strategies for this request: xpath, id, class name, accessibility id, css selector, -android uiautomator
[debug] &amp#27;[35m[BaseDriver]&amp#27;[39m Waiting up to 10000 ms for condition
[debug] &amp#27;[35m[WD Proxy]&amp#27;[39m Matched '/element' to command name 'findElement'
[debug] &amp#27;[35m[WD Proxy]&amp#27;[39m Proxying [POST /element] to [POST http://127.0.0.1:8202/wd/hub/session/00426f6a-859e-41f5-8f9d-67c1f2b7b19a/element] with body: {"strategy":"id","selector":"com.androidsample.generalstore:id/btnLetsShop","context":"","multiple":false}
[debug] &amp#27;[35m[WD Proxy]&amp#27;[39m Got response with status 200: {"sessionId":"00426f6a-859e-41f5-8f9d-67c1f2b7b19a","value":{"ELEMENT":"00000000-0000-0298-ffff-ffff00000022","element-6066-11e4-a52e-4f735466cecf":"00000000-0000-0298-ffff-ffff00000022"}}
[debug] &amp#27;[35m[W3C (745f9bd0)]&amp#27;[39m Responding to client with driver.findElement() result: {"element-6066-11e4-a52e-4f735466cecf":"00000000-0000-0298-ffff-ffff00000022","ELEMENT":"00000000-0000-0298-ffff-ffff00000022"}
&amp#27;[35m[HTTP]&amp#27;[39m &amp#27;[37m<-- POST /wd/hub/session/745f9bd0-a060-47db-b44f-2f5bd711155f/element &amp#27;[39m&amp#27;[32m200&amp#27;[39m &amp#27;[90m13 ms - 137&amp#27;[39m
&amp#27;[35m[HTTP]&amp#27;[39m &amp#27;[90m&amp#27;[39m
&amp#27;[35m[HTTP]&amp#27;[39m &amp#27;[37m-->&amp#27;[39m &amp#27;[37mPOST&amp#27;[39m &amp#27;[37m/wd/hub/session/745f9bd0-a060-47db-b44f-2f5bd711155f/element/00000000-0000-0298-ffff-ffff00000022/click&amp#27;[39m
&amp#27;[35m[HTTP]&amp#27;[39m &amp#27;[90m{"id":"00000000-0000-0298-ffff-ffff00000022"}&amp#27;[39m
[debug] &amp#27;[35m[W3C (745f9bd0)]&amp#27;[39m Calling AppiumDriver.click() with args: ["00000000-0000-0298-ffff-ffff00000022","745f9bd0-a060-47db-b44f-2f5bd711155f"]
[debug] &amp#27;[35m[WD Proxy]&amp#27;[39m Matched '/element/00000000-0000-0298-ffff-ffff00000022/click' to command name 'click'
[debug] &amp#27;[35m[WD Proxy]&amp#27;[39m Proxying [POST /element/00000000-0000-0298-ffff-ffff00000022/click] to [POST http://127.0.0.1:8202/wd/hub/session/00426f6a-859e-41f5-8f9d-67c1f2b7b19a/element/00000000-0000-0298-ffff-ffff00000022/click] with body: {"element":"00000000-0000-0298-ffff-ffff00000022"}
[debug] &amp#27;[35m[WD Proxy]&amp#27;[39m Got response with status 200: {"sessionId":"00426f6a-859e-41f5-8f9d-67c1f2b7b19a","value":null}
[debug] &amp#27;[35m[W3C (745f9bd0)]&amp#27;[39m Responding to client with driver.click() result: null
&amp#27;[35m[HTTP]&amp#27;[39m &amp#27;[37m<-- POST /wd/hub/session/745f9bd0-a060-47db-b44f-2f5bd711155f/element/00000000-0000-0298-ffff-ffff00000022/click &amp#27;[39m&amp#27;[32m200&amp#27;[39m &amp#27;[90m36 ms - 14&amp#27;[39m
]]></system-out>
    <system-err><![CDATA[Jan 15, 2022 5:58:35 PM io.appium.java_client.remote.AppiumCommandExecutor$1 lambda$0
INFO: Detected dialect: W3C
]]></system-err>
  </testcase>
  <testcase name="webAutomation" classname="appium.framework.WebViewCheck" time="45.089">
    <system-out><![CDATA[&amp#27;[35m[Appium]&amp#27;[39m Welcome to Appium v1.22.1
&amp#27;[35m[Appium]&amp#27;[39m Appium REST http interface listener started on 0.0.0.0:4723
&amp#27;[35m[HTTP]&amp#27;[39m &amp#27;[37m-->&amp#27;[39m &amp#27;[37mGET&amp#27;[39m &amp#27;[37m/wd/hub/status&amp#27;[39m
&amp#27;[35m[HTTP]&amp#27;[39m &amp#27;[90m{}&amp#27;[39m
[debug] &amp#27;[35m[GENERIC]&amp#27;[39m Calling AppiumDriver.getStatus() with args: []
[debug] &amp#27;[35m[GENERIC]&amp#27;[39m Responding to client with driver.getStatus() result: {"build":{"version":"1.22.1"}}
&amp#27;[35m[HTTP]&amp#27;[39m &amp#27;[37m<-- GET /wd/hub/status &amp#27;[39m&amp#27;[32m200&amp#27;[39m &amp#27;[90m3 ms - 68&amp#27;[39m
&amp#27;[35m[HTTP]&amp#27;[39m &amp#27;[90m&amp#27;[39m
[debug] &amp#27;[35m[HTTP]&amp#27;[39m Request idempotency key: 9fd570f9-1b5c-4796-931a-84756b87aeba
&amp#27;[35m[HTTP]&amp#27;[39m &amp#27;[37m-->&amp#27;[39m &amp#27;[37mPOST&amp#27;[39m &amp#27;[37m/wd/hub/session&amp#27;[39m
&amp#27;[35m[HTTP]&amp#27;[39m &amp#27;[90m{"desiredCapabilities":{"app":"C:\\Users\\joelv\\eclipse-workspace2\\framework\\src\\General-Store.apk","automationName":"uiautomator2","appium:chromeOptions":{"w3c":false},"platformName":"Android","deviceName":"emulator1","avd":"emulator1"},"capabilities":{"firstMatch":[{"appium:app":"C:\\Users\\joelv\\eclipse-workspace2\\framework\\src\\General-Store.apk","appium:chromeOptions":{"w3c":false},"appium:automationName":"uiautomator2","appium:avd":"emulator1","appium:deviceName":"emulator1","platformName":"android"}]}}&amp#27;[39m
[debug] &amp#27;[35m[W3C]&amp#27;[39m Calling AppiumDriver.createSession() with args: [{"app":"C:\\Users\\joelv\\eclipse-workspace2\\framework\\src\\General-Store.apk","automationName":"uiautomator2","appium:chromeOptions":{"w3c":false},"platformName":"Android","deviceName":"emulator1","avd":"emulator1"},null,{"firstMatch":[{"appium:app":"C:\\Users\\joelv\\eclipse-workspace2\\framework\\src\\General-Store.apk","appium:chromeOptions":{"w3c":false},"appium:automationName":"uiautomator2","appium:avd":"emulator1","appium:deviceName":"emulator1","platformName":"android"}]}]
[debug] &amp#27;[35m[BaseDriver]&amp#27;[39m Event 'newSessionRequested' logged at 1642249738989 (17:58:58 GMT+0530 (India Standard Time))
&amp#27;[35m[Appium]&amp#27;[39m Appium v1.22.1 creating new AndroidUiautomator2Driver (v1.70.1) session
[debug] &amp#27;[35m[BaseDriver]&amp#27;[39m W3C capabilities and MJSONWP desired capabilities were provided
[debug] &amp#27;[35m[BaseDriver]&amp#27;[39m Creating session with W3C capabilities: {
[debug] &amp#27;[35m[BaseDriver]&amp#27;[39m   "alwaysMatch": {
[debug] &amp#27;[35m[BaseDriver]&amp#27;[39m     "platformName": "android",
[debug] &amp#27;[35m[BaseDriver]&amp#27;[39m     "appium:app": "C:\\Users\\joelv\\eclipse-workspace2\\framework\\src\\General-Store.apk",
[debug] &amp#27;[35m[BaseDriver]&amp#27;[39m     "appium:chromeOptions": {
[debug] &amp#27;[35m[BaseDriver]&amp#27;[39m       "w3c": false
[debug] &amp#27;[35m[BaseDriver]&amp#27;[39m     },
[debug] &amp#27;[35m[BaseDriver]&amp#27;[39m     "appium:automationName": "uiautomator2",
[debug] &amp#27;[35m[BaseDriver]&amp#27;[39m     "appium:avd": "emulator1",
[debug] &amp#27;[35m[BaseDriver]&amp#27;[39m     "appium:deviceName": "emulator1"
[debug] &amp#27;[35m[BaseDriver]&amp#27;[39m   },
[debug] &amp#27;[35m[BaseDriver]&amp#27;[39m   "firstMatch": [
[debug] &amp#27;[35m[BaseDriver]&amp#27;[39m     {}
[debug] &amp#27;[35m[BaseDriver]&amp#27;[39m   ]
[debug] &amp#27;[35m[BaseDriver]&amp#27;[39m }
&amp#27;[35m[BaseDriver]&amp#27;[39m Session created with session id: d6d00a49-967f-4db9-89a7-3f6b8f8cb132
&amp#27;[35m[BaseDriver]&amp#27;[39m Using local app 'C:\Users\joelv\eclipse-workspace2\framework\src\General-Store.apk'
[debug] &amp#27;[35m[UiAutomator2]&amp#27;[39m Checking whether app is actually present
&amp#27;[35m[ADB]&amp#27;[39m Found 1 'build-tools' folders under 'C:\Users\joelv\AppData\Local\Android\Sdk' (newest first):
&amp#27;[35m[ADB]&amp#27;[39m     C:/Users/joelv/AppData/Local/Android/Sdk/build-tools/32.0.0
&amp#27;[35m[ADB]&amp#27;[39m Using 'adb.exe' from 'C:\Users\joelv\AppData\Local\Android\Sdk\platform-tools\adb.exe'
[debug] &amp#27;[35m[ADB]&amp#27;[39m Running 'C:\Users\joelv\AppData\Local\Android\Sdk\platform-tools\adb.exe -P 5037 start-server'
[debug] &amp#27;[35m[ADB]&amp#27;[39m Trying to find 'emulator1' emulator
[debug] &amp#27;[35m[ADB]&amp#27;[39m Getting connected emulators
[debug] &amp#27;[35m[ADB]&amp#27;[39m Getting connected devices
[debug] &amp#27;[35m[ADB]&amp#27;[39m Connected devices: [{"udid":"emulator-5554","state":"device"}]
[debug] &amp#27;[35m[ADB]&amp#27;[39m 1 emulator connected
[debug] &amp#27;[35m[ADB]&amp#27;[39m Overriding C:\Users\joelv\.emulator_console_auth_token with an empty string to avoid telnet authentication for emulator commands
[debug] &amp#27;[35m[ADB]&amp#27;[39m Executing Emulator console command: avd name
[debug] &amp#27;[35m[ADB]&amp#27;[39m Found emulator 'emulator1' on port 5554
[debug] &amp#27;[35m[ADB]&amp#27;[39m Setting device id to emulator-5554
[debug] &amp#27;[35m[AndroidDriver]&amp#27;[39m Not launching AVD because it is already running.
&amp#27;[35m[AndroidDriver]&amp#27;[39m Using device: emulator-5554
&amp#27;[35m[ADB]&amp#27;[39m Using 'adb.exe' from 'C:\Users\joelv\AppData\Local\Android\Sdk\platform-tools\adb.exe'
[debug] &amp#27;[35m[ADB]&amp#27;[39m Running 'C:\Users\joelv\AppData\Local\Android\Sdk\platform-tools\adb.exe -P 5037 start-server'
[debug] &amp#27;[35m[ADB]&amp#27;[39m Setting device id to emulator-5554
[debug] &amp#27;[35m[ADB]&amp#27;[39m Running 'C:\Users\joelv\AppData\Local\Android\Sdk\platform-tools\adb.exe -P 5037 -s emulator-5554 shell getprop ro.build.version.sdk'
[debug] &amp#27;[35m[ADB]&amp#27;[39m Current device property 'ro.build.version.sdk': 30
&amp#27;[35m[ADB]&amp#27;[39m Getting device platform version
[debug] &amp#27;[35m[ADB]&amp#27;[39m Running 'C:\Users\joelv\AppData\Local\Android\Sdk\platform-tools\adb.exe -P 5037 -s emulator-5554 shell getprop ro.build.version.release'
[debug] &amp#27;[35m[ADB]&amp#27;[39m Current device property 'ro.build.version.release': 11
[debug] &amp#27;[35m[ADB]&amp#27;[39m Device API level: 30
&amp#27;[35m[UiAutomator2]&amp#27;[39m Relaxing hidden api policy
[debug] &amp#27;[35m[ADB]&amp#27;[39m Running 'C:\Users\joelv\AppData\Local\Android\Sdk\platform-tools\adb.exe -P 5037 -s emulator-5554 shell 'settings put global hidden_api_policy_pre_p_apps 1;settings put global hidden_api_policy_p_apps 1;settings put global hidden_api_policy 1''
[debug] &amp#27;[35m[AndroidDriver]&amp#27;[39m Parsing package and activity from app manifest
&amp#27;[35m[ADB]&amp#27;[39m Package name: 'com.androidsample.generalstore'
&amp#27;[35m[ADB]&amp#27;[39m Main activity name: 'com.androidsample.generalstore.SplashActivity'
[debug] &amp#27;[35m[AndroidDriver]&amp#27;[39m Parsed package and activity are: com.androidsample.generalstore/com.androidsample.generalstore.SplashActivity
[debug] &amp#27;[35m[ADB]&amp#27;[39m Running 'C:\Users\joelv\AppData\Local\Android\Sdk\platform-tools\adb.exe -P 5037 -s emulator-5554 wait-for-device'
[debug] &amp#27;[35m[ADB]&amp#27;[39m Running 'C:\Users\joelv\AppData\Local\Android\Sdk\platform-tools\adb.exe -P 5037 -s emulator-5554 shell echo ping'
[debug] &amp#27;[35m[AndroidDriver]&amp#27;[39m Pushing settings apk to device...
[debug] &amp#27;[35m[ADB]&amp#27;[39m Getting install status for io.appium.settings
[debug] &amp#27;[35m[ADB]&amp#27;[39m Running 'C:\Users\joelv\AppData\Local\Android\Sdk\platform-tools\adb.exe -P 5037 -s emulator-5554 shell dumpsys package io.appium.settings'
[debug] &amp#27;[35m[ADB]&amp#27;[39m 'io.appium.settings' is installed
[debug] &amp#27;[35m[ADB]&amp#27;[39m Getting package info for 'io.appium.settings'
[debug] &amp#27;[35m[ADB]&amp#27;[39m Running 'C:\Users\joelv\AppData\Local\Android\Sdk\platform-tools\adb.exe -P 5037 -s emulator-5554 shell dumpsys package io.appium.settings'
[debug] &amp#27;[35m[ADB]&amp#27;[39m The version name of the installed 'io.appium.settings' is greater or equal to the application version name ('3.4.0' >= '3.4.0')
[debug] &amp#27;[35m[ADB]&amp#27;[39m There is no need to install/upgrade 'C:\Users\joelv\AppData\Roaming\npm\node_modules\appium\node_modules\io.appium.settings\apks\settings_apk-debug.apk'
[debug] &amp#27;[35m[ADB]&amp#27;[39m Getting IDs of all 'io.appium.settings' processes
[debug] &amp#27;[35m[ADB]&amp#27;[39m Running 'C:\Users\joelv\AppData\Local\Android\Sdk\platform-tools\adb.exe -P 5037 -s emulator-5554 shell 'pgrep --help; echo $?''
[debug] &amp#27;[35m[ADB]&amp#27;[39m Running 'C:\Users\joelv\AppData\Local\Android\Sdk\platform-tools\adb.exe -P 5037 -s emulator-5554 shell pgrep -f \(\[\[:blank:\]\]\|\^\)io\.appium\.settings\(\[\[:blank:\]\]\|\$\)'
[debug] &amp#27;[35m[AndroidDriver]&amp#27;[39m io.appium.settings is already running. There is no need to reset its permissions.
[debug] &amp#27;[35m[Logcat]&amp#27;[39m Starting logs capture with command: C:\\Users\\joelv\\AppData\\Local\\Android\\Sdk\\platform-tools\\adb.exe -P 5037 -s emulator-5554 logcat -v threadtime
[debug] &amp#27;[35m[UiAutomator2]&amp#27;[39m Forwarding UiAutomator2 Server port 6790 to local port 8203
[debug] &amp#27;[35m[ADB]&amp#27;[39m Forwarding system: 8203 to device: 6790
[debug] &amp#27;[35m[ADB]&amp#27;[39m Running 'C:\Users\joelv\AppData\Local\Android\Sdk\platform-tools\adb.exe -P 5037 -s emulator-5554 forward tcp:8203 tcp:6790'
[debug] &amp#27;[35m[ADB]&amp#27;[39m Getting install status for io.appium.uiautomator2.server
[debug] &amp#27;[35m[ADB]&amp#27;[39m Running 'C:\Users\joelv\AppData\Local\Android\Sdk\platform-tools\adb.exe -P 5037 -s emulator-5554 shell dumpsys package io.appium.uiautomator2.server'
[debug] &amp#27;[35m[ADB]&amp#27;[39m 'io.appium.uiautomator2.server' is installed
[debug] &amp#27;[35m[ADB]&amp#27;[39m Getting package info for 'io.appium.uiautomator2.server'
[debug] &amp#27;[35m[ADB]&amp#27;[39m Running 'C:\Users\joelv\AppData\Local\Android\Sdk\platform-tools\adb.exe -P 5037 -s emulator-5554 shell dumpsys package io.appium.uiautomator2.server'
[debug] &amp#27;[35m[ADB]&amp#27;[39m The version name of the installed 'io.appium.uiautomator2.server' is greater or equal to the application version name ('4.27.0' >= '4.27.0')
[debug] &amp#27;[35m[UiAutomator2]&amp#27;[39m io.appium.uiautomator2.server installation state: sameVersionInstalled
[debug] &amp#27;[35m[ADB]&amp#27;[39m Checking app cert for C:\Users\joelv\AppData\Roaming\npm\node_modules\appium\node_modules\appium-uiautomator2-server\apks\appium-uiautomator2-server-v4.27.0.apk
&amp#27;[35m[ADB]&amp#27;[39m Using 'apksigner.jar' from 'C:\Users\joelv\AppData\Local\Android\Sdk\build-tools\32.0.0\lib\apksigner.jar'
[debug] &amp#27;[35m[ADB]&amp#27;[39m Starting apksigner: 'C:\\Program Files\\Java\\jdk1.8.0_311\\bin\\java.exe' -Xmx1024M -Xss1m -jar C:\\Users\\joelv\\AppData\\Local\\Android\\Sdk\\build-tools\\32.0.0\\lib\\apksigner.jar verify --print-certs C:\\Users\\joelv\\AppData\\Roaming\\npm\\node_modules\\appium\\node_modules\\appium-uiautomator2-server\\apks\\appium-uiautomator2-server-v4.27.0.apk
[debug] &amp#27;[35m[ADB]&amp#27;[39m apksigner stdout: Signer #1 certificate DN: EMAILADDRESS=android@android.com, CN=Android, OU=Android, O=Android, L=Mountain View, ST=California, C=US
[debug] &amp#27;[35m[ADB]&amp#27;[39m Signer #1 certificate SHA-256 digest: a40da80a59d170caa950cf15c18c454d47a39b26989d8b640ecd745ba71bf5dc
[debug] &amp#27;[35m[ADB]&amp#27;[39m Signer #1 certificate SHA-1 digest: 61ed377e85d386a8dfee6b864bd85b0bfaa5af81
[debug] &amp#27;[35m[ADB]&amp#27;[39m Signer #1 certificate MD5 digest: e89b158e4bcf988ebd09eb83f5378e87
[debug] &amp#27;[35m[ADB]&amp#27;[39m 
[debug] &amp#27;[35m[ADB]&amp#27;[39m sha256 hash did match for 'appium-uiautomator2-server-v4.27.0.apk'
&amp#27;[35m[ADB]&amp#27;[39m 'C:\Users\joelv\AppData\Roaming\npm\node_modules\appium\node_modules\appium-uiautomator2-server\apks\appium-uiautomator2-server-v4.27.0.apk' is signed with the default certificate
[debug] &amp#27;[35m[ADB]&amp#27;[39m Getting install status for io.appium.uiautomator2.server.test
[debug] &amp#27;[35m[ADB]&amp#27;[39m Running 'C:\Users\joelv\AppData\Local\Android\Sdk\platform-tools\adb.exe -P 5037 -s emulator-5554 shell dumpsys package io.appium.uiautomator2.server.test'
[debug] &amp#27;[35m[ADB]&amp#27;[39m 'io.appium.uiautomator2.server.test' is installed
[debug] &amp#27;[35m[ADB]&amp#27;[39m Checking app cert for C:\Users\joelv\AppData\Roaming\npm\node_modules\appium\node_modules\appium-uiautomator2-server\apks\appium-uiautomator2-server-debug-androidTest.apk
[debug] &amp#27;[35m[ADB]&amp#27;[39m Starting apksigner: 'C:\\Program Files\\Java\\jdk1.8.0_311\\bin\\java.exe' -Xmx1024M -Xss1m -jar C:\\Users\\joelv\\AppData\\Local\\Android\\Sdk\\build-tools\\32.0.0\\lib\\apksigner.jar verify --print-certs C:\\Users\\joelv\\AppData\\Roaming\\npm\\node_modules\\appium\\node_modules\\appium-uiautomator2-server\\apks\\appium-uiautomator2-server-debug-androidTest.apk
[debug] &amp#27;[35m[ADB]&amp#27;[39m apksigner stdout: Signer #1 certificate DN: EMAILADDRESS=android@android.com, CN=Android, OU=Android, O=Android, L=Mountain View, ST=California, C=US
[debug] &amp#27;[35m[ADB]&amp#27;[39m Signer #1 certificate SHA-256 digest: a40da80a59d170caa950cf15c18c454d47a39b26989d8b640ecd745ba71bf5dc
[debug] &amp#27;[35m[ADB]&amp#27;[39m Signer #1 certificate SHA-1 digest: 61ed377e85d386a8dfee6b864bd85b0bfaa5af81
[debug] &amp#27;[35m[ADB]&amp#27;[39m Signer #1 certificate MD5 digest: e89b158e4bcf988ebd09eb83f5378e87
[debug] &amp#27;[35m[ADB]&amp#27;[39m 
[debug] &amp#27;[35m[ADB]&amp#27;[39m sha256 hash did match for 'appium-uiautomator2-server-debug-androidTest.apk'
&amp#27;[35m[ADB]&amp#27;[39m 'C:\Users\joelv\AppData\Roaming\npm\node_modules\appium\node_modules\appium-uiautomator2-server\apks\appium-uiautomator2-server-debug-androidTest.apk' is signed with the default certificate
&amp#27;[35m[UiAutomator2]&amp#27;[39m Server packages are not going to be (re)installed
[debug] &amp#27;[35m[UiAutomator2]&amp#27;[39m Waiting up to 30000ms for services to be available
[debug] &amp#27;[35m[ADB]&amp#27;[39m Running 'C:\Users\joelv\AppData\Local\Android\Sdk\platform-tools\adb.exe -P 5037 -s emulator-5554 shell pm list instrumentation'
[debug] &amp#27;[35m[UiAutomator2]&amp#27;[39m Instrumentation target 'io.appium.uiautomator2.server.test/androidx.test.runner.AndroidJUnitRunner' is available
&amp#27;[35m[ADB]&amp#27;[39m Adding packages ["io.appium.settings","io.appium.uiautomator2.server","io.appium.uiautomator2.server.test"] to Doze whitelist
[debug] &amp#27;[35m[ADB]&amp#27;[39m Got the following command chunks to execute: [["dumpsys","deviceidle","whitelist","+io.appium.settings",";","dumpsys","deviceidle","whitelist","+io.appium.uiautomator2.server",";","dumpsys","deviceidle","whitelist","+io.appium.uiautomator2.server.test",";"]]
[debug] &amp#27;[35m[ADB]&amp#27;[39m Running 'C:\Users\joelv\AppData\Local\Android\Sdk\platform-tools\adb.exe -P 5037 -s emulator-5554 shell dumpsys deviceidle whitelist +io.appium.settings ; dumpsys deviceidle whitelist +io.appium.uiautomator2.server ; dumpsys deviceidle whitelist +io.appium.uiautomator2.server.test ;'
[debug] &amp#27;[35m[ADB]&amp#27;[39m Checking app cert for C:\Users\joelv\eclipse-workspace2\framework\src\General-Store.apk
[debug] &amp#27;[35m[ADB]&amp#27;[39m Starting apksigner: 'C:\\Program Files\\Java\\jdk1.8.0_311\\bin\\java.exe' -Xmx1024M -Xss1m -jar C:\\Users\\joelv\\AppData\\Local\\Android\\Sdk\\build-tools\\32.0.0\\lib\\apksigner.jar verify --print-certs C:\\Users\\joelv\\eclipse-workspace2\\framework\\src\\General-Store.apk
[debug] &amp#27;[35m[ADB]&amp#27;[39m apksigner stdout: Signer #1 certificate DN: EMAILADDRESS=android@android.com, CN=Android, OU=Android, O=Android, L=Mountain View, ST=California, C=US
[debug] &amp#27;[35m[ADB]&amp#27;[39m Signer #1 certificate SHA-256 digest: a40da80a59d170caa950cf15c18c454d47a39b26989d8b640ecd745ba71bf5dc
[debug] &amp#27;[35m[ADB]&amp#27;[39m Signer #1 certificate SHA-1 digest: 61ed377e85d386a8dfee6b864bd85b0bfaa5af81
[debug] &amp#27;[35m[ADB]&amp#27;[39m Signer #1 certificate MD5 digest: e89b158e4bcf988ebd09eb83f5378e87
[debug] &amp#27;[35m[ADB]&amp#27;[39m 
[debug] &amp#27;[35m[ADB]&amp#27;[39m sha256 hash did match for 'General-Store.apk'
&amp#27;[35m[ADB]&amp#27;[39m 'C:\Users\joelv\eclipse-workspace2\framework\src\General-Store.apk' is signed with the default certificate
[debug] &amp#27;[35m[ADB]&amp#27;[39m Getting install status for com.androidsample.generalstore
[debug] &amp#27;[35m[ADB]&amp#27;[39m Running 'C:\Users\joelv\AppData\Local\Android\Sdk\platform-tools\adb.exe -P 5037 -s emulator-5554 shell dumpsys package com.androidsample.generalstore'
[debug] &amp#27;[35m[ADB]&amp#27;[39m 'com.androidsample.generalstore' is installed
[debug] &amp#27;[35m[ADB]&amp#27;[39m Getting package info for 'com.androidsample.generalstore'
[debug] &amp#27;[35m[ADB]&amp#27;[39m Running 'C:\Users\joelv\AppData\Local\Android\Sdk\platform-tools\adb.exe -P 5037 -s emulator-5554 shell dumpsys package com.androidsample.generalstore'
[debug] &amp#27;[35m[ADB]&amp#27;[39m The version name of the installed 'com.androidsample.generalstore' is greater or equal to the application version name ('1.0.0' >= '1.0.0')
[debug] &amp#27;[35m[ADB]&amp#27;[39m There is no need to install/upgrade 'C:\Users\joelv\eclipse-workspace2\framework\src\General-Store.apk'
&amp#27;[35m[AndroidDriver]&amp#27;[39m Performing fast reset on 'com.androidsample.generalstore'
[debug] &amp#27;[35m[ADB]&amp#27;[39m Getting install status for com.androidsample.generalstore
[debug] &amp#27;[35m[ADB]&amp#27;[39m Running 'C:\Users\joelv\AppData\Local\Android\Sdk\platform-tools\adb.exe -P 5037 -s emulator-5554 shell dumpsys package com.androidsample.generalstore'
[debug] &amp#27;[35m[ADB]&amp#27;[39m 'com.androidsample.generalstore' is installed
[debug] &amp#27;[35m[ADB]&amp#27;[39m Running 'C:\Users\joelv\AppData\Local\Android\Sdk\platform-tools\adb.exe -P 5037 -s emulator-5554 shell am force-stop com.androidsample.generalstore'
[debug] &amp#27;[35m[ADB]&amp#27;[39m Running 'C:\Users\joelv\AppData\Local\Android\Sdk\platform-tools\adb.exe -P 5037 -s emulator-5554 shell pm clear com.androidsample.generalstore'
[debug] &amp#27;[35m[AndroidDriver]&amp#27;[39m Performed fast reset on the installed 'com.androidsample.generalstore' application (stop and clear)
[debug] &amp#27;[35m[UiAutomator2]&amp#27;[39m Performing shallow cleanup of automation leftovers
[debug] &amp#27;[35m[UiAutomator2]&amp#27;[39m The following obsolete sessions are still running: ["00426f6a-859e-41f5-8f9d-67c1f2b7b19a"]
[debug] &amp#27;[35m[UiAutomator2]&amp#27;[39m Cleaning up 1 obsolete session
[debug] &amp#27;[35m[ADB]&amp#27;[39m Running 'C:\Users\joelv\AppData\Local\Android\Sdk\platform-tools\adb.exe -P 5037 -s emulator-5554 shell am force-stop io.appium.uiautomator2.server.test'
&amp#27;[35m[UiAutomator2]&amp#27;[39m Starting UIAutomator2 server 4.27.0
&amp#27;[35m[UiAutomator2]&amp#27;[39m Using UIAutomator2 server from 'C:\Users\joelv\AppData\Roaming\npm\node_modules\appium\node_modules\appium-uiautomator2-server\apks\appium-uiautomator2-server-v4.27.0.apk' and test from 'C:\Users\joelv\AppData\Roaming\npm\node_modules\appium\node_modules\appium-uiautomator2-server\apks\appium-uiautomator2-server-debug-androidTest.apk'
&amp#27;[35m[UiAutomator2]&amp#27;[39m Waiting up to 30000ms for UiAutomator2 to be online...
[debug] &amp#27;[35m[ADB]&amp#27;[39m Creating ADB subprocess with args: ["-P",5037,"-s","emulator-5554","shell","am","instrument","-w","-e","disableAnalytics",true,"io.appium.uiautomator2.server.test/androidx.test.runner.AndroidJUnitRunner"]
[debug] &amp#27;[35m[WD Proxy]&amp#27;[39m Matched '/status' to command name 'getStatus'
[debug] &amp#27;[35m[WD Proxy]&amp#27;[39m Proxying [GET /status] to [GET http://127.0.0.1:8203/wd/hub/status] with no body
&amp#27;[35m[WD Proxy]&amp#27;[39m socket hang up
[debug] &amp#27;[35m[Instrumentation]&amp#27;[39m io.appium.uiautomator2.server.test.AppiumUiAutomator2Server:
[debug] &amp#27;[35m[WD Proxy]&amp#27;[39m Matched '/status' to command name 'getStatus'
[debug] &amp#27;[35m[WD Proxy]&amp#27;[39m Proxying [GET /status] to [GET http://127.0.0.1:8203/wd/hub/status] with no body
&amp#27;[35m[WD Proxy]&amp#27;[39m socket hang up
[debug] &amp#27;[35m[WD Proxy]&amp#27;[39m Matched '/status' to command name 'getStatus'
[debug] &amp#27;[35m[WD Proxy]&amp#27;[39m Proxying [GET /status] to [GET http://127.0.0.1:8203/wd/hub/status] with no body
[debug] &amp#27;[35m[WD Proxy]&amp#27;[39m Got response with status 200: {"sessionId":"None","value":{"message":"UiAutomator2 Server is ready to accept commands","ready":true}}
[debug] &amp#27;[35m[UiAutomator2]&amp#27;[39m The initialization of the instrumentation process took 2104ms
[debug] &amp#27;[35m[WD Proxy]&amp#27;[39m Matched '/session' to command name 'createSession'
[debug] &amp#27;[35m[WD Proxy]&amp#27;[39m Proxying [POST /session] to [POST http://127.0.0.1:8203/wd/hub/session] with body: {"capabilities":{"firstMatch":[{"platform":"LINUX","webStorageEnabled":false,"takesScreenshot":true,"javascriptEnabled":true,"databaseEnabled":false,"networkConnectionEnabled":true,"locationContextEnabled":false,"warnings":{},"desired":{"platformName":"android","app":"C:\\Users\\joelv\\eclipse-workspace2\\framework\\src\\General-Store.apk","chromeOptions":{"w3c":false},"automationName":"uiautomator2","avd":"emulator1","deviceName":"emulator1"},"platformName":"android","app":"C:\\Users\\joelv\\eclipse-workspace2\\framework\\src\\General-Store.apk","chromeOptions":{"w3c":false},"automationName":"uiautomator2","avd":"emulator1","deviceName":"emulator-5554","deviceUDID":"emulator-5554","appPackage":"com.androidsample.generalstore"}],"alwaysMatch":{}}}
[debug] &amp#27;[35m[WD Proxy]&amp#27;[39m Got response with status 200: {"sessionId":"6a6b133a-7a15-4a20-bbd4-c0eff5a2370f","value":{"capabilities":{"firstMatch":[{"platform":"LINUX","webStorageEnabled":false,"takesScreenshot":true,"javascriptEnabled":true,"databaseEnabled":false,"networkConnectionEnabled":true,"locationContextEnabled":false,"warnings":{},"desired":{"platformName":"android","app":"C:\\Users\\joelv\\eclipse-workspace2\\framework\\src\\General-Store.apk","chromeOptions":{"w3c":false},"automationName":"uiautomator2","avd":"emulator1","deviceName":"emulator1"},"platformName":"android","app":"C:\\Users\\joelv\\eclipse-workspace2\\framework\\src\\General-Store.apk","chromeOptions":{"w3c":false},"automationName":"uiautomator2","avd":"emulator1","deviceName":"emulator-5554","deviceUDID":"emulator-5554","appPackage":"com.androidsample.generalstore"}],"alwaysMatch":{}},"sessionId":"6a6b133a-7a15-4a20-bbd4-c0eff5a2370f"}}
&amp#27;[35m[WD Proxy]&amp#27;[39m Determined the downstream protocol as 'W3C'
[debug] &amp#27;[35m[WD Proxy]&amp#27;[39m Proxying [GET /appium/device/info] to [GET http://127.0.0.1:8203/wd/hub/session/6a6b133a-7a15-4a20-bbd4-c0eff5a2370f/appium/device/info] with no body
[debug] &amp#27;[35m[WD Proxy]&amp#27;[39m Got response with status 200: {"sessionId":"6a6b133a-7a15-4a20-bbd4-c0eff5a2370f","value":{"androidId":"36aa52b107025819","apiVersion":"30","bluetooth":{"state":"ON"},"brand":"Android","carrierName":"Android","displayDensity":560,"locale":"en_US","manufacturer":"unknown","model":"Android SDK built for x86","networks":[{"capabilities":{"SSID":null,"linkDownBandwidthKbps":30000,"linkUpstreamBandwidthKbps":15000,"networkCapabilities":"NET_CAPABILITY_MMS,NET_CAPABILITY_SUPL,NET_CAPABILITY_DUN,NET_CAPABILITY_FOTA,NET_CAPABILITY_IMS,NET_CAPABILITY_CBS,NET_CAPABILITY_INTERNET,NET_CAPABILITY_NOT_RESTRICTED,NET_CAPABILITY_TRUSTED,NET_CAPABILITY_NOT_VPN,NET_CAPABILITY_VALIDATED,NET_CAPABILITY_NOT_ROAMING,NET_CAPABILITY_NOT_CONGESTED,NET_CAPABILITY_NOT_SUSPENDED","signalStrength":-2147483648,"transportTypes":"TRANSPORT_CELLULAR"},"detailedState":"CONNECTED","extraInfo":"epc.tmobile.com","isAvailable":true,"isConnected":true,"isFailover":false,"isRoaming":false,"state":"CONNECTED","subtype":13,"subtypeName":"LTE","type":0,"typeName":"MOBILE"},{"ca...
[debug] &amp#27;[35m[ADB]&amp#27;[39m Running 'C:\Users\joelv\AppData\Local\Android\Sdk\platform-tools\adb.exe -P 5037 -s emulator-5554 shell dumpsys window'
&amp#27;[35m[AndroidDriver]&amp#27;[39m Screen already unlocked, doing nothing
&amp#27;[35m[UiAutomator2]&amp#27;[39m Starting 'com.androidsample.generalstore/com.androidsample.generalstore.SplashActivity and waiting for 'com.androidsample.generalstore/com.androidsample.generalstore.SplashActivity'
[debug] &amp#27;[35m[ADB]&amp#27;[39m Running 'C:\Users\joelv\AppData\Local\Android\Sdk\platform-tools\adb.exe -P 5037 -s emulator-5554 shell am start -W -n com.androidsample.generalstore/com.androidsample.generalstore.SplashActivity -S -a android.intent.action.MAIN -c android.intent.category.LAUNCHER -f 0x10200000'
[debug] &amp#27;[35m[ADB]&amp#27;[39m Waiting up to 20000ms for activity matching pkg: 'com.androidsample.generalstore' and activity: 'com.androidsample.generalstore.SplashActivity' to be focused
[debug] &amp#27;[35m[ADB]&amp#27;[39m Possible activities, to be checked: 'com.androidsample.generalstore.SplashActivity', 'com.androidsample.generalstore.com.androidsample.generalstore.SplashActivity'
[debug] &amp#27;[35m[ADB]&amp#27;[39m Getting focused package and activity
[debug] &amp#27;[35m[ADB]&amp#27;[39m Running 'C:\Users\joelv\AppData\Local\Android\Sdk\platform-tools\adb.exe -P 5037 -s emulator-5554 shell dumpsys window displays'
[debug] &amp#27;[35m[ADB]&amp#27;[39m Found package: 'com.androidsample.generalstore' and fully qualified activity name : 'com.androidsample.generalstore.SplashActivity'
[debug] &amp#27;[35m[WD Proxy]&amp#27;[39m Proxying [GET /appium/device/pixel_ratio] to [GET http://127.0.0.1:8203/wd/hub/session/6a6b133a-7a15-4a20-bbd4-c0eff5a2370f/appium/device/pixel_ratio] with no body
[debug] &amp#27;[35m[WD Proxy]&amp#27;[39m Got response with status 200: {"sessionId":"6a6b133a-7a15-4a20-bbd4-c0eff5a2370f","value":3.5}
[debug] &amp#27;[35m[WD Proxy]&amp#27;[39m Matched '/appium/device/system_bars' to command name 'getSystemBars'
[debug] &amp#27;[35m[WD Proxy]&amp#27;[39m Proxying [GET /appium/device/system_bars] to [GET http://127.0.0.1:8203/wd/hub/session/6a6b133a-7a15-4a20-bbd4-c0eff5a2370f/appium/device/system_bars] with no body
[debug] &amp#27;[35m[WD Proxy]&amp#27;[39m Got response with status 200: {"sessionId":"6a6b133a-7a15-4a20-bbd4-c0eff5a2370f","value":{"statusBar":84}}
[debug] &amp#27;[35m[WD Proxy]&amp#27;[39m Matched '/window/current/size' to command name 'getWindowSize'
[debug] &amp#27;[35m[WD Proxy]&amp#27;[39m Proxying [GET /window/current/size] to [GET http://127.0.0.1:8203/wd/hub/session/6a6b133a-7a15-4a20-bbd4-c0eff5a2370f/window/current/size] with no body
[debug] &amp#27;[35m[WD Proxy]&amp#27;[39m Got response with status 200: {"sessionId":"6a6b133a-7a15-4a20-bbd4-c0eff5a2370f","value":{"height":2712,"width":1440}}
&amp#27;[35m[Appium]&amp#27;[39m New AndroidUiautomator2Driver session created successfully, session d6d00a49-967f-4db9-89a7-3f6b8f8cb132 added to master session list
[debug] &amp#27;[35m[BaseDriver]&amp#27;[39m Event 'newSessionStarted' logged at 1642249745666 (17:59:05 GMT+0530 (India Standard Time))
[debug] &amp#27;[35m[W3C (d6d00a49)]&amp#27;[39m Cached the protocol value 'W3C' for the new session d6d00a49-967f-4db9-89a7-3f6b8f8cb132
[debug] &amp#27;[35m[W3C (d6d00a49)]&amp#27;[39m Responding to client with driver.createSession() result: {"capabilities":{"platform":"LINUX","webStorageEnabled":false,"takesScreenshot":true,"javascriptEnabled":true,"databaseEnabled":false,"networkConnectionEnabled":true,"locationContextEnabled":false,"warnings":{},"desired":{"platformName":"android","app":"C:\\Users\\joelv\\eclipse-workspace2\\framework\\src\\General-Store.apk","chromeOptions":{"w3c":false},"automationName":"uiautomator2","avd":"emulator1","deviceName":"emulator1"},"platformName":"android","app":"C:\\Users\\joelv\\eclipse-workspace2\\framework\\src\\General-Store.apk","chromeOptions":{"w3c":false},"automationName":"uiautomator2","avd":"emulator1","deviceName":"emulator-5554","deviceUDID":"emulator-5554","appPackage":"com.androidsample.generalstore","deviceApiLevel":30,"platformVersion":"11","deviceScreenSize":"1440x2880","deviceScreenDensity":560,"deviceModel":"Android SDK built for x86","deviceManufacturer":"unknown","pixelRatio":3.5,"statBarHeight":84,"viewportRect":{"left":0,"top":84,"width":1440,"height":2628}}}
&amp#27;[35m[HTTP]&amp#27;[39m &amp#27;[37m<-- POST /wd/hub/session &amp#27;[39m&amp#27;[32m200&amp#27;[39m &amp#27;[90m6679 ms - 1055&amp#27;[39m
&amp#27;[35m[HTTP]&amp#27;[39m &amp#27;[90m&amp#27;[39m
&amp#27;[35m[HTTP]&amp#27;[39m &amp#27;[37m-->&amp#27;[39m &amp#27;[37mPOST&amp#27;[39m &amp#27;[37m/wd/hub/session/d6d00a49-967f-4db9-89a7-3f6b8f8cb132/timeouts&amp#27;[39m
&amp#27;[35m[HTTP]&amp#27;[39m &amp#27;[90m{"implicit":10000}&amp#27;[39m
[debug] &amp#27;[35m[W3C (d6d00a49)]&amp#27;[39m Calling AppiumDriver.timeouts() with args: [null,null,null,null,10000,"d6d00a49-967f-4db9-89a7-3f6b8f8cb132"]
[debug] &amp#27;[35m[BaseDriver]&amp#27;[39m W3C timeout argument: {"implicit":10000}}
[debug] &amp#27;[35m[BaseDriver]&amp#27;[39m Set implicit wait to 10000ms
[debug] &amp#27;[35m[W3C (d6d00a49)]&amp#27;[39m Responding to client with driver.timeouts() result: null
&amp#27;[35m[HTTP]&amp#27;[39m &amp#27;[37m<-- POST /wd/hub/session/d6d00a49-967f-4db9-89a7-3f6b8f8cb132/timeouts &amp#27;[39m&amp#27;[32m200&amp#27;[39m &amp#27;[90m2 ms - 14&amp#27;[39m
&amp#27;[35m[HTTP]&amp#27;[39m &amp#27;[90m&amp#27;[39m
&amp#27;[35m[HTTP]&amp#27;[39m &amp#27;[37m-->&amp#27;[39m &amp#27;[37mPOST&amp#27;[39m &amp#27;[37m/wd/hub/session/d6d00a49-967f-4db9-89a7-3f6b8f8cb132/element&amp#27;[39m
&amp#27;[35m[HTTP]&amp#27;[39m &amp#27;[90m{"using":"class name","value":"android.widget.EditText"}&amp#27;[39m
[debug] &amp#27;[35m[W3C (d6d00a49)]&amp#27;[39m Calling AppiumDriver.findElement() with args: ["class name","android.widget.EditText","d6d00a49-967f-4db9-89a7-3f6b8f8cb132"]
[debug] &amp#27;[35m[BaseDriver]&amp#27;[39m Valid locator strategies for this request: xpath, id, class name, accessibility id, css selector, -android uiautomator
[debug] &amp#27;[35m[BaseDriver]&amp#27;[39m Waiting up to 10000 ms for condition
[debug] &amp#27;[35m[WD Proxy]&amp#27;[39m Matched '/element' to command name 'findElement'
[debug] &amp#27;[35m[WD Proxy]&amp#27;[39m Proxying [POST /element] to [POST http://127.0.0.1:8203/wd/hub/session/6a6b133a-7a15-4a20-bbd4-c0eff5a2370f/element] with body: {"strategy":"class name","selector":"android.widget.EditText","context":"","multiple":false}
&amp#27;[35m[WD Proxy]&amp#27;[39m Got response with status 404: {"sessionId":"6a6b133a-7a15-4a20-bbd4-c0eff5a2370f","value":{"error":"no such element","message":"An element could not be located on the page using the given search parameters","stacktrace":"io.appium.uiautomator2.common.exceptions.ElementNotFoundException: An element could not be located on the page using the given search parameters\n\tat io.appium.uiautomator2.handler.FindElement.safeHandle(FindElement.java:70)\n\tat io.appium.uiautomator2.handler.request.SafeRequestHandler.handle(SafeRequestHandler.java:59)\n\tat io.appium.uiautomator2.server.AppiumServlet.handleRequest(AppiumServlet.java:266)\n\tat io.appium.uiautomator2.server.AppiumServlet.handleHttpRequest(AppiumServlet.java:260)\n\tat io.appium.uiautomator2.http.ServerHandler.channelRead(ServerHandler.java:68)\n\tat io.netty.channel.AbstractChannelHandlerContext.invokeChannelRead(AbstractChannelHandlerContext.java:366)\n\tat io.netty.channel.AbstractChannelHandlerContext.invokeChannelRead(AbstractChannelHandlerContext.java:352)\n\tat io.netty.chann...
[debug] &amp#27;[35m[W3C]&amp#27;[39m Matched W3C error code 'no such element' to NoSuchElementError
[debug] &amp#27;[35m[BaseDriver]&amp#27;[39m Waited for 242 ms so far
[debug] &amp#27;[35m[WD Proxy]&amp#27;[39m Matched '/element' to command name 'findElement'
[debug] &amp#27;[35m[WD Proxy]&amp#27;[39m Proxying [POST /element] to [POST http://127.0.0.1:8203/wd/hub/session/6a6b133a-7a15-4a20-bbd4-c0eff5a2370f/element] with body: {"strategy":"class name","selector":"android.widget.EditText","context":"","multiple":false}
&amp#27;[35m[WD Proxy]&amp#27;[39m Got response with status 404: {"sessionId":"6a6b133a-7a15-4a20-bbd4-c0eff5a2370f","value":{"error":"no such element","message":"An element could not be located on the page using the given search parameters","stacktrace":"io.appium.uiautomator2.common.exceptions.ElementNotFoundException: An element could not be located on the page using the given search parameters\n\tat io.appium.uiautomator2.handler.FindElement.safeHandle(FindElement.java:70)\n\tat io.appium.uiautomator2.handler.request.SafeRequestHandler.handle(SafeRequestHandler.java:59)\n\tat io.appium.uiautomator2.server.AppiumServlet.handleRequest(AppiumServlet.java:266)\n\tat io.appium.uiautomator2.server.AppiumServlet.handleHttpRequest(AppiumServlet.java:260)\n\tat io.appium.uiautomator2.http.ServerHandler.channelRead(ServerHandler.java:68)\n\tat io.netty.channel.AbstractChannelHandlerContext.invokeChannelRead(AbstractChannelHandlerContext.java:366)\n\tat io.netty.channel.AbstractChannelHandlerContext.invokeChannelRead(AbstractChannelHandlerContext.java:352)\n\tat io.netty.chann...
[debug] &amp#27;[35m[W3C]&amp#27;[39m Matched W3C error code 'no such element' to NoSuchElementError
[debug] &amp#27;[35m[BaseDriver]&amp#27;[39m Waited for 770 ms so far
[debug] &amp#27;[35m[WD Proxy]&amp#27;[39m Matched '/element' to command name 'findElement'
[debug] &amp#27;[35m[WD Proxy]&amp#27;[39m Proxying [POST /element] to [POST http://127.0.0.1:8203/wd/hub/session/6a6b133a-7a15-4a20-bbd4-c0eff5a2370f/element] with body: {"strategy":"class name","selector":"android.widget.EditText","context":"","multiple":false}
&amp#27;[35m[WD Proxy]&amp#27;[39m Got response with status 404: {"sessionId":"6a6b133a-7a15-4a20-bbd4-c0eff5a2370f","value":{"error":"no such element","message":"An element could not be located on the page using the given search parameters","stacktrace":"io.appium.uiautomator2.common.exceptions.ElementNotFoundException: An element could not be located on the page using the given search parameters\n\tat io.appium.uiautomator2.handler.FindElement.safeHandle(FindElement.java:70)\n\tat io.appium.uiautomator2.handler.request.SafeRequestHandler.handle(SafeRequestHandler.java:59)\n\tat io.appium.uiautomator2.server.AppiumServlet.handleRequest(AppiumServlet.java:266)\n\tat io.appium.uiautomator2.server.AppiumServlet.handleHttpRequest(AppiumServlet.java:260)\n\tat io.appium.uiautomator2.http.ServerHandler.channelRead(ServerHandler.java:68)\n\tat io.netty.channel.AbstractChannelHandlerContext.invokeChannelRead(AbstractChannelHandlerContext.java:366)\n\tat io.netty.channel.AbstractChannelHandlerContext.invokeChannelRead(AbstractChannelHandlerContext.java:352)\n\tat io.netty.chann...
[debug] &amp#27;[35m[W3C]&amp#27;[39m Matched W3C error code 'no such element' to NoSuchElementError
[debug] &amp#27;[35m[BaseDriver]&amp#27;[39m Waited for 1285 ms so far
[debug] &amp#27;[35m[WD Proxy]&amp#27;[39m Matched '/element' to command name 'findElement'
[debug] &amp#27;[35m[WD Proxy]&amp#27;[39m Proxying [POST /element] to [POST http://127.0.0.1:8203/wd/hub/session/6a6b133a-7a15-4a20-bbd4-c0eff5a2370f/element] with body: {"strategy":"class name","selector":"android.widget.EditText","context":"","multiple":false}
&amp#27;[35m[WD Proxy]&amp#27;[39m Got response with status 404: {"sessionId":"6a6b133a-7a15-4a20-bbd4-c0eff5a2370f","value":{"error":"no such element","message":"An element could not be located on the page using the given search parameters","stacktrace":"io.appium.uiautomator2.common.exceptions.ElementNotFoundException: An element could not be located on the page using the given search parameters\n\tat io.appium.uiautomator2.handler.FindElement.safeHandle(FindElement.java:70)\n\tat io.appium.uiautomator2.handler.request.SafeRequestHandler.handle(SafeRequestHandler.java:59)\n\tat io.appium.uiautomator2.server.AppiumServlet.handleRequest(AppiumServlet.java:266)\n\tat io.appium.uiautomator2.server.AppiumServlet.handleHttpRequest(AppiumServlet.java:260)\n\tat io.appium.uiautomator2.http.ServerHandler.channelRead(ServerHandler.java:68)\n\tat io.netty.channel.AbstractChannelHandlerContext.invokeChannelRead(AbstractChannelHandlerContext.java:366)\n\tat io.netty.channel.AbstractChannelHandlerContext.invokeChannelRead(AbstractChannelHandlerContext.java:352)\n\tat io.netty.chann...
[debug] &amp#27;[35m[W3C]&amp#27;[39m Matched W3C error code 'no such element' to NoSuchElementError
[debug] &amp#27;[35m[BaseDriver]&amp#27;[39m Waited for 1800 ms so far
[debug] &amp#27;[35m[WD Proxy]&amp#27;[39m Matched '/element' to command name 'findElement'
[debug] &amp#27;[35m[WD Proxy]&amp#27;[39m Proxying [POST /element] to [POST http://127.0.0.1:8203/wd/hub/session/6a6b133a-7a15-4a20-bbd4-c0eff5a2370f/element] with body: {"strategy":"class name","selector":"android.widget.EditText","context":"","multiple":false}
&amp#27;[35m[WD Proxy]&amp#27;[39m Got response with status 404: {"sessionId":"6a6b133a-7a15-4a20-bbd4-c0eff5a2370f","value":{"error":"no such element","message":"An element could not be located on the page using the given search parameters","stacktrace":"io.appium.uiautomator2.common.exceptions.ElementNotFoundException: An element could not be located on the page using the given search parameters\n\tat io.appium.uiautomator2.handler.FindElement.safeHandle(FindElement.java:70)\n\tat io.appium.uiautomator2.handler.request.SafeRequestHandler.handle(SafeRequestHandler.java:59)\n\tat io.appium.uiautomator2.server.AppiumServlet.handleRequest(AppiumServlet.java:266)\n\tat io.appium.uiautomator2.server.AppiumServlet.handleHttpRequest(AppiumServlet.java:260)\n\tat io.appium.uiautomator2.http.ServerHandler.channelRead(ServerHandler.java:68)\n\tat io.netty.channel.AbstractChannelHandlerContext.invokeChannelRead(AbstractChannelHandlerContext.java:366)\n\tat io.netty.channel.AbstractChannelHandlerContext.invokeChannelRead(AbstractChannelHandlerContext.java:352)\n\tat io.netty.chann...
[debug] &amp#27;[35m[W3C]&amp#27;[39m Matched W3C error code 'no such element' to NoSuchElementError
[debug] &amp#27;[35m[BaseDriver]&amp#27;[39m Waited for 2315 ms so far
[debug] &amp#27;[35m[WD Proxy]&amp#27;[39m Matched '/element' to command name 'findElement'
[debug] &amp#27;[35m[WD Proxy]&amp#27;[39m Proxying [POST /element] to [POST http://127.0.0.1:8203/wd/hub/session/6a6b133a-7a15-4a20-bbd4-c0eff5a2370f/element] with body: {"strategy":"class name","selector":"android.widget.EditText","context":"","multiple":false}
&amp#27;[35m[WD Proxy]&amp#27;[39m Got response with status 404: {"sessionId":"6a6b133a-7a15-4a20-bbd4-c0eff5a2370f","value":{"error":"no such element","message":"An element could not be located on the page using the given search parameters","stacktrace":"io.appium.uiautomator2.common.exceptions.ElementNotFoundException: An element could not be located on the page using the given search parameters\n\tat io.appium.uiautomator2.handler.FindElement.safeHandle(FindElement.java:70)\n\tat io.appium.uiautomator2.handler.request.SafeRequestHandler.handle(SafeRequestHandler.java:59)\n\tat io.appium.uiautomator2.server.AppiumServlet.handleRequest(AppiumServlet.java:266)\n\tat io.appium.uiautomator2.server.AppiumServlet.handleHttpRequest(AppiumServlet.java:260)\n\tat io.appium.uiautomator2.http.ServerHandler.channelRead(ServerHandler.java:68)\n\tat io.netty.channel.AbstractChannelHandlerContext.invokeChannelRead(AbstractChannelHandlerContext.java:366)\n\tat io.netty.channel.AbstractChannelHandlerContext.invokeChannelRead(AbstractChannelHandlerContext.java:352)\n\tat io.netty.chann...
[debug] &amp#27;[35m[W3C]&amp#27;[39m Matched W3C error code 'no such element' to NoSuchElementError
[debug] &amp#27;[35m[BaseDriver]&amp#27;[39m Waited for 2882 ms so far
[debug] &amp#27;[35m[WD Proxy]&amp#27;[39m Matched '/element' to command name 'findElement'
[debug] &amp#27;[35m[WD Proxy]&amp#27;[39m Proxying [POST /element] to [POST http://127.0.0.1:8203/wd/hub/session/6a6b133a-7a15-4a20-bbd4-c0eff5a2370f/element] with body: {"strategy":"class name","selector":"android.widget.EditText","context":"","multiple":false}
[debug] &amp#27;[35m[WD Proxy]&amp#27;[39m Got response with status 200: {"sessionId":"6a6b133a-7a15-4a20-bbd4-c0eff5a2370f","value":{"ELEMENT":"00000000-0000-02a6-ffff-ffff0000001d","element-6066-11e4-a52e-4f735466cecf":"00000000-0000-02a6-ffff-ffff0000001d"}}
[debug] &amp#27;[35m[W3C (d6d00a49)]&amp#27;[39m Responding to client with driver.findElement() result: {"element-6066-11e4-a52e-4f735466cecf":"00000000-0000-02a6-ffff-ffff0000001d","ELEMENT":"00000000-0000-02a6-ffff-ffff0000001d"}
&amp#27;[35m[HTTP]&amp#27;[39m &amp#27;[37m<-- POST /wd/hub/session/d6d00a49-967f-4db9-89a7-3f6b8f8cb132/element &amp#27;[39m&amp#27;[32m200&amp#27;[39m &amp#27;[90m3511 ms - 137&amp#27;[39m
&amp#27;[35m[HTTP]&amp#27;[39m &amp#27;[90m&amp#27;[39m
&amp#27;[35m[HTTP]&amp#27;[39m &amp#27;[37m-->&amp#27;[39m &amp#27;[37mPOST&amp#27;[39m &amp#27;[37m/wd/hub/session/d6d00a49-967f-4db9-89a7-3f6b8f8cb132/element/00000000-0000-02a6-ffff-ffff0000001d/value&amp#27;[39m
&amp#27;[35m[HTTP]&amp#27;[39m &amp#27;[90m{"id":"00000000-0000-02a6-ffff-ffff0000001d","text":"Shoes","value":["S","h","o","e","s"]}&amp#27;[39m
[debug] &amp#27;[35m[W3C (d6d00a49)]&amp#27;[39m Calling AppiumDriver.setValue() with args: [["S","h","o","e","s"],"00000000-0000-02a6-ffff-ffff0000001d","d6d00a49-967f-4db9-89a7-3f6b8f8cb132"]
[debug] &amp#27;[35m[WD Proxy]&amp#27;[39m Matched '/element/00000000-0000-02a6-ffff-ffff0000001d/value' to command name 'setValue'
[debug] &amp#27;[35m[Protocol Converter]&amp#27;[39m Added 'value' property ["S","h","o","e","s"] to 'setValue' request body
[debug] &amp#27;[35m[WD Proxy]&amp#27;[39m Proxying [POST /element/00000000-0000-02a6-ffff-ffff0000001d/value] to [POST http://127.0.0.1:8203/wd/hub/session/6a6b133a-7a15-4a20-bbd4-c0eff5a2370f/element/00000000-0000-02a6-ffff-ffff0000001d/value] with body: {"elementId":"00000000-0000-02a6-ffff-ffff0000001d","text":"Shoes","replace":false,"value":["S","h","o","e","s"]}
[debug] &amp#27;[35m[WD Proxy]&amp#27;[39m Got response with status 200: {"sessionId":"6a6b133a-7a15-4a20-bbd4-c0eff5a2370f","value":null}
[debug] &amp#27;[35m[W3C (d6d00a49)]&amp#27;[39m Responding to client with driver.setValue() result: null
&amp#27;[35m[HTTP]&amp#27;[39m &amp#27;[37m<-- POST /wd/hub/session/d6d00a49-967f-4db9-89a7-3f6b8f8cb132/element/00000000-0000-02a6-ffff-ffff0000001d/value &amp#27;[39m&amp#27;[32m200&amp#27;[39m &amp#27;[90m527 ms - 14&amp#27;[39m
&amp#27;[35m[HTTP]&amp#27;[39m &amp#27;[90m&amp#27;[39m
&amp#27;[35m[HTTP]&amp#27;[39m &amp#27;[37m-->&amp#27;[39m &amp#27;[37mPOST&amp#27;[39m &amp#27;[37m/wd/hub/session/d6d00a49-967f-4db9-89a7-3f6b8f8cb132/element&amp#27;[39m
&amp#27;[35m[HTTP]&amp#27;[39m &amp#27;[90m{"using":"xpath","value":"//*[@text='Female']"}&amp#27;[39m
[debug] &amp#27;[35m[W3C (d6d00a49)]&amp#27;[39m Calling AppiumDriver.findElement() with args: ["xpath","//*[@text='Female']","d6d00a49-967f-4db9-89a7-3f6b8f8cb132"]
[debug] &amp#27;[35m[BaseDriver]&amp#27;[39m Valid locator strategies for this request: xpath, id, class name, accessibility id, css selector, -android uiautomator
[debug] &amp#27;[35m[BaseDriver]&amp#27;[39m Waiting up to 10000 ms for condition
[debug] &amp#27;[35m[WD Proxy]&amp#27;[39m Matched '/element' to command name 'findElement'
[debug] &amp#27;[35m[WD Proxy]&amp#27;[39m Proxying [POST /element] to [POST http://127.0.0.1:8203/wd/hub/session/6a6b133a-7a15-4a20-bbd4-c0eff5a2370f/element] with body: {"strategy":"xpath","selector":"//*[@text='Female']","context":"","multiple":false}
[debug] &amp#27;[35m[WD Proxy]&amp#27;[39m Got response with status 200: {"sessionId":"6a6b133a-7a15-4a20-bbd4-c0eff5a2370f","value":{"ELEMENT":"00000000-0000-02a6-ffff-ffff00000021","element-6066-11e4-a52e-4f735466cecf":"00000000-0000-02a6-ffff-ffff00000021"}}
[debug] &amp#27;[35m[W3C (d6d00a49)]&amp#27;[39m Responding to client with driver.findElement() result: {"element-6066-11e4-a52e-4f735466cecf":"00000000-0000-02a6-ffff-ffff00000021","ELEMENT":"00000000-0000-02a6-ffff-ffff00000021"}
&amp#27;[35m[HTTP]&amp#27;[39m &amp#27;[37m<-- POST /wd/hub/session/d6d00a49-967f-4db9-89a7-3f6b8f8cb132/element &amp#27;[39m&amp#27;[32m200&amp#27;[39m &amp#27;[90m817 ms - 137&amp#27;[39m
&amp#27;[35m[HTTP]&amp#27;[39m &amp#27;[90m&amp#27;[39m
&amp#27;[35m[HTTP]&amp#27;[39m &amp#27;[37m-->&amp#27;[39m &amp#27;[37mPOST&amp#27;[39m &amp#27;[37m/wd/hub/session/d6d00a49-967f-4db9-89a7-3f6b8f8cb132/element/00000000-0000-02a6-ffff-ffff00000021/click&amp#27;[39m
&amp#27;[35m[HTTP]&amp#27;[39m &amp#27;[90m{"id":"00000000-0000-02a6-ffff-ffff00000021"}&amp#27;[39m
[debug] &amp#27;[35m[W3C (d6d00a49)]&amp#27;[39m Calling AppiumDriver.click() with args: ["00000000-0000-02a6-ffff-ffff00000021","d6d00a49-967f-4db9-89a7-3f6b8f8cb132"]
[debug] &amp#27;[35m[WD Proxy]&amp#27;[39m Matched '/element/00000000-0000-02a6-ffff-ffff00000021/click' to command name 'click'
[debug] &amp#27;[35m[WD Proxy]&amp#27;[39m Proxying [POST /element/00000000-0000-02a6-ffff-ffff00000021/click] to [POST http://127.0.0.1:8203/wd/hub/session/6a6b133a-7a15-4a20-bbd4-c0eff5a2370f/element/00000000-0000-02a6-ffff-ffff00000021/click] with body: {"element":"00000000-0000-02a6-ffff-ffff00000021"}
[debug] &amp#27;[35m[WD Proxy]&amp#27;[39m Got response with status 200: {"sessionId":"6a6b133a-7a15-4a20-bbd4-c0eff5a2370f","value":null}
[debug] &amp#27;[35m[W3C (d6d00a49)]&amp#27;[39m Responding to client with driver.click() result: null
&amp#27;[35m[HTTP]&amp#27;[39m &amp#27;[37m<-- POST /wd/hub/session/d6d00a49-967f-4db9-89a7-3f6b8f8cb132/element/00000000-0000-02a6-ffff-ffff00000021/click &amp#27;[39m&amp#27;[32m200&amp#27;[39m &amp#27;[90m40 ms - 14&amp#27;[39m
&amp#27;[35m[HTTP]&amp#27;[39m &amp#27;[90m&amp#27;[39m
&amp#27;[35m[HTTP]&amp#27;[39m &amp#27;[37m-->&amp#27;[39m &amp#27;[37mPOST&amp#27;[39m &amp#27;[37m/wd/hub/session/d6d00a49-967f-4db9-89a7-3f6b8f8cb132/element&amp#27;[39m
&amp#27;[35m[HTTP]&amp#27;[39m &amp#27;[90m{"using":"id","value":"android:id/text1"}&amp#27;[39m
[debug] &amp#27;[35m[W3C (d6d00a49)]&amp#27;[39m Calling AppiumDriver.findElement() with args: ["id","android:id/text1","d6d00a49-967f-4db9-89a7-3f6b8f8cb132"]
[debug] &amp#27;[35m[BaseDriver]&amp#27;[39m Valid locator strategies for this request: xpath, id, class name, accessibility id, css selector, -android uiautomator
[debug] &amp#27;[35m[BaseDriver]&amp#27;[39m Waiting up to 10000 ms for condition
[debug] &amp#27;[35m[WD Proxy]&amp#27;[39m Matched '/element' to command name 'findElement'
[debug] &amp#27;[35m[WD Proxy]&amp#27;[39m Proxying [POST /element] to [POST http://127.0.0.1:8203/wd/hub/session/6a6b133a-7a15-4a20-bbd4-c0eff5a2370f/element] with body: {"strategy":"id","selector":"android:id/text1","context":"","multiple":false}
[debug] &amp#27;[35m[WD Proxy]&amp#27;[39m Got response with status 200: {"sessionId":"6a6b133a-7a15-4a20-bbd4-c0eff5a2370f","value":{"ELEMENT":"00000000-0000-02a6-ffff-ffff00000024","element-6066-11e4-a52e-4f735466cecf":"00000000-0000-02a6-ffff-ffff00000024"}}
[debug] &amp#27;[35m[W3C (d6d00a49)]&amp#27;[39m Responding to client with driver.findElement() result: {"element-6066-11e4-a52e-4f735466cecf":"00000000-0000-02a6-ffff-ffff00000024","ELEMENT":"00000000-0000-02a6-ffff-ffff00000024"}
&amp#27;[35m[HTTP]&amp#27;[39m &amp#27;[37m<-- POST /wd/hub/session/d6d00a49-967f-4db9-89a7-3f6b8f8cb132/element &amp#27;[39m&amp#27;[32m200&amp#27;[39m &amp#27;[90m36 ms - 137&amp#27;[39m
&amp#27;[35m[HTTP]&amp#27;[39m &amp#27;[90m&amp#27;[39m
&amp#27;[35m[HTTP]&amp#27;[39m &amp#27;[37m-->&amp#27;[39m &amp#27;[37mPOST&amp#27;[39m &amp#27;[37m/wd/hub/session/d6d00a49-967f-4db9-89a7-3f6b8f8cb132/element/00000000-0000-02a6-ffff-ffff00000024/click&amp#27;[39m
&amp#27;[35m[HTTP]&amp#27;[39m &amp#27;[90m{"id":"00000000-0000-02a6-ffff-ffff00000024"}&amp#27;[39m
[debug] &amp#27;[35m[W3C (d6d00a49)]&amp#27;[39m Calling AppiumDriver.click() with args: ["00000000-0000-02a6-ffff-ffff00000024","d6d00a49-967f-4db9-89a7-3f6b8f8cb132"]
[debug] &amp#27;[35m[WD Proxy]&amp#27;[39m Matched '/element/00000000-0000-02a6-ffff-ffff00000024/click' to command name 'click'
[debug] &amp#27;[35m[WD Proxy]&amp#27;[39m Proxying [POST /element/00000000-0000-02a6-ffff-ffff00000024/click] to [POST http://127.0.0.1:8203/wd/hub/session/6a6b133a-7a15-4a20-bbd4-c0eff5a2370f/element/00000000-0000-02a6-ffff-ffff00000024/click] with body: {"element":"00000000-0000-02a6-ffff-ffff00000024"}
[debug] &amp#27;[35m[WD Proxy]&amp#27;[39m Got response with status 200: {"sessionId":"6a6b133a-7a15-4a20-bbd4-c0eff5a2370f","value":null}
[debug] &amp#27;[35m[W3C (d6d00a49)]&amp#27;[39m Responding to client with driver.click() result: null
&amp#27;[35m[HTTP]&amp#27;[39m &amp#27;[37m<-- POST /wd/hub/session/d6d00a49-967f-4db9-89a7-3f6b8f8cb132/element/00000000-0000-02a6-ffff-ffff00000024/click &amp#27;[39m&amp#27;[32m200&amp#27;[39m &amp#27;[90m585 ms - 14&amp#27;[39m
&amp#27;[35m[HTTP]&amp#27;[39m &amp#27;[90m&amp#27;[39m
&amp#27;[35m[HTTP]&amp#27;[39m &amp#27;[37m-->&amp#27;[39m &amp#27;[37mPOST&amp#27;[39m &amp#27;[37m/wd/hub/session/d6d00a49-967f-4db9-89a7-3f6b8f8cb132/element&amp#27;[39m
&amp#27;[35m[HTTP]&amp#27;[39m &amp#27;[90m{"using":"-android uiautomator","value":"new UiScrollable(new UiSelector()).scrollIntoView(text(\"Chad\"));"}&amp#27;[39m
[debug] &amp#27;[35m[W3C (d6d00a49)]&amp#27;[39m Calling AppiumDriver.findElement() with args: ["-android uiautomator","new UiScrollable(new UiSelector()).scrollIntoView(text(\"Chad\"));","d6d00a49-967f-4db9-89a7-3f6b8f8cb132"]
[debug] &amp#27;[35m[BaseDriver]&amp#27;[39m Valid locator strategies for this request: xpath, id, class name, accessibility id, css selector, -android uiautomator
[debug] &amp#27;[35m[BaseDriver]&amp#27;[39m Waiting up to 10000 ms for condition
[debug] &amp#27;[35m[WD Proxy]&amp#27;[39m Matched '/element' to command name 'findElement'
[debug] &amp#27;[35m[WD Proxy]&amp#27;[39m Proxying [POST /element] to [POST http://127.0.0.1:8203/wd/hub/session/6a6b133a-7a15-4a20-bbd4-c0eff5a2370f/element] with body: {"strategy":"-android uiautomator","selector":"new UiScrollable(new UiSelector()).scrollIntoView(text(\"Chad\"));","context":"","multiple":false}
[debug] &amp#27;[35m[WD Proxy]&amp#27;[39m Got response with status 200: {"sessionId":"6a6b133a-7a15-4a20-bbd4-c0eff5a2370f","value":{"ELEMENT":"00000000-0000-02a7-ffff-ffff0000002b","element-6066-11e4-a52e-4f735466cecf":"00000000-0000-02a7-ffff-ffff0000002b"}}
[debug] &amp#27;[35m[W3C (d6d00a49)]&amp#27;[39m Responding to client with driver.findElement() result: {"element-6066-11e4-a52e-4f735466cecf":"00000000-0000-02a7-ffff-ffff0000002b","ELEMENT":"00000000-0000-02a7-ffff-ffff0000002b"}
&amp#27;[35m[HTTP]&amp#27;[39m &amp#27;[37m<-- POST /wd/hub/session/d6d00a49-967f-4db9-89a7-3f6b8f8cb132/element &amp#27;[39m&amp#27;[32m200&amp#27;[39m &amp#27;[90m11302 ms - 137&amp#27;[39m
&amp#27;[35m[HTTP]&amp#27;[39m &amp#27;[90m&amp#27;[39m
&amp#27;[35m[HTTP]&amp#27;[39m &amp#27;[37m-->&amp#27;[39m &amp#27;[37mPOST&amp#27;[39m &amp#27;[37m/wd/hub/session/d6d00a49-967f-4db9-89a7-3f6b8f8cb132/element&amp#27;[39m
&amp#27;[35m[HTTP]&amp#27;[39m &amp#27;[90m{"using":"xpath","value":"//*[@text='Chad']"}&amp#27;[39m
[debug] &amp#27;[35m[W3C (d6d00a49)]&amp#27;[39m Calling AppiumDriver.findElement() with args: ["xpath","//*[@text='Chad']","d6d00a49-967f-4db9-89a7-3f6b8f8cb132"]
[debug] &amp#27;[35m[BaseDriver]&amp#27;[39m Valid locator strategies for this request: xpath, id, class name, accessibility id, css selector, -android uiautomator
[debug] &amp#27;[35m[BaseDriver]&amp#27;[39m Waiting up to 10000 ms for condition
[debug] &amp#27;[35m[WD Proxy]&amp#27;[39m Matched '/element' to command name 'findElement'
[debug] &amp#27;[35m[WD Proxy]&amp#27;[39m Proxying [POST /element] to [POST http://127.0.0.1:8203/wd/hub/session/6a6b133a-7a15-4a20-bbd4-c0eff5a2370f/element] with body: {"strategy":"xpath","selector":"//*[@text='Chad']","context":"","multiple":false}
[debug] &amp#27;[35m[WD Proxy]&amp#27;[39m Got response with status 200: {"sessionId":"6a6b133a-7a15-4a20-bbd4-c0eff5a2370f","value":{"ELEMENT":"00000000-0000-02a7-ffff-ffff0000002b","element-6066-11e4-a52e-4f735466cecf":"00000000-0000-02a7-ffff-ffff0000002b"}}
[debug] &amp#27;[35m[W3C (d6d00a49)]&amp#27;[39m Responding to client with driver.findElement() result: {"element-6066-11e4-a52e-4f735466cecf":"00000000-0000-02a7-ffff-ffff0000002b","ELEMENT":"00000000-0000-02a7-ffff-ffff0000002b"}
&amp#27;[35m[HTTP]&amp#27;[39m &amp#27;[37m<-- POST /wd/hub/session/d6d00a49-967f-4db9-89a7-3f6b8f8cb132/element &amp#27;[39m&amp#27;[32m200&amp#27;[39m &amp#27;[90m29 ms - 137&amp#27;[39m
&amp#27;[35m[HTTP]&amp#27;[39m &amp#27;[90m&amp#27;[39m
&amp#27;[35m[HTTP]&amp#27;[39m &amp#27;[37m-->&amp#27;[39m &amp#27;[37mPOST&amp#27;[39m &amp#27;[37m/wd/hub/session/d6d00a49-967f-4db9-89a7-3f6b8f8cb132/element/00000000-0000-02a7-ffff-ffff0000002b/click&amp#27;[39m
&amp#27;[35m[HTTP]&amp#27;[39m &amp#27;[90m{"id":"00000000-0000-02a7-ffff-ffff0000002b"}&amp#27;[39m
[debug] &amp#27;[35m[W3C (d6d00a49)]&amp#27;[39m Calling AppiumDriver.click() with args: ["00000000-0000-02a7-ffff-ffff0000002b","d6d00a49-967f-4db9-89a7-3f6b8f8cb132"]
[debug] &amp#27;[35m[WD Proxy]&amp#27;[39m Matched '/element/00000000-0000-02a7-ffff-ffff0000002b/click' to command name 'click'
[debug] &amp#27;[35m[WD Proxy]&amp#27;[39m Proxying [POST /element/00000000-0000-02a7-ffff-ffff0000002b/click] to [POST http://127.0.0.1:8203/wd/hub/session/6a6b133a-7a15-4a20-bbd4-c0eff5a2370f/element/00000000-0000-02a7-ffff-ffff0000002b/click] with body: {"element":"00000000-0000-02a7-ffff-ffff0000002b"}
[debug] &amp#27;[35m[WD Proxy]&amp#27;[39m Got response with status 200: {"sessionId":"6a6b133a-7a15-4a20-bbd4-c0eff5a2370f","value":null}
[debug] &amp#27;[35m[W3C (d6d00a49)]&amp#27;[39m Responding to client with driver.click() result: null
&amp#27;[35m[HTTP]&amp#27;[39m &amp#27;[37m<-- POST /wd/hub/session/d6d00a49-967f-4db9-89a7-3f6b8f8cb132/element/00000000-0000-02a7-ffff-ffff0000002b/click &amp#27;[39m&amp#27;[32m200&amp#27;[39m &amp#27;[90m660 ms - 14&amp#27;[39m
&amp#27;[35m[HTTP]&amp#27;[39m &amp#27;[90m&amp#27;[39m
&amp#27;[35m[HTTP]&amp#27;[39m &amp#27;[37m-->&amp#27;[39m &amp#27;[37mPOST&amp#27;[39m &amp#27;[37m/wd/hub/session/d6d00a49-967f-4db9-89a7-3f6b8f8cb132/element&amp#27;[39m
&amp#27;[35m[HTTP]&amp#27;[39m &amp#27;[90m{"using":"id","value":"com.androidsample.generalstore:id/btnLetsShop"}&amp#27;[39m
[debug] &amp#27;[35m[W3C (d6d00a49)]&amp#27;[39m Calling AppiumDriver.findElement() with args: ["id","com.androidsample.generalstore:id/btnLetsShop","d6d00a49-967f-4db9-89a7-3f6b8f8cb132"]
[debug] &amp#27;[35m[BaseDriver]&amp#27;[39m Valid locator strategies for this request: xpath, id, class name, accessibility id, css selector, -android uiautomator
[debug] &amp#27;[35m[BaseDriver]&amp#27;[39m Waiting up to 10000 ms for condition
[debug] &amp#27;[35m[WD Proxy]&amp#27;[39m Matched '/element' to command name 'findElement'
[debug] &amp#27;[35m[WD Proxy]&amp#27;[39m Proxying [POST /element] to [POST http://127.0.0.1:8203/wd/hub/session/6a6b133a-7a15-4a20-bbd4-c0eff5a2370f/element] with body: {"strategy":"id","selector":"com.androidsample.generalstore:id/btnLetsShop","context":"","multiple":false}
[debug] &amp#27;[35m[WD Proxy]&amp#27;[39m Got response with status 200: {"sessionId":"6a6b133a-7a15-4a20-bbd4-c0eff5a2370f","value":{"ELEMENT":"00000000-0000-02a6-ffff-ffff00000022","element-6066-11e4-a52e-4f735466cecf":"00000000-0000-02a6-ffff-ffff00000022"}}
[debug] &amp#27;[35m[W3C (d6d00a49)]&amp#27;[39m Responding to client with driver.findElement() result: {"element-6066-11e4-a52e-4f735466cecf":"00000000-0000-02a6-ffff-ffff00000022","ELEMENT":"00000000-0000-02a6-ffff-ffff00000022"}
&amp#27;[35m[HTTP]&amp#27;[39m &amp#27;[37m<-- POST /wd/hub/session/d6d00a49-967f-4db9-89a7-3f6b8f8cb132/element &amp#27;[39m&amp#27;[32m200&amp#27;[39m &amp#27;[90m12 ms - 137&amp#27;[39m
&amp#27;[35m[HTTP]&amp#27;[39m &amp#27;[90m&amp#27;[39m
&amp#27;[35m[HTTP]&amp#27;[39m &amp#27;[37m-->&amp#27;[39m &amp#27;[37mPOST&amp#27;[39m &amp#27;[37m/wd/hub/session/d6d00a49-967f-4db9-89a7-3f6b8f8cb132/element/00000000-0000-02a6-ffff-ffff00000022/click&amp#27;[39m
&amp#27;[35m[HTTP]&amp#27;[39m &amp#27;[90m{"id":"00000000-0000-02a6-ffff-ffff00000022"}&amp#27;[39m
[debug] &amp#27;[35m[W3C (d6d00a49)]&amp#27;[39m Calling AppiumDriver.click() with args: ["00000000-0000-02a6-ffff-ffff00000022","d6d00a49-967f-4db9-89a7-3f6b8f8cb132"]
[debug] &amp#27;[35m[WD Proxy]&amp#27;[39m Matched '/element/00000000-0000-02a6-ffff-ffff00000022/click' to command name 'click'
[debug] &amp#27;[35m[WD Proxy]&amp#27;[39m Proxying [POST /element/00000000-0000-02a6-ffff-ffff00000022/click] to [POST http://127.0.0.1:8203/wd/hub/session/6a6b133a-7a15-4a20-bbd4-c0eff5a2370f/element/00000000-0000-02a6-ffff-ffff00000022/click] with body: {"element":"00000000-0000-02a6-ffff-ffff00000022"}
[debug] &amp#27;[35m[WD Proxy]&amp#27;[39m Got response with status 200: {"sessionId":"6a6b133a-7a15-4a20-bbd4-c0eff5a2370f","value":null}
[debug] &amp#27;[35m[W3C (d6d00a49)]&amp#27;[39m Responding to client with driver.click() result: null
&amp#27;[35m[HTTP]&amp#27;[39m &amp#27;[37m<-- POST /wd/hub/session/d6d00a49-967f-4db9-89a7-3f6b8f8cb132/element/00000000-0000-02a6-ffff-ffff00000022/click &amp#27;[39m&amp#27;[32m200&amp#27;[39m &amp#27;[90m33 ms - 14&amp#27;[39m
&amp#27;[35m[HTTP]&amp#27;[39m &amp#27;[90m&amp#27;[39m
&amp#27;[35m[HTTP]&amp#27;[39m &amp#27;[37m-->&amp#27;[39m &amp#27;[37mPOST&amp#27;[39m &amp#27;[37m/wd/hub/session/d6d00a49-967f-4db9-89a7-3f6b8f8cb132/elements&amp#27;[39m
&amp#27;[35m[HTTP]&amp#27;[39m &amp#27;[90m{"using":"id","value":"com.androidsample.generalstore:id/productAddCart"}&amp#27;[39m
[debug] &amp#27;[35m[W3C (d6d00a49)]&amp#27;[39m Calling AppiumDriver.findElements() with args: ["id","com.androidsample.generalstore:id/productAddCart","d6d00a49-967f-4db9-89a7-3f6b8f8cb132"]
[debug] &amp#27;[35m[BaseDriver]&amp#27;[39m Valid locator strategies for this request: xpath, id, class name, accessibility id, css selector, -android uiautomator
[debug] &amp#27;[35m[BaseDriver]&amp#27;[39m Waiting up to 10000 ms for condition
[debug] &amp#27;[35m[WD Proxy]&amp#27;[39m Matched '/elements' to command name 'findElements'
[debug] &amp#27;[35m[WD Proxy]&amp#27;[39m Proxying [POST /elements] to [POST http://127.0.0.1:8203/wd/hub/session/6a6b133a-7a15-4a20-bbd4-c0eff5a2370f/elements] with body: {"strategy":"id","selector":"com.androidsample.generalstore:id/productAddCart","context":"","multiple":true}
[debug] &amp#27;[35m[WD Proxy]&amp#27;[39m Got response with status 200: {"sessionId":"6a6b133a-7a15-4a20-bbd4-c0eff5a2370f","value":[{"ELEMENT":"00000000-0000-02a8-ffff-ffff00000052","element-6066-11e4-a52e-4f735466cecf":"00000000-0000-02a8-ffff-ffff00000052"},{"ELEMENT":"00000000-0000-02a8-ffff-ffff0000005a","element-6066-11e4-a52e-4f735466cecf":"00000000-0000-02a8-ffff-ffff0000005a"}]}
[debug] &amp#27;[35m[W3C (d6d00a49)]&amp#27;[39m Responding to client with driver.findElements() result: [{"element-6066-11e4-a52e-4f735466cecf":"00000000-0000-02a8-ffff-ffff00000052","ELEMENT":"00000000-0000-02a8-ffff-ffff00000052"},{"element-6066-11e4-a52e-4f735466cecf":"00000000-0000-02a8-ffff-ffff0000005a","ELEMENT":"00000000-0000-02a8-ffff-ffff0000005a"}]
&amp#27;[35m[HTTP]&amp#27;[39m &amp#27;[37m<-- POST /wd/hub/session/d6d00a49-967f-4db9-89a7-3f6b8f8cb132/elements &amp#27;[39m&amp#27;[32m200&amp#27;[39m &amp#27;[90m697 ms - 267&amp#27;[39m
&amp#27;[35m[HTTP]&amp#27;[39m &amp#27;[90m&amp#27;[39m
&amp#27;[35m[HTTP]&amp#27;[39m &amp#27;[37m-->&amp#27;[39m &amp#27;[37mPOST&amp#27;[39m &amp#27;[37m/wd/hub/session/d6d00a49-967f-4db9-89a7-3f6b8f8cb132/element/00000000-0000-02a8-ffff-ffff00000052/click&amp#27;[39m
&amp#27;[35m[HTTP]&amp#27;[39m &amp#27;[90m{"id":"00000000-0000-02a8-ffff-ffff00000052"}&amp#27;[39m
[debug] &amp#27;[35m[W3C (d6d00a49)]&amp#27;[39m Calling AppiumDriver.click() with args: ["00000000-0000-02a8-ffff-ffff00000052","d6d00a49-967f-4db9-89a7-3f6b8f8cb132"]
[debug] &amp#27;[35m[WD Proxy]&amp#27;[39m Matched '/element/00000000-0000-02a8-ffff-ffff00000052/click' to command name 'click'
[debug] &amp#27;[35m[WD Proxy]&amp#27;[39m Proxying [POST /element/00000000-0000-02a8-ffff-ffff00000052/click] to [POST http://127.0.0.1:8203/wd/hub/session/6a6b133a-7a15-4a20-bbd4-c0eff5a2370f/element/00000000-0000-02a8-ffff-ffff00000052/click] with body: {"element":"00000000-0000-02a8-ffff-ffff00000052"}
[debug] &amp#27;[35m[WD Proxy]&amp#27;[39m Got response with status 200: {"sessionId":"6a6b133a-7a15-4a20-bbd4-c0eff5a2370f","value":null}
[debug] &amp#27;[35m[W3C (d6d00a49)]&amp#27;[39m Responding to client with driver.click() result: null
&amp#27;[35m[HTTP]&amp#27;[39m &amp#27;[37m<-- POST /wd/hub/session/d6d00a49-967f-4db9-89a7-3f6b8f8cb132/element/00000000-0000-02a8-ffff-ffff00000052/click &amp#27;[39m&amp#27;[32m200&amp#27;[39m &amp#27;[90m531 ms - 14&amp#27;[39m
&amp#27;[35m[HTTP]&amp#27;[39m &amp#27;[90m&amp#27;[39m
&amp#27;[35m[HTTP]&amp#27;[39m &amp#27;[37m-->&amp#27;[39m &amp#27;[37mPOST&amp#27;[39m &amp#27;[37m/wd/hub/session/d6d00a49-967f-4db9-89a7-3f6b8f8cb132/element&amp#27;[39m
&amp#27;[35m[HTTP]&amp#27;[39m &amp#27;[90m{"using":"id","value":"com.androidsample.generalstore:id/appbar_btn_cart"}&amp#27;[39m
[debug] &amp#27;[35m[W3C (d6d00a49)]&amp#27;[39m Calling AppiumDriver.findElement() with args: ["id","com.androidsample.generalstore:id/appbar_btn_cart","d6d00a49-967f-4db9-89a7-3f6b8f8cb132"]
[debug] &amp#27;[35m[BaseDriver]&amp#27;[39m Valid locator strategies for this request: xpath, id, class name, accessibility id, css selector, -android uiautomator
[debug] &amp#27;[35m[BaseDriver]&amp#27;[39m Waiting up to 10000 ms for condition
[debug] &amp#27;[35m[WD Proxy]&amp#27;[39m Matched '/element' to command name 'findElement'
[debug] &amp#27;[35m[WD Proxy]&amp#27;[39m Proxying [POST /element] to [POST http://127.0.0.1:8203/wd/hub/session/6a6b133a-7a15-4a20-bbd4-c0eff5a2370f/element] with body: {"strategy":"id","selector":"com.androidsample.generalstore:id/appbar_btn_cart","context":"","multiple":false}
[debug] &amp#27;[35m[WD Proxy]&amp#27;[39m Got response with status 200: {"sessionId":"6a6b133a-7a15-4a20-bbd4-c0eff5a2370f","value":{"ELEMENT":"00000000-0000-02a8-ffff-ffff00000045","element-6066-11e4-a52e-4f735466cecf":"00000000-0000-02a8-ffff-ffff00000045"}}
[debug] &amp#27;[35m[W3C (d6d00a49)]&amp#27;[39m Responding to client with driver.findElement() result: {"element-6066-11e4-a52e-4f735466cecf":"00000000-0000-02a8-ffff-ffff00000045","ELEMENT":"00000000-0000-02a8-ffff-ffff00000045"}
&amp#27;[35m[HTTP]&amp#27;[39m &amp#27;[37m<-- POST /wd/hub/session/d6d00a49-967f-4db9-89a7-3f6b8f8cb132/element &amp#27;[39m&amp#27;[32m200&amp#27;[39m &amp#27;[90m18 ms - 137&amp#27;[39m
&amp#27;[35m[HTTP]&amp#27;[39m &amp#27;[90m&amp#27;[39m
&amp#27;[35m[HTTP]&amp#27;[39m &amp#27;[37m-->&amp#27;[39m &amp#27;[37mPOST&amp#27;[39m &amp#27;[37m/wd/hub/session/d6d00a49-967f-4db9-89a7-3f6b8f8cb132/element/00000000-0000-02a8-ffff-ffff00000045/click&amp#27;[39m
&amp#27;[35m[HTTP]&amp#27;[39m &amp#27;[90m{"id":"00000000-0000-02a8-ffff-ffff00000045"}&amp#27;[39m
[debug] &amp#27;[35m[W3C (d6d00a49)]&amp#27;[39m Calling AppiumDriver.click() with args: ["00000000-0000-02a8-ffff-ffff00000045","d6d00a49-967f-4db9-89a7-3f6b8f8cb132"]
[debug] &amp#27;[35m[WD Proxy]&amp#27;[39m Matched '/element/00000000-0000-02a8-ffff-ffff00000045/click' to command name 'click'
[debug] &amp#27;[35m[WD Proxy]&amp#27;[39m Proxying [POST /element/00000000-0000-02a8-ffff-ffff00000045/click] to [POST http://127.0.0.1:8203/wd/hub/session/6a6b133a-7a15-4a20-bbd4-c0eff5a2370f/element/00000000-0000-02a8-ffff-ffff00000045/click] with body: {"element":"00000000-0000-02a8-ffff-ffff00000045"}
[debug] &amp#27;[35m[WD Proxy]&amp#27;[39m Got response with status 200: {"sessionId":"6a6b133a-7a15-4a20-bbd4-c0eff5a2370f","value":null}
[debug] &amp#27;[35m[W3C (d6d00a49)]&amp#27;[39m Responding to client with driver.click() result: null
&amp#27;[35m[HTTP]&amp#27;[39m &amp#27;[37m<-- POST /wd/hub/session/d6d00a49-967f-4db9-89a7-3f6b8f8cb132/element/00000000-0000-02a8-ffff-ffff00000045/click &amp#27;[39m&amp#27;[32m200&amp#27;[39m &amp#27;[90m29 ms - 14&amp#27;[39m
&amp#27;[35m[HTTP]&amp#27;[39m &amp#27;[90m&amp#27;[39m
&amp#27;[35m[HTTP]&amp#27;[39m &amp#27;[37m-->&amp#27;[39m &amp#27;[37mPOST&amp#27;[39m &amp#27;[37m/wd/hub/session/d6d00a49-967f-4db9-89a7-3f6b8f8cb132/element&amp#27;[39m
&amp#27;[35m[HTTP]&amp#27;[39m &amp#27;[90m{"using":"class name","value":"android.widget.CheckBox"}&amp#27;[39m
[debug] &amp#27;[35m[W3C (d6d00a49)]&amp#27;[39m Calling AppiumDriver.findElement() with args: ["class name","android.widget.CheckBox","d6d00a49-967f-4db9-89a7-3f6b8f8cb132"]
[debug] &amp#27;[35m[BaseDriver]&amp#27;[39m Valid locator strategies for this request: xpath, id, class name, accessibility id, css selector, -android uiautomator
[debug] &amp#27;[35m[BaseDriver]&amp#27;[39m Waiting up to 10000 ms for condition
[debug] &amp#27;[35m[WD Proxy]&amp#27;[39m Matched '/element' to command name 'findElement'
[debug] &amp#27;[35m[WD Proxy]&amp#27;[39m Proxying [POST /element] to [POST http://127.0.0.1:8203/wd/hub/session/6a6b133a-7a15-4a20-bbd4-c0eff5a2370f/element] with body: {"strategy":"class name","selector":"android.widget.CheckBox","context":"","multiple":false}
[debug] &amp#27;[35m[WD Proxy]&amp#27;[39m Got response with status 200: {"sessionId":"6a6b133a-7a15-4a20-bbd4-c0eff5a2370f","value":{"ELEMENT":"00000000-0000-02a9-ffff-ffff0000007c","element-6066-11e4-a52e-4f735466cecf":"00000000-0000-02a9-ffff-ffff0000007c"}}
[debug] &amp#27;[35m[W3C (d6d00a49)]&amp#27;[39m Responding to client with driver.findElement() result: {"element-6066-11e4-a52e-4f735466cecf":"00000000-0000-02a9-ffff-ffff0000007c","ELEMENT":"00000000-0000-02a9-ffff-ffff0000007c"}
&amp#27;[35m[HTTP]&amp#27;[39m &amp#27;[37m<-- POST /wd/hub/session/d6d00a49-967f-4db9-89a7-3f6b8f8cb132/element &amp#27;[39m&amp#27;[32m200&amp#27;[39m &amp#27;[90m16 ms - 137&amp#27;[39m
&amp#27;[35m[HTTP]&amp#27;[39m &amp#27;[90m&amp#27;[39m
&amp#27;[35m[HTTP]&amp#27;[39m &amp#27;[37m-->&amp#27;[39m &amp#27;[37mPOST&amp#27;[39m &amp#27;[37m/wd/hub/session/d6d00a49-967f-4db9-89a7-3f6b8f8cb132/element/00000000-0000-02a9-ffff-ffff0000007c/click&amp#27;[39m
&amp#27;[35m[HTTP]&amp#27;[39m &amp#27;[90m{"id":"00000000-0000-02a9-ffff-ffff0000007c"}&amp#27;[39m
[debug] &amp#27;[35m[W3C (d6d00a49)]&amp#27;[39m Calling AppiumDriver.click() with args: ["00000000-0000-02a9-ffff-ffff0000007c","d6d00a49-967f-4db9-89a7-3f6b8f8cb132"]
[debug] &amp#27;[35m[WD Proxy]&amp#27;[39m Matched '/element/00000000-0000-02a9-ffff-ffff0000007c/click' to command name 'click'
[debug] &amp#27;[35m[WD Proxy]&amp#27;[39m Proxying [POST /element/00000000-0000-02a9-ffff-ffff0000007c/click] to [POST http://127.0.0.1:8203/wd/hub/session/6a6b133a-7a15-4a20-bbd4-c0eff5a2370f/element/00000000-0000-02a9-ffff-ffff0000007c/click] with body: {"element":"00000000-0000-02a9-ffff-ffff0000007c"}
[debug] &amp#27;[35m[WD Proxy]&amp#27;[39m Got response with status 200: {"sessionId":"6a6b133a-7a15-4a20-bbd4-c0eff5a2370f","value":null}
[debug] &amp#27;[35m[W3C (d6d00a49)]&amp#27;[39m Responding to client with driver.click() result: null
&amp#27;[35m[HTTP]&amp#27;[39m &amp#27;[37m<-- POST /wd/hub/session/d6d00a49-967f-4db9-89a7-3f6b8f8cb132/element/00000000-0000-02a9-ffff-ffff0000007c/click &amp#27;[39m&amp#27;[32m200&amp#27;[39m &amp#27;[90m34 ms - 14&amp#27;[39m
&amp#27;[35m[HTTP]&amp#27;[39m &amp#27;[90m&amp#27;[39m
&amp#27;[35m[HTTP]&amp#27;[39m &amp#27;[37m-->&amp#27;[39m &amp#27;[37mPOST&amp#27;[39m &amp#27;[37m/wd/hub/session/d6d00a49-967f-4db9-89a7-3f6b8f8cb132/element&amp#27;[39m
&amp#27;[35m[HTTP]&amp#27;[39m &amp#27;[90m{"using":"id","value":"com.androidsample.generalstore:id/btnProceed"}&amp#27;[39m
[debug] &amp#27;[35m[W3C (d6d00a49)]&amp#27;[39m Calling AppiumDriver.findElement() with args: ["id","com.androidsample.generalstore:id/btnProceed","d6d00a49-967f-4db9-89a7-3f6b8f8cb132"]
[debug] &amp#27;[35m[BaseDriver]&amp#27;[39m Valid locator strategies for this request: xpath, id, class name, accessibility id, css selector, -android uiautomator
[debug] &amp#27;[35m[BaseDriver]&amp#27;[39m Waiting up to 10000 ms for condition
[debug] &amp#27;[35m[WD Proxy]&amp#27;[39m Matched '/element' to command name 'findElement'
[debug] &amp#27;[35m[WD Proxy]&amp#27;[39m Proxying [POST /element] to [POST http://127.0.0.1:8203/wd/hub/session/6a6b133a-7a15-4a20-bbd4-c0eff5a2370f/element] with body: {"strategy":"id","selector":"com.androidsample.generalstore:id/btnProceed","context":"","multiple":false}
[debug] &amp#27;[35m[WD Proxy]&amp#27;[39m Got response with status 200: {"sessionId":"6a6b133a-7a15-4a20-bbd4-c0eff5a2370f","value":{"ELEMENT":"00000000-0000-02a9-ffff-ffff0000007d","element-6066-11e4-a52e-4f735466cecf":"00000000-0000-02a9-ffff-ffff0000007d"}}
[debug] &amp#27;[35m[W3C (d6d00a49)]&amp#27;[39m Responding to client with driver.findElement() result: {"element-6066-11e4-a52e-4f735466cecf":"00000000-0000-02a9-ffff-ffff0000007d","ELEMENT":"00000000-0000-02a9-ffff-ffff0000007d"}
&amp#27;[35m[HTTP]&amp#27;[39m &amp#27;[37m<-- POST /wd/hub/session/d6d00a49-967f-4db9-89a7-3f6b8f8cb132/element &amp#27;[39m&amp#27;[32m200&amp#27;[39m &amp#27;[90m27 ms - 137&amp#27;[39m
&amp#27;[35m[HTTP]&amp#27;[39m &amp#27;[90m&amp#27;[39m
&amp#27;[35m[HTTP]&amp#27;[39m &amp#27;[37m-->&amp#27;[39m &amp#27;[37mPOST&amp#27;[39m &amp#27;[37m/wd/hub/session/d6d00a49-967f-4db9-89a7-3f6b8f8cb132/element/00000000-0000-02a9-ffff-ffff0000007d/click&amp#27;[39m
&amp#27;[35m[HTTP]&amp#27;[39m &amp#27;[90m{"id":"00000000-0000-02a9-ffff-ffff0000007d"}&amp#27;[39m
[debug] &amp#27;[35m[W3C (d6d00a49)]&amp#27;[39m Calling AppiumDriver.click() with args: ["00000000-0000-02a9-ffff-ffff0000007d","d6d00a49-967f-4db9-89a7-3f6b8f8cb132"]
[debug] &amp#27;[35m[WD Proxy]&amp#27;[39m Matched '/element/00000000-0000-02a9-ffff-ffff0000007d/click' to command name 'click'
[debug] &amp#27;[35m[WD Proxy]&amp#27;[39m Proxying [POST /element/00000000-0000-02a9-ffff-ffff0000007d/click] to [POST http://127.0.0.1:8203/wd/hub/session/6a6b133a-7a15-4a20-bbd4-c0eff5a2370f/element/00000000-0000-02a9-ffff-ffff0000007d/click] with body: {"element":"00000000-0000-02a9-ffff-ffff0000007d"}
[debug] &amp#27;[35m[WD Proxy]&amp#27;[39m Got response with status 200: {"sessionId":"6a6b133a-7a15-4a20-bbd4-c0eff5a2370f","value":null}
[debug] &amp#27;[35m[W3C (d6d00a49)]&amp#27;[39m Responding to client with driver.click() result: null
&amp#27;[35m[HTTP]&amp#27;[39m &amp#27;[37m<-- POST /wd/hub/session/d6d00a49-967f-4db9-89a7-3f6b8f8cb132/element/00000000-0000-02a9-ffff-ffff0000007d/click &amp#27;[39m&amp#27;[32m200&amp#27;[39m &amp#27;[90m592 ms - 14&amp#27;[39m
&amp#27;[35m[HTTP]&amp#27;[39m &amp#27;[90m&amp#27;[39m
&amp#27;[35m[HTTP]&amp#27;[39m &amp#27;[37m-->&amp#27;[39m &amp#27;[37mGET&amp#27;[39m &amp#27;[37m/wd/hub/session/d6d00a49-967f-4db9-89a7-3f6b8f8cb132/contexts&amp#27;[39m
&amp#27;[35m[HTTP]&amp#27;[39m &amp#27;[90m{}&amp#27;[39m
[debug] &amp#27;[35m[W3C (d6d00a49)]&amp#27;[39m Calling AppiumDriver.getContexts() with args: ["d6d00a49-967f-4db9-89a7-3f6b8f8cb132"]
[debug] &amp#27;[35m[AndroidDriver]&amp#27;[39m Getting a list of available webviews
[debug] &amp#27;[35m[ADB]&amp#27;[39m Running 'C:\Users\joelv\AppData\Local\Android\Sdk\platform-tools\adb.exe -P 5037 -s emulator-5554 shell cat /proc/net/unix'
[debug] &amp#27;[35m[AndroidDriver]&amp#27;[39m Parsed 1 active devtools socket: ["@webview_devtools_remote_14558"]
[debug] &amp#27;[35m[AndroidDriver]&amp#27;[39m Collecting CDP data of 1 webview
[debug] &amp#27;[35m[AndroidDriver]&amp#27;[39m Forwarding remote port webview_devtools_remote_14558 to a local port in range 10900..11000
[debug] &amp#27;[35m[AndroidDriver]&amp#27;[39m You could use the 'webviewDevtoolsPort' capability to customize the starting port number
[debug] &amp#27;[35m[ADB]&amp#27;[39m Running 'C:\Users\joelv\AppData\Local\Android\Sdk\platform-tools\adb.exe -P 5037 -s emulator-5554 forward tcp:10900 localabstract:webview_devtools_remote_14558'
[debug] &amp#27;[35m[ADB]&amp#27;[39m Removing forwarded port socket connection: 10900 
[debug] &amp#27;[35m[ADB]&amp#27;[39m Running 'C:\Users\joelv\AppData\Local\Android\Sdk\platform-tools\adb.exe -P 5037 -s emulator-5554 forward --remove tcp:10900'
[debug] &amp#27;[35m[AndroidDriver]&amp#27;[39m CDP data collection completed
[debug] &amp#27;[35m[AndroidDriver]&amp#27;[39m WEBVIEW_14558 mapped to pid 14558
[debug] &amp#27;[35m[AndroidDriver]&amp#27;[39m Getting process name for webview 'WEBVIEW_14558'
[debug] &amp#27;[35m[ADB]&amp#27;[39m Running 'C:\Users\joelv\AppData\Local\Android\Sdk\platform-tools\adb.exe -P 5037 -s emulator-5554 shell ps --help'
[debug] &amp#27;[35m[ADB]&amp#27;[39m Running 'C:\Users\joelv\AppData\Local\Android\Sdk\platform-tools\adb.exe -P 5037 -s emulator-5554 shell ps -A'
[debug] &amp#27;[35m[AndroidDriver]&amp#27;[39m Got process name: 'com.androidsample.generalstore'
[debug] &amp#27;[35m[AndroidDriver]&amp#27;[39m Found 1 webview: ["WEBVIEW_com.androidsample.generalstore"]
[debug] &amp#27;[35m[AndroidDriver]&amp#27;[39m Available contexts: ["NATIVE_APP","WEBVIEW_com.androidsample.generalstore"]
[debug] &amp#27;[35m[W3C (d6d00a49)]&amp#27;[39m Responding to client with driver.getContexts() result: ["NATIVE_APP","WEBVIEW_com.androidsample.generalstore"]
&amp#27;[35m[HTTP]&amp#27;[39m &amp#27;[37m<-- GET /wd/hub/session/d6d00a49-967f-4db9-89a7-3f6b8f8cb132/contexts &amp#27;[39m&amp#27;[32m200&amp#27;[39m &amp#27;[90m186 ms - 65&amp#27;[39m
&amp#27;[35m[HTTP]&amp#27;[39m &amp#27;[90m&amp#27;[39m
NATIVE_APP
WEBVIEW_com.androidsample.generalstore
&amp#27;[35m[HTTP]&amp#27;[39m &amp#27;[37m-->&amp#27;[39m &amp#27;[37mPOST&amp#27;[39m &amp#27;[37m/wd/hub/session/d6d00a49-967f-4db9-89a7-3f6b8f8cb132/context&amp#27;[39m
&amp#27;[35m[HTTP]&amp#27;[39m &amp#27;[90m{"name":"WEBVIEW_com.androidsample.generalstore"}&amp#27;[39m
[debug] &amp#27;[35m[W3C (d6d00a49)]&amp#27;[39m Calling AppiumDriver.setContext() with args: ["WEBVIEW_com.androidsample.generalstore","d6d00a49-967f-4db9-89a7-3f6b8f8cb132"]
[debug] &amp#27;[35m[AndroidDriver]&amp#27;[39m Getting a list of available webviews
[debug] &amp#27;[35m[ADB]&amp#27;[39m Running 'C:\Users\joelv\AppData\Local\Android\Sdk\platform-tools\adb.exe -P 5037 -s emulator-5554 shell cat /proc/net/unix'
[debug] &amp#27;[35m[AndroidDriver]&amp#27;[39m Parsed 1 active devtools socket: ["@webview_devtools_remote_14558"]
[debug] &amp#27;[35m[AndroidDriver]&amp#27;[39m Collecting CDP data of 1 webview
[debug] &amp#27;[35m[AndroidDriver]&amp#27;[39m Forwarding remote port webview_devtools_remote_14558 to a local port in range 10900..11000
[debug] &amp#27;[35m[AndroidDriver]&amp#27;[39m You could use the 'webviewDevtoolsPort' capability to customize the starting port number
[debug] &amp#27;[35m[ADB]&amp#27;[39m Running 'C:\Users\joelv\AppData\Local\Android\Sdk\platform-tools\adb.exe -P 5037 -s emulator-5554 forward tcp:10900 localabstract:webview_devtools_remote_14558'
[debug] &amp#27;[35m[ADB]&amp#27;[39m Removing forwarded port socket connection: 10900 
[debug] &amp#27;[35m[ADB]&amp#27;[39m Running 'C:\Users\joelv\AppData\Local\Android\Sdk\platform-tools\adb.exe -P 5037 -s emulator-5554 forward --remove tcp:10900'
[debug] &amp#27;[35m[AndroidDriver]&amp#27;[39m CDP data collection completed
[debug] &amp#27;[35m[AndroidDriver]&amp#27;[39m WEBVIEW_14558 mapped to pid 14558
[debug] &amp#27;[35m[AndroidDriver]&amp#27;[39m Getting process name for webview 'WEBVIEW_14558'
[debug] &amp#27;[35m[ADB]&amp#27;[39m Running 'C:\Users\joelv\AppData\Local\Android\Sdk\platform-tools\adb.exe -P 5037 -s emulator-5554 shell ps -A'
[debug] &amp#27;[35m[AndroidDriver]&amp#27;[39m Got process name: 'com.androidsample.generalstore'
[debug] &amp#27;[35m[AndroidDriver]&amp#27;[39m Found 1 webview: ["WEBVIEW_com.androidsample.generalstore"]
[debug] &amp#27;[35m[AndroidDriver]&amp#27;[39m Available contexts: ["NATIVE_APP","WEBVIEW_com.androidsample.generalstore"]
[debug] &amp#27;[35m[AndroidDriver]&amp#27;[39m Connecting to chrome-backed webview context 'WEBVIEW_com.androidsample.generalstore'
[debug] &amp#27;[35m[AndroidDriver]&amp#27;[39m A port was not given, using random free port: 8000
[debug] &amp#27;[35m[AndroidDriver]&amp#27;[39m Passing web view details to the Chromedriver constructor: {
[debug] &amp#27;[35m[AndroidDriver]&amp#27;[39m   "info": {
[debug] &amp#27;[35m[AndroidDriver]&amp#27;[39m     "Android-Package": "com.androidsample.generalstore",
[debug] &amp#27;[35m[AndroidDriver]&amp#27;[39m     "Browser": "Chrome/83.0.4103.106",
[debug] &amp#27;[35m[AndroidDriver]&amp#27;[39m     "Protocol-Version": "1.3",
[debug] &amp#27;[35m[AndroidDriver]&amp#27;[39m     "User-Agent": "Mozilla/5.0 (Linux; Android 11; Android SDK built for x86 Build/RSR1.210210.001.A1; wv) AppleWebKit/537.36 (KHTML, like Gecko) Version/4.0 Chrome/83.0.4103.106 Mobile Safari/537.36",
[debug] &amp#27;[35m[AndroidDriver]&amp#27;[39m     "V8-Version": "8.3.110.13",
[debug] &amp#27;[35m[AndroidDriver]&amp#27;[39m     "WebKit-Version": "537.36 (@ce7134bb3d95141cd18f1e65772a4247f282d950)",
[debug] &amp#27;[35m[AndroidDriver]&amp#27;[39m     "webSocketDebuggerUrl": "ws://127.0.0.1:10900/devtools/browser"
[debug] &amp#27;[35m[AndroidDriver]&amp#27;[39m   },
[debug] &amp#27;[35m[AndroidDriver]&amp#27;[39m   "process": {
[debug] &amp#27;[35m[AndroidDriver]&amp#27;[39m     "name": "com.androidsample.generalstore",
[debug] &amp#27;[35m[AndroidDriver]&amp#27;[39m     "id": "14558"
[debug] &amp#27;[35m[AndroidDriver]&amp#27;[39m   }
[debug] &amp#27;[35m[AndroidDriver]&amp#27;[39m }
[debug] &amp#27;[35m[AndroidDriver]&amp#27;[39m Automated Chromedriver download is disabled. Use 'chromedriver_autodownload' server feature to enable it
[debug] &amp#27;[35m[AndroidDriver]&amp#27;[39m Precalculated Chromedriver capabilities: {
[debug] &amp#27;[35m[AndroidDriver]&amp#27;[39m   "androidPackage": "com.androidsample.generalstore",
[debug] &amp#27;[35m[AndroidDriver]&amp#27;[39m   "androidUseRunningApp": true,
[debug] &amp#27;[35m[AndroidDriver]&amp#27;[39m   "androidProcess": "com.androidsample.generalstore",
[debug] &amp#27;[35m[AndroidDriver]&amp#27;[39m   "androidDeviceSerial": "emulator-5554"
[debug] &amp#27;[35m[AndroidDriver]&amp#27;[39m }
[debug] &amp#27;[35m[AndroidDriver]&amp#27;[39m Before starting chromedriver, androidPackage is 'com.androidsample.generalstore'
[debug] &amp#27;[35m[Chromedriver]&amp#27;[39m Changed state to 'starting'
[debug] &amp#27;[35m[Chromedriver]&amp#27;[39m Using the static Chromedriver->Chrome mapping
[debug] &amp#27;[35m[Chromedriver]&amp#27;[39m The most recent known Chrome version: 91.0.4472
[debug] &amp#27;[35m[Chromedriver]&amp#27;[39m Found 1 executable in 'C:\Users\joelv\AppData\Roaming\npm\node_modules\appium\node_modules\appium-chromedriver\chromedriver\win'
[debug] &amp#27;[35m[Chromedriver]&amp#27;[39m The following Chromedriver executables were found:
[debug] &amp#27;[35m[Chromedriver]&amp#27;[39m     'C:/Users/joelv/AppData/Roaming/npm/node_modules/appium/node_modules/appium-chromedriver/chromedriver/win/chromedriver.exe' (version '83.0.4103.39', minimum Chrome version '83.0.4103')
[debug] &amp#27;[35m[Chromedriver]&amp#27;[39m Browser version in the supplied details: Chrome/83.0.4103.106
[debug] &amp#27;[35m[Chromedriver]&amp#27;[39m Found Chrome bundle 'undefined' version '83.0.4103'
[debug] &amp#27;[35m[Chromedriver]&amp#27;[39m Found 1 executable capable of automating Chrome '83.0.4103'.
[debug] &amp#27;[35m[Chromedriver]&amp#27;[39m Choosing the most recent, 'C:/Users/joelv/AppData/Roaming/npm/node_modules/appium/node_modules/appium-chromedriver/chromedriver/win/chromedriver.exe'.
[debug] &amp#27;[35m[Chromedriver]&amp#27;[39m If a specific version is required, specify it with the `chromedriverExecutable`desired capability.
&amp#27;[35m[Chromedriver]&amp#27;[39m Set chromedriver binary as: C:/Users/joelv/AppData/Roaming/npm/node_modules/appium/node_modules/appium-chromedriver/chromedriver/win/chromedriver.exe
[debug] &amp#27;[35m[Chromedriver]&amp#27;[39m Killing any old chromedrivers, running: wmic process where "commandline like '%chromedriver.exe%--port=8000%'" delete
[debug] &amp#27;[35m[Chromedriver]&amp#27;[39m Successfully cleaned up old chromedrivers
[debug] &amp#27;[35m[Chromedriver]&amp#27;[39m Cleaning this device's adb forwarded port socket connections: emulator-5554
[debug] &amp#27;[35m[ADB]&amp#27;[39m List forwarding ports
[debug] &amp#27;[35m[ADB]&amp#27;[39m Running 'C:\Users\joelv\AppData\Local\Android\Sdk\platform-tools\adb.exe -P 5037 -s emulator-5554 forward --list'
&amp#27;[35m[Chromedriver]&amp#27;[39m Spawning chromedriver with: C:/Users/joelv/AppData/Roaming/npm/node_modules/appium/node_modules/appium-chromedriver/chromedriver/win/chromedriver.exe --url-base=wd/hub --port=8000 --adb-port=5037 --verbose
[debug] &amp#27;[35m[Chromedriver]&amp#27;[39m Chromedriver version: '83.0.4103.39'
&amp#27;[35m[Chromedriver]&amp#27;[39m Chromedriver v. 83.0.4103.39 supports W3C protocol, but MJSONWP one has been explicitly requested
[debug] &amp#27;[35m[WD Proxy]&amp#27;[39m Matched '/status' to command name 'getStatus'
[debug] &amp#27;[35m[WD Proxy]&amp#27;[39m Proxying [GET /status] to [GET http://127.0.0.1:8000/wd/hub/status] with no body
&amp#27;[35m[WD Proxy]&amp#27;[39m connect ECONNREFUSED 127.0.0.1:8000
[debug] &amp#27;[35m[WD Proxy]&amp#27;[39m Matched '/status' to command name 'getStatus'
[debug] &amp#27;[35m[WD Proxy]&amp#27;[39m Proxying [GET /status] to [GET http://127.0.0.1:8000/wd/hub/status] with no body
[debug] &amp#27;[35m[WD Proxy]&amp#27;[39m Got response with status 200: {"value":{"build":{"version":"83.0.4103.39 (ccbf011cb2d2b19b506d844400483861342c20cd-refs/branch-heads/4103@{#416})"},"message":"ChromeDriver ready for new sessions.","os":{"arch":"x86_64","name":"Windows NT","version":"10.0.22000"},"ready":true}}
&amp#27;[35m[Chromedriver]&amp#27;[39m Starting MJSONWP Chromedriver session with capabilities: {
&amp#27;[35m[Chromedriver]&amp#27;[39m   "desiredCapabilities": {
&amp#27;[35m[Chromedriver]&amp#27;[39m     "chromeOptions": {
&amp#27;[35m[Chromedriver]&amp#27;[39m       "androidPackage": "com.androidsample.generalstore",
&amp#27;[35m[Chromedriver]&amp#27;[39m       "androidUseRunningApp": true,
&amp#27;[35m[Chromedriver]&amp#27;[39m       "androidProcess": "com.androidsample.generalstore",
&amp#27;[35m[Chromedriver]&amp#27;[39m       "androidDeviceSerial": "emulator-5554",
&amp#27;[35m[Chromedriver]&amp#27;[39m       "w3c": false
&amp#27;[35m[Chromedriver]&amp#27;[39m     },
&amp#27;[35m[Chromedriver]&amp#27;[39m     "loggingPrefs": {
&amp#27;[35m[Chromedriver]&amp#27;[39m       "browser": "ALL"
&amp#27;[35m[Chromedriver]&amp#27;[39m     }
&amp#27;[35m[Chromedriver]&amp#27;[39m   }
&amp#27;[35m[Chromedriver]&amp#27;[39m }
[debug] &amp#27;[35m[WD Proxy]&amp#27;[39m Matched '/session' to command name 'createSession'
[debug] &amp#27;[35m[WD Proxy]&amp#27;[39m Proxying [POST /session] to [POST http://127.0.0.1:8000/wd/hub/session] with body: {"desiredCapabilities":{"chromeOptions":{"androidPackage":"com.androidsample.generalstore","androidUseRunningApp":true,"androidProcess":"com.androidsample.generalstore","androidDeviceSerial":"emulator-5554","w3c":false},"loggingPrefs":{"browser":"ALL"}}}
[debug] &amp#27;[35m[Chromedriver]&amp#27;[39m Webview version: 'Chrome/83.0.4103.106'
[debug] &amp#27;[35m[WD Proxy]&amp#27;[39m Got response with status 200: {"sessionId":"197a53aff75ad24a3c6ffd9ca5581d5f","status":0,"value":{"acceptInsecureCerts":false,"acceptSslCerts":false,"applicationCacheEnabled":false,"browserConnectionEnabled":false,"browserName":"chrome","chrome":{"chromedriverVersion":"83.0.4103.39 (ccbf011cb2d2b19b506d844400483861342c20cd-refs/branch-heads/4103@{#416})"},"cssSelectorsEnabled":true,"databaseEnabled":false,"goog:chromeOptions":{"debuggerAddress":"localhost:64632"},"handlesAlerts":true,"hasTouchScreen":true,"javascriptEnabled":true,"locationContextEnabled":true,"mobileEmulationEnabled":false,"nativeEvents":true,"pageLoadStrategy":"normal","platform":"ANDROID","proxy":{},"rotatable":false,"setWindowRect":false,"strictFileInteractability":false,"takesHeapSnapshot":true,"takesScreenshot":true,"timeouts":{"implicit":0,"pageLoad":300000,"script":30000},"unexpectedAlertBehaviour":"ignore","version":"83.0.4103.106","webStorageEnabled":true,"webauthn:virtualAuthenticators":false}}
&amp#27;[35m[WD Proxy]&amp#27;[39m Determined the downstream protocol as 'MJSONWP'
[debug] &amp#27;[35m[Chromedriver]&amp#27;[39m Changed state to 'online'
[debug] &amp#27;[35m[W3C (d6d00a49)]&amp#27;[39m Responding to client with driver.setContext() result: null
&amp#27;[35m[HTTP]&amp#27;[39m &amp#27;[37m<-- POST /wd/hub/session/d6d00a49-967f-4db9-89a7-3f6b8f8cb132/context &amp#27;[39m&amp#27;[32m200&amp#27;[39m &amp#27;[90m2988 ms - 14&amp#27;[39m
&amp#27;[35m[HTTP]&amp#27;[39m &amp#27;[90m&amp#27;[39m
&amp#27;[35m[HTTP]&amp#27;[39m &amp#27;[37m-->&amp#27;[39m &amp#27;[37mPOST&amp#27;[39m &amp#27;[37m/wd/hub/session/d6d00a49-967f-4db9-89a7-3f6b8f8cb132/element&amp#27;[39m
&amp#27;[35m[HTTP]&amp#27;[39m &amp#27;[90m{"using":"xpath","value":"//*[@name='q']"}&amp#27;[39m
&amp#27;[35m[W3C (d6d00a49)]&amp#27;[39m Driver proxy active, passing request on via HTTP proxy
[debug] &amp#27;[35m[WD Proxy]&amp#27;[39m Matched '/wd/hub/session/d6d00a49-967f-4db9-89a7-3f6b8f8cb132/element' to command name 'findElement'
[debug] &amp#27;[35m[WD Proxy]&amp#27;[39m Proxying [POST /wd/hub/session/d6d00a49-967f-4db9-89a7-3f6b8f8cb132/element] to [POST http://127.0.0.1:8000/wd/hub/session/197a53aff75ad24a3c6ffd9ca5581d5f/element] with body: {"using":"xpath","value":"//*[@name='q']"}
[debug] &amp#27;[35m[WD Proxy]&amp#27;[39m Got response with status 200: {"sessionId":"197a53aff75ad24a3c6ffd9ca5581d5f","status":0,"value":{"ELEMENT":"0.18576023191121616-1"}}
&amp#27;[35m[WD Proxy]&amp#27;[39m Replacing sessionId 197a53aff75ad24a3c6ffd9ca5581d5f with d6d00a49-967f-4db9-89a7-3f6b8f8cb132
&amp#27;[35m[HTTP]&amp#27;[39m &amp#27;[37m<-- POST /wd/hub/session/d6d00a49-967f-4db9-89a7-3f6b8f8cb132/element &amp#27;[39m&amp#27;[32m200&amp#27;[39m &amp#27;[90m26 ms - 158&amp#27;[39m
&amp#27;[35m[HTTP]&amp#27;[39m &amp#27;[90m&amp#27;[39m
&amp#27;[35m[HTTP]&amp#27;[39m &amp#27;[37m-->&amp#27;[39m &amp#27;[37mPOST&amp#27;[39m &amp#27;[37m/wd/hub/session/d6d00a49-967f-4db9-89a7-3f6b8f8cb132/element/0.18576023191121616-1/value&amp#27;[39m
&amp#27;[35m[HTTP]&amp#27;[39m &amp#27;[90m{"id":"0.18576023191121616-1","text":"AutomationTesting","value":["A","u","t","o","m","a","t","i","o","n","T","e","s","t","i","n","g"]}&amp#27;[39m
&amp#27;[35m[W3C (d6d00a49)]&amp#27;[39m Driver proxy active, passing request on via HTTP proxy
[debug] &amp#27;[35m[WD Proxy]&amp#27;[39m Matched '/wd/hub/session/d6d00a49-967f-4db9-89a7-3f6b8f8cb132/element/0.18576023191121616-1/value' to command name 'setValue'
[debug] &amp#27;[35m[WD Proxy]&amp#27;[39m Proxying [POST /wd/hub/session/d6d00a49-967f-4db9-89a7-3f6b8f8cb132/element/0.18576023191121616-1/value] to [POST http://127.0.0.1:8000/wd/hub/session/197a53aff75ad24a3c6ffd9ca5581d5f/element/0.18576023191121616-1/value] with body: {"id":"0.18576023191121616-1","text":"AutomationTesting","value":["A","u","t","o","m","a","t","i","o","n","T","e","s","t","i","n","g"]}
[debug] &amp#27;[35m[WD Proxy]&amp#27;[39m Got response with status 200: {"sessionId":"197a53aff75ad24a3c6ffd9ca5581d5f","status":0,"value":null}
&amp#27;[35m[WD Proxy]&amp#27;[39m Replacing sessionId 197a53aff75ad24a3c6ffd9ca5581d5f with d6d00a49-967f-4db9-89a7-3f6b8f8cb132
&amp#27;[35m[HTTP]&amp#27;[39m &amp#27;[37m<-- POST /wd/hub/session/d6d00a49-967f-4db9-89a7-3f6b8f8cb132/element/0.18576023191121616-1/value &amp#27;[39m&amp#27;[32m200&amp#27;[39m &amp#27;[90m544 ms - 65&amp#27;[39m
&amp#27;[35m[HTTP]&amp#27;[39m &amp#27;[90m&amp#27;[39m
&amp#27;[35m[HTTP]&amp#27;[39m &amp#27;[37m-->&amp#27;[39m &amp#27;[37mPOST&amp#27;[39m &amp#27;[37m/wd/hub/session/d6d00a49-967f-4db9-89a7-3f6b8f8cb132/element&amp#27;[39m
&amp#27;[35m[HTTP]&amp#27;[39m &amp#27;[90m{"using":"xpath","value":"//*[@name='q']"}&amp#27;[39m
&amp#27;[35m[W3C (d6d00a49)]&amp#27;[39m Driver proxy active, passing request on via HTTP proxy
[debug] &amp#27;[35m[WD Proxy]&amp#27;[39m Matched '/wd/hub/session/d6d00a49-967f-4db9-89a7-3f6b8f8cb132/element' to command name 'findElement'
[debug] &amp#27;[35m[WD Proxy]&amp#27;[39m Proxying [POST /wd/hub/session/d6d00a49-967f-4db9-89a7-3f6b8f8cb132/element] to [POST http://127.0.0.1:8000/wd/hub/session/197a53aff75ad24a3c6ffd9ca5581d5f/element] with body: {"using":"xpath","value":"//*[@name='q']"}
[debug] &amp#27;[35m[WD Proxy]&amp#27;[39m Got response with status 200: {"sessionId":"197a53aff75ad24a3c6ffd9ca5581d5f","status":0,"value":{"ELEMENT":"0.18576023191121616-1"}}
&amp#27;[35m[WD Proxy]&amp#27;[39m Replacing sessionId 197a53aff75ad24a3c6ffd9ca5581d5f with d6d00a49-967f-4db9-89a7-3f6b8f8cb132
&amp#27;[35m[HTTP]&amp#27;[39m &amp#27;[37m<-- POST /wd/hub/session/d6d00a49-967f-4db9-89a7-3f6b8f8cb132/element &amp#27;[39m&amp#27;[32m200&amp#27;[39m &amp#27;[90m16 ms - 158&amp#27;[39m
&amp#27;[35m[HTTP]&amp#27;[39m &amp#27;[90m&amp#27;[39m
&amp#27;[35m[HTTP]&amp#27;[39m &amp#27;[37m-->&amp#27;[39m &amp#27;[37mPOST&amp#27;[39m &amp#27;[37m/wd/hub/session/d6d00a49-967f-4db9-89a7-3f6b8f8cb132/element/0.18576023191121616-1/value&amp#27;[39m
&amp#27;[35m[HTTP]&amp#27;[39m &amp#27;[90m{"id":"0.18576023191121616-1","text":"î€‡","value":["î€‡"]}&amp#27;[39m
&amp#27;[35m[W3C (d6d00a49)]&amp#27;[39m Driver proxy active, passing request on via HTTP proxy
[debug] &amp#27;[35m[WD Proxy]&amp#27;[39m Matched '/wd/hub/session/d6d00a49-967f-4db9-89a7-3f6b8f8cb132/element/0.18576023191121616-1/value' to command name 'setValue'
[debug] &amp#27;[35m[WD Proxy]&amp#27;[39m Proxying [POST /wd/hub/session/d6d00a49-967f-4db9-89a7-3f6b8f8cb132/element/0.18576023191121616-1/value] to [POST http://127.0.0.1:8000/wd/hub/session/197a53aff75ad24a3c6ffd9ca5581d5f/element/0.18576023191121616-1/value] with body: {"id":"0.18576023191121616-1","text":"î€‡","value":["î€‡"]}
[debug] &amp#27;[35m[WD Proxy]&amp#27;[39m Got response with status 200: {"sessionId":"197a53aff75ad24a3c6ffd9ca5581d5f","status":0,"value":null}
&amp#27;[35m[WD Proxy]&amp#27;[39m Replacing sessionId 197a53aff75ad24a3c6ffd9ca5581d5f with d6d00a49-967f-4db9-89a7-3f6b8f8cb132
&amp#27;[35m[HTTP]&amp#27;[39m &amp#27;[37m<-- POST /wd/hub/session/d6d00a49-967f-4db9-89a7-3f6b8f8cb132/element/0.18576023191121616-1/value &amp#27;[39m&amp#27;[32m200&amp#27;[39m &amp#27;[90m909 ms - 65&amp#27;[39m
&amp#27;[35m[HTTP]&amp#27;[39m &amp#27;[90m&amp#27;[39m
]]></system-out>
    <system-err><![CDATA[Jan 15, 2022 5:59:05 PM io.appium.java_client.remote.AppiumCommandExecutor$1 lambda$0
INFO: Detected dialect: W3C
]]></system-err>
  </testcase>
  <testcase name="totalValidation" classname="appium.framework.sumOfProduct" time="36.641">
    <system-out><![CDATA[&amp#27;[35m[Appium]&amp#27;[39m Welcome to Appium v1.22.1
&amp#27;[35m[Appium]&amp#27;[39m Appium REST http interface listener started on 0.0.0.0:4723
&amp#27;[35m[HTTP]&amp#27;[39m &amp#27;[37m-->&amp#27;[39m &amp#27;[37mGET&amp#27;[39m &amp#27;[37m/wd/hub/status&amp#27;[39m
&amp#27;[35m[HTTP]&amp#27;[39m &amp#27;[90m{}&amp#27;[39m
[debug] &amp#27;[35m[GENERIC]&amp#27;[39m Calling AppiumDriver.getStatus() with args: []
[debug] &amp#27;[35m[GENERIC]&amp#27;[39m Responding to client with driver.getStatus() result: {"build":{"version":"1.22.1"}}
&amp#27;[35m[HTTP]&amp#27;[39m &amp#27;[37m<-- GET /wd/hub/status &amp#27;[39m&amp#27;[32m200&amp#27;[39m &amp#27;[90m3 ms - 68&amp#27;[39m
&amp#27;[35m[HTTP]&amp#27;[39m &amp#27;[90m&amp#27;[39m
[debug] &amp#27;[35m[HTTP]&amp#27;[39m Request idempotency key: 380aef33-cdba-44a0-8ca9-c288fb17ba51
&amp#27;[35m[HTTP]&amp#27;[39m &amp#27;[37m-->&amp#27;[39m &amp#27;[37mPOST&amp#27;[39m &amp#27;[37m/wd/hub/session&amp#27;[39m
&amp#27;[35m[HTTP]&amp#27;[39m &amp#27;[90m{"desiredCapabilities":{"app":"C:\\Users\\joelv\\eclipse-workspace2\\framework\\src\\General-Store.apk","automationName":"uiautomator2","appium:chromeOptions":{"w3c":false},"platformName":"Android","deviceName":"emulator1","avd":"emulator1"},"capabilities":{"firstMatch":[{"appium:app":"C:\\Users\\joelv\\eclipse-workspace2\\framework\\src\\General-Store.apk","appium:chromeOptions":{"w3c":false},"appium:automationName":"uiautomator2","appium:avd":"emulator1","appium:deviceName":"emulator1","platformName":"android"}]}}&amp#27;[39m
[debug] &amp#27;[35m[W3C]&amp#27;[39m Calling AppiumDriver.createSession() with args: [{"app":"C:\\Users\\joelv\\eclipse-workspace2\\framework\\src\\General-Store.apk","automationName":"uiautomator2","appium:chromeOptions":{"w3c":false},"platformName":"Android","deviceName":"emulator1","avd":"emulator1"},null,{"firstMatch":[{"appium:app":"C:\\Users\\joelv\\eclipse-workspace2\\framework\\src\\General-Store.apk","appium:chromeOptions":{"w3c":false},"appium:automationName":"uiautomator2","appium:avd":"emulator1","appium:deviceName":"emulator1","platformName":"android"}]}]
[debug] &amp#27;[35m[BaseDriver]&amp#27;[39m Event 'newSessionRequested' logged at 1642249784017 (17:59:44 GMT+0530 (India Standard Time))
&amp#27;[35m[Appium]&amp#27;[39m Appium v1.22.1 creating new AndroidUiautomator2Driver (v1.70.1) session
[debug] &amp#27;[35m[BaseDriver]&amp#27;[39m W3C capabilities and MJSONWP desired capabilities were provided
[debug] &amp#27;[35m[BaseDriver]&amp#27;[39m Creating session with W3C capabilities: {
[debug] &amp#27;[35m[BaseDriver]&amp#27;[39m   "alwaysMatch": {
[debug] &amp#27;[35m[BaseDriver]&amp#27;[39m     "platformName": "android",
[debug] &amp#27;[35m[BaseDriver]&amp#27;[39m     "appium:app": "C:\\Users\\joelv\\eclipse-workspace2\\framework\\src\\General-Store.apk",
[debug] &amp#27;[35m[BaseDriver]&amp#27;[39m     "appium:chromeOptions": {
[debug] &amp#27;[35m[BaseDriver]&amp#27;[39m       "w3c": false
[debug] &amp#27;[35m[BaseDriver]&amp#27;[39m     },
[debug] &amp#27;[35m[BaseDriver]&amp#27;[39m     "appium:automationName": "uiautomator2",
[debug] &amp#27;[35m[BaseDriver]&amp#27;[39m     "appium:avd": "emulator1",
[debug] &amp#27;[35m[BaseDriver]&amp#27;[39m     "appium:deviceName": "emulator1"
[debug] &amp#27;[35m[BaseDriver]&amp#27;[39m   },
[debug] &amp#27;[35m[BaseDriver]&amp#27;[39m   "firstMatch": [
[debug] &amp#27;[35m[BaseDriver]&amp#27;[39m     {}
[debug] &amp#27;[35m[BaseDriver]&amp#27;[39m   ]
[debug] &amp#27;[35m[BaseDriver]&amp#27;[39m }
&amp#27;[35m[BaseDriver]&amp#27;[39m Session created with session id: 54921dad-7d21-46d2-9c82-c5610fc297e0
&amp#27;[35m[BaseDriver]&amp#27;[39m Using local app 'C:\Users\joelv\eclipse-workspace2\framework\src\General-Store.apk'
[debug] &amp#27;[35m[UiAutomator2]&amp#27;[39m Checking whether app is actually present
&amp#27;[35m[ADB]&amp#27;[39m Found 1 'build-tools' folders under 'C:\Users\joelv\AppData\Local\Android\Sdk' (newest first):
&amp#27;[35m[ADB]&amp#27;[39m     C:/Users/joelv/AppData/Local/Android/Sdk/build-tools/32.0.0
&amp#27;[35m[ADB]&amp#27;[39m Using 'adb.exe' from 'C:\Users\joelv\AppData\Local\Android\Sdk\platform-tools\adb.exe'
[debug] &amp#27;[35m[ADB]&amp#27;[39m Running 'C:\Users\joelv\AppData\Local\Android\Sdk\platform-tools\adb.exe -P 5037 start-server'
[debug] &amp#27;[35m[ADB]&amp#27;[39m Trying to find 'emulator1' emulator
[debug] &amp#27;[35m[ADB]&amp#27;[39m Getting connected emulators
[debug] &amp#27;[35m[ADB]&amp#27;[39m Getting connected devices
[debug] &amp#27;[35m[ADB]&amp#27;[39m Connected devices: [{"udid":"emulator-5554","state":"device"}]
[debug] &amp#27;[35m[ADB]&amp#27;[39m 1 emulator connected
[debug] &amp#27;[35m[ADB]&amp#27;[39m Overriding C:\Users\joelv\.emulator_console_auth_token with an empty string to avoid telnet authentication for emulator commands
[debug] &amp#27;[35m[ADB]&amp#27;[39m Executing Emulator console command: avd name
[debug] &amp#27;[35m[ADB]&amp#27;[39m Found emulator 'emulator1' on port 5554
[debug] &amp#27;[35m[ADB]&amp#27;[39m Setting device id to emulator-5554
[debug] &amp#27;[35m[AndroidDriver]&amp#27;[39m Not launching AVD because it is already running.
&amp#27;[35m[AndroidDriver]&amp#27;[39m Using device: emulator-5554
&amp#27;[35m[ADB]&amp#27;[39m Using 'adb.exe' from 'C:\Users\joelv\AppData\Local\Android\Sdk\platform-tools\adb.exe'
[debug] &amp#27;[35m[ADB]&amp#27;[39m Running 'C:\Users\joelv\AppData\Local\Android\Sdk\platform-tools\adb.exe -P 5037 start-server'
[debug] &amp#27;[35m[ADB]&amp#27;[39m Setting device id to emulator-5554
[debug] &amp#27;[35m[ADB]&amp#27;[39m Running 'C:\Users\joelv\AppData\Local\Android\Sdk\platform-tools\adb.exe -P 5037 -s emulator-5554 shell getprop ro.build.version.sdk'
[debug] &amp#27;[35m[ADB]&amp#27;[39m Current device property 'ro.build.version.sdk': 30
&amp#27;[35m[ADB]&amp#27;[39m Getting device platform version
[debug] &amp#27;[35m[ADB]&amp#27;[39m Running 'C:\Users\joelv\AppData\Local\Android\Sdk\platform-tools\adb.exe -P 5037 -s emulator-5554 shell getprop ro.build.version.release'
[debug] &amp#27;[35m[ADB]&amp#27;[39m Current device property 'ro.build.version.release': 11
[debug] &amp#27;[35m[ADB]&amp#27;[39m Device API level: 30
&amp#27;[35m[UiAutomator2]&amp#27;[39m Relaxing hidden api policy
[debug] &amp#27;[35m[ADB]&amp#27;[39m Running 'C:\Users\joelv\AppData\Local\Android\Sdk\platform-tools\adb.exe -P 5037 -s emulator-5554 shell 'settings put global hidden_api_policy_pre_p_apps 1;settings put global hidden_api_policy_p_apps 1;settings put global hidden_api_policy 1''
[debug] &amp#27;[35m[AndroidDriver]&amp#27;[39m Parsing package and activity from app manifest
&amp#27;[35m[ADB]&amp#27;[39m Package name: 'com.androidsample.generalstore'
&amp#27;[35m[ADB]&amp#27;[39m Main activity name: 'com.androidsample.generalstore.SplashActivity'
[debug] &amp#27;[35m[AndroidDriver]&amp#27;[39m Parsed package and activity are: com.androidsample.generalstore/com.androidsample.generalstore.SplashActivity
[debug] &amp#27;[35m[ADB]&amp#27;[39m Running 'C:\Users\joelv\AppData\Local\Android\Sdk\platform-tools\adb.exe -P 5037 -s emulator-5554 wait-for-device'
[debug] &amp#27;[35m[ADB]&amp#27;[39m Running 'C:\Users\joelv\AppData\Local\Android\Sdk\platform-tools\adb.exe -P 5037 -s emulator-5554 shell echo ping'
[debug] &amp#27;[35m[AndroidDriver]&amp#27;[39m Pushing settings apk to device...
[debug] &amp#27;[35m[ADB]&amp#27;[39m Getting install status for io.appium.settings
[debug] &amp#27;[35m[ADB]&amp#27;[39m Running 'C:\Users\joelv\AppData\Local\Android\Sdk\platform-tools\adb.exe -P 5037 -s emulator-5554 shell dumpsys package io.appium.settings'
[debug] &amp#27;[35m[ADB]&amp#27;[39m 'io.appium.settings' is installed
[debug] &amp#27;[35m[ADB]&amp#27;[39m Getting package info for 'io.appium.settings'
[debug] &amp#27;[35m[ADB]&amp#27;[39m Running 'C:\Users\joelv\AppData\Local\Android\Sdk\platform-tools\adb.exe -P 5037 -s emulator-5554 shell dumpsys package io.appium.settings'
[debug] &amp#27;[35m[ADB]&amp#27;[39m The version name of the installed 'io.appium.settings' is greater or equal to the application version name ('3.4.0' >= '3.4.0')
[debug] &amp#27;[35m[ADB]&amp#27;[39m There is no need to install/upgrade 'C:\Users\joelv\AppData\Roaming\npm\node_modules\appium\node_modules\io.appium.settings\apks\settings_apk-debug.apk'
[debug] &amp#27;[35m[ADB]&amp#27;[39m Getting IDs of all 'io.appium.settings' processes
[debug] &amp#27;[35m[ADB]&amp#27;[39m Running 'C:\Users\joelv\AppData\Local\Android\Sdk\platform-tools\adb.exe -P 5037 -s emulator-5554 shell 'pgrep --help; echo $?''
[debug] &amp#27;[35m[ADB]&amp#27;[39m Running 'C:\Users\joelv\AppData\Local\Android\Sdk\platform-tools\adb.exe -P 5037 -s emulator-5554 shell pgrep -f \(\[\[:blank:\]\]\|\^\)io\.appium\.settings\(\[\[:blank:\]\]\|\$\)'
[debug] &amp#27;[35m[AndroidDriver]&amp#27;[39m io.appium.settings is already running. There is no need to reset its permissions.
[debug] &amp#27;[35m[Logcat]&amp#27;[39m Starting logs capture with command: C:\\Users\\joelv\\AppData\\Local\\Android\\Sdk\\platform-tools\\adb.exe -P 5037 -s emulator-5554 logcat -v threadtime
[debug] &amp#27;[35m[UiAutomator2]&amp#27;[39m Forwarding UiAutomator2 Server port 6790 to local port 8204
[debug] &amp#27;[35m[ADB]&amp#27;[39m Forwarding system: 8204 to device: 6790
[debug] &amp#27;[35m[ADB]&amp#27;[39m Running 'C:\Users\joelv\AppData\Local\Android\Sdk\platform-tools\adb.exe -P 5037 -s emulator-5554 forward tcp:8204 tcp:6790'
[debug] &amp#27;[35m[ADB]&amp#27;[39m Getting install status for io.appium.uiautomator2.server
[debug] &amp#27;[35m[ADB]&amp#27;[39m Running 'C:\Users\joelv\AppData\Local\Android\Sdk\platform-tools\adb.exe -P 5037 -s emulator-5554 shell dumpsys package io.appium.uiautomator2.server'
[debug] &amp#27;[35m[ADB]&amp#27;[39m 'io.appium.uiautomator2.server' is installed
[debug] &amp#27;[35m[ADB]&amp#27;[39m Getting package info for 'io.appium.uiautomator2.server'
[debug] &amp#27;[35m[ADB]&amp#27;[39m Running 'C:\Users\joelv\AppData\Local\Android\Sdk\platform-tools\adb.exe -P 5037 -s emulator-5554 shell dumpsys package io.appium.uiautomator2.server'
[debug] &amp#27;[35m[ADB]&amp#27;[39m The version name of the installed 'io.appium.uiautomator2.server' is greater or equal to the application version name ('4.27.0' >= '4.27.0')
[debug] &amp#27;[35m[UiAutomator2]&amp#27;[39m io.appium.uiautomator2.server installation state: sameVersionInstalled
[debug] &amp#27;[35m[ADB]&amp#27;[39m Checking app cert for C:\Users\joelv\AppData\Roaming\npm\node_modules\appium\node_modules\appium-uiautomator2-server\apks\appium-uiautomator2-server-v4.27.0.apk
&amp#27;[35m[ADB]&amp#27;[39m Using 'apksigner.jar' from 'C:\Users\joelv\AppData\Local\Android\Sdk\build-tools\32.0.0\lib\apksigner.jar'
[debug] &amp#27;[35m[ADB]&amp#27;[39m Starting apksigner: 'C:\\Program Files\\Java\\jdk1.8.0_311\\bin\\java.exe' -Xmx1024M -Xss1m -jar C:\\Users\\joelv\\AppData\\Local\\Android\\Sdk\\build-tools\\32.0.0\\lib\\apksigner.jar verify --print-certs C:\\Users\\joelv\\AppData\\Roaming\\npm\\node_modules\\appium\\node_modules\\appium-uiautomator2-server\\apks\\appium-uiautomator2-server-v4.27.0.apk
[debug] &amp#27;[35m[ADB]&amp#27;[39m apksigner stdout: Signer #1 certificate DN: EMAILADDRESS=android@android.com, CN=Android, OU=Android, O=Android, L=Mountain View, ST=California, C=US
[debug] &amp#27;[35m[ADB]&amp#27;[39m Signer #1 certificate SHA-256 digest: a40da80a59d170caa950cf15c18c454d47a39b26989d8b640ecd745ba71bf5dc
[debug] &amp#27;[35m[ADB]&amp#27;[39m Signer #1 certificate SHA-1 digest: 61ed377e85d386a8dfee6b864bd85b0bfaa5af81
[debug] &amp#27;[35m[ADB]&amp#27;[39m Signer #1 certificate MD5 digest: e89b158e4bcf988ebd09eb83f5378e87
[debug] &amp#27;[35m[ADB]&amp#27;[39m 
[debug] &amp#27;[35m[ADB]&amp#27;[39m sha256 hash did match for 'appium-uiautomator2-server-v4.27.0.apk'
&amp#27;[35m[ADB]&amp#27;[39m 'C:\Users\joelv\AppData\Roaming\npm\node_modules\appium\node_modules\appium-uiautomator2-server\apks\appium-uiautomator2-server-v4.27.0.apk' is signed with the default certificate
[debug] &amp#27;[35m[ADB]&amp#27;[39m Getting install status for io.appium.uiautomator2.server.test
[debug] &amp#27;[35m[ADB]&amp#27;[39m Running 'C:\Users\joelv\AppData\Local\Android\Sdk\platform-tools\adb.exe -P 5037 -s emulator-5554 shell dumpsys package io.appium.uiautomator2.server.test'
[debug] &amp#27;[35m[ADB]&amp#27;[39m 'io.appium.uiautomator2.server.test' is installed
[debug] &amp#27;[35m[ADB]&amp#27;[39m Checking app cert for C:\Users\joelv\AppData\Roaming\npm\node_modules\appium\node_modules\appium-uiautomator2-server\apks\appium-uiautomator2-server-debug-androidTest.apk
[debug] &amp#27;[35m[ADB]&amp#27;[39m Starting apksigner: 'C:\\Program Files\\Java\\jdk1.8.0_311\\bin\\java.exe' -Xmx1024M -Xss1m -jar C:\\Users\\joelv\\AppData\\Local\\Android\\Sdk\\build-tools\\32.0.0\\lib\\apksigner.jar verify --print-certs C:\\Users\\joelv\\AppData\\Roaming\\npm\\node_modules\\appium\\node_modules\\appium-uiautomator2-server\\apks\\appium-uiautomator2-server-debug-androidTest.apk
[debug] &amp#27;[35m[ADB]&amp#27;[39m apksigner stdout: Signer #1 certificate DN: EMAILADDRESS=android@android.com, CN=Android, OU=Android, O=Android, L=Mountain View, ST=California, C=US
[debug] &amp#27;[35m[ADB]&amp#27;[39m Signer #1 certificate SHA-256 digest: a40da80a59d170caa950cf15c18c454d47a39b26989d8b640ecd745ba71bf5dc
[debug] &amp#27;[35m[ADB]&amp#27;[39m Signer #1 certificate SHA-1 digest: 61ed377e85d386a8dfee6b864bd85b0bfaa5af81
[debug] &amp#27;[35m[ADB]&amp#27;[39m Signer #1 certificate MD5 digest: e89b158e4bcf988ebd09eb83f5378e87
[debug] &amp#27;[35m[ADB]&amp#27;[39m 
[debug] &amp#27;[35m[ADB]&amp#27;[39m sha256 hash did match for 'appium-uiautomator2-server-debug-androidTest.apk'
&amp#27;[35m[ADB]&amp#27;[39m 'C:\Users\joelv\AppData\Roaming\npm\node_modules\appium\node_modules\appium-uiautomator2-server\apks\appium-uiautomator2-server-debug-androidTest.apk' is signed with the default certificate
&amp#27;[35m[UiAutomator2]&amp#27;[39m Server packages are not going to be (re)installed
[debug] &amp#27;[35m[UiAutomator2]&amp#27;[39m Waiting up to 30000ms for services to be available
[debug] &amp#27;[35m[ADB]&amp#27;[39m Running 'C:\Users\joelv\AppData\Local\Android\Sdk\platform-tools\adb.exe -P 5037 -s emulator-5554 shell pm list instrumentation'
[debug] &amp#27;[35m[UiAutomator2]&amp#27;[39m Instrumentation target 'io.appium.uiautomator2.server.test/androidx.test.runner.AndroidJUnitRunner' is available
&amp#27;[35m[ADB]&amp#27;[39m Adding packages ["io.appium.settings","io.appium.uiautomator2.server","io.appium.uiautomator2.server.test"] to Doze whitelist
[debug] &amp#27;[35m[ADB]&amp#27;[39m Got the following command chunks to execute: [["dumpsys","deviceidle","whitelist","+io.appium.settings",";","dumpsys","deviceidle","whitelist","+io.appium.uiautomator2.server",";","dumpsys","deviceidle","whitelist","+io.appium.uiautomator2.server.test",";"]]
[debug] &amp#27;[35m[ADB]&amp#27;[39m Running 'C:\Users\joelv\AppData\Local\Android\Sdk\platform-tools\adb.exe -P 5037 -s emulator-5554 shell dumpsys deviceidle whitelist +io.appium.settings ; dumpsys deviceidle whitelist +io.appium.uiautomator2.server ; dumpsys deviceidle whitelist +io.appium.uiautomator2.server.test ;'
[debug] &amp#27;[35m[ADB]&amp#27;[39m Checking app cert for C:\Users\joelv\eclipse-workspace2\framework\src\General-Store.apk
[debug] &amp#27;[35m[ADB]&amp#27;[39m Starting apksigner: 'C:\\Program Files\\Java\\jdk1.8.0_311\\bin\\java.exe' -Xmx1024M -Xss1m -jar C:\\Users\\joelv\\AppData\\Local\\Android\\Sdk\\build-tools\\32.0.0\\lib\\apksigner.jar verify --print-certs C:\\Users\\joelv\\eclipse-workspace2\\framework\\src\\General-Store.apk
[debug] &amp#27;[35m[ADB]&amp#27;[39m apksigner stdout: Signer #1 certificate DN: EMAILADDRESS=android@android.com, CN=Android, OU=Android, O=Android, L=Mountain View, ST=California, C=US
[debug] &amp#27;[35m[ADB]&amp#27;[39m Signer #1 certificate SHA-256 digest: a40da80a59d170caa950cf15c18c454d47a39b26989d8b640ecd745ba71bf5dc
[debug] &amp#27;[35m[ADB]&amp#27;[39m Signer #1 certificate SHA-1 digest: 61ed377e85d386a8dfee6b864bd85b0bfaa5af81
[debug] &amp#27;[35m[ADB]&amp#27;[39m Signer #1 certificate MD5 digest: e89b158e4bcf988ebd09eb83f5378e87
[debug] &amp#27;[35m[ADB]&amp#27;[39m 
[debug] &amp#27;[35m[ADB]&amp#27;[39m sha256 hash did match for 'General-Store.apk'
&amp#27;[35m[ADB]&amp#27;[39m 'C:\Users\joelv\eclipse-workspace2\framework\src\General-Store.apk' is signed with the default certificate
[debug] &amp#27;[35m[ADB]&amp#27;[39m Getting install status for com.androidsample.generalstore
[debug] &amp#27;[35m[ADB]&amp#27;[39m Running 'C:\Users\joelv\AppData\Local\Android\Sdk\platform-tools\adb.exe -P 5037 -s emulator-5554 shell dumpsys package com.androidsample.generalstore'
[debug] &amp#27;[35m[ADB]&amp#27;[39m 'com.androidsample.generalstore' is installed
[debug] &amp#27;[35m[ADB]&amp#27;[39m Getting package info for 'com.androidsample.generalstore'
[debug] &amp#27;[35m[ADB]&amp#27;[39m Running 'C:\Users\joelv\AppData\Local\Android\Sdk\platform-tools\adb.exe -P 5037 -s emulator-5554 shell dumpsys package com.androidsample.generalstore'
[debug] &amp#27;[35m[ADB]&amp#27;[39m The version name of the installed 'com.androidsample.generalstore' is greater or equal to the application version name ('1.0.0' >= '1.0.0')
[debug] &amp#27;[35m[ADB]&amp#27;[39m There is no need to install/upgrade 'C:\Users\joelv\eclipse-workspace2\framework\src\General-Store.apk'
&amp#27;[35m[AndroidDriver]&amp#27;[39m Performing fast reset on 'com.androidsample.generalstore'
[debug] &amp#27;[35m[ADB]&amp#27;[39m Getting install status for com.androidsample.generalstore
[debug] &amp#27;[35m[ADB]&amp#27;[39m Running 'C:\Users\joelv\AppData\Local\Android\Sdk\platform-tools\adb.exe -P 5037 -s emulator-5554 shell dumpsys package com.androidsample.generalstore'
[debug] &amp#27;[35m[ADB]&amp#27;[39m 'com.androidsample.generalstore' is installed
[debug] &amp#27;[35m[ADB]&amp#27;[39m Running 'C:\Users\joelv\AppData\Local\Android\Sdk\platform-tools\adb.exe -P 5037 -s emulator-5554 shell am force-stop com.androidsample.generalstore'
[debug] &amp#27;[35m[ADB]&amp#27;[39m Running 'C:\Users\joelv\AppData\Local\Android\Sdk\platform-tools\adb.exe -P 5037 -s emulator-5554 shell pm clear com.androidsample.generalstore'
[debug] &amp#27;[35m[AndroidDriver]&amp#27;[39m Performed fast reset on the installed 'com.androidsample.generalstore' application (stop and clear)
[debug] &amp#27;[35m[UiAutomator2]&amp#27;[39m Performing shallow cleanup of automation leftovers
[debug] &amp#27;[35m[UiAutomator2]&amp#27;[39m The following obsolete sessions are still running: ["6a6b133a-7a15-4a20-bbd4-c0eff5a2370f"]
[debug] &amp#27;[35m[UiAutomator2]&amp#27;[39m Cleaning up 1 obsolete session
[debug] &amp#27;[35m[ADB]&amp#27;[39m Running 'C:\Users\joelv\AppData\Local\Android\Sdk\platform-tools\adb.exe -P 5037 -s emulator-5554 shell am force-stop io.appium.uiautomator2.server.test'
&amp#27;[35m[UiAutomator2]&amp#27;[39m Starting UIAutomator2 server 4.27.0
&amp#27;[35m[UiAutomator2]&amp#27;[39m Using UIAutomator2 server from 'C:\Users\joelv\AppData\Roaming\npm\node_modules\appium\node_modules\appium-uiautomator2-server\apks\appium-uiautomator2-server-v4.27.0.apk' and test from 'C:\Users\joelv\AppData\Roaming\npm\node_modules\appium\node_modules\appium-uiautomator2-server\apks\appium-uiautomator2-server-debug-androidTest.apk'
&amp#27;[35m[UiAutomator2]&amp#27;[39m Waiting up to 30000ms for UiAutomator2 to be online...
[debug] &amp#27;[35m[ADB]&amp#27;[39m Creating ADB subprocess with args: ["-P",5037,"-s","emulator-5554","shell","am","instrument","-w","-e","disableAnalytics",true,"io.appium.uiautomator2.server.test/androidx.test.runner.AndroidJUnitRunner"]
[debug] &amp#27;[35m[WD Proxy]&amp#27;[39m Matched '/status' to command name 'getStatus'
[debug] &amp#27;[35m[WD Proxy]&amp#27;[39m Proxying [GET /status] to [GET http://127.0.0.1:8204/wd/hub/status] with no body
&amp#27;[35m[WD Proxy]&amp#27;[39m socket hang up
[debug] &amp#27;[35m[Instrumentation]&amp#27;[39m io.appium.uiautomator2.server.test.AppiumUiAutomator2Server:
[debug] &amp#27;[35m[WD Proxy]&amp#27;[39m Matched '/status' to command name 'getStatus'
[debug] &amp#27;[35m[WD Proxy]&amp#27;[39m Proxying [GET /status] to [GET http://127.0.0.1:8204/wd/hub/status] with no body
&amp#27;[35m[WD Proxy]&amp#27;[39m socket hang up
[debug] &amp#27;[35m[WD Proxy]&amp#27;[39m Matched '/status' to command name 'getStatus'
[debug] &amp#27;[35m[WD Proxy]&amp#27;[39m Proxying [GET /status] to [GET http://127.0.0.1:8204/wd/hub/status] with no body
[debug] &amp#27;[35m[WD Proxy]&amp#27;[39m Got response with status 200: {"sessionId":"None","value":{"message":"UiAutomator2 Server is ready to accept commands","ready":true}}
[debug] &amp#27;[35m[UiAutomator2]&amp#27;[39m The initialization of the instrumentation process took 2098ms
[debug] &amp#27;[35m[WD Proxy]&amp#27;[39m Matched '/session' to command name 'createSession'
[debug] &amp#27;[35m[WD Proxy]&amp#27;[39m Proxying [POST /session] to [POST http://127.0.0.1:8204/wd/hub/session] with body: {"capabilities":{"firstMatch":[{"platform":"LINUX","webStorageEnabled":false,"takesScreenshot":true,"javascriptEnabled":true,"databaseEnabled":false,"networkConnectionEnabled":true,"locationContextEnabled":false,"warnings":{},"desired":{"platformName":"android","app":"C:\\Users\\joelv\\eclipse-workspace2\\framework\\src\\General-Store.apk","chromeOptions":{"w3c":false},"automationName":"uiautomator2","avd":"emulator1","deviceName":"emulator1"},"platformName":"android","app":"C:\\Users\\joelv\\eclipse-workspace2\\framework\\src\\General-Store.apk","chromeOptions":{"w3c":false},"automationName":"uiautomator2","avd":"emulator1","deviceName":"emulator-5554","deviceUDID":"emulator-5554","appPackage":"com.androidsample.generalstore"}],"alwaysMatch":{}}}
[debug] &amp#27;[35m[WD Proxy]&amp#27;[39m Got response with status 200: {"sessionId":"34ad08c4-8acc-4d6c-bb30-52d22a7c6edc","value":{"capabilities":{"firstMatch":[{"platform":"LINUX","webStorageEnabled":false,"takesScreenshot":true,"javascriptEnabled":true,"databaseEnabled":false,"networkConnectionEnabled":true,"locationContextEnabled":false,"warnings":{},"desired":{"platformName":"android","app":"C:\\Users\\joelv\\eclipse-workspace2\\framework\\src\\General-Store.apk","chromeOptions":{"w3c":false},"automationName":"uiautomator2","avd":"emulator1","deviceName":"emulator1"},"platformName":"android","app":"C:\\Users\\joelv\\eclipse-workspace2\\framework\\src\\General-Store.apk","chromeOptions":{"w3c":false},"automationName":"uiautomator2","avd":"emulator1","deviceName":"emulator-5554","deviceUDID":"emulator-5554","appPackage":"com.androidsample.generalstore"}],"alwaysMatch":{}},"sessionId":"34ad08c4-8acc-4d6c-bb30-52d22a7c6edc"}}
&amp#27;[35m[WD Proxy]&amp#27;[39m Determined the downstream protocol as 'W3C'
[debug] &amp#27;[35m[WD Proxy]&amp#27;[39m Proxying [GET /appium/device/info] to [GET http://127.0.0.1:8204/wd/hub/session/34ad08c4-8acc-4d6c-bb30-52d22a7c6edc/appium/device/info] with no body
[debug] &amp#27;[35m[WD Proxy]&amp#27;[39m Got response with status 200: {"sessionId":"34ad08c4-8acc-4d6c-bb30-52d22a7c6edc","value":{"androidId":"36aa52b107025819","apiVersion":"30","bluetooth":{"state":"ON"},"brand":"Android","carrierName":"Android","displayDensity":560,"locale":"en_US","manufacturer":"unknown","model":"Android SDK built for x86","networks":[{"capabilities":{"SSID":null,"linkDownBandwidthKbps":30000,"linkUpstreamBandwidthKbps":15000,"networkCapabilities":"NET_CAPABILITY_MMS,NET_CAPABILITY_SUPL,NET_CAPABILITY_DUN,NET_CAPABILITY_FOTA,NET_CAPABILITY_IMS,NET_CAPABILITY_CBS,NET_CAPABILITY_INTERNET,NET_CAPABILITY_NOT_RESTRICTED,NET_CAPABILITY_TRUSTED,NET_CAPABILITY_NOT_VPN,NET_CAPABILITY_VALIDATED,NET_CAPABILITY_NOT_ROAMING,NET_CAPABILITY_NOT_CONGESTED,NET_CAPABILITY_NOT_SUSPENDED","signalStrength":-2147483648,"transportTypes":"TRANSPORT_CELLULAR"},"detailedState":"CONNECTED","extraInfo":"epc.tmobile.com","isAvailable":true,"isConnected":true,"isFailover":false,"isRoaming":false,"state":"CONNECTED","subtype":13,"subtypeName":"LTE","type":0,"typeName":"MOBILE"},{"ca...
[debug] &amp#27;[35m[ADB]&amp#27;[39m Running 'C:\Users\joelv\AppData\Local\Android\Sdk\platform-tools\adb.exe -P 5037 -s emulator-5554 shell dumpsys window'
&amp#27;[35m[AndroidDriver]&amp#27;[39m Screen already unlocked, doing nothing
&amp#27;[35m[UiAutomator2]&amp#27;[39m Starting 'com.androidsample.generalstore/com.androidsample.generalstore.SplashActivity and waiting for 'com.androidsample.generalstore/com.androidsample.generalstore.SplashActivity'
[debug] &amp#27;[35m[ADB]&amp#27;[39m Running 'C:\Users\joelv\AppData\Local\Android\Sdk\platform-tools\adb.exe -P 5037 -s emulator-5554 shell am start -W -n com.androidsample.generalstore/com.androidsample.generalstore.SplashActivity -S -a android.intent.action.MAIN -c android.intent.category.LAUNCHER -f 0x10200000'
[debug] &amp#27;[35m[ADB]&amp#27;[39m Waiting up to 20000ms for activity matching pkg: 'com.androidsample.generalstore' and activity: 'com.androidsample.generalstore.SplashActivity' to be focused
[debug] &amp#27;[35m[ADB]&amp#27;[39m Possible activities, to be checked: 'com.androidsample.generalstore.SplashActivity', 'com.androidsample.generalstore.com.androidsample.generalstore.SplashActivity'
[debug] &amp#27;[35m[ADB]&amp#27;[39m Getting focused package and activity
[debug] &amp#27;[35m[ADB]&amp#27;[39m Running 'C:\Users\joelv\AppData\Local\Android\Sdk\platform-tools\adb.exe -P 5037 -s emulator-5554 shell dumpsys window displays'
[debug] &amp#27;[35m[ADB]&amp#27;[39m Found package: 'com.androidsample.generalstore' and fully qualified activity name : 'com.androidsample.generalstore.SplashActivity'
[debug] &amp#27;[35m[WD Proxy]&amp#27;[39m Proxying [GET /appium/device/pixel_ratio] to [GET http://127.0.0.1:8204/wd/hub/session/34ad08c4-8acc-4d6c-bb30-52d22a7c6edc/appium/device/pixel_ratio] with no body
[debug] &amp#27;[35m[WD Proxy]&amp#27;[39m Got response with status 200: {"sessionId":"34ad08c4-8acc-4d6c-bb30-52d22a7c6edc","value":3.5}
[debug] &amp#27;[35m[WD Proxy]&amp#27;[39m Matched '/appium/device/system_bars' to command name 'getSystemBars'
[debug] &amp#27;[35m[WD Proxy]&amp#27;[39m Proxying [GET /appium/device/system_bars] to [GET http://127.0.0.1:8204/wd/hub/session/34ad08c4-8acc-4d6c-bb30-52d22a7c6edc/appium/device/system_bars] with no body
[debug] &amp#27;[35m[WD Proxy]&amp#27;[39m Got response with status 200: {"sessionId":"34ad08c4-8acc-4d6c-bb30-52d22a7c6edc","value":{"statusBar":84}}
[debug] &amp#27;[35m[WD Proxy]&amp#27;[39m Matched '/window/current/size' to command name 'getWindowSize'
[debug] &amp#27;[35m[WD Proxy]&amp#27;[39m Proxying [GET /window/current/size] to [GET http://127.0.0.1:8204/wd/hub/session/34ad08c4-8acc-4d6c-bb30-52d22a7c6edc/window/current/size] with no body
[debug] &amp#27;[35m[WD Proxy]&amp#27;[39m Got response with status 200: {"sessionId":"34ad08c4-8acc-4d6c-bb30-52d22a7c6edc","value":{"height":2712,"width":1440}}
&amp#27;[35m[Appium]&amp#27;[39m New AndroidUiautomator2Driver session created successfully, session 54921dad-7d21-46d2-9c82-c5610fc297e0 added to master session list
[debug] &amp#27;[35m[BaseDriver]&amp#27;[39m Event 'newSessionStarted' logged at 1642249790584 (17:59:50 GMT+0530 (India Standard Time))
[debug] &amp#27;[35m[W3C (54921dad)]&amp#27;[39m Cached the protocol value 'W3C' for the new session 54921dad-7d21-46d2-9c82-c5610fc297e0
[debug] &amp#27;[35m[W3C (54921dad)]&amp#27;[39m Responding to client with driver.createSession() result: {"capabilities":{"platform":"LINUX","webStorageEnabled":false,"takesScreenshot":true,"javascriptEnabled":true,"databaseEnabled":false,"networkConnectionEnabled":true,"locationContextEnabled":false,"warnings":{},"desired":{"platformName":"android","app":"C:\\Users\\joelv\\eclipse-workspace2\\framework\\src\\General-Store.apk","chromeOptions":{"w3c":false},"automationName":"uiautomator2","avd":"emulator1","deviceName":"emulator1"},"platformName":"android","app":"C:\\Users\\joelv\\eclipse-workspace2\\framework\\src\\General-Store.apk","chromeOptions":{"w3c":false},"automationName":"uiautomator2","avd":"emulator1","deviceName":"emulator-5554","deviceUDID":"emulator-5554","appPackage":"com.androidsample.generalstore","deviceApiLevel":30,"platformVersion":"11","deviceScreenSize":"1440x2880","deviceScreenDensity":560,"deviceModel":"Android SDK built for x86","deviceManufacturer":"unknown","pixelRatio":3.5,"statBarHeight":84,"viewportRect":{"left":0,"top":84,"width":1440,"height":2628}}}
&amp#27;[35m[HTTP]&amp#27;[39m &amp#27;[37m<-- POST /wd/hub/session &amp#27;[39m&amp#27;[32m200&amp#27;[39m &amp#27;[90m6569 ms - 1055&amp#27;[39m
&amp#27;[35m[HTTP]&amp#27;[39m &amp#27;[90m&amp#27;[39m
&amp#27;[35m[HTTP]&amp#27;[39m &amp#27;[37m-->&amp#27;[39m &amp#27;[37mPOST&amp#27;[39m &amp#27;[37m/wd/hub/session/54921dad-7d21-46d2-9c82-c5610fc297e0/timeouts&amp#27;[39m
&amp#27;[35m[HTTP]&amp#27;[39m &amp#27;[90m{"implicit":10000}&amp#27;[39m
[debug] &amp#27;[35m[W3C (54921dad)]&amp#27;[39m Calling AppiumDriver.timeouts() with args: [null,null,null,null,10000,"54921dad-7d21-46d2-9c82-c5610fc297e0"]
[debug] &amp#27;[35m[BaseDriver]&amp#27;[39m W3C timeout argument: {"implicit":10000}}
[debug] &amp#27;[35m[BaseDriver]&amp#27;[39m Set implicit wait to 10000ms
[debug] &amp#27;[35m[W3C (54921dad)]&amp#27;[39m Responding to client with driver.timeouts() result: null
&amp#27;[35m[HTTP]&amp#27;[39m &amp#27;[37m<-- POST /wd/hub/session/54921dad-7d21-46d2-9c82-c5610fc297e0/timeouts &amp#27;[39m&amp#27;[32m200&amp#27;[39m &amp#27;[90m2 ms - 14&amp#27;[39m
&amp#27;[35m[HTTP]&amp#27;[39m &amp#27;[90m&amp#27;[39m
&amp#27;[35m[HTTP]&amp#27;[39m &amp#27;[37m-->&amp#27;[39m &amp#27;[37mPOST&amp#27;[39m &amp#27;[37m/wd/hub/session/54921dad-7d21-46d2-9c82-c5610fc297e0/element&amp#27;[39m
&amp#27;[35m[HTTP]&amp#27;[39m &amp#27;[90m{"using":"class name","value":"android.widget.EditText"}&amp#27;[39m
[debug] &amp#27;[35m[W3C (54921dad)]&amp#27;[39m Calling AppiumDriver.findElement() with args: ["class name","android.widget.EditText","54921dad-7d21-46d2-9c82-c5610fc297e0"]
[debug] &amp#27;[35m[BaseDriver]&amp#27;[39m Valid locator strategies for this request: xpath, id, class name, accessibility id, css selector, -android uiautomator
[debug] &amp#27;[35m[BaseDriver]&amp#27;[39m Waiting up to 10000 ms for condition
[debug] &amp#27;[35m[WD Proxy]&amp#27;[39m Matched '/element' to command name 'findElement'
[debug] &amp#27;[35m[WD Proxy]&amp#27;[39m Proxying [POST /element] to [POST http://127.0.0.1:8204/wd/hub/session/34ad08c4-8acc-4d6c-bb30-52d22a7c6edc/element] with body: {"strategy":"class name","selector":"android.widget.EditText","context":"","multiple":false}
&amp#27;[35m[WD Proxy]&amp#27;[39m Got response with status 404: {"sessionId":"34ad08c4-8acc-4d6c-bb30-52d22a7c6edc","value":{"error":"no such element","message":"An element could not be located on the page using the given search parameters","stacktrace":"io.appium.uiautomator2.common.exceptions.ElementNotFoundException: An element could not be located on the page using the given search parameters\n\tat io.appium.uiautomator2.handler.FindElement.safeHandle(FindElement.java:70)\n\tat io.appium.uiautomator2.handler.request.SafeRequestHandler.handle(SafeRequestHandler.java:59)\n\tat io.appium.uiautomator2.server.AppiumServlet.handleRequest(AppiumServlet.java:266)\n\tat io.appium.uiautomator2.server.AppiumServlet.handleHttpRequest(AppiumServlet.java:260)\n\tat io.appium.uiautomator2.http.ServerHandler.channelRead(ServerHandler.java:68)\n\tat io.netty.channel.AbstractChannelHandlerContext.invokeChannelRead(AbstractChannelHandlerContext.java:366)\n\tat io.netty.channel.AbstractChannelHandlerContext.invokeChannelRead(AbstractChannelHandlerContext.java:352)\n\tat io.netty.chann...
[debug] &amp#27;[35m[W3C]&amp#27;[39m Matched W3C error code 'no such element' to NoSuchElementError
[debug] &amp#27;[35m[BaseDriver]&amp#27;[39m Waited for 305 ms so far
[debug] &amp#27;[35m[WD Proxy]&amp#27;[39m Matched '/element' to command name 'findElement'
[debug] &amp#27;[35m[WD Proxy]&amp#27;[39m Proxying [POST /element] to [POST http://127.0.0.1:8204/wd/hub/session/34ad08c4-8acc-4d6c-bb30-52d22a7c6edc/element] with body: {"strategy":"class name","selector":"android.widget.EditText","context":"","multiple":false}
&amp#27;[35m[WD Proxy]&amp#27;[39m Got response with status 404: {"sessionId":"34ad08c4-8acc-4d6c-bb30-52d22a7c6edc","value":{"error":"no such element","message":"An element could not be located on the page using the given search parameters","stacktrace":"io.appium.uiautomator2.common.exceptions.ElementNotFoundException: An element could not be located on the page using the given search parameters\n\tat io.appium.uiautomator2.handler.FindElement.safeHandle(FindElement.java:70)\n\tat io.appium.uiautomator2.handler.request.SafeRequestHandler.handle(SafeRequestHandler.java:59)\n\tat io.appium.uiautomator2.server.AppiumServlet.handleRequest(AppiumServlet.java:266)\n\tat io.appium.uiautomator2.server.AppiumServlet.handleHttpRequest(AppiumServlet.java:260)\n\tat io.appium.uiautomator2.http.ServerHandler.channelRead(ServerHandler.java:68)\n\tat io.netty.channel.AbstractChannelHandlerContext.invokeChannelRead(AbstractChannelHandlerContext.java:366)\n\tat io.netty.channel.AbstractChannelHandlerContext.invokeChannelRead(AbstractChannelHandlerContext.java:352)\n\tat io.netty.chann...
[debug] &amp#27;[35m[W3C]&amp#27;[39m Matched W3C error code 'no such element' to NoSuchElementError
[debug] &amp#27;[35m[BaseDriver]&amp#27;[39m Waited for 826 ms so far
[debug] &amp#27;[35m[WD Proxy]&amp#27;[39m Matched '/element' to command name 'findElement'
[debug] &amp#27;[35m[WD Proxy]&amp#27;[39m Proxying [POST /element] to [POST http://127.0.0.1:8204/wd/hub/session/34ad08c4-8acc-4d6c-bb30-52d22a7c6edc/element] with body: {"strategy":"class name","selector":"android.widget.EditText","context":"","multiple":false}
&amp#27;[35m[WD Proxy]&amp#27;[39m Got response with status 404: {"sessionId":"34ad08c4-8acc-4d6c-bb30-52d22a7c6edc","value":{"error":"no such element","message":"An element could not be located on the page using the given search parameters","stacktrace":"io.appium.uiautomator2.common.exceptions.ElementNotFoundException: An element could not be located on the page using the given search parameters\n\tat io.appium.uiautomator2.handler.FindElement.safeHandle(FindElement.java:70)\n\tat io.appium.uiautomator2.handler.request.SafeRequestHandler.handle(SafeRequestHandler.java:59)\n\tat io.appium.uiautomator2.server.AppiumServlet.handleRequest(AppiumServlet.java:266)\n\tat io.appium.uiautomator2.server.AppiumServlet.handleHttpRequest(AppiumServlet.java:260)\n\tat io.appium.uiautomator2.http.ServerHandler.channelRead(ServerHandler.java:68)\n\tat io.netty.channel.AbstractChannelHandlerContext.invokeChannelRead(AbstractChannelHandlerContext.java:366)\n\tat io.netty.channel.AbstractChannelHandlerContext.invokeChannelRead(AbstractChannelHandlerContext.java:352)\n\tat io.netty.chann...
[debug] &amp#27;[35m[W3C]&amp#27;[39m Matched W3C error code 'no such element' to NoSuchElementError
[debug] &amp#27;[35m[BaseDriver]&amp#27;[39m Waited for 1346 ms so far
[debug] &amp#27;[35m[WD Proxy]&amp#27;[39m Matched '/element' to command name 'findElement'
[debug] &amp#27;[35m[WD Proxy]&amp#27;[39m Proxying [POST /element] to [POST http://127.0.0.1:8204/wd/hub/session/34ad08c4-8acc-4d6c-bb30-52d22a7c6edc/element] with body: {"strategy":"class name","selector":"android.widget.EditText","context":"","multiple":false}
&amp#27;[35m[WD Proxy]&amp#27;[39m Got response with status 404: {"sessionId":"34ad08c4-8acc-4d6c-bb30-52d22a7c6edc","value":{"error":"no such element","message":"An element could not be located on the page using the given search parameters","stacktrace":"io.appium.uiautomator2.common.exceptions.ElementNotFoundException: An element could not be located on the page using the given search parameters\n\tat io.appium.uiautomator2.handler.FindElement.safeHandle(FindElement.java:70)\n\tat io.appium.uiautomator2.handler.request.SafeRequestHandler.handle(SafeRequestHandler.java:59)\n\tat io.appium.uiautomator2.server.AppiumServlet.handleRequest(AppiumServlet.java:266)\n\tat io.appium.uiautomator2.server.AppiumServlet.handleHttpRequest(AppiumServlet.java:260)\n\tat io.appium.uiautomator2.http.ServerHandler.channelRead(ServerHandler.java:68)\n\tat io.netty.channel.AbstractChannelHandlerContext.invokeChannelRead(AbstractChannelHandlerContext.java:366)\n\tat io.netty.channel.AbstractChannelHandlerContext.invokeChannelRead(AbstractChannelHandlerContext.java:352)\n\tat io.netty.chann...
[debug] &amp#27;[35m[W3C]&amp#27;[39m Matched W3C error code 'no such element' to NoSuchElementError
[debug] &amp#27;[35m[BaseDriver]&amp#27;[39m Waited for 1859 ms so far
[debug] &amp#27;[35m[WD Proxy]&amp#27;[39m Matched '/element' to command name 'findElement'
[debug] &amp#27;[35m[WD Proxy]&amp#27;[39m Proxying [POST /element] to [POST http://127.0.0.1:8204/wd/hub/session/34ad08c4-8acc-4d6c-bb30-52d22a7c6edc/element] with body: {"strategy":"class name","selector":"android.widget.EditText","context":"","multiple":false}
&amp#27;[35m[WD Proxy]&amp#27;[39m Got response with status 404: {"sessionId":"34ad08c4-8acc-4d6c-bb30-52d22a7c6edc","value":{"error":"no such element","message":"An element could not be located on the page using the given search parameters","stacktrace":"io.appium.uiautomator2.common.exceptions.ElementNotFoundException: An element could not be located on the page using the given search parameters\n\tat io.appium.uiautomator2.handler.FindElement.safeHandle(FindElement.java:70)\n\tat io.appium.uiautomator2.handler.request.SafeRequestHandler.handle(SafeRequestHandler.java:59)\n\tat io.appium.uiautomator2.server.AppiumServlet.handleRequest(AppiumServlet.java:266)\n\tat io.appium.uiautomator2.server.AppiumServlet.handleHttpRequest(AppiumServlet.java:260)\n\tat io.appium.uiautomator2.http.ServerHandler.channelRead(ServerHandler.java:68)\n\tat io.netty.channel.AbstractChannelHandlerContext.invokeChannelRead(AbstractChannelHandlerContext.java:366)\n\tat io.netty.channel.AbstractChannelHandlerContext.invokeChannelRead(AbstractChannelHandlerContext.java:352)\n\tat io.netty.chann...
[debug] &amp#27;[35m[W3C]&amp#27;[39m Matched W3C error code 'no such element' to NoSuchElementError
[debug] &amp#27;[35m[BaseDriver]&amp#27;[39m Waited for 2378 ms so far
[debug] &amp#27;[35m[WD Proxy]&amp#27;[39m Matched '/element' to command name 'findElement'
[debug] &amp#27;[35m[WD Proxy]&amp#27;[39m Proxying [POST /element] to [POST http://127.0.0.1:8204/wd/hub/session/34ad08c4-8acc-4d6c-bb30-52d22a7c6edc/element] with body: {"strategy":"class name","selector":"android.widget.EditText","context":"","multiple":false}
[debug] &amp#27;[35m[WD Proxy]&amp#27;[39m Got response with status 200: {"sessionId":"34ad08c4-8acc-4d6c-bb30-52d22a7c6edc","value":{"ELEMENT":"00000000-0000-02b6-ffff-ffff0000001d","element-6066-11e4-a52e-4f735466cecf":"00000000-0000-02b6-ffff-ffff0000001d"}}
[debug] &amp#27;[35m[W3C (54921dad)]&amp#27;[39m Responding to client with driver.findElement() result: {"element-6066-11e4-a52e-4f735466cecf":"00000000-0000-02b6-ffff-ffff0000001d","ELEMENT":"00000000-0000-02b6-ffff-ffff0000001d"}
&amp#27;[35m[HTTP]&amp#27;[39m &amp#27;[37m<-- POST /wd/hub/session/54921dad-7d21-46d2-9c82-c5610fc297e0/element &amp#27;[39m&amp#27;[32m200&amp#27;[39m &amp#27;[90m3575 ms - 137&amp#27;[39m
&amp#27;[35m[HTTP]&amp#27;[39m &amp#27;[90m&amp#27;[39m
&amp#27;[35m[HTTP]&amp#27;[39m &amp#27;[37m-->&amp#27;[39m &amp#27;[37mPOST&amp#27;[39m &amp#27;[37m/wd/hub/session/54921dad-7d21-46d2-9c82-c5610fc297e0/element/00000000-0000-02b6-ffff-ffff0000001d/value&amp#27;[39m
&amp#27;[35m[HTTP]&amp#27;[39m &amp#27;[90m{"id":"00000000-0000-02b6-ffff-ffff0000001d","text":"Shoes","value":["S","h","o","e","s"]}&amp#27;[39m
[debug] &amp#27;[35m[W3C (54921dad)]&amp#27;[39m Calling AppiumDriver.setValue() with args: [["S","h","o","e","s"],"00000000-0000-02b6-ffff-ffff0000001d","54921dad-7d21-46d2-9c82-c5610fc297e0"]
[debug] &amp#27;[35m[WD Proxy]&amp#27;[39m Matched '/element/00000000-0000-02b6-ffff-ffff0000001d/value' to command name 'setValue'
[debug] &amp#27;[35m[Protocol Converter]&amp#27;[39m Added 'value' property ["S","h","o","e","s"] to 'setValue' request body
[debug] &amp#27;[35m[WD Proxy]&amp#27;[39m Proxying [POST /element/00000000-0000-02b6-ffff-ffff0000001d/value] to [POST http://127.0.0.1:8204/wd/hub/session/34ad08c4-8acc-4d6c-bb30-52d22a7c6edc/element/00000000-0000-02b6-ffff-ffff0000001d/value] with body: {"elementId":"00000000-0000-02b6-ffff-ffff0000001d","text":"Shoes","replace":false,"value":["S","h","o","e","s"]}
[debug] &amp#27;[35m[WD Proxy]&amp#27;[39m Got response with status 200: {"sessionId":"34ad08c4-8acc-4d6c-bb30-52d22a7c6edc","value":null}
[debug] &amp#27;[35m[W3C (54921dad)]&amp#27;[39m Responding to client with driver.setValue() result: null
&amp#27;[35m[HTTP]&amp#27;[39m &amp#27;[37m<-- POST /wd/hub/session/54921dad-7d21-46d2-9c82-c5610fc297e0/element/00000000-0000-02b6-ffff-ffff0000001d/value &amp#27;[39m&amp#27;[32m200&amp#27;[39m &amp#27;[90m527 ms - 14&amp#27;[39m
&amp#27;[35m[HTTP]&amp#27;[39m &amp#27;[90m&amp#27;[39m
&amp#27;[35m[HTTP]&amp#27;[39m &amp#27;[37m-->&amp#27;[39m &amp#27;[37mPOST&amp#27;[39m &amp#27;[37m/wd/hub/session/54921dad-7d21-46d2-9c82-c5610fc297e0/element&amp#27;[39m
&amp#27;[35m[HTTP]&amp#27;[39m &amp#27;[90m{"using":"xpath","value":"//*[@text='Female']"}&amp#27;[39m
[debug] &amp#27;[35m[W3C (54921dad)]&amp#27;[39m Calling AppiumDriver.findElement() with args: ["xpath","//*[@text='Female']","54921dad-7d21-46d2-9c82-c5610fc297e0"]
[debug] &amp#27;[35m[BaseDriver]&amp#27;[39m Valid locator strategies for this request: xpath, id, class name, accessibility id, css selector, -android uiautomator
[debug] &amp#27;[35m[BaseDriver]&amp#27;[39m Waiting up to 10000 ms for condition
[debug] &amp#27;[35m[WD Proxy]&amp#27;[39m Matched '/element' to command name 'findElement'
[debug] &amp#27;[35m[WD Proxy]&amp#27;[39m Proxying [POST /element] to [POST http://127.0.0.1:8204/wd/hub/session/34ad08c4-8acc-4d6c-bb30-52d22a7c6edc/element] with body: {"strategy":"xpath","selector":"//*[@text='Female']","context":"","multiple":false}
[debug] &amp#27;[35m[WD Proxy]&amp#27;[39m Got response with status 200: {"sessionId":"34ad08c4-8acc-4d6c-bb30-52d22a7c6edc","value":{"ELEMENT":"00000000-0000-02b6-ffff-ffff00000021","element-6066-11e4-a52e-4f735466cecf":"00000000-0000-02b6-ffff-ffff00000021"}}
[debug] &amp#27;[35m[W3C (54921dad)]&amp#27;[39m Responding to client with driver.findElement() result: {"element-6066-11e4-a52e-4f735466cecf":"00000000-0000-02b6-ffff-ffff00000021","ELEMENT":"00000000-0000-02b6-ffff-ffff00000021"}
&amp#27;[35m[HTTP]&amp#27;[39m &amp#27;[37m<-- POST /wd/hub/session/54921dad-7d21-46d2-9c82-c5610fc297e0/element &amp#27;[39m&amp#27;[32m200&amp#27;[39m &amp#27;[90m818 ms - 137&amp#27;[39m
&amp#27;[35m[HTTP]&amp#27;[39m &amp#27;[90m&amp#27;[39m
&amp#27;[35m[HTTP]&amp#27;[39m &amp#27;[37m-->&amp#27;[39m &amp#27;[37mPOST&amp#27;[39m &amp#27;[37m/wd/hub/session/54921dad-7d21-46d2-9c82-c5610fc297e0/element/00000000-0000-02b6-ffff-ffff00000021/click&amp#27;[39m
&amp#27;[35m[HTTP]&amp#27;[39m &amp#27;[90m{"id":"00000000-0000-02b6-ffff-ffff00000021"}&amp#27;[39m
[debug] &amp#27;[35m[W3C (54921dad)]&amp#27;[39m Calling AppiumDriver.click() with args: ["00000000-0000-02b6-ffff-ffff00000021","54921dad-7d21-46d2-9c82-c5610fc297e0"]
[debug] &amp#27;[35m[WD Proxy]&amp#27;[39m Matched '/element/00000000-0000-02b6-ffff-ffff00000021/click' to command name 'click'
[debug] &amp#27;[35m[WD Proxy]&amp#27;[39m Proxying [POST /element/00000000-0000-02b6-ffff-ffff00000021/click] to [POST http://127.0.0.1:8204/wd/hub/session/34ad08c4-8acc-4d6c-bb30-52d22a7c6edc/element/00000000-0000-02b6-ffff-ffff00000021/click] with body: {"element":"00000000-0000-02b6-ffff-ffff00000021"}
[debug] &amp#27;[35m[WD Proxy]&amp#27;[39m Got response with status 200: {"sessionId":"34ad08c4-8acc-4d6c-bb30-52d22a7c6edc","value":null}
[debug] &amp#27;[35m[W3C (54921dad)]&amp#27;[39m Responding to client with driver.click() result: null
&amp#27;[35m[HTTP]&amp#27;[39m &amp#27;[37m<-- POST /wd/hub/session/54921dad-7d21-46d2-9c82-c5610fc297e0/element/00000000-0000-02b6-ffff-ffff00000021/click &amp#27;[39m&amp#27;[32m200&amp#27;[39m &amp#27;[90m37 ms - 14&amp#27;[39m
&amp#27;[35m[HTTP]&amp#27;[39m &amp#27;[90m&amp#27;[39m
&amp#27;[35m[HTTP]&amp#27;[39m &amp#27;[37m-->&amp#27;[39m &amp#27;[37mPOST&amp#27;[39m &amp#27;[37m/wd/hub/session/54921dad-7d21-46d2-9c82-c5610fc297e0/element&amp#27;[39m
&amp#27;[35m[HTTP]&amp#27;[39m &amp#27;[90m{"using":"id","value":"android:id/text1"}&amp#27;[39m
[debug] &amp#27;[35m[W3C (54921dad)]&amp#27;[39m Calling AppiumDriver.findElement() with args: ["id","android:id/text1","54921dad-7d21-46d2-9c82-c5610fc297e0"]
[debug] &amp#27;[35m[BaseDriver]&amp#27;[39m Valid locator strategies for this request: xpath, id, class name, accessibility id, css selector, -android uiautomator
[debug] &amp#27;[35m[BaseDriver]&amp#27;[39m Waiting up to 10000 ms for condition
[debug] &amp#27;[35m[WD Proxy]&amp#27;[39m Matched '/element' to command name 'findElement'
[debug] &amp#27;[35m[WD Proxy]&amp#27;[39m Proxying [POST /element] to [POST http://127.0.0.1:8204/wd/hub/session/34ad08c4-8acc-4d6c-bb30-52d22a7c6edc/element] with body: {"strategy":"id","selector":"android:id/text1","context":"","multiple":false}
[debug] &amp#27;[35m[WD Proxy]&amp#27;[39m Got response with status 200: {"sessionId":"34ad08c4-8acc-4d6c-bb30-52d22a7c6edc","value":{"ELEMENT":"00000000-0000-02b6-ffff-ffff00000024","element-6066-11e4-a52e-4f735466cecf":"00000000-0000-02b6-ffff-ffff00000024"}}
[debug] &amp#27;[35m[W3C (54921dad)]&amp#27;[39m Responding to client with driver.findElement() result: {"element-6066-11e4-a52e-4f735466cecf":"00000000-0000-02b6-ffff-ffff00000024","ELEMENT":"00000000-0000-02b6-ffff-ffff00000024"}
&amp#27;[35m[HTTP]&amp#27;[39m &amp#27;[37m<-- POST /wd/hub/session/54921dad-7d21-46d2-9c82-c5610fc297e0/element &amp#27;[39m&amp#27;[32m200&amp#27;[39m &amp#27;[90m33 ms - 137&amp#27;[39m
&amp#27;[35m[HTTP]&amp#27;[39m &amp#27;[90m&amp#27;[39m
&amp#27;[35m[HTTP]&amp#27;[39m &amp#27;[37m-->&amp#27;[39m &amp#27;[37mPOST&amp#27;[39m &amp#27;[37m/wd/hub/session/54921dad-7d21-46d2-9c82-c5610fc297e0/element/00000000-0000-02b6-ffff-ffff00000024/click&amp#27;[39m
&amp#27;[35m[HTTP]&amp#27;[39m &amp#27;[90m{"id":"00000000-0000-02b6-ffff-ffff00000024"}&amp#27;[39m
[debug] &amp#27;[35m[W3C (54921dad)]&amp#27;[39m Calling AppiumDriver.click() with args: ["00000000-0000-02b6-ffff-ffff00000024","54921dad-7d21-46d2-9c82-c5610fc297e0"]
[debug] &amp#27;[35m[WD Proxy]&amp#27;[39m Matched '/element/00000000-0000-02b6-ffff-ffff00000024/click' to command name 'click'
[debug] &amp#27;[35m[WD Proxy]&amp#27;[39m Proxying [POST /element/00000000-0000-02b6-ffff-ffff00000024/click] to [POST http://127.0.0.1:8204/wd/hub/session/34ad08c4-8acc-4d6c-bb30-52d22a7c6edc/element/00000000-0000-02b6-ffff-ffff00000024/click] with body: {"element":"00000000-0000-02b6-ffff-ffff00000024"}
[debug] &amp#27;[35m[WD Proxy]&amp#27;[39m Got response with status 200: {"sessionId":"34ad08c4-8acc-4d6c-bb30-52d22a7c6edc","value":null}
[debug] &amp#27;[35m[W3C (54921dad)]&amp#27;[39m Responding to client with driver.click() result: null
&amp#27;[35m[HTTP]&amp#27;[39m &amp#27;[37m<-- POST /wd/hub/session/54921dad-7d21-46d2-9c82-c5610fc297e0/element/00000000-0000-02b6-ffff-ffff00000024/click &amp#27;[39m&amp#27;[32m200&amp#27;[39m &amp#27;[90m575 ms - 14&amp#27;[39m
&amp#27;[35m[HTTP]&amp#27;[39m &amp#27;[90m&amp#27;[39m
&amp#27;[35m[HTTP]&amp#27;[39m &amp#27;[37m-->&amp#27;[39m &amp#27;[37mPOST&amp#27;[39m &amp#27;[37m/wd/hub/session/54921dad-7d21-46d2-9c82-c5610fc297e0/element&amp#27;[39m
&amp#27;[35m[HTTP]&amp#27;[39m &amp#27;[90m{"using":"-android uiautomator","value":"new UiScrollable(new UiSelector()).scrollIntoView(text(\"Chad\"));"}&amp#27;[39m
[debug] &amp#27;[35m[W3C (54921dad)]&amp#27;[39m Calling AppiumDriver.findElement() with args: ["-android uiautomator","new UiScrollable(new UiSelector()).scrollIntoView(text(\"Chad\"));","54921dad-7d21-46d2-9c82-c5610fc297e0"]
[debug] &amp#27;[35m[BaseDriver]&amp#27;[39m Valid locator strategies for this request: xpath, id, class name, accessibility id, css selector, -android uiautomator
[debug] &amp#27;[35m[BaseDriver]&amp#27;[39m Waiting up to 10000 ms for condition
[debug] &amp#27;[35m[WD Proxy]&amp#27;[39m Matched '/element' to command name 'findElement'
[debug] &amp#27;[35m[WD Proxy]&amp#27;[39m Proxying [POST /element] to [POST http://127.0.0.1:8204/wd/hub/session/34ad08c4-8acc-4d6c-bb30-52d22a7c6edc/element] with body: {"strategy":"-android uiautomator","selector":"new UiScrollable(new UiSelector()).scrollIntoView(text(\"Chad\"));","context":"","multiple":false}
[debug] &amp#27;[35m[WD Proxy]&amp#27;[39m Got response with status 200: {"sessionId":"34ad08c4-8acc-4d6c-bb30-52d22a7c6edc","value":{"ELEMENT":"00000000-0000-02b7-ffff-ffff0000002b","element-6066-11e4-a52e-4f735466cecf":"00000000-0000-02b7-ffff-ffff0000002b"}}
[debug] &amp#27;[35m[W3C (54921dad)]&amp#27;[39m Responding to client with driver.findElement() result: {"element-6066-11e4-a52e-4f735466cecf":"00000000-0000-02b7-ffff-ffff0000002b","ELEMENT":"00000000-0000-02b7-ffff-ffff0000002b"}
&amp#27;[35m[HTTP]&amp#27;[39m &amp#27;[37m<-- POST /wd/hub/session/54921dad-7d21-46d2-9c82-c5610fc297e0/element &amp#27;[39m&amp#27;[32m200&amp#27;[39m &amp#27;[90m11094 ms - 137&amp#27;[39m
&amp#27;[35m[HTTP]&amp#27;[39m &amp#27;[90m&amp#27;[39m
&amp#27;[35m[HTTP]&amp#27;[39m &amp#27;[37m-->&amp#27;[39m &amp#27;[37mPOST&amp#27;[39m &amp#27;[37m/wd/hub/session/54921dad-7d21-46d2-9c82-c5610fc297e0/element&amp#27;[39m
&amp#27;[35m[HTTP]&amp#27;[39m &amp#27;[90m{"using":"xpath","value":"//*[@text='Chad']"}&amp#27;[39m
[debug] &amp#27;[35m[W3C (54921dad)]&amp#27;[39m Calling AppiumDriver.findElement() with args: ["xpath","//*[@text='Chad']","54921dad-7d21-46d2-9c82-c5610fc297e0"]
[debug] &amp#27;[35m[BaseDriver]&amp#27;[39m Valid locator strategies for this request: xpath, id, class name, accessibility id, css selector, -android uiautomator
[debug] &amp#27;[35m[BaseDriver]&amp#27;[39m Waiting up to 10000 ms for condition
[debug] &amp#27;[35m[WD Proxy]&amp#27;[39m Matched '/element' to command name 'findElement'
[debug] &amp#27;[35m[WD Proxy]&amp#27;[39m Proxying [POST /element] to [POST http://127.0.0.1:8204/wd/hub/session/34ad08c4-8acc-4d6c-bb30-52d22a7c6edc/element] with body: {"strategy":"xpath","selector":"//*[@text='Chad']","context":"","multiple":false}
[debug] &amp#27;[35m[WD Proxy]&amp#27;[39m Got response with status 200: {"sessionId":"34ad08c4-8acc-4d6c-bb30-52d22a7c6edc","value":{"ELEMENT":"00000000-0000-02b7-ffff-ffff0000002b","element-6066-11e4-a52e-4f735466cecf":"00000000-0000-02b7-ffff-ffff0000002b"}}
[debug] &amp#27;[35m[W3C (54921dad)]&amp#27;[39m Responding to client with driver.findElement() result: {"element-6066-11e4-a52e-4f735466cecf":"00000000-0000-02b7-ffff-ffff0000002b","ELEMENT":"00000000-0000-02b7-ffff-ffff0000002b"}
&amp#27;[35m[HTTP]&amp#27;[39m &amp#27;[37m<-- POST /wd/hub/session/54921dad-7d21-46d2-9c82-c5610fc297e0/element &amp#27;[39m&amp#27;[32m200&amp#27;[39m &amp#27;[90m19 ms - 137&amp#27;[39m
&amp#27;[35m[HTTP]&amp#27;[39m &amp#27;[90m&amp#27;[39m
&amp#27;[35m[HTTP]&amp#27;[39m &amp#27;[37m-->&amp#27;[39m &amp#27;[37mPOST&amp#27;[39m &amp#27;[37m/wd/hub/session/54921dad-7d21-46d2-9c82-c5610fc297e0/element/00000000-0000-02b7-ffff-ffff0000002b/click&amp#27;[39m
&amp#27;[35m[HTTP]&amp#27;[39m &amp#27;[90m{"id":"00000000-0000-02b7-ffff-ffff0000002b"}&amp#27;[39m
[debug] &amp#27;[35m[W3C (54921dad)]&amp#27;[39m Calling AppiumDriver.click() with args: ["00000000-0000-02b7-ffff-ffff0000002b","54921dad-7d21-46d2-9c82-c5610fc297e0"]
[debug] &amp#27;[35m[WD Proxy]&amp#27;[39m Matched '/element/00000000-0000-02b7-ffff-ffff0000002b/click' to command name 'click'
[debug] &amp#27;[35m[WD Proxy]&amp#27;[39m Proxying [POST /element/00000000-0000-02b7-ffff-ffff0000002b/click] to [POST http://127.0.0.1:8204/wd/hub/session/34ad08c4-8acc-4d6c-bb30-52d22a7c6edc/element/00000000-0000-02b7-ffff-ffff0000002b/click] with body: {"element":"00000000-0000-02b7-ffff-ffff0000002b"}
[debug] &amp#27;[35m[WD Proxy]&amp#27;[39m Got response with status 200: {"sessionId":"34ad08c4-8acc-4d6c-bb30-52d22a7c6edc","value":null}
[debug] &amp#27;[35m[W3C (54921dad)]&amp#27;[39m Responding to client with driver.click() result: null
&amp#27;[35m[HTTP]&amp#27;[39m &amp#27;[37m<-- POST /wd/hub/session/54921dad-7d21-46d2-9c82-c5610fc297e0/element/00000000-0000-02b7-ffff-ffff0000002b/click &amp#27;[39m&amp#27;[32m200&amp#27;[39m &amp#27;[90m663 ms - 14&amp#27;[39m
&amp#27;[35m[HTTP]&amp#27;[39m &amp#27;[90m&amp#27;[39m
&amp#27;[35m[HTTP]&amp#27;[39m &amp#27;[37m-->&amp#27;[39m &amp#27;[37mPOST&amp#27;[39m &amp#27;[37m/wd/hub/session/54921dad-7d21-46d2-9c82-c5610fc297e0/element&amp#27;[39m
&amp#27;[35m[HTTP]&amp#27;[39m &amp#27;[90m{"using":"id","value":"com.androidsample.generalstore:id/btnLetsShop"}&amp#27;[39m
[debug] &amp#27;[35m[W3C (54921dad)]&amp#27;[39m Calling AppiumDriver.findElement() with args: ["id","com.androidsample.generalstore:id/btnLetsShop","54921dad-7d21-46d2-9c82-c5610fc297e0"]
[debug] &amp#27;[35m[BaseDriver]&amp#27;[39m Valid locator strategies for this request: xpath, id, class name, accessibility id, css selector, -android uiautomator
[debug] &amp#27;[35m[BaseDriver]&amp#27;[39m Waiting up to 10000 ms for condition
[debug] &amp#27;[35m[WD Proxy]&amp#27;[39m Matched '/element' to command name 'findElement'
[debug] &amp#27;[35m[WD Proxy]&amp#27;[39m Proxying [POST /element] to [POST http://127.0.0.1:8204/wd/hub/session/34ad08c4-8acc-4d6c-bb30-52d22a7c6edc/element] with body: {"strategy":"id","selector":"com.androidsample.generalstore:id/btnLetsShop","context":"","multiple":false}
[debug] &amp#27;[35m[WD Proxy]&amp#27;[39m Got response with status 200: {"sessionId":"34ad08c4-8acc-4d6c-bb30-52d22a7c6edc","value":{"ELEMENT":"00000000-0000-02b6-ffff-ffff00000022","element-6066-11e4-a52e-4f735466cecf":"00000000-0000-02b6-ffff-ffff00000022"}}
[debug] &amp#27;[35m[W3C (54921dad)]&amp#27;[39m Responding to client with driver.findElement() result: {"element-6066-11e4-a52e-4f735466cecf":"00000000-0000-02b6-ffff-ffff00000022","ELEMENT":"00000000-0000-02b6-ffff-ffff00000022"}
&amp#27;[35m[HTTP]&amp#27;[39m &amp#27;[37m<-- POST /wd/hub/session/54921dad-7d21-46d2-9c82-c5610fc297e0/element &amp#27;[39m&amp#27;[32m200&amp#27;[39m &amp#27;[90m11 ms - 137&amp#27;[39m
&amp#27;[35m[HTTP]&amp#27;[39m &amp#27;[90m&amp#27;[39m
&amp#27;[35m[HTTP]&amp#27;[39m &amp#27;[37m-->&amp#27;[39m &amp#27;[37mPOST&amp#27;[39m &amp#27;[37m/wd/hub/session/54921dad-7d21-46d2-9c82-c5610fc297e0/element/00000000-0000-02b6-ffff-ffff00000022/click&amp#27;[39m
&amp#27;[35m[HTTP]&amp#27;[39m &amp#27;[90m{"id":"00000000-0000-02b6-ffff-ffff00000022"}&amp#27;[39m
[debug] &amp#27;[35m[W3C (54921dad)]&amp#27;[39m Calling AppiumDriver.click() with args: ["00000000-0000-02b6-ffff-ffff00000022","54921dad-7d21-46d2-9c82-c5610fc297e0"]
[debug] &amp#27;[35m[WD Proxy]&amp#27;[39m Matched '/element/00000000-0000-02b6-ffff-ffff00000022/click' to command name 'click'
[debug] &amp#27;[35m[WD Proxy]&amp#27;[39m Proxying [POST /element/00000000-0000-02b6-ffff-ffff00000022/click] to [POST http://127.0.0.1:8204/wd/hub/session/34ad08c4-8acc-4d6c-bb30-52d22a7c6edc/element/00000000-0000-02b6-ffff-ffff00000022/click] with body: {"element":"00000000-0000-02b6-ffff-ffff00000022"}
[debug] &amp#27;[35m[WD Proxy]&amp#27;[39m Got response with status 200: {"sessionId":"34ad08c4-8acc-4d6c-bb30-52d22a7c6edc","value":null}
[debug] &amp#27;[35m[W3C (54921dad)]&amp#27;[39m Responding to client with driver.click() result: null
&amp#27;[35m[HTTP]&amp#27;[39m &amp#27;[37m<-- POST /wd/hub/session/54921dad-7d21-46d2-9c82-c5610fc297e0/element/00000000-0000-02b6-ffff-ffff00000022/click &amp#27;[39m&amp#27;[32m200&amp#27;[39m &amp#27;[90m30 ms - 14&amp#27;[39m
&amp#27;[35m[HTTP]&amp#27;[39m &amp#27;[90m&amp#27;[39m
&amp#27;[35m[HTTP]&amp#27;[39m &amp#27;[37m-->&amp#27;[39m &amp#27;[37mPOST&amp#27;[39m &amp#27;[37m/wd/hub/session/54921dad-7d21-46d2-9c82-c5610fc297e0/elements&amp#27;[39m
&amp#27;[35m[HTTP]&amp#27;[39m &amp#27;[90m{"using":"id","value":"com.androidsample.generalstore:id/productAddCart"}&amp#27;[39m
[debug] &amp#27;[35m[W3C (54921dad)]&amp#27;[39m Calling AppiumDriver.findElements() with args: ["id","com.androidsample.generalstore:id/productAddCart","54921dad-7d21-46d2-9c82-c5610fc297e0"]
[debug] &amp#27;[35m[BaseDriver]&amp#27;[39m Valid locator strategies for this request: xpath, id, class name, accessibility id, css selector, -android uiautomator
[debug] &amp#27;[35m[BaseDriver]&amp#27;[39m Waiting up to 10000 ms for condition
[debug] &amp#27;[35m[WD Proxy]&amp#27;[39m Matched '/elements' to command name 'findElements'
[debug] &amp#27;[35m[WD Proxy]&amp#27;[39m Proxying [POST /elements] to [POST http://127.0.0.1:8204/wd/hub/session/34ad08c4-8acc-4d6c-bb30-52d22a7c6edc/elements] with body: {"strategy":"id","selector":"com.androidsample.generalstore:id/productAddCart","context":"","multiple":true}
[debug] &amp#27;[35m[WD Proxy]&amp#27;[39m Got response with status 200: {"sessionId":"34ad08c4-8acc-4d6c-bb30-52d22a7c6edc","value":[{"ELEMENT":"00000000-0000-02b8-ffff-ffff00000052","element-6066-11e4-a52e-4f735466cecf":"00000000-0000-02b8-ffff-ffff00000052"},{"ELEMENT":"00000000-0000-02b8-ffff-ffff0000005a","element-6066-11e4-a52e-4f735466cecf":"00000000-0000-02b8-ffff-ffff0000005a"}]}
[debug] &amp#27;[35m[W3C (54921dad)]&amp#27;[39m Responding to client with driver.findElements() result: [{"element-6066-11e4-a52e-4f735466cecf":"00000000-0000-02b8-ffff-ffff00000052","ELEMENT":"00000000-0000-02b8-ffff-ffff00000052"},{"element-6066-11e4-a52e-4f735466cecf":"00000000-0000-02b8-ffff-ffff0000005a","ELEMENT":"00000000-0000-02b8-ffff-ffff0000005a"}]
&amp#27;[35m[HTTP]&amp#27;[39m &amp#27;[37m<-- POST /wd/hub/session/54921dad-7d21-46d2-9c82-c5610fc297e0/elements &amp#27;[39m&amp#27;[32m200&amp#27;[39m &amp#27;[90m695 ms - 267&amp#27;[39m
&amp#27;[35m[HTTP]&amp#27;[39m &amp#27;[90m&amp#27;[39m
&amp#27;[35m[HTTP]&amp#27;[39m &amp#27;[37m-->&amp#27;[39m &amp#27;[37mPOST&amp#27;[39m &amp#27;[37m/wd/hub/session/54921dad-7d21-46d2-9c82-c5610fc297e0/element/00000000-0000-02b8-ffff-ffff00000052/click&amp#27;[39m
&amp#27;[35m[HTTP]&amp#27;[39m &amp#27;[90m{"id":"00000000-0000-02b8-ffff-ffff00000052"}&amp#27;[39m
[debug] &amp#27;[35m[W3C (54921dad)]&amp#27;[39m Calling AppiumDriver.click() with args: ["00000000-0000-02b8-ffff-ffff00000052","54921dad-7d21-46d2-9c82-c5610fc297e0"]
[debug] &amp#27;[35m[WD Proxy]&amp#27;[39m Matched '/element/00000000-0000-02b8-ffff-ffff00000052/click' to command name 'click'
[debug] &amp#27;[35m[WD Proxy]&amp#27;[39m Proxying [POST /element/00000000-0000-02b8-ffff-ffff00000052/click] to [POST http://127.0.0.1:8204/wd/hub/session/34ad08c4-8acc-4d6c-bb30-52d22a7c6edc/element/00000000-0000-02b8-ffff-ffff00000052/click] with body: {"element":"00000000-0000-02b8-ffff-ffff00000052"}
[debug] &amp#27;[35m[WD Proxy]&amp#27;[39m Got response with status 200: {"sessionId":"34ad08c4-8acc-4d6c-bb30-52d22a7c6edc","value":null}
[debug] &amp#27;[35m[W3C (54921dad)]&amp#27;[39m Responding to client with driver.click() result: null
&amp#27;[35m[HTTP]&amp#27;[39m &amp#27;[37m<-- POST /wd/hub/session/54921dad-7d21-46d2-9c82-c5610fc297e0/element/00000000-0000-02b8-ffff-ffff00000052/click &amp#27;[39m&amp#27;[32m200&amp#27;[39m &amp#27;[90m526 ms - 14&amp#27;[39m
&amp#27;[35m[HTTP]&amp#27;[39m &amp#27;[90m&amp#27;[39m
&amp#27;[35m[HTTP]&amp#27;[39m &amp#27;[37m-->&amp#27;[39m &amp#27;[37mPOST&amp#27;[39m &amp#27;[37m/wd/hub/session/54921dad-7d21-46d2-9c82-c5610fc297e0/elements&amp#27;[39m
&amp#27;[35m[HTTP]&amp#27;[39m &amp#27;[90m{"using":"id","value":"com.androidsample.generalstore:id/productAddCart"}&amp#27;[39m
[debug] &amp#27;[35m[W3C (54921dad)]&amp#27;[39m Calling AppiumDriver.findElements() with args: ["id","com.androidsample.generalstore:id/productAddCart","54921dad-7d21-46d2-9c82-c5610fc297e0"]
[debug] &amp#27;[35m[BaseDriver]&amp#27;[39m Valid locator strategies for this request: xpath, id, class name, accessibility id, css selector, -android uiautomator
[debug] &amp#27;[35m[BaseDriver]&amp#27;[39m Waiting up to 10000 ms for condition
[debug] &amp#27;[35m[WD Proxy]&amp#27;[39m Matched '/elements' to command name 'findElements'
[debug] &amp#27;[35m[WD Proxy]&amp#27;[39m Proxying [POST /elements] to [POST http://127.0.0.1:8204/wd/hub/session/34ad08c4-8acc-4d6c-bb30-52d22a7c6edc/elements] with body: {"strategy":"id","selector":"com.androidsample.generalstore:id/productAddCart","context":"","multiple":true}
[debug] &amp#27;[35m[WD Proxy]&amp#27;[39m Got response with status 200: {"sessionId":"34ad08c4-8acc-4d6c-bb30-52d22a7c6edc","value":[{"ELEMENT":"00000000-0000-02b8-ffff-ffff00000052","element-6066-11e4-a52e-4f735466cecf":"00000000-0000-02b8-ffff-ffff00000052"},{"ELEMENT":"00000000-0000-02b8-ffff-ffff0000005a","element-6066-11e4-a52e-4f735466cecf":"00000000-0000-02b8-ffff-ffff0000005a"}]}
[debug] &amp#27;[35m[W3C (54921dad)]&amp#27;[39m Responding to client with driver.findElements() result: [{"element-6066-11e4-a52e-4f735466cecf":"00000000-0000-02b8-ffff-ffff00000052","ELEMENT":"00000000-0000-02b8-ffff-ffff00000052"},{"element-6066-11e4-a52e-4f735466cecf":"00000000-0000-02b8-ffff-ffff0000005a","ELEMENT":"00000000-0000-02b8-ffff-ffff0000005a"}]
&amp#27;[35m[HTTP]&amp#27;[39m &amp#27;[37m<-- POST /wd/hub/session/54921dad-7d21-46d2-9c82-c5610fc297e0/elements &amp#27;[39m&amp#27;[32m200&amp#27;[39m &amp#27;[90m16 ms - 267&amp#27;[39m
&amp#27;[35m[HTTP]&amp#27;[39m &amp#27;[90m&amp#27;[39m
&amp#27;[35m[HTTP]&amp#27;[39m &amp#27;[37m-->&amp#27;[39m &amp#27;[37mPOST&amp#27;[39m &amp#27;[37m/wd/hub/session/54921dad-7d21-46d2-9c82-c5610fc297e0/element/00000000-0000-02b8-ffff-ffff0000005a/click&amp#27;[39m
&amp#27;[35m[HTTP]&amp#27;[39m &amp#27;[90m{"id":"00000000-0000-02b8-ffff-ffff0000005a"}&amp#27;[39m
[debug] &amp#27;[35m[W3C (54921dad)]&amp#27;[39m Calling AppiumDriver.click() with args: ["00000000-0000-02b8-ffff-ffff0000005a","54921dad-7d21-46d2-9c82-c5610fc297e0"]
[debug] &amp#27;[35m[WD Proxy]&amp#27;[39m Matched '/element/00000000-0000-02b8-ffff-ffff0000005a/click' to command name 'click'
[debug] &amp#27;[35m[WD Proxy]&amp#27;[39m Proxying [POST /element/00000000-0000-02b8-ffff-ffff0000005a/click] to [POST http://127.0.0.1:8204/wd/hub/session/34ad08c4-8acc-4d6c-bb30-52d22a7c6edc/element/00000000-0000-02b8-ffff-ffff0000005a/click] with body: {"element":"00000000-0000-02b8-ffff-ffff0000005a"}
[debug] &amp#27;[35m[WD Proxy]&amp#27;[39m Got response with status 200: {"sessionId":"34ad08c4-8acc-4d6c-bb30-52d22a7c6edc","value":null}
[debug] &amp#27;[35m[W3C (54921dad)]&amp#27;[39m Responding to client with driver.click() result: null
&amp#27;[35m[HTTP]&amp#27;[39m &amp#27;[37m<-- POST /wd/hub/session/54921dad-7d21-46d2-9c82-c5610fc297e0/element/00000000-0000-02b8-ffff-ffff0000005a/click &amp#27;[39m&amp#27;[32m200&amp#27;[39m &amp#27;[90m36 ms - 14&amp#27;[39m
&amp#27;[35m[HTTP]&amp#27;[39m &amp#27;[90m&amp#27;[39m
&amp#27;[35m[HTTP]&amp#27;[39m &amp#27;[37m-->&amp#27;[39m &amp#27;[37mPOST&amp#27;[39m &amp#27;[37m/wd/hub/session/54921dad-7d21-46d2-9c82-c5610fc297e0/element&amp#27;[39m
&amp#27;[35m[HTTP]&amp#27;[39m &amp#27;[90m{"using":"id","value":"com.androidsample.generalstore:id/appbar_btn_cart"}&amp#27;[39m
[debug] &amp#27;[35m[W3C (54921dad)]&amp#27;[39m Calling AppiumDriver.findElement() with args: ["id","com.androidsample.generalstore:id/appbar_btn_cart","54921dad-7d21-46d2-9c82-c5610fc297e0"]
[debug] &amp#27;[35m[BaseDriver]&amp#27;[39m Valid locator strategies for this request: xpath, id, class name, accessibility id, css selector, -android uiautomator
[debug] &amp#27;[35m[BaseDriver]&amp#27;[39m Waiting up to 10000 ms for condition
[debug] &amp#27;[35m[WD Proxy]&amp#27;[39m Matched '/element' to command name 'findElement'
[debug] &amp#27;[35m[WD Proxy]&amp#27;[39m Proxying [POST /element] to [POST http://127.0.0.1:8204/wd/hub/session/34ad08c4-8acc-4d6c-bb30-52d22a7c6edc/element] with body: {"strategy":"id","selector":"com.androidsample.generalstore:id/appbar_btn_cart","context":"","multiple":false}
[debug] &amp#27;[35m[WD Proxy]&amp#27;[39m Got response with status 200: {"sessionId":"34ad08c4-8acc-4d6c-bb30-52d22a7c6edc","value":{"ELEMENT":"00000000-0000-02b8-ffff-ffff00000045","element-6066-11e4-a52e-4f735466cecf":"00000000-0000-02b8-ffff-ffff00000045"}}
[debug] &amp#27;[35m[W3C (54921dad)]&amp#27;[39m Responding to client with driver.findElement() result: {"element-6066-11e4-a52e-4f735466cecf":"00000000-0000-02b8-ffff-ffff00000045","ELEMENT":"00000000-0000-02b8-ffff-ffff00000045"}
&amp#27;[35m[HTTP]&amp#27;[39m &amp#27;[37m<-- POST /wd/hub/session/54921dad-7d21-46d2-9c82-c5610fc297e0/element &amp#27;[39m&amp#27;[32m200&amp#27;[39m &amp#27;[90m483 ms - 137&amp#27;[39m
&amp#27;[35m[HTTP]&amp#27;[39m &amp#27;[90m&amp#27;[39m
&amp#27;[35m[HTTP]&amp#27;[39m &amp#27;[37m-->&amp#27;[39m &amp#27;[37mPOST&amp#27;[39m &amp#27;[37m/wd/hub/session/54921dad-7d21-46d2-9c82-c5610fc297e0/element/00000000-0000-02b8-ffff-ffff00000045/click&amp#27;[39m
&amp#27;[35m[HTTP]&amp#27;[39m &amp#27;[90m{"id":"00000000-0000-02b8-ffff-ffff00000045"}&amp#27;[39m
[debug] &amp#27;[35m[W3C (54921dad)]&amp#27;[39m Calling AppiumDriver.click() with args: ["00000000-0000-02b8-ffff-ffff00000045","54921dad-7d21-46d2-9c82-c5610fc297e0"]
[debug] &amp#27;[35m[WD Proxy]&amp#27;[39m Matched '/element/00000000-0000-02b8-ffff-ffff00000045/click' to command name 'click'
[debug] &amp#27;[35m[WD Proxy]&amp#27;[39m Proxying [POST /element/00000000-0000-02b8-ffff-ffff00000045/click] to [POST http://127.0.0.1:8204/wd/hub/session/34ad08c4-8acc-4d6c-bb30-52d22a7c6edc/element/00000000-0000-02b8-ffff-ffff00000045/click] with body: {"element":"00000000-0000-02b8-ffff-ffff00000045"}
[debug] &amp#27;[35m[WD Proxy]&amp#27;[39m Got response with status 200: {"sessionId":"34ad08c4-8acc-4d6c-bb30-52d22a7c6edc","value":null}
[debug] &amp#27;[35m[W3C (54921dad)]&amp#27;[39m Responding to client with driver.click() result: null
&amp#27;[35m[HTTP]&amp#27;[39m &amp#27;[37m<-- POST /wd/hub/session/54921dad-7d21-46d2-9c82-c5610fc297e0/element/00000000-0000-02b8-ffff-ffff00000045/click &amp#27;[39m&amp#27;[32m200&amp#27;[39m &amp#27;[90m715 ms - 14&amp#27;[39m
&amp#27;[35m[HTTP]&amp#27;[39m &amp#27;[90m&amp#27;[39m
&amp#27;[35m[HTTP]&amp#27;[39m &amp#27;[37m-->&amp#27;[39m &amp#27;[37mPOST&amp#27;[39m &amp#27;[37m/wd/hub/session/54921dad-7d21-46d2-9c82-c5610fc297e0/elements&amp#27;[39m
&amp#27;[35m[HTTP]&amp#27;[39m &amp#27;[90m{"using":"id","value":"com.androidsample.generalstore:id/productPrice"}&amp#27;[39m
[debug] &amp#27;[35m[W3C (54921dad)]&amp#27;[39m Calling AppiumDriver.findElements() with args: ["id","com.androidsample.generalstore:id/productPrice","54921dad-7d21-46d2-9c82-c5610fc297e0"]
[debug] &amp#27;[35m[BaseDriver]&amp#27;[39m Valid locator strategies for this request: xpath, id, class name, accessibility id, css selector, -android uiautomator
[debug] &amp#27;[35m[BaseDriver]&amp#27;[39m Waiting up to 10000 ms for condition
[debug] &amp#27;[35m[WD Proxy]&amp#27;[39m Matched '/elements' to command name 'findElements'
[debug] &amp#27;[35m[WD Proxy]&amp#27;[39m Proxying [POST /elements] to [POST http://127.0.0.1:8204/wd/hub/session/34ad08c4-8acc-4d6c-bb30-52d22a7c6edc/elements] with body: {"strategy":"id","selector":"com.androidsample.generalstore:id/productPrice","context":"","multiple":true}
[debug] &amp#27;[35m[WD Proxy]&amp#27;[39m Got response with status 200: {"sessionId":"34ad08c4-8acc-4d6c-bb30-52d22a7c6edc","value":[{"ELEMENT":"00000000-0000-02b9-ffff-ffff00000087","element-6066-11e4-a52e-4f735466cecf":"00000000-0000-02b9-ffff-ffff00000087"},{"ELEMENT":"00000000-0000-02b9-ffff-ffff0000008f","element-6066-11e4-a52e-4f735466cecf":"00000000-0000-02b9-ffff-ffff0000008f"}]}
[debug] &amp#27;[35m[W3C (54921dad)]&amp#27;[39m Responding to client with driver.findElements() result: [{"element-6066-11e4-a52e-4f735466cecf":"00000000-0000-02b9-ffff-ffff00000087","ELEMENT":"00000000-0000-02b9-ffff-ffff00000087"},{"element-6066-11e4-a52e-4f735466cecf":"00000000-0000-02b9-ffff-ffff0000008f","ELEMENT":"00000000-0000-02b9-ffff-ffff0000008f"}]
&amp#27;[35m[HTTP]&amp#27;[39m &amp#27;[37m<-- POST /wd/hub/session/54921dad-7d21-46d2-9c82-c5610fc297e0/elements &amp#27;[39m&amp#27;[32m200&amp#27;[39m &amp#27;[90m18 ms - 267&amp#27;[39m
&amp#27;[35m[HTTP]&amp#27;[39m &amp#27;[90m&amp#27;[39m
&amp#27;[35m[HTTP]&amp#27;[39m &amp#27;[37m-->&amp#27;[39m &amp#27;[37mGET&amp#27;[39m &amp#27;[37m/wd/hub/session/54921dad-7d21-46d2-9c82-c5610fc297e0/element/00000000-0000-02b9-ffff-ffff00000087/text&amp#27;[39m
&amp#27;[35m[HTTP]&amp#27;[39m &amp#27;[90m{}&amp#27;[39m
&amp#27;[35m[W3C (54921dad)]&amp#27;[39m Driver proxy active, passing request on via HTTP proxy
[debug] &amp#27;[35m[WD Proxy]&amp#27;[39m Matched '/wd/hub/session/54921dad-7d21-46d2-9c82-c5610fc297e0/element/00000000-0000-02b9-ffff-ffff00000087/text' to command name 'getText'
[debug] &amp#27;[35m[WD Proxy]&amp#27;[39m Proxying [GET /wd/hub/session/54921dad-7d21-46d2-9c82-c5610fc297e0/element/00000000-0000-02b9-ffff-ffff00000087/text] to [GET http://127.0.0.1:8204/wd/hub/session/34ad08c4-8acc-4d6c-bb30-52d22a7c6edc/element/00000000-0000-02b9-ffff-ffff00000087/text] with no body
[debug] &amp#27;[35m[WD Proxy]&amp#27;[39m Got response with status 200: {"sessionId":"34ad08c4-8acc-4d6c-bb30-52d22a7c6edc","value":"$160.97"}
&amp#27;[35m[WD Proxy]&amp#27;[39m Replacing sessionId 34ad08c4-8acc-4d6c-bb30-52d22a7c6edc with 54921dad-7d21-46d2-9c82-c5610fc297e0
First Product Price value is: 160.97
&amp#27;[35m[HTTP]&amp#27;[39m &amp#27;[37m<-- GET /wd/hub/session/54921dad-7d21-46d2-9c82-c5610fc297e0/element/00000000-0000-02b9-ffff-ffff00000087/text &amp#27;[39m&amp#27;[32m200&amp#27;[39m &amp#27;[90m9 ms - 70&amp#27;[39m
&amp#27;[35m[HTTP]&amp#27;[39m &amp#27;[90m&amp#27;[39m
&amp#27;[35m[HTTP]&amp#27;[39m &amp#27;[37m-->&amp#27;[39m &amp#27;[37mPOST&amp#27;[39m &amp#27;[37m/wd/hub/session/54921dad-7d21-46d2-9c82-c5610fc297e0/elements&amp#27;[39m
&amp#27;[35m[HTTP]&amp#27;[39m &amp#27;[90m{"using":"id","value":"com.androidsample.generalstore:id/productPrice"}&amp#27;[39m
[debug] &amp#27;[35m[W3C (54921dad)]&amp#27;[39m Calling AppiumDriver.findElements() with args: ["id","com.androidsample.generalstore:id/productPrice","54921dad-7d21-46d2-9c82-c5610fc297e0"]
[debug] &amp#27;[35m[BaseDriver]&amp#27;[39m Valid locator strategies for this request: xpath, id, class name, accessibility id, css selector, -android uiautomator
[debug] &amp#27;[35m[BaseDriver]&amp#27;[39m Waiting up to 10000 ms for condition
[debug] &amp#27;[35m[WD Proxy]&amp#27;[39m Matched '/elements' to command name 'findElements'
[debug] &amp#27;[35m[WD Proxy]&amp#27;[39m Proxying [POST /elements] to [POST http://127.0.0.1:8204/wd/hub/session/34ad08c4-8acc-4d6c-bb30-52d22a7c6edc/elements] with body: {"strategy":"id","selector":"com.androidsample.generalstore:id/productPrice","context":"","multiple":true}
[debug] &amp#27;[35m[WD Proxy]&amp#27;[39m Got response with status 200: {"sessionId":"34ad08c4-8acc-4d6c-bb30-52d22a7c6edc","value":[{"ELEMENT":"00000000-0000-02b9-ffff-ffff00000087","element-6066-11e4-a52e-4f735466cecf":"00000000-0000-02b9-ffff-ffff00000087"},{"ELEMENT":"00000000-0000-02b9-ffff-ffff0000008f","element-6066-11e4-a52e-4f735466cecf":"00000000-0000-02b9-ffff-ffff0000008f"}]}
[debug] &amp#27;[35m[W3C (54921dad)]&amp#27;[39m Responding to client with driver.findElements() result: [{"element-6066-11e4-a52e-4f735466cecf":"00000000-0000-02b9-ffff-ffff00000087","ELEMENT":"00000000-0000-02b9-ffff-ffff00000087"},{"element-6066-11e4-a52e-4f735466cecf":"00000000-0000-02b9-ffff-ffff0000008f","ELEMENT":"00000000-0000-02b9-ffff-ffff0000008f"}]
&amp#27;[35m[HTTP]&amp#27;[39m &amp#27;[37m<-- POST /wd/hub/session/54921dad-7d21-46d2-9c82-c5610fc297e0/elements &amp#27;[39m&amp#27;[32m200&amp#27;[39m &amp#27;[90m17 ms - 267&amp#27;[39m
&amp#27;[35m[HTTP]&amp#27;[39m &amp#27;[90m&amp#27;[39m
&amp#27;[35m[HTTP]&amp#27;[39m &amp#27;[37m-->&amp#27;[39m &amp#27;[37mGET&amp#27;[39m &amp#27;[37m/wd/hub/session/54921dad-7d21-46d2-9c82-c5610fc297e0/element/00000000-0000-02b9-ffff-ffff0000008f/text&amp#27;[39m
&amp#27;[35m[HTTP]&amp#27;[39m &amp#27;[90m{}&amp#27;[39m
&amp#27;[35m[W3C (54921dad)]&amp#27;[39m Driver proxy active, passing request on via HTTP proxy
[debug] &amp#27;[35m[WD Proxy]&amp#27;[39m Matched '/wd/hub/session/54921dad-7d21-46d2-9c82-c5610fc297e0/element/00000000-0000-02b9-ffff-ffff0000008f/text' to command name 'getText'
[debug] &amp#27;[35m[WD Proxy]&amp#27;[39m Proxying [GET /wd/hub/session/54921dad-7d21-46d2-9c82-c5610fc297e0/element/00000000-0000-02b9-ffff-ffff0000008f/text] to [GET http://127.0.0.1:8204/wd/hub/session/34ad08c4-8acc-4d6c-bb30-52d22a7c6edc/element/00000000-0000-02b9-ffff-ffff0000008f/text] with no body
[debug] &amp#27;[35m[WD Proxy]&amp#27;[39m Got response with status 200: {"sessionId":"34ad08c4-8acc-4d6c-bb30-52d22a7c6edc","value":"$120.0"}
&amp#27;[35m[WD Proxy]&amp#27;[39m Replacing sessionId 34ad08c4-8acc-4d6c-bb30-52d22a7c6edc with 54921dad-7d21-46d2-9c82-c5610fc297e0
&amp#27;[35m[HTTP]&amp#27;[39m &amp#27;[37m<-- GET /wd/hub/session/54921dad-7d21-46d2-9c82-c5610fc297e0/element/00000000-0000-02b9-ffff-ffff0000008f/text &amp#27;[39m&amp#27;[32m200&amp#27;[39m &amp#27;[90m9 ms - 69&amp#27;[39m
&amp#27;[35m[HTTP]&amp#27;[39m &amp#27;[90m&amp#27;[39m
Second Product Price value is: 120.0
&amp#27;[35m[HTTP]&amp#27;[39m &amp#27;[37m-->&amp#27;[39m &amp#27;[37mPOST&amp#27;[39m &amp#27;[37m/wd/hub/session/54921dad-7d21-46d2-9c82-c5610fc297e0/element&amp#27;[39m
&amp#27;[35m[HTTP]&amp#27;[39m &amp#27;[90m{"using":"id","value":"com.androidsample.generalstore:id/totalAmountLbl"}&amp#27;[39m
[debug] &amp#27;[35m[W3C (54921dad)]&amp#27;[39m Calling AppiumDriver.findElement() with args: ["id","com.androidsample.generalstore:id/totalAmountLbl","54921dad-7d21-46d2-9c82-c5610fc297e0"]
[debug] &amp#27;[35m[BaseDriver]&amp#27;[39m Valid locator strategies for this request: xpath, id, class name, accessibility id, css selector, -android uiautomator
[debug] &amp#27;[35m[BaseDriver]&amp#27;[39m Waiting up to 10000 ms for condition
[debug] &amp#27;[35m[WD Proxy]&amp#27;[39m Matched '/element' to command name 'findElement'
[debug] &amp#27;[35m[WD Proxy]&amp#27;[39m Proxying [POST /element] to [POST http://127.0.0.1:8204/wd/hub/session/34ad08c4-8acc-4d6c-bb30-52d22a7c6edc/element] with body: {"strategy":"id","selector":"com.androidsample.generalstore:id/totalAmountLbl","context":"","multiple":false}
[debug] &amp#27;[35m[WD Proxy]&amp#27;[39m Got response with status 200: {"sessionId":"34ad08c4-8acc-4d6c-bb30-52d22a7c6edc","value":{"ELEMENT":"00000000-0000-02b9-ffff-ffff0000007b","element-6066-11e4-a52e-4f735466cecf":"00000000-0000-02b9-ffff-ffff0000007b"}}
[debug] &amp#27;[35m[W3C (54921dad)]&amp#27;[39m Responding to client with driver.findElement() result: {"element-6066-11e4-a52e-4f735466cecf":"00000000-0000-02b9-ffff-ffff0000007b","ELEMENT":"00000000-0000-02b9-ffff-ffff0000007b"}
&amp#27;[35m[HTTP]&amp#27;[39m &amp#27;[37m<-- POST /wd/hub/session/54921dad-7d21-46d2-9c82-c5610fc297e0/element &amp#27;[39m&amp#27;[32m200&amp#27;[39m &amp#27;[90m14 ms - 137&amp#27;[39m
&amp#27;[35m[HTTP]&amp#27;[39m &amp#27;[90m&amp#27;[39m
&amp#27;[35m[HTTP]&amp#27;[39m &amp#27;[37m-->&amp#27;[39m &amp#27;[37mGET&amp#27;[39m &amp#27;[37m/wd/hub/session/54921dad-7d21-46d2-9c82-c5610fc297e0/element/00000000-0000-02b9-ffff-ffff0000007b/text&amp#27;[39m
&amp#27;[35m[HTTP]&amp#27;[39m &amp#27;[90m{}&amp#27;[39m
&amp#27;[35m[W3C (54921dad)]&amp#27;[39m Driver proxy active, passing request on via HTTP proxy
[debug] &amp#27;[35m[WD Proxy]&amp#27;[39m Matched '/wd/hub/session/54921dad-7d21-46d2-9c82-c5610fc297e0/element/00000000-0000-02b9-ffff-ffff0000007b/text' to command name 'getText'
[debug] &amp#27;[35m[WD Proxy]&amp#27;[39m Proxying [GET /wd/hub/session/54921dad-7d21-46d2-9c82-c5610fc297e0/element/00000000-0000-02b9-ffff-ffff0000007b/text] to [GET http://127.0.0.1:8204/wd/hub/session/34ad08c4-8acc-4d6c-bb30-52d22a7c6edc/element/00000000-0000-02b9-ffff-ffff0000007b/text] with no body
[debug] &amp#27;[35m[WD Proxy]&amp#27;[39m Got response with status 200: {"sessionId":"34ad08c4-8acc-4d6c-bb30-52d22a7c6edc","value":"$ 280.97"}
&amp#27;[35m[WD Proxy]&amp#27;[39m Replacing sessionId 34ad08c4-8acc-4d6c-bb30-52d22a7c6edc with 54921dad-7d21-46d2-9c82-c5610fc297e0
&amp#27;[35m[HTTP]&amp#27;[39m &amp#27;[37m<-- GET /wd/hub/session/54921dad-7d21-46d2-9c82-c5610fc297e0/element/00000000-0000-02b9-ffff-ffff0000007b/text &amp#27;[39m&amp#27;[32m200&amp#27;[39m &amp#27;[90m7 ms - 71&amp#27;[39m
&amp#27;[35m[HTTP]&amp#27;[39m &amp#27;[90m&amp#27;[39m
Total Purchase amount is: 280.97
Sum of two products is 280.97
Total Validation is successfull
]]></system-out>
    <system-err><![CDATA[Jan 15, 2022 5:59:50 PM io.appium.java_client.remote.AppiumCommandExecutor$1 lambda$0
INFO: Detected dialect: W3C
]]></system-err>
  </testcase>
  <testcase name="ScrollSelect" classname="appium.framework.ScrollAndSelect" time="39.202">
    <system-out><![CDATA[&amp#27;[35m[Appium]&amp#27;[39m Welcome to Appium v1.22.1
&amp#27;[35m[Appium]&amp#27;[39m Appium REST http interface listener started on 0.0.0.0:4723
&amp#27;[35m[HTTP]&amp#27;[39m &amp#27;[37m-->&amp#27;[39m &amp#27;[37mGET&amp#27;[39m &amp#27;[37m/wd/hub/status&amp#27;[39m
&amp#27;[35m[HTTP]&amp#27;[39m &amp#27;[90m{}&amp#27;[39m
[debug] &amp#27;[35m[GENERIC]&amp#27;[39m Calling AppiumDriver.getStatus() with args: []
[debug] &amp#27;[35m[GENERIC]&amp#27;[39m Responding to client with driver.getStatus() result: {"build":{"version":"1.22.1"}}
&amp#27;[35m[HTTP]&amp#27;[39m &amp#27;[37m<-- GET /wd/hub/status &amp#27;[39m&amp#27;[32m200&amp#27;[39m &amp#27;[90m3 ms - 68&amp#27;[39m
&amp#27;[35m[HTTP]&amp#27;[39m &amp#27;[90m&amp#27;[39m
[debug] &amp#27;[35m[HTTP]&amp#27;[39m Request idempotency key: 15bfdf68-3a0b-4892-bfa9-471fee1f9904
&amp#27;[35m[HTTP]&amp#27;[39m &amp#27;[37m-->&amp#27;[39m &amp#27;[37mPOST&amp#27;[39m &amp#27;[37m/wd/hub/session&amp#27;[39m
&amp#27;[35m[HTTP]&amp#27;[39m &amp#27;[90m{"desiredCapabilities":{"app":"C:\\Users\\joelv\\eclipse-workspace2\\framework\\src\\General-Store.apk","automationName":"uiautomator2","appium:chromeOptions":{"w3c":false},"platformName":"Android","deviceName":"emulator1","avd":"emulator1"},"capabilities":{"firstMatch":[{"appium:app":"C:\\Users\\joelv\\eclipse-workspace2\\framework\\src\\General-Store.apk","appium:chromeOptions":{"w3c":false},"appium:automationName":"uiautomator2","appium:avd":"emulator1","appium:deviceName":"emulator1","platformName":"android"}]}}&amp#27;[39m
[debug] &amp#27;[35m[W3C]&amp#27;[39m Calling AppiumDriver.createSession() with args: [{"app":"C:\\Users\\joelv\\eclipse-workspace2\\framework\\src\\General-Store.apk","automationName":"uiautomator2","appium:chromeOptions":{"w3c":false},"platformName":"Android","deviceName":"emulator1","avd":"emulator1"},null,{"firstMatch":[{"appium:app":"C:\\Users\\joelv\\eclipse-workspace2\\framework\\src\\General-Store.apk","appium:chromeOptions":{"w3c":false},"appium:automationName":"uiautomator2","appium:avd":"emulator1","appium:deviceName":"emulator1","platformName":"android"}]}]
[debug] &amp#27;[35m[BaseDriver]&amp#27;[39m Event 'newSessionRequested' logged at 1642249820621 (18:00:20 GMT+0530 (India Standard Time))
&amp#27;[35m[Appium]&amp#27;[39m Appium v1.22.1 creating new AndroidUiautomator2Driver (v1.70.1) session
[debug] &amp#27;[35m[BaseDriver]&amp#27;[39m W3C capabilities and MJSONWP desired capabilities were provided
[debug] &amp#27;[35m[BaseDriver]&amp#27;[39m Creating session with W3C capabilities: {
[debug] &amp#27;[35m[BaseDriver]&amp#27;[39m   "alwaysMatch": {
[debug] &amp#27;[35m[BaseDriver]&amp#27;[39m     "platformName": "android",
[debug] &amp#27;[35m[BaseDriver]&amp#27;[39m     "appium:app": "C:\\Users\\joelv\\eclipse-workspace2\\framework\\src\\General-Store.apk",
[debug] &amp#27;[35m[BaseDriver]&amp#27;[39m     "appium:chromeOptions": {
[debug] &amp#27;[35m[BaseDriver]&amp#27;[39m       "w3c": false
[debug] &amp#27;[35m[BaseDriver]&amp#27;[39m     },
[debug] &amp#27;[35m[BaseDriver]&amp#27;[39m     "appium:automationName": "uiautomator2",
[debug] &amp#27;[35m[BaseDriver]&amp#27;[39m     "appium:avd": "emulator1",
[debug] &amp#27;[35m[BaseDriver]&amp#27;[39m     "appium:deviceName": "emulator1"
[debug] &amp#27;[35m[BaseDriver]&amp#27;[39m   },
[debug] &amp#27;[35m[BaseDriver]&amp#27;[39m   "firstMatch": [
[debug] &amp#27;[35m[BaseDriver]&amp#27;[39m     {}
[debug] &amp#27;[35m[BaseDriver]&amp#27;[39m   ]
[debug] &amp#27;[35m[BaseDriver]&amp#27;[39m }
&amp#27;[35m[BaseDriver]&amp#27;[39m Session created with session id: a9e0d40a-f90c-4f14-a794-bf3a6abbc39e
&amp#27;[35m[BaseDriver]&amp#27;[39m Using local app 'C:\Users\joelv\eclipse-workspace2\framework\src\General-Store.apk'
[debug] &amp#27;[35m[UiAutomator2]&amp#27;[39m Checking whether app is actually present
&amp#27;[35m[ADB]&amp#27;[39m Found 1 'build-tools' folders under 'C:\Users\joelv\AppData\Local\Android\Sdk' (newest first):
&amp#27;[35m[ADB]&amp#27;[39m     C:/Users/joelv/AppData/Local/Android/Sdk/build-tools/32.0.0
&amp#27;[35m[ADB]&amp#27;[39m Using 'adb.exe' from 'C:\Users\joelv\AppData\Local\Android\Sdk\platform-tools\adb.exe'
[debug] &amp#27;[35m[ADB]&amp#27;[39m Running 'C:\Users\joelv\AppData\Local\Android\Sdk\platform-tools\adb.exe -P 5037 start-server'
[debug] &amp#27;[35m[ADB]&amp#27;[39m Trying to find 'emulator1' emulator
[debug] &amp#27;[35m[ADB]&amp#27;[39m Getting connected emulators
[debug] &amp#27;[35m[ADB]&amp#27;[39m Getting connected devices
[debug] &amp#27;[35m[ADB]&amp#27;[39m Connected devices: [{"udid":"emulator-5554","state":"device"}]
[debug] &amp#27;[35m[ADB]&amp#27;[39m 1 emulator connected
[debug] &amp#27;[35m[ADB]&amp#27;[39m Overriding C:\Users\joelv\.emulator_console_auth_token with an empty string to avoid telnet authentication for emulator commands
[debug] &amp#27;[35m[ADB]&amp#27;[39m Executing Emulator console command: avd name
[debug] &amp#27;[35m[ADB]&amp#27;[39m Found emulator 'emulator1' on port 5554
[debug] &amp#27;[35m[ADB]&amp#27;[39m Setting device id to emulator-5554
[debug] &amp#27;[35m[AndroidDriver]&amp#27;[39m Not launching AVD because it is already running.
&amp#27;[35m[AndroidDriver]&amp#27;[39m Using device: emulator-5554
&amp#27;[35m[ADB]&amp#27;[39m Using 'adb.exe' from 'C:\Users\joelv\AppData\Local\Android\Sdk\platform-tools\adb.exe'
[debug] &amp#27;[35m[ADB]&amp#27;[39m Running 'C:\Users\joelv\AppData\Local\Android\Sdk\platform-tools\adb.exe -P 5037 start-server'
[debug] &amp#27;[35m[ADB]&amp#27;[39m Setting device id to emulator-5554
[debug] &amp#27;[35m[ADB]&amp#27;[39m Running 'C:\Users\joelv\AppData\Local\Android\Sdk\platform-tools\adb.exe -P 5037 -s emulator-5554 shell getprop ro.build.version.sdk'
[debug] &amp#27;[35m[ADB]&amp#27;[39m Current device property 'ro.build.version.sdk': 30
&amp#27;[35m[ADB]&amp#27;[39m Getting device platform version
[debug] &amp#27;[35m[ADB]&amp#27;[39m Running 'C:\Users\joelv\AppData\Local\Android\Sdk\platform-tools\adb.exe -P 5037 -s emulator-5554 shell getprop ro.build.version.release'
[debug] &amp#27;[35m[ADB]&amp#27;[39m Current device property 'ro.build.version.release': 11
[debug] &amp#27;[35m[ADB]&amp#27;[39m Device API level: 30
&amp#27;[35m[UiAutomator2]&amp#27;[39m Relaxing hidden api policy
[debug] &amp#27;[35m[ADB]&amp#27;[39m Running 'C:\Users\joelv\AppData\Local\Android\Sdk\platform-tools\adb.exe -P 5037 -s emulator-5554 shell 'settings put global hidden_api_policy_pre_p_apps 1;settings put global hidden_api_policy_p_apps 1;settings put global hidden_api_policy 1''
[debug] &amp#27;[35m[AndroidDriver]&amp#27;[39m Parsing package and activity from app manifest
&amp#27;[35m[ADB]&amp#27;[39m Package name: 'com.androidsample.generalstore'
&amp#27;[35m[ADB]&amp#27;[39m Main activity name: 'com.androidsample.generalstore.SplashActivity'
[debug] &amp#27;[35m[AndroidDriver]&amp#27;[39m Parsed package and activity are: com.androidsample.generalstore/com.androidsample.generalstore.SplashActivity
[debug] &amp#27;[35m[ADB]&amp#27;[39m Running 'C:\Users\joelv\AppData\Local\Android\Sdk\platform-tools\adb.exe -P 5037 -s emulator-5554 wait-for-device'
[debug] &amp#27;[35m[ADB]&amp#27;[39m Running 'C:\Users\joelv\AppData\Local\Android\Sdk\platform-tools\adb.exe -P 5037 -s emulator-5554 shell echo ping'
[debug] &amp#27;[35m[AndroidDriver]&amp#27;[39m Pushing settings apk to device...
[debug] &amp#27;[35m[ADB]&amp#27;[39m Getting install status for io.appium.settings
[debug] &amp#27;[35m[ADB]&amp#27;[39m Running 'C:\Users\joelv\AppData\Local\Android\Sdk\platform-tools\adb.exe -P 5037 -s emulator-5554 shell dumpsys package io.appium.settings'
[debug] &amp#27;[35m[ADB]&amp#27;[39m 'io.appium.settings' is installed
[debug] &amp#27;[35m[ADB]&amp#27;[39m Getting package info for 'io.appium.settings'
[debug] &amp#27;[35m[ADB]&amp#27;[39m Running 'C:\Users\joelv\AppData\Local\Android\Sdk\platform-tools\adb.exe -P 5037 -s emulator-5554 shell dumpsys package io.appium.settings'
[debug] &amp#27;[35m[ADB]&amp#27;[39m The version name of the installed 'io.appium.settings' is greater or equal to the application version name ('3.4.0' >= '3.4.0')
[debug] &amp#27;[35m[ADB]&amp#27;[39m There is no need to install/upgrade 'C:\Users\joelv\AppData\Roaming\npm\node_modules\appium\node_modules\io.appium.settings\apks\settings_apk-debug.apk'
[debug] &amp#27;[35m[ADB]&amp#27;[39m Getting IDs of all 'io.appium.settings' processes
[debug] &amp#27;[35m[ADB]&amp#27;[39m Running 'C:\Users\joelv\AppData\Local\Android\Sdk\platform-tools\adb.exe -P 5037 -s emulator-5554 shell 'pgrep --help; echo $?''
[debug] &amp#27;[35m[ADB]&amp#27;[39m Running 'C:\Users\joelv\AppData\Local\Android\Sdk\platform-tools\adb.exe -P 5037 -s emulator-5554 shell pgrep -f \(\[\[:blank:\]\]\|\^\)io\.appium\.settings\(\[\[:blank:\]\]\|\$\)'
[debug] &amp#27;[35m[AndroidDriver]&amp#27;[39m io.appium.settings is already running. There is no need to reset its permissions.
[debug] &amp#27;[35m[Logcat]&amp#27;[39m Starting logs capture with command: C:\\Users\\joelv\\AppData\\Local\\Android\\Sdk\\platform-tools\\adb.exe -P 5037 -s emulator-5554 logcat -v threadtime
[debug] &amp#27;[35m[UiAutomator2]&amp#27;[39m Forwarding UiAutomator2 Server port 6790 to local port 8205
[debug] &amp#27;[35m[ADB]&amp#27;[39m Forwarding system: 8205 to device: 6790
[debug] &amp#27;[35m[ADB]&amp#27;[39m Running 'C:\Users\joelv\AppData\Local\Android\Sdk\platform-tools\adb.exe -P 5037 -s emulator-5554 forward tcp:8205 tcp:6790'
[debug] &amp#27;[35m[ADB]&amp#27;[39m Getting install status for io.appium.uiautomator2.server
[debug] &amp#27;[35m[ADB]&amp#27;[39m Running 'C:\Users\joelv\AppData\Local\Android\Sdk\platform-tools\adb.exe -P 5037 -s emulator-5554 shell dumpsys package io.appium.uiautomator2.server'
[debug] &amp#27;[35m[ADB]&amp#27;[39m 'io.appium.uiautomator2.server' is installed
[debug] &amp#27;[35m[ADB]&amp#27;[39m Getting package info for 'io.appium.uiautomator2.server'
[debug] &amp#27;[35m[ADB]&amp#27;[39m Running 'C:\Users\joelv\AppData\Local\Android\Sdk\platform-tools\adb.exe -P 5037 -s emulator-5554 shell dumpsys package io.appium.uiautomator2.server'
[debug] &amp#27;[35m[ADB]&amp#27;[39m The version name of the installed 'io.appium.uiautomator2.server' is greater or equal to the application version name ('4.27.0' >= '4.27.0')
[debug] &amp#27;[35m[UiAutomator2]&amp#27;[39m io.appium.uiautomator2.server installation state: sameVersionInstalled
[debug] &amp#27;[35m[ADB]&amp#27;[39m Checking app cert for C:\Users\joelv\AppData\Roaming\npm\node_modules\appium\node_modules\appium-uiautomator2-server\apks\appium-uiautomator2-server-v4.27.0.apk
&amp#27;[35m[ADB]&amp#27;[39m Using 'apksigner.jar' from 'C:\Users\joelv\AppData\Local\Android\Sdk\build-tools\32.0.0\lib\apksigner.jar'
[debug] &amp#27;[35m[ADB]&amp#27;[39m Starting apksigner: 'C:\\Program Files\\Java\\jdk1.8.0_311\\bin\\java.exe' -Xmx1024M -Xss1m -jar C:\\Users\\joelv\\AppData\\Local\\Android\\Sdk\\build-tools\\32.0.0\\lib\\apksigner.jar verify --print-certs C:\\Users\\joelv\\AppData\\Roaming\\npm\\node_modules\\appium\\node_modules\\appium-uiautomator2-server\\apks\\appium-uiautomator2-server-v4.27.0.apk
[debug] &amp#27;[35m[ADB]&amp#27;[39m apksigner stdout: Signer #1 certificate DN: EMAILADDRESS=android@android.com, CN=Android, OU=Android, O=Android, L=Mountain View, ST=California, C=US
[debug] &amp#27;[35m[ADB]&amp#27;[39m Signer #1 certificate SHA-256 digest: a40da80a59d170caa950cf15c18c454d47a39b26989d8b640ecd745ba71bf5dc
[debug] &amp#27;[35m[ADB]&amp#27;[39m Signer #1 certificate SHA-1 digest: 61ed377e85d386a8dfee6b864bd85b0bfaa5af81
[debug] &amp#27;[35m[ADB]&amp#27;[39m Signer #1 certificate MD5 digest: e89b158e4bcf988ebd09eb83f5378e87
[debug] &amp#27;[35m[ADB]&amp#27;[39m 
[debug] &amp#27;[35m[ADB]&amp#27;[39m sha256 hash did match for 'appium-uiautomator2-server-v4.27.0.apk'
&amp#27;[35m[ADB]&amp#27;[39m 'C:\Users\joelv\AppData\Roaming\npm\node_modules\appium\node_modules\appium-uiautomator2-server\apks\appium-uiautomator2-server-v4.27.0.apk' is signed with the default certificate
[debug] &amp#27;[35m[ADB]&amp#27;[39m Getting install status for io.appium.uiautomator2.server.test
[debug] &amp#27;[35m[ADB]&amp#27;[39m Running 'C:\Users\joelv\AppData\Local\Android\Sdk\platform-tools\adb.exe -P 5037 -s emulator-5554 shell dumpsys package io.appium.uiautomator2.server.test'
[debug] &amp#27;[35m[ADB]&amp#27;[39m 'io.appium.uiautomator2.server.test' is installed
[debug] &amp#27;[35m[ADB]&amp#27;[39m Checking app cert for C:\Users\joelv\AppData\Roaming\npm\node_modules\appium\node_modules\appium-uiautomator2-server\apks\appium-uiautomator2-server-debug-androidTest.apk
[debug] &amp#27;[35m[ADB]&amp#27;[39m Starting apksigner: 'C:\\Program Files\\Java\\jdk1.8.0_311\\bin\\java.exe' -Xmx1024M -Xss1m -jar C:\\Users\\joelv\\AppData\\Local\\Android\\Sdk\\build-tools\\32.0.0\\lib\\apksigner.jar verify --print-certs C:\\Users\\joelv\\AppData\\Roaming\\npm\\node_modules\\appium\\node_modules\\appium-uiautomator2-server\\apks\\appium-uiautomator2-server-debug-androidTest.apk
[debug] &amp#27;[35m[ADB]&amp#27;[39m apksigner stdout: Signer #1 certificate DN: EMAILADDRESS=android@android.com, CN=Android, OU=Android, O=Android, L=Mountain View, ST=California, C=US
[debug] &amp#27;[35m[ADB]&amp#27;[39m Signer #1 certificate SHA-256 digest: a40da80a59d170caa950cf15c18c454d47a39b26989d8b640ecd745ba71bf5dc
[debug] &amp#27;[35m[ADB]&amp#27;[39m Signer #1 certificate SHA-1 digest: 61ed377e85d386a8dfee6b864bd85b0bfaa5af81
[debug] &amp#27;[35m[ADB]&amp#27;[39m Signer #1 certificate MD5 digest: e89b158e4bcf988ebd09eb83f5378e87
[debug] &amp#27;[35m[ADB]&amp#27;[39m 
[debug] &amp#27;[35m[ADB]&amp#27;[39m sha256 hash did match for 'appium-uiautomator2-server-debug-androidTest.apk'
&amp#27;[35m[ADB]&amp#27;[39m 'C:\Users\joelv\AppData\Roaming\npm\node_modules\appium\node_modules\appium-uiautomator2-server\apks\appium-uiautomator2-server-debug-androidTest.apk' is signed with the default certificate
&amp#27;[35m[UiAutomator2]&amp#27;[39m Server packages are not going to be (re)installed
[debug] &amp#27;[35m[UiAutomator2]&amp#27;[39m Waiting up to 30000ms for services to be available
[debug] &amp#27;[35m[ADB]&amp#27;[39m Running 'C:\Users\joelv\AppData\Local\Android\Sdk\platform-tools\adb.exe -P 5037 -s emulator-5554 shell pm list instrumentation'
[debug] &amp#27;[35m[UiAutomator2]&amp#27;[39m Instrumentation target 'io.appium.uiautomator2.server.test/androidx.test.runner.AndroidJUnitRunner' is available
&amp#27;[35m[ADB]&amp#27;[39m Adding packages ["io.appium.settings","io.appium.uiautomator2.server","io.appium.uiautomator2.server.test"] to Doze whitelist
[debug] &amp#27;[35m[ADB]&amp#27;[39m Got the following command chunks to execute: [["dumpsys","deviceidle","whitelist","+io.appium.settings",";","dumpsys","deviceidle","whitelist","+io.appium.uiautomator2.server",";","dumpsys","deviceidle","whitelist","+io.appium.uiautomator2.server.test",";"]]
[debug] &amp#27;[35m[ADB]&amp#27;[39m Running 'C:\Users\joelv\AppData\Local\Android\Sdk\platform-tools\adb.exe -P 5037 -s emulator-5554 shell dumpsys deviceidle whitelist +io.appium.settings ; dumpsys deviceidle whitelist +io.appium.uiautomator2.server ; dumpsys deviceidle whitelist +io.appium.uiautomator2.server.test ;'
[debug] &amp#27;[35m[ADB]&amp#27;[39m Checking app cert for C:\Users\joelv\eclipse-workspace2\framework\src\General-Store.apk
[debug] &amp#27;[35m[ADB]&amp#27;[39m Starting apksigner: 'C:\\Program Files\\Java\\jdk1.8.0_311\\bin\\java.exe' -Xmx1024M -Xss1m -jar C:\\Users\\joelv\\AppData\\Local\\Android\\Sdk\\build-tools\\32.0.0\\lib\\apksigner.jar verify --print-certs C:\\Users\\joelv\\eclipse-workspace2\\framework\\src\\General-Store.apk
[debug] &amp#27;[35m[ADB]&amp#27;[39m apksigner stdout: Signer #1 certificate DN: EMAILADDRESS=android@android.com, CN=Android, OU=Android, O=Android, L=Mountain View, ST=California, C=US
[debug] &amp#27;[35m[ADB]&amp#27;[39m Signer #1 certificate SHA-256 digest: a40da80a59d170caa950cf15c18c454d47a39b26989d8b640ecd745ba71bf5dc
[debug] &amp#27;[35m[ADB]&amp#27;[39m Signer #1 certificate SHA-1 digest: 61ed377e85d386a8dfee6b864bd85b0bfaa5af81
[debug] &amp#27;[35m[ADB]&amp#27;[39m Signer #1 certificate MD5 digest: e89b158e4bcf988ebd09eb83f5378e87
[debug] &amp#27;[35m[ADB]&amp#27;[39m 
[debug] &amp#27;[35m[ADB]&amp#27;[39m sha256 hash did match for 'General-Store.apk'
&amp#27;[35m[ADB]&amp#27;[39m 'C:\Users\joelv\eclipse-workspace2\framework\src\General-Store.apk' is signed with the default certificate
[debug] &amp#27;[35m[ADB]&amp#27;[39m Getting install status for com.androidsample.generalstore
[debug] &amp#27;[35m[ADB]&amp#27;[39m Running 'C:\Users\joelv\AppData\Local\Android\Sdk\platform-tools\adb.exe -P 5037 -s emulator-5554 shell dumpsys package com.androidsample.generalstore'
[debug] &amp#27;[35m[ADB]&amp#27;[39m 'com.androidsample.generalstore' is installed
[debug] &amp#27;[35m[ADB]&amp#27;[39m Getting package info for 'com.androidsample.generalstore'
[debug] &amp#27;[35m[ADB]&amp#27;[39m Running 'C:\Users\joelv\AppData\Local\Android\Sdk\platform-tools\adb.exe -P 5037 -s emulator-5554 shell dumpsys package com.androidsample.generalstore'
[debug] &amp#27;[35m[ADB]&amp#27;[39m The version name of the installed 'com.androidsample.generalstore' is greater or equal to the application version name ('1.0.0' >= '1.0.0')
[debug] &amp#27;[35m[ADB]&amp#27;[39m There is no need to install/upgrade 'C:\Users\joelv\eclipse-workspace2\framework\src\General-Store.apk'
&amp#27;[35m[AndroidDriver]&amp#27;[39m Performing fast reset on 'com.androidsample.generalstore'
[debug] &amp#27;[35m[ADB]&amp#27;[39m Getting install status for com.androidsample.generalstore
[debug] &amp#27;[35m[ADB]&amp#27;[39m Running 'C:\Users\joelv\AppData\Local\Android\Sdk\platform-tools\adb.exe -P 5037 -s emulator-5554 shell dumpsys package com.androidsample.generalstore'
[debug] &amp#27;[35m[ADB]&amp#27;[39m 'com.androidsample.generalstore' is installed
[debug] &amp#27;[35m[ADB]&amp#27;[39m Running 'C:\Users\joelv\AppData\Local\Android\Sdk\platform-tools\adb.exe -P 5037 -s emulator-5554 shell am force-stop com.androidsample.generalstore'
[debug] &amp#27;[35m[ADB]&amp#27;[39m Running 'C:\Users\joelv\AppData\Local\Android\Sdk\platform-tools\adb.exe -P 5037 -s emulator-5554 shell pm clear com.androidsample.generalstore'
[debug] &amp#27;[35m[AndroidDriver]&amp#27;[39m Performed fast reset on the installed 'com.androidsample.generalstore' application (stop and clear)
[debug] &amp#27;[35m[UiAutomator2]&amp#27;[39m Performing shallow cleanup of automation leftovers
[debug] &amp#27;[35m[UiAutomator2]&amp#27;[39m The following obsolete sessions are still running: ["34ad08c4-8acc-4d6c-bb30-52d22a7c6edc"]
[debug] &amp#27;[35m[UiAutomator2]&amp#27;[39m Cleaning up 1 obsolete session
[debug] &amp#27;[35m[ADB]&amp#27;[39m Running 'C:\Users\joelv\AppData\Local\Android\Sdk\platform-tools\adb.exe -P 5037 -s emulator-5554 shell am force-stop io.appium.uiautomator2.server.test'
&amp#27;[35m[UiAutomator2]&amp#27;[39m Starting UIAutomator2 server 4.27.0
&amp#27;[35m[UiAutomator2]&amp#27;[39m Using UIAutomator2 server from 'C:\Users\joelv\AppData\Roaming\npm\node_modules\appium\node_modules\appium-uiautomator2-server\apks\appium-uiautomator2-server-v4.27.0.apk' and test from 'C:\Users\joelv\AppData\Roaming\npm\node_modules\appium\node_modules\appium-uiautomator2-server\apks\appium-uiautomator2-server-debug-androidTest.apk'
&amp#27;[35m[UiAutomator2]&amp#27;[39m Waiting up to 30000ms for UiAutomator2 to be online...
[debug] &amp#27;[35m[ADB]&amp#27;[39m Creating ADB subprocess with args: ["-P",5037,"-s","emulator-5554","shell","am","instrument","-w","-e","disableAnalytics",true,"io.appium.uiautomator2.server.test/androidx.test.runner.AndroidJUnitRunner"]
[debug] &amp#27;[35m[WD Proxy]&amp#27;[39m Matched '/status' to command name 'getStatus'
[debug] &amp#27;[35m[WD Proxy]&amp#27;[39m Proxying [GET /status] to [GET http://127.0.0.1:8205/wd/hub/status] with no body
&amp#27;[35m[WD Proxy]&amp#27;[39m socket hang up
[debug] &amp#27;[35m[Instrumentation]&amp#27;[39m io.appium.uiautomator2.server.test.AppiumUiAutomator2Server:
[debug] &amp#27;[35m[WD Proxy]&amp#27;[39m Matched '/status' to command name 'getStatus'
[debug] &amp#27;[35m[WD Proxy]&amp#27;[39m Proxying [GET /status] to [GET http://127.0.0.1:8205/wd/hub/status] with no body
&amp#27;[35m[WD Proxy]&amp#27;[39m socket hang up
[debug] &amp#27;[35m[WD Proxy]&amp#27;[39m Matched '/status' to command name 'getStatus'
[debug] &amp#27;[35m[WD Proxy]&amp#27;[39m Proxying [GET /status] to [GET http://127.0.0.1:8205/wd/hub/status] with no body
[debug] &amp#27;[35m[WD Proxy]&amp#27;[39m Got response with status 200: {"sessionId":"None","value":{"message":"UiAutomator2 Server is ready to accept commands","ready":true}}
[debug] &amp#27;[35m[UiAutomator2]&amp#27;[39m The initialization of the instrumentation process took 2098ms
[debug] &amp#27;[35m[WD Proxy]&amp#27;[39m Matched '/session' to command name 'createSession'
[debug] &amp#27;[35m[WD Proxy]&amp#27;[39m Proxying [POST /session] to [POST http://127.0.0.1:8205/wd/hub/session] with body: {"capabilities":{"firstMatch":[{"platform":"LINUX","webStorageEnabled":false,"takesScreenshot":true,"javascriptEnabled":true,"databaseEnabled":false,"networkConnectionEnabled":true,"locationContextEnabled":false,"warnings":{},"desired":{"platformName":"android","app":"C:\\Users\\joelv\\eclipse-workspace2\\framework\\src\\General-Store.apk","chromeOptions":{"w3c":false},"automationName":"uiautomator2","avd":"emulator1","deviceName":"emulator1"},"platformName":"android","app":"C:\\Users\\joelv\\eclipse-workspace2\\framework\\src\\General-Store.apk","chromeOptions":{"w3c":false},"automationName":"uiautomator2","avd":"emulator1","deviceName":"emulator-5554","deviceUDID":"emulator-5554","appPackage":"com.androidsample.generalstore"}],"alwaysMatch":{}}}
[debug] &amp#27;[35m[WD Proxy]&amp#27;[39m Got response with status 200: {"sessionId":"c2364b19-a4b9-4c59-bbfd-59359cbc8353","value":{"capabilities":{"firstMatch":[{"platform":"LINUX","webStorageEnabled":false,"takesScreenshot":true,"javascriptEnabled":true,"databaseEnabled":false,"networkConnectionEnabled":true,"locationContextEnabled":false,"warnings":{},"desired":{"platformName":"android","app":"C:\\Users\\joelv\\eclipse-workspace2\\framework\\src\\General-Store.apk","chromeOptions":{"w3c":false},"automationName":"uiautomator2","avd":"emulator1","deviceName":"emulator1"},"platformName":"android","app":"C:\\Users\\joelv\\eclipse-workspace2\\framework\\src\\General-Store.apk","chromeOptions":{"w3c":false},"automationName":"uiautomator2","avd":"emulator1","deviceName":"emulator-5554","deviceUDID":"emulator-5554","appPackage":"com.androidsample.generalstore"}],"alwaysMatch":{}},"sessionId":"c2364b19-a4b9-4c59-bbfd-59359cbc8353"}}
&amp#27;[35m[WD Proxy]&amp#27;[39m Determined the downstream protocol as 'W3C'
[debug] &amp#27;[35m[WD Proxy]&amp#27;[39m Proxying [GET /appium/device/info] to [GET http://127.0.0.1:8205/wd/hub/session/c2364b19-a4b9-4c59-bbfd-59359cbc8353/appium/device/info] with no body
[debug] &amp#27;[35m[WD Proxy]&amp#27;[39m Got response with status 200: {"sessionId":"c2364b19-a4b9-4c59-bbfd-59359cbc8353","value":{"androidId":"36aa52b107025819","apiVersion":"30","bluetooth":{"state":"ON"},"brand":"Android","carrierName":"Android","displayDensity":560,"locale":"en_US","manufacturer":"unknown","model":"Android SDK built for x86","networks":[{"capabilities":{"SSID":null,"linkDownBandwidthKbps":30000,"linkUpstreamBandwidthKbps":15000,"networkCapabilities":"NET_CAPABILITY_MMS,NET_CAPABILITY_SUPL,NET_CAPABILITY_DUN,NET_CAPABILITY_FOTA,NET_CAPABILITY_IMS,NET_CAPABILITY_CBS,NET_CAPABILITY_INTERNET,NET_CAPABILITY_NOT_RESTRICTED,NET_CAPABILITY_TRUSTED,NET_CAPABILITY_NOT_VPN,NET_CAPABILITY_VALIDATED,NET_CAPABILITY_NOT_ROAMING,NET_CAPABILITY_NOT_CONGESTED,NET_CAPABILITY_NOT_SUSPENDED","signalStrength":-2147483648,"transportTypes":"TRANSPORT_CELLULAR"},"detailedState":"CONNECTED","extraInfo":"epc.tmobile.com","isAvailable":true,"isConnected":true,"isFailover":false,"isRoaming":false,"state":"CONNECTED","subtype":13,"subtypeName":"LTE","type":0,"typeName":"MOBILE"},{"ca...
[debug] &amp#27;[35m[ADB]&amp#27;[39m Running 'C:\Users\joelv\AppData\Local\Android\Sdk\platform-tools\adb.exe -P 5037 -s emulator-5554 shell dumpsys window'
&amp#27;[35m[AndroidDriver]&amp#27;[39m Screen already unlocked, doing nothing
&amp#27;[35m[UiAutomator2]&amp#27;[39m Starting 'com.androidsample.generalstore/com.androidsample.generalstore.SplashActivity and waiting for 'com.androidsample.generalstore/com.androidsample.generalstore.SplashActivity'
[debug] &amp#27;[35m[ADB]&amp#27;[39m Running 'C:\Users\joelv\AppData\Local\Android\Sdk\platform-tools\adb.exe -P 5037 -s emulator-5554 shell am start -W -n com.androidsample.generalstore/com.androidsample.generalstore.SplashActivity -S -a android.intent.action.MAIN -c android.intent.category.LAUNCHER -f 0x10200000'
[debug] &amp#27;[35m[ADB]&amp#27;[39m Waiting up to 20000ms for activity matching pkg: 'com.androidsample.generalstore' and activity: 'com.androidsample.generalstore.SplashActivity' to be focused
[debug] &amp#27;[35m[ADB]&amp#27;[39m Possible activities, to be checked: 'com.androidsample.generalstore.SplashActivity', 'com.androidsample.generalstore.com.androidsample.generalstore.SplashActivity'
[debug] &amp#27;[35m[ADB]&amp#27;[39m Getting focused package and activity
[debug] &amp#27;[35m[ADB]&amp#27;[39m Running 'C:\Users\joelv\AppData\Local\Android\Sdk\platform-tools\adb.exe -P 5037 -s emulator-5554 shell dumpsys window displays'
[debug] &amp#27;[35m[ADB]&amp#27;[39m Found package: 'com.androidsample.generalstore' and fully qualified activity name : 'com.androidsample.generalstore.SplashActivity'
[debug] &amp#27;[35m[WD Proxy]&amp#27;[39m Proxying [GET /appium/device/pixel_ratio] to [GET http://127.0.0.1:8205/wd/hub/session/c2364b19-a4b9-4c59-bbfd-59359cbc8353/appium/device/pixel_ratio] with no body
[debug] &amp#27;[35m[WD Proxy]&amp#27;[39m Got response with status 200: {"sessionId":"c2364b19-a4b9-4c59-bbfd-59359cbc8353","value":3.5}
[debug] &amp#27;[35m[WD Proxy]&amp#27;[39m Matched '/appium/device/system_bars' to command name 'getSystemBars'
[debug] &amp#27;[35m[WD Proxy]&amp#27;[39m Proxying [GET /appium/device/system_bars] to [GET http://127.0.0.1:8205/wd/hub/session/c2364b19-a4b9-4c59-bbfd-59359cbc8353/appium/device/system_bars] with no body
[debug] &amp#27;[35m[WD Proxy]&amp#27;[39m Got response with status 200: {"sessionId":"c2364b19-a4b9-4c59-bbfd-59359cbc8353","value":{"statusBar":84}}
[debug] &amp#27;[35m[WD Proxy]&amp#27;[39m Matched '/window/current/size' to command name 'getWindowSize'
[debug] &amp#27;[35m[WD Proxy]&amp#27;[39m Proxying [GET /window/current/size] to [GET http://127.0.0.1:8205/wd/hub/session/c2364b19-a4b9-4c59-bbfd-59359cbc8353/window/current/size] with no body
[debug] &amp#27;[35m[WD Proxy]&amp#27;[39m Got response with status 200: {"sessionId":"c2364b19-a4b9-4c59-bbfd-59359cbc8353","value":{"height":2712,"width":1440}}
&amp#27;[35m[Appium]&amp#27;[39m New AndroidUiautomator2Driver session created successfully, session a9e0d40a-f90c-4f14-a794-bf3a6abbc39e added to master session list
[debug] &amp#27;[35m[BaseDriver]&amp#27;[39m Event 'newSessionStarted' logged at 1642249827067 (18:00:27 GMT+0530 (India Standard Time))
[debug] &amp#27;[35m[W3C (a9e0d40a)]&amp#27;[39m Cached the protocol value 'W3C' for the new session a9e0d40a-f90c-4f14-a794-bf3a6abbc39e
[debug] &amp#27;[35m[W3C (a9e0d40a)]&amp#27;[39m Responding to client with driver.createSession() result: {"capabilities":{"platform":"LINUX","webStorageEnabled":false,"takesScreenshot":true,"javascriptEnabled":true,"databaseEnabled":false,"networkConnectionEnabled":true,"locationContextEnabled":false,"warnings":{},"desired":{"platformName":"android","app":"C:\\Users\\joelv\\eclipse-workspace2\\framework\\src\\General-Store.apk","chromeOptions":{"w3c":false},"automationName":"uiautomator2","avd":"emulator1","deviceName":"emulator1"},"platformName":"android","app":"C:\\Users\\joelv\\eclipse-workspace2\\framework\\src\\General-Store.apk","chromeOptions":{"w3c":false},"automationName":"uiautomator2","avd":"emulator1","deviceName":"emulator-5554","deviceUDID":"emulator-5554","appPackage":"com.androidsample.generalstore","deviceApiLevel":30,"platformVersion":"11","deviceScreenSize":"1440x2880","deviceScreenDensity":560,"deviceModel":"Android SDK built for x86","deviceManufacturer":"unknown","pixelRatio":3.5,"statBarHeight":84,"viewportRect":{"left":0,"top":84,"width":1440,"height":2628}}}
&amp#27;[35m[HTTP]&amp#27;[39m &amp#27;[37m<-- POST /wd/hub/session &amp#27;[39m&amp#27;[32m200&amp#27;[39m &amp#27;[90m6447 ms - 1055&amp#27;[39m
&amp#27;[35m[HTTP]&amp#27;[39m &amp#27;[90m&amp#27;[39m
&amp#27;[35m[HTTP]&amp#27;[39m &amp#27;[37m-->&amp#27;[39m &amp#27;[37mPOST&amp#27;[39m &amp#27;[37m/wd/hub/session/a9e0d40a-f90c-4f14-a794-bf3a6abbc39e/timeouts&amp#27;[39m
&amp#27;[35m[HTTP]&amp#27;[39m &amp#27;[90m{"implicit":10000}&amp#27;[39m
[debug] &amp#27;[35m[W3C (a9e0d40a)]&amp#27;[39m Calling AppiumDriver.timeouts() with args: [null,null,null,null,10000,"a9e0d40a-f90c-4f14-a794-bf3a6abbc39e"]
[debug] &amp#27;[35m[BaseDriver]&amp#27;[39m W3C timeout argument: {"implicit":10000}}
[debug] &amp#27;[35m[BaseDriver]&amp#27;[39m Set implicit wait to 10000ms
[debug] &amp#27;[35m[W3C (a9e0d40a)]&amp#27;[39m Responding to client with driver.timeouts() result: null
&amp#27;[35m[HTTP]&amp#27;[39m &amp#27;[37m<-- POST /wd/hub/session/a9e0d40a-f90c-4f14-a794-bf3a6abbc39e/timeouts &amp#27;[39m&amp#27;[32m200&amp#27;[39m &amp#27;[90m2 ms - 14&amp#27;[39m
&amp#27;[35m[HTTP]&amp#27;[39m &amp#27;[90m&amp#27;[39m
&amp#27;[35m[HTTP]&amp#27;[39m &amp#27;[37m-->&amp#27;[39m &amp#27;[37mPOST&amp#27;[39m &amp#27;[37m/wd/hub/session/a9e0d40a-f90c-4f14-a794-bf3a6abbc39e/element&amp#27;[39m
&amp#27;[35m[HTTP]&amp#27;[39m &amp#27;[90m{"using":"class name","value":"android.widget.EditText"}&amp#27;[39m
[debug] &amp#27;[35m[W3C (a9e0d40a)]&amp#27;[39m Calling AppiumDriver.findElement() with args: ["class name","android.widget.EditText","a9e0d40a-f90c-4f14-a794-bf3a6abbc39e"]
[debug] &amp#27;[35m[BaseDriver]&amp#27;[39m Valid locator strategies for this request: xpath, id, class name, accessibility id, css selector, -android uiautomator
[debug] &amp#27;[35m[BaseDriver]&amp#27;[39m Waiting up to 10000 ms for condition
[debug] &amp#27;[35m[WD Proxy]&amp#27;[39m Matched '/element' to command name 'findElement'
[debug] &amp#27;[35m[WD Proxy]&amp#27;[39m Proxying [POST /element] to [POST http://127.0.0.1:8205/wd/hub/session/c2364b19-a4b9-4c59-bbfd-59359cbc8353/element] with body: {"strategy":"class name","selector":"android.widget.EditText","context":"","multiple":false}
&amp#27;[35m[WD Proxy]&amp#27;[39m Got response with status 404: {"sessionId":"c2364b19-a4b9-4c59-bbfd-59359cbc8353","value":{"error":"no such element","message":"An element could not be located on the page using the given search parameters","stacktrace":"io.appium.uiautomator2.common.exceptions.ElementNotFoundException: An element could not be located on the page using the given search parameters\n\tat io.appium.uiautomator2.handler.FindElement.safeHandle(FindElement.java:70)\n\tat io.appium.uiautomator2.handler.request.SafeRequestHandler.handle(SafeRequestHandler.java:59)\n\tat io.appium.uiautomator2.server.AppiumServlet.handleRequest(AppiumServlet.java:266)\n\tat io.appium.uiautomator2.server.AppiumServlet.handleHttpRequest(AppiumServlet.java:260)\n\tat io.appium.uiautomator2.http.ServerHandler.channelRead(ServerHandler.java:68)\n\tat io.netty.channel.AbstractChannelHandlerContext.invokeChannelRead(AbstractChannelHandlerContext.java:366)\n\tat io.netty.channel.AbstractChannelHandlerContext.invokeChannelRead(AbstractChannelHandlerContext.java:352)\n\tat io.netty.chann...
[debug] &amp#27;[35m[W3C]&amp#27;[39m Matched W3C error code 'no such element' to NoSuchElementError
[debug] &amp#27;[35m[BaseDriver]&amp#27;[39m Waited for 303 ms so far
[debug] &amp#27;[35m[WD Proxy]&amp#27;[39m Matched '/element' to command name 'findElement'
[debug] &amp#27;[35m[WD Proxy]&amp#27;[39m Proxying [POST /element] to [POST http://127.0.0.1:8205/wd/hub/session/c2364b19-a4b9-4c59-bbfd-59359cbc8353/element] with body: {"strategy":"class name","selector":"android.widget.EditText","context":"","multiple":false}
&amp#27;[35m[WD Proxy]&amp#27;[39m Got response with status 404: {"sessionId":"c2364b19-a4b9-4c59-bbfd-59359cbc8353","value":{"error":"no such element","message":"An element could not be located on the page using the given search parameters","stacktrace":"io.appium.uiautomator2.common.exceptions.ElementNotFoundException: An element could not be located on the page using the given search parameters\n\tat io.appium.uiautomator2.handler.FindElement.safeHandle(FindElement.java:70)\n\tat io.appium.uiautomator2.handler.request.SafeRequestHandler.handle(SafeRequestHandler.java:59)\n\tat io.appium.uiautomator2.server.AppiumServlet.handleRequest(AppiumServlet.java:266)\n\tat io.appium.uiautomator2.server.AppiumServlet.handleHttpRequest(AppiumServlet.java:260)\n\tat io.appium.uiautomator2.http.ServerHandler.channelRead(ServerHandler.java:68)\n\tat io.netty.channel.AbstractChannelHandlerContext.invokeChannelRead(AbstractChannelHandlerContext.java:366)\n\tat io.netty.channel.AbstractChannelHandlerContext.invokeChannelRead(AbstractChannelHandlerContext.java:352)\n\tat io.netty.chann...
[debug] &amp#27;[35m[W3C]&amp#27;[39m Matched W3C error code 'no such element' to NoSuchElementError
[debug] &amp#27;[35m[BaseDriver]&amp#27;[39m Waited for 824 ms so far
[debug] &amp#27;[35m[WD Proxy]&amp#27;[39m Matched '/element' to command name 'findElement'
[debug] &amp#27;[35m[WD Proxy]&amp#27;[39m Proxying [POST /element] to [POST http://127.0.0.1:8205/wd/hub/session/c2364b19-a4b9-4c59-bbfd-59359cbc8353/element] with body: {"strategy":"class name","selector":"android.widget.EditText","context":"","multiple":false}
&amp#27;[35m[WD Proxy]&amp#27;[39m Got response with status 404: {"sessionId":"c2364b19-a4b9-4c59-bbfd-59359cbc8353","value":{"error":"no such element","message":"An element could not be located on the page using the given search parameters","stacktrace":"io.appium.uiautomator2.common.exceptions.ElementNotFoundException: An element could not be located on the page using the given search parameters\n\tat io.appium.uiautomator2.handler.FindElement.safeHandle(FindElement.java:70)\n\tat io.appium.uiautomator2.handler.request.SafeRequestHandler.handle(SafeRequestHandler.java:59)\n\tat io.appium.uiautomator2.server.AppiumServlet.handleRequest(AppiumServlet.java:266)\n\tat io.appium.uiautomator2.server.AppiumServlet.handleHttpRequest(AppiumServlet.java:260)\n\tat io.appium.uiautomator2.http.ServerHandler.channelRead(ServerHandler.java:68)\n\tat io.netty.channel.AbstractChannelHandlerContext.invokeChannelRead(AbstractChannelHandlerContext.java:366)\n\tat io.netty.channel.AbstractChannelHandlerContext.invokeChannelRead(AbstractChannelHandlerContext.java:352)\n\tat io.netty.chann...
[debug] &amp#27;[35m[W3C]&amp#27;[39m Matched W3C error code 'no such element' to NoSuchElementError
[debug] &amp#27;[35m[BaseDriver]&amp#27;[39m Waited for 1351 ms so far
[debug] &amp#27;[35m[WD Proxy]&amp#27;[39m Matched '/element' to command name 'findElement'
[debug] &amp#27;[35m[WD Proxy]&amp#27;[39m Proxying [POST /element] to [POST http://127.0.0.1:8205/wd/hub/session/c2364b19-a4b9-4c59-bbfd-59359cbc8353/element] with body: {"strategy":"class name","selector":"android.widget.EditText","context":"","multiple":false}
&amp#27;[35m[WD Proxy]&amp#27;[39m Got response with status 404: {"sessionId":"c2364b19-a4b9-4c59-bbfd-59359cbc8353","value":{"error":"no such element","message":"An element could not be located on the page using the given search parameters","stacktrace":"io.appium.uiautomator2.common.exceptions.ElementNotFoundException: An element could not be located on the page using the given search parameters\n\tat io.appium.uiautomator2.handler.FindElement.safeHandle(FindElement.java:70)\n\tat io.appium.uiautomator2.handler.request.SafeRequestHandler.handle(SafeRequestHandler.java:59)\n\tat io.appium.uiautomator2.server.AppiumServlet.handleRequest(AppiumServlet.java:266)\n\tat io.appium.uiautomator2.server.AppiumServlet.handleHttpRequest(AppiumServlet.java:260)\n\tat io.appium.uiautomator2.http.ServerHandler.channelRead(ServerHandler.java:68)\n\tat io.netty.channel.AbstractChannelHandlerContext.invokeChannelRead(AbstractChannelHandlerContext.java:366)\n\tat io.netty.channel.AbstractChannelHandlerContext.invokeChannelRead(AbstractChannelHandlerContext.java:352)\n\tat io.netty.chann...
[debug] &amp#27;[35m[W3C]&amp#27;[39m Matched W3C error code 'no such element' to NoSuchElementError
[debug] &amp#27;[35m[BaseDriver]&amp#27;[39m Waited for 1873 ms so far
[debug] &amp#27;[35m[WD Proxy]&amp#27;[39m Matched '/element' to command name 'findElement'
[debug] &amp#27;[35m[WD Proxy]&amp#27;[39m Proxying [POST /element] to [POST http://127.0.0.1:8205/wd/hub/session/c2364b19-a4b9-4c59-bbfd-59359cbc8353/element] with body: {"strategy":"class name","selector":"android.widget.EditText","context":"","multiple":false}
&amp#27;[35m[WD Proxy]&amp#27;[39m Got response with status 404: {"sessionId":"c2364b19-a4b9-4c59-bbfd-59359cbc8353","value":{"error":"no such element","message":"An element could not be located on the page using the given search parameters","stacktrace":"io.appium.uiautomator2.common.exceptions.ElementNotFoundException: An element could not be located on the page using the given search parameters\n\tat io.appium.uiautomator2.handler.FindElement.safeHandle(FindElement.java:70)\n\tat io.appium.uiautomator2.handler.request.SafeRequestHandler.handle(SafeRequestHandler.java:59)\n\tat io.appium.uiautomator2.server.AppiumServlet.handleRequest(AppiumServlet.java:266)\n\tat io.appium.uiautomator2.server.AppiumServlet.handleHttpRequest(AppiumServlet.java:260)\n\tat io.appium.uiautomator2.http.ServerHandler.channelRead(ServerHandler.java:68)\n\tat io.netty.channel.AbstractChannelHandlerContext.invokeChannelRead(AbstractChannelHandlerContext.java:366)\n\tat io.netty.channel.AbstractChannelHandlerContext.invokeChannelRead(AbstractChannelHandlerContext.java:352)\n\tat io.netty.chann...
[debug] &amp#27;[35m[W3C]&amp#27;[39m Matched W3C error code 'no such element' to NoSuchElementError
[debug] &amp#27;[35m[BaseDriver]&amp#27;[39m Waited for 2385 ms so far
[debug] &amp#27;[35m[WD Proxy]&amp#27;[39m Matched '/element' to command name 'findElement'
[debug] &amp#27;[35m[WD Proxy]&amp#27;[39m Proxying [POST /element] to [POST http://127.0.0.1:8205/wd/hub/session/c2364b19-a4b9-4c59-bbfd-59359cbc8353/element] with body: {"strategy":"class name","selector":"android.widget.EditText","context":"","multiple":false}
[debug] &amp#27;[35m[WD Proxy]&amp#27;[39m Got response with status 200: {"sessionId":"c2364b19-a4b9-4c59-bbfd-59359cbc8353","value":{"ELEMENT":"00000000-0000-02c5-ffff-ffff0000001d","element-6066-11e4-a52e-4f735466cecf":"00000000-0000-02c5-ffff-ffff0000001d"}}
[debug] &amp#27;[35m[W3C (a9e0d40a)]&amp#27;[39m Responding to client with driver.findElement() result: {"element-6066-11e4-a52e-4f735466cecf":"00000000-0000-02c5-ffff-ffff0000001d","ELEMENT":"00000000-0000-02c5-ffff-ffff0000001d"}
&amp#27;[35m[HTTP]&amp#27;[39m &amp#27;[37m<-- POST /wd/hub/session/a9e0d40a-f90c-4f14-a794-bf3a6abbc39e/element &amp#27;[39m&amp#27;[32m200&amp#27;[39m &amp#27;[90m3577 ms - 137&amp#27;[39m
&amp#27;[35m[HTTP]&amp#27;[39m &amp#27;[90m&amp#27;[39m
&amp#27;[35m[HTTP]&amp#27;[39m &amp#27;[37m-->&amp#27;[39m &amp#27;[37mPOST&amp#27;[39m &amp#27;[37m/wd/hub/session/a9e0d40a-f90c-4f14-a794-bf3a6abbc39e/element/00000000-0000-02c5-ffff-ffff0000001d/value&amp#27;[39m
&amp#27;[35m[HTTP]&amp#27;[39m &amp#27;[90m{"id":"00000000-0000-02c5-ffff-ffff0000001d","text":"Shoes","value":["S","h","o","e","s"]}&amp#27;[39m
[debug] &amp#27;[35m[W3C (a9e0d40a)]&amp#27;[39m Calling AppiumDriver.setValue() with args: [["S","h","o","e","s"],"00000000-0000-02c5-ffff-ffff0000001d","a9e0d40a-f90c-4f14-a794-bf3a6abbc39e"]
[debug] &amp#27;[35m[WD Proxy]&amp#27;[39m Matched '/element/00000000-0000-02c5-ffff-ffff0000001d/value' to command name 'setValue'
[debug] &amp#27;[35m[Protocol Converter]&amp#27;[39m Added 'value' property ["S","h","o","e","s"] to 'setValue' request body
[debug] &amp#27;[35m[WD Proxy]&amp#27;[39m Proxying [POST /element/00000000-0000-02c5-ffff-ffff0000001d/value] to [POST http://127.0.0.1:8205/wd/hub/session/c2364b19-a4b9-4c59-bbfd-59359cbc8353/element/00000000-0000-02c5-ffff-ffff0000001d/value] with body: {"elementId":"00000000-0000-02c5-ffff-ffff0000001d","text":"Shoes","replace":false,"value":["S","h","o","e","s"]}
[debug] &amp#27;[35m[WD Proxy]&amp#27;[39m Got response with status 200: {"sessionId":"c2364b19-a4b9-4c59-bbfd-59359cbc8353","value":null}
[debug] &amp#27;[35m[W3C (a9e0d40a)]&amp#27;[39m Responding to client with driver.setValue() result: null
&amp#27;[35m[HTTP]&amp#27;[39m &amp#27;[37m<-- POST /wd/hub/session/a9e0d40a-f90c-4f14-a794-bf3a6abbc39e/element/00000000-0000-02c5-ffff-ffff0000001d/value &amp#27;[39m&amp#27;[32m200&amp#27;[39m &amp#27;[90m532 ms - 14&amp#27;[39m
&amp#27;[35m[HTTP]&amp#27;[39m &amp#27;[90m&amp#27;[39m
&amp#27;[35m[HTTP]&amp#27;[39m &amp#27;[37m-->&amp#27;[39m &amp#27;[37mPOST&amp#27;[39m &amp#27;[37m/wd/hub/session/a9e0d40a-f90c-4f14-a794-bf3a6abbc39e/element&amp#27;[39m
&amp#27;[35m[HTTP]&amp#27;[39m &amp#27;[90m{"using":"xpath","value":"//*[@text='Female']"}&amp#27;[39m
[debug] &amp#27;[35m[W3C (a9e0d40a)]&amp#27;[39m Calling AppiumDriver.findElement() with args: ["xpath","//*[@text='Female']","a9e0d40a-f90c-4f14-a794-bf3a6abbc39e"]
[debug] &amp#27;[35m[BaseDriver]&amp#27;[39m Valid locator strategies for this request: xpath, id, class name, accessibility id, css selector, -android uiautomator
[debug] &amp#27;[35m[BaseDriver]&amp#27;[39m Waiting up to 10000 ms for condition
[debug] &amp#27;[35m[WD Proxy]&amp#27;[39m Matched '/element' to command name 'findElement'
[debug] &amp#27;[35m[WD Proxy]&amp#27;[39m Proxying [POST /element] to [POST http://127.0.0.1:8205/wd/hub/session/c2364b19-a4b9-4c59-bbfd-59359cbc8353/element] with body: {"strategy":"xpath","selector":"//*[@text='Female']","context":"","multiple":false}
[debug] &amp#27;[35m[WD Proxy]&amp#27;[39m Got response with status 200: {"sessionId":"c2364b19-a4b9-4c59-bbfd-59359cbc8353","value":{"ELEMENT":"00000000-0000-02c5-ffff-ffff00000021","element-6066-11e4-a52e-4f735466cecf":"00000000-0000-02c5-ffff-ffff00000021"}}
[debug] &amp#27;[35m[W3C (a9e0d40a)]&amp#27;[39m Responding to client with driver.findElement() result: {"element-6066-11e4-a52e-4f735466cecf":"00000000-0000-02c5-ffff-ffff00000021","ELEMENT":"00000000-0000-02c5-ffff-ffff00000021"}
&amp#27;[35m[HTTP]&amp#27;[39m &amp#27;[37m<-- POST /wd/hub/session/a9e0d40a-f90c-4f14-a794-bf3a6abbc39e/element &amp#27;[39m&amp#27;[32m200&amp#27;[39m &amp#27;[90m831 ms - 137&amp#27;[39m
&amp#27;[35m[HTTP]&amp#27;[39m &amp#27;[90m&amp#27;[39m
&amp#27;[35m[HTTP]&amp#27;[39m &amp#27;[37m-->&amp#27;[39m &amp#27;[37mPOST&amp#27;[39m &amp#27;[37m/wd/hub/session/a9e0d40a-f90c-4f14-a794-bf3a6abbc39e/element/00000000-0000-02c5-ffff-ffff00000021/click&amp#27;[39m
&amp#27;[35m[HTTP]&amp#27;[39m &amp#27;[90m{"id":"00000000-0000-02c5-ffff-ffff00000021"}&amp#27;[39m
[debug] &amp#27;[35m[W3C (a9e0d40a)]&amp#27;[39m Calling AppiumDriver.click() with args: ["00000000-0000-02c5-ffff-ffff00000021","a9e0d40a-f90c-4f14-a794-bf3a6abbc39e"]
[debug] &amp#27;[35m[WD Proxy]&amp#27;[39m Matched '/element/00000000-0000-02c5-ffff-ffff00000021/click' to command name 'click'
[debug] &amp#27;[35m[WD Proxy]&amp#27;[39m Proxying [POST /element/00000000-0000-02c5-ffff-ffff00000021/click] to [POST http://127.0.0.1:8205/wd/hub/session/c2364b19-a4b9-4c59-bbfd-59359cbc8353/element/00000000-0000-02c5-ffff-ffff00000021/click] with body: {"element":"00000000-0000-02c5-ffff-ffff00000021"}
[debug] &amp#27;[35m[WD Proxy]&amp#27;[39m Got response with status 200: {"sessionId":"c2364b19-a4b9-4c59-bbfd-59359cbc8353","value":null}
[debug] &amp#27;[35m[W3C (a9e0d40a)]&amp#27;[39m Responding to client with driver.click() result: null
&amp#27;[35m[HTTP]&amp#27;[39m &amp#27;[37m<-- POST /wd/hub/session/a9e0d40a-f90c-4f14-a794-bf3a6abbc39e/element/00000000-0000-02c5-ffff-ffff00000021/click &amp#27;[39m&amp#27;[32m200&amp#27;[39m &amp#27;[90m46 ms - 14&amp#27;[39m
&amp#27;[35m[HTTP]&amp#27;[39m &amp#27;[90m&amp#27;[39m
&amp#27;[35m[HTTP]&amp#27;[39m &amp#27;[37m-->&amp#27;[39m &amp#27;[37mPOST&amp#27;[39m &amp#27;[37m/wd/hub/session/a9e0d40a-f90c-4f14-a794-bf3a6abbc39e/element&amp#27;[39m
&amp#27;[35m[HTTP]&amp#27;[39m &amp#27;[90m{"using":"id","value":"android:id/text1"}&amp#27;[39m
[debug] &amp#27;[35m[W3C (a9e0d40a)]&amp#27;[39m Calling AppiumDriver.findElement() with args: ["id","android:id/text1","a9e0d40a-f90c-4f14-a794-bf3a6abbc39e"]
[debug] &amp#27;[35m[BaseDriver]&amp#27;[39m Valid locator strategies for this request: xpath, id, class name, accessibility id, css selector, -android uiautomator
[debug] &amp#27;[35m[BaseDriver]&amp#27;[39m Waiting up to 10000 ms for condition
[debug] &amp#27;[35m[WD Proxy]&amp#27;[39m Matched '/element' to command name 'findElement'
[debug] &amp#27;[35m[WD Proxy]&amp#27;[39m Proxying [POST /element] to [POST http://127.0.0.1:8205/wd/hub/session/c2364b19-a4b9-4c59-bbfd-59359cbc8353/element] with body: {"strategy":"id","selector":"android:id/text1","context":"","multiple":false}
[debug] &amp#27;[35m[WD Proxy]&amp#27;[39m Got response with status 200: {"sessionId":"c2364b19-a4b9-4c59-bbfd-59359cbc8353","value":{"ELEMENT":"00000000-0000-02c5-ffff-ffff00000024","element-6066-11e4-a52e-4f735466cecf":"00000000-0000-02c5-ffff-ffff00000024"}}
[debug] &amp#27;[35m[W3C (a9e0d40a)]&amp#27;[39m Responding to client with driver.findElement() result: {"element-6066-11e4-a52e-4f735466cecf":"00000000-0000-02c5-ffff-ffff00000024","ELEMENT":"00000000-0000-02c5-ffff-ffff00000024"}
&amp#27;[35m[HTTP]&amp#27;[39m &amp#27;[37m<-- POST /wd/hub/session/a9e0d40a-f90c-4f14-a794-bf3a6abbc39e/element &amp#27;[39m&amp#27;[32m200&amp#27;[39m &amp#27;[90m606 ms - 137&amp#27;[39m
&amp#27;[35m[HTTP]&amp#27;[39m &amp#27;[90m&amp#27;[39m
&amp#27;[35m[HTTP]&amp#27;[39m &amp#27;[37m-->&amp#27;[39m &amp#27;[37mPOST&amp#27;[39m &amp#27;[37m/wd/hub/session/a9e0d40a-f90c-4f14-a794-bf3a6abbc39e/element/00000000-0000-02c5-ffff-ffff00000024/click&amp#27;[39m
&amp#27;[35m[HTTP]&amp#27;[39m &amp#27;[90m{"id":"00000000-0000-02c5-ffff-ffff00000024"}&amp#27;[39m
[debug] &amp#27;[35m[W3C (a9e0d40a)]&amp#27;[39m Calling AppiumDriver.click() with args: ["00000000-0000-02c5-ffff-ffff00000024","a9e0d40a-f90c-4f14-a794-bf3a6abbc39e"]
[debug] &amp#27;[35m[WD Proxy]&amp#27;[39m Matched '/element/00000000-0000-02c5-ffff-ffff00000024/click' to command name 'click'
[debug] &amp#27;[35m[WD Proxy]&amp#27;[39m Proxying [POST /element/00000000-0000-02c5-ffff-ffff00000024/click] to [POST http://127.0.0.1:8205/wd/hub/session/c2364b19-a4b9-4c59-bbfd-59359cbc8353/element/00000000-0000-02c5-ffff-ffff00000024/click] with body: {"element":"00000000-0000-02c5-ffff-ffff00000024"}
[debug] &amp#27;[35m[WD Proxy]&amp#27;[39m Got response with status 200: {"sessionId":"c2364b19-a4b9-4c59-bbfd-59359cbc8353","value":null}
[debug] &amp#27;[35m[W3C (a9e0d40a)]&amp#27;[39m Responding to client with driver.click() result: null
&amp#27;[35m[HTTP]&amp#27;[39m &amp#27;[37m<-- POST /wd/hub/session/a9e0d40a-f90c-4f14-a794-bf3a6abbc39e/element/00000000-0000-02c5-ffff-ffff00000024/click &amp#27;[39m&amp#27;[32m200&amp#27;[39m &amp#27;[90m37 ms - 14&amp#27;[39m
&amp#27;[35m[HTTP]&amp#27;[39m &amp#27;[90m&amp#27;[39m
&amp#27;[35m[HTTP]&amp#27;[39m &amp#27;[37m-->&amp#27;[39m &amp#27;[37mPOST&amp#27;[39m &amp#27;[37m/wd/hub/session/a9e0d40a-f90c-4f14-a794-bf3a6abbc39e/element&amp#27;[39m
&amp#27;[35m[HTTP]&amp#27;[39m &amp#27;[90m{"using":"-android uiautomator","value":"new UiScrollable(new UiSelector()).scrollIntoView(text(\"Chad\"));"}&amp#27;[39m
[debug] &amp#27;[35m[W3C (a9e0d40a)]&amp#27;[39m Calling AppiumDriver.findElement() with args: ["-android uiautomator","new UiScrollable(new UiSelector()).scrollIntoView(text(\"Chad\"));","a9e0d40a-f90c-4f14-a794-bf3a6abbc39e"]
[debug] &amp#27;[35m[BaseDriver]&amp#27;[39m Valid locator strategies for this request: xpath, id, class name, accessibility id, css selector, -android uiautomator
[debug] &amp#27;[35m[BaseDriver]&amp#27;[39m Waiting up to 10000 ms for condition
[debug] &amp#27;[35m[WD Proxy]&amp#27;[39m Matched '/element' to command name 'findElement'
[debug] &amp#27;[35m[WD Proxy]&amp#27;[39m Proxying [POST /element] to [POST http://127.0.0.1:8205/wd/hub/session/c2364b19-a4b9-4c59-bbfd-59359cbc8353/element] with body: {"strategy":"-android uiautomator","selector":"new UiScrollable(new UiSelector()).scrollIntoView(text(\"Chad\"));","context":"","multiple":false}
[debug] &amp#27;[35m[WD Proxy]&amp#27;[39m Got response with status 200: {"sessionId":"c2364b19-a4b9-4c59-bbfd-59359cbc8353","value":{"ELEMENT":"00000000-0000-02c6-ffff-ffff0000002b","element-6066-11e4-a52e-4f735466cecf":"00000000-0000-02c6-ffff-ffff0000002b"}}
[debug] &amp#27;[35m[W3C (a9e0d40a)]&amp#27;[39m Responding to client with driver.findElement() result: {"element-6066-11e4-a52e-4f735466cecf":"00000000-0000-02c6-ffff-ffff0000002b","ELEMENT":"00000000-0000-02c6-ffff-ffff0000002b"}
&amp#27;[35m[HTTP]&amp#27;[39m &amp#27;[37m<-- POST /wd/hub/session/a9e0d40a-f90c-4f14-a794-bf3a6abbc39e/element &amp#27;[39m&amp#27;[32m200&amp#27;[39m &amp#27;[90m11242 ms - 137&amp#27;[39m
&amp#27;[35m[HTTP]&amp#27;[39m &amp#27;[90m&amp#27;[39m
&amp#27;[35m[HTTP]&amp#27;[39m &amp#27;[37m-->&amp#27;[39m &amp#27;[37mPOST&amp#27;[39m &amp#27;[37m/wd/hub/session/a9e0d40a-f90c-4f14-a794-bf3a6abbc39e/element&amp#27;[39m
&amp#27;[35m[HTTP]&amp#27;[39m &amp#27;[90m{"using":"xpath","value":"//*[@text='Chad']"}&amp#27;[39m
[debug] &amp#27;[35m[W3C (a9e0d40a)]&amp#27;[39m Calling AppiumDriver.findElement() with args: ["xpath","//*[@text='Chad']","a9e0d40a-f90c-4f14-a794-bf3a6abbc39e"]
[debug] &amp#27;[35m[BaseDriver]&amp#27;[39m Valid locator strategies for this request: xpath, id, class name, accessibility id, css selector, -android uiautomator
[debug] &amp#27;[35m[BaseDriver]&amp#27;[39m Waiting up to 10000 ms for condition
[debug] &amp#27;[35m[WD Proxy]&amp#27;[39m Matched '/element' to command name 'findElement'
[debug] &amp#27;[35m[WD Proxy]&amp#27;[39m Proxying [POST /element] to [POST http://127.0.0.1:8205/wd/hub/session/c2364b19-a4b9-4c59-bbfd-59359cbc8353/element] with body: {"strategy":"xpath","selector":"//*[@text='Chad']","context":"","multiple":false}
[debug] &amp#27;[35m[WD Proxy]&amp#27;[39m Got response with status 200: {"sessionId":"c2364b19-a4b9-4c59-bbfd-59359cbc8353","value":{"ELEMENT":"00000000-0000-02c6-ffff-ffff0000002b","element-6066-11e4-a52e-4f735466cecf":"00000000-0000-02c6-ffff-ffff0000002b"}}
[debug] &amp#27;[35m[W3C (a9e0d40a)]&amp#27;[39m Responding to client with driver.findElement() result: {"element-6066-11e4-a52e-4f735466cecf":"00000000-0000-02c6-ffff-ffff0000002b","ELEMENT":"00000000-0000-02c6-ffff-ffff0000002b"}
&amp#27;[35m[HTTP]&amp#27;[39m &amp#27;[37m<-- POST /wd/hub/session/a9e0d40a-f90c-4f14-a794-bf3a6abbc39e/element &amp#27;[39m&amp#27;[32m200&amp#27;[39m &amp#27;[90m25 ms - 137&amp#27;[39m
&amp#27;[35m[HTTP]&amp#27;[39m &amp#27;[90m&amp#27;[39m
&amp#27;[35m[HTTP]&amp#27;[39m &amp#27;[37m-->&amp#27;[39m &amp#27;[37mPOST&amp#27;[39m &amp#27;[37m/wd/hub/session/a9e0d40a-f90c-4f14-a794-bf3a6abbc39e/element/00000000-0000-02c6-ffff-ffff0000002b/click&amp#27;[39m
&amp#27;[35m[HTTP]&amp#27;[39m &amp#27;[90m{"id":"00000000-0000-02c6-ffff-ffff0000002b"}&amp#27;[39m
[debug] &amp#27;[35m[W3C (a9e0d40a)]&amp#27;[39m Calling AppiumDriver.click() with args: ["00000000-0000-02c6-ffff-ffff0000002b","a9e0d40a-f90c-4f14-a794-bf3a6abbc39e"]
[debug] &amp#27;[35m[WD Proxy]&amp#27;[39m Matched '/element/00000000-0000-02c6-ffff-ffff0000002b/click' to command name 'click'
[debug] &amp#27;[35m[WD Proxy]&amp#27;[39m Proxying [POST /element/00000000-0000-02c6-ffff-ffff0000002b/click] to [POST http://127.0.0.1:8205/wd/hub/session/c2364b19-a4b9-4c59-bbfd-59359cbc8353/element/00000000-0000-02c6-ffff-ffff0000002b/click] with body: {"element":"00000000-0000-02c6-ffff-ffff0000002b"}
[debug] &amp#27;[35m[WD Proxy]&amp#27;[39m Got response with status 200: {"sessionId":"c2364b19-a4b9-4c59-bbfd-59359cbc8353","value":null}
[debug] &amp#27;[35m[W3C (a9e0d40a)]&amp#27;[39m Responding to client with driver.click() result: null
&amp#27;[35m[HTTP]&amp#27;[39m &amp#27;[37m<-- POST /wd/hub/session/a9e0d40a-f90c-4f14-a794-bf3a6abbc39e/element/00000000-0000-02c6-ffff-ffff0000002b/click &amp#27;[39m&amp#27;[32m200&amp#27;[39m &amp#27;[90m658 ms - 14&amp#27;[39m
&amp#27;[35m[HTTP]&amp#27;[39m &amp#27;[90m&amp#27;[39m
&amp#27;[35m[HTTP]&amp#27;[39m &amp#27;[37m-->&amp#27;[39m &amp#27;[37mPOST&amp#27;[39m &amp#27;[37m/wd/hub/session/a9e0d40a-f90c-4f14-a794-bf3a6abbc39e/element&amp#27;[39m
&amp#27;[35m[HTTP]&amp#27;[39m &amp#27;[90m{"using":"id","value":"com.androidsample.generalstore:id/btnLetsShop"}&amp#27;[39m
[debug] &amp#27;[35m[W3C (a9e0d40a)]&amp#27;[39m Calling AppiumDriver.findElement() with args: ["id","com.androidsample.generalstore:id/btnLetsShop","a9e0d40a-f90c-4f14-a794-bf3a6abbc39e"]
[debug] &amp#27;[35m[BaseDriver]&amp#27;[39m Valid locator strategies for this request: xpath, id, class name, accessibility id, css selector, -android uiautomator
[debug] &amp#27;[35m[BaseDriver]&amp#27;[39m Waiting up to 10000 ms for condition
[debug] &amp#27;[35m[WD Proxy]&amp#27;[39m Matched '/element' to command name 'findElement'
[debug] &amp#27;[35m[WD Proxy]&amp#27;[39m Proxying [POST /element] to [POST http://127.0.0.1:8205/wd/hub/session/c2364b19-a4b9-4c59-bbfd-59359cbc8353/element] with body: {"strategy":"id","selector":"com.androidsample.generalstore:id/btnLetsShop","context":"","multiple":false}
[debug] &amp#27;[35m[WD Proxy]&amp#27;[39m Got response with status 200: {"sessionId":"c2364b19-a4b9-4c59-bbfd-59359cbc8353","value":{"ELEMENT":"00000000-0000-02c5-ffff-ffff00000022","element-6066-11e4-a52e-4f735466cecf":"00000000-0000-02c5-ffff-ffff00000022"}}
[debug] &amp#27;[35m[W3C (a9e0d40a)]&amp#27;[39m Responding to client with driver.findElement() result: {"element-6066-11e4-a52e-4f735466cecf":"00000000-0000-02c5-ffff-ffff00000022","ELEMENT":"00000000-0000-02c5-ffff-ffff00000022"}
&amp#27;[35m[HTTP]&amp#27;[39m &amp#27;[37m<-- POST /wd/hub/session/a9e0d40a-f90c-4f14-a794-bf3a6abbc39e/element &amp#27;[39m&amp#27;[32m200&amp#27;[39m &amp#27;[90m14 ms - 137&amp#27;[39m
&amp#27;[35m[HTTP]&amp#27;[39m &amp#27;[90m&amp#27;[39m
&amp#27;[35m[HTTP]&amp#27;[39m &amp#27;[37m-->&amp#27;[39m &amp#27;[37mPOST&amp#27;[39m &amp#27;[37m/wd/hub/session/a9e0d40a-f90c-4f14-a794-bf3a6abbc39e/element/00000000-0000-02c5-ffff-ffff00000022/click&amp#27;[39m
&amp#27;[35m[HTTP]&amp#27;[39m &amp#27;[90m{"id":"00000000-0000-02c5-ffff-ffff00000022"}&amp#27;[39m
[debug] &amp#27;[35m[W3C (a9e0d40a)]&amp#27;[39m Calling AppiumDriver.click() with args: ["00000000-0000-02c5-ffff-ffff00000022","a9e0d40a-f90c-4f14-a794-bf3a6abbc39e"]
[debug] &amp#27;[35m[WD Proxy]&amp#27;[39m Matched '/element/00000000-0000-02c5-ffff-ffff00000022/click' to command name 'click'
[debug] &amp#27;[35m[WD Proxy]&amp#27;[39m Proxying [POST /element/00000000-0000-02c5-ffff-ffff00000022/click] to [POST http://127.0.0.1:8205/wd/hub/session/c2364b19-a4b9-4c59-bbfd-59359cbc8353/element/00000000-0000-02c5-ffff-ffff00000022/click] with body: {"element":"00000000-0000-02c5-ffff-ffff00000022"}
[debug] &amp#27;[35m[WD Proxy]&amp#27;[39m Got response with status 200: {"sessionId":"c2364b19-a4b9-4c59-bbfd-59359cbc8353","value":null}
[debug] &amp#27;[35m[W3C (a9e0d40a)]&amp#27;[39m Responding to client with driver.click() result: null
&amp#27;[35m[HTTP]&amp#27;[39m &amp#27;[37m<-- POST /wd/hub/session/a9e0d40a-f90c-4f14-a794-bf3a6abbc39e/element/00000000-0000-02c5-ffff-ffff00000022/click &amp#27;[39m&amp#27;[32m200&amp#27;[39m &amp#27;[90m43 ms - 14&amp#27;[39m
&amp#27;[35m[HTTP]&amp#27;[39m &amp#27;[90m&amp#27;[39m
&amp#27;[35m[HTTP]&amp#27;[39m &amp#27;[37m-->&amp#27;[39m &amp#27;[37mPOST&amp#27;[39m &amp#27;[37m/wd/hub/session/a9e0d40a-f90c-4f14-a794-bf3a6abbc39e/element&amp#27;[39m
&amp#27;[35m[HTTP]&amp#27;[39m &amp#27;[90m{"using":"-android uiautomator","value":"new UiScrollable(new UiSelector().resourceId(\"com.androidsample.generalstore:id/rvProductList\").instance(0)).scrollIntoView(textMatches(\"LeBron Soldier 12 \").instance(0));"}&amp#27;[39m
[debug] &amp#27;[35m[W3C (a9e0d40a)]&amp#27;[39m Calling AppiumDriver.findElement() with args: ["-android uiautomator","new UiScrollable(new UiSelector().resourceId(\"com.androidsample.generalstore:id/rvProductList\").instance(0)).scrollIntoView(textMatches(\"LeBron Soldier 12 \").instance(0));","a9e0d40a-f90c-4f14-a794-bf3a6abbc39e"]
[debug] &amp#27;[35m[BaseDriver]&amp#27;[39m Valid locator strategies for this request: xpath, id, class name, accessibility id, css selector, -android uiautomator
[debug] &amp#27;[35m[BaseDriver]&amp#27;[39m Waiting up to 10000 ms for condition
[debug] &amp#27;[35m[WD Proxy]&amp#27;[39m Matched '/element' to command name 'findElement'
[debug] &amp#27;[35m[WD Proxy]&amp#27;[39m Proxying [POST /element] to [POST http://127.0.0.1:8205/wd/hub/session/c2364b19-a4b9-4c59-bbfd-59359cbc8353/element] with body: {"strategy":"-android uiautomator","selector":"new UiScrollable(new UiSelector().resourceId(\"com.androidsample.generalstore:id/rvProductList\").instance(0)).scrollIntoView(textMatches(\"LeBron Soldier 12 \").instance(0));","context":"","multiple":false}
[debug] &amp#27;[35m[WD Proxy]&amp#27;[39m Got response with status 200: {"sessionId":"c2364b19-a4b9-4c59-bbfd-59359cbc8353","value":{"ELEMENT":"00000000-0000-02c7-ffff-ffff0000004e","element-6066-11e4-a52e-4f735466cecf":"00000000-0000-02c7-ffff-ffff0000004e"}}
[debug] &amp#27;[35m[W3C (a9e0d40a)]&amp#27;[39m Responding to client with driver.findElement() result: {"element-6066-11e4-a52e-4f735466cecf":"00000000-0000-02c7-ffff-ffff0000004e","ELEMENT":"00000000-0000-02c7-ffff-ffff0000004e"}
&amp#27;[35m[HTTP]&amp#27;[39m &amp#27;[37m<-- POST /wd/hub/session/a9e0d40a-f90c-4f14-a794-bf3a6abbc39e/element &amp#27;[39m&amp#27;[32m200&amp#27;[39m &amp#27;[90m7507 ms - 137&amp#27;[39m
&amp#27;[35m[HTTP]&amp#27;[39m &amp#27;[90m&amp#27;[39m
&amp#27;[35m[HTTP]&amp#27;[39m &amp#27;[37m-->&amp#27;[39m &amp#27;[37mPOST&amp#27;[39m &amp#27;[37m/wd/hub/session/a9e0d40a-f90c-4f14-a794-bf3a6abbc39e/elements&amp#27;[39m
&amp#27;[35m[HTTP]&amp#27;[39m &amp#27;[90m{"using":"id","value":"com.androidsample.generalstore:id/productName"}&amp#27;[39m
[debug] &amp#27;[35m[W3C (a9e0d40a)]&amp#27;[39m Calling AppiumDriver.findElements() with args: ["id","com.androidsample.generalstore:id/productName","a9e0d40a-f90c-4f14-a794-bf3a6abbc39e"]
[debug] &amp#27;[35m[BaseDriver]&amp#27;[39m Valid locator strategies for this request: xpath, id, class name, accessibility id, css selector, -android uiautomator
[debug] &amp#27;[35m[BaseDriver]&amp#27;[39m Waiting up to 10000 ms for condition
[debug] &amp#27;[35m[WD Proxy]&amp#27;[39m Matched '/elements' to command name 'findElements'
[debug] &amp#27;[35m[WD Proxy]&amp#27;[39m Proxying [POST /elements] to [POST http://127.0.0.1:8205/wd/hub/session/c2364b19-a4b9-4c59-bbfd-59359cbc8353/elements] with body: {"strategy":"id","selector":"com.androidsample.generalstore:id/productName","context":"","multiple":true}
[debug] &amp#27;[35m[WD Proxy]&amp#27;[39m Got response with status 200: {"sessionId":"c2364b19-a4b9-4c59-bbfd-59359cbc8353","value":[{"ELEMENT":"00000000-0000-02c7-ffff-ffff0000007f","element-6066-11e4-a52e-4f735466cecf":"00000000-0000-02c7-ffff-ffff0000007f"},{"ELEMENT":"00000000-0000-02c7-ffff-ffff0000004e","element-6066-11e4-a52e-4f735466cecf":"00000000-0000-02c7-ffff-ffff0000004e"}]}
[debug] &amp#27;[35m[W3C (a9e0d40a)]&amp#27;[39m Responding to client with driver.findElements() result: [{"element-6066-11e4-a52e-4f735466cecf":"00000000-0000-02c7-ffff-ffff0000007f","ELEMENT":"00000000-0000-02c7-ffff-ffff0000007f"},{"element-6066-11e4-a52e-4f735466cecf":"00000000-0000-02c7-ffff-ffff0000004e","ELEMENT":"00000000-0000-02c7-ffff-ffff0000004e"}]
&amp#27;[35m[HTTP]&amp#27;[39m &amp#27;[37m<-- POST /wd/hub/session/a9e0d40a-f90c-4f14-a794-bf3a6abbc39e/elements &amp#27;[39m&amp#27;[32m200&amp#27;[39m &amp#27;[90m16 ms - 267&amp#27;[39m
&amp#27;[35m[HTTP]&amp#27;[39m &amp#27;[90m&amp#27;[39m
&amp#27;[35m[HTTP]&amp#27;[39m &amp#27;[37m-->&amp#27;[39m &amp#27;[37mPOST&amp#27;[39m &amp#27;[37m/wd/hub/session/a9e0d40a-f90c-4f14-a794-bf3a6abbc39e/elements&amp#27;[39m
&amp#27;[35m[HTTP]&amp#27;[39m &amp#27;[90m{"using":"id","value":"com.androidsample.generalstore:id/productName"}&amp#27;[39m
[debug] &amp#27;[35m[W3C (a9e0d40a)]&amp#27;[39m Calling AppiumDriver.findElements() with args: ["id","com.androidsample.generalstore:id/productName","a9e0d40a-f90c-4f14-a794-bf3a6abbc39e"]
[debug] &amp#27;[35m[BaseDriver]&amp#27;[39m Valid locator strategies for this request: xpath, id, class name, accessibility id, css selector, -android uiautomator
[debug] &amp#27;[35m[BaseDriver]&amp#27;[39m Waiting up to 10000 ms for condition
[debug] &amp#27;[35m[WD Proxy]&amp#27;[39m Matched '/elements' to command name 'findElements'
[debug] &amp#27;[35m[WD Proxy]&amp#27;[39m Proxying [POST /elements] to [POST http://127.0.0.1:8205/wd/hub/session/c2364b19-a4b9-4c59-bbfd-59359cbc8353/elements] with body: {"strategy":"id","selector":"com.androidsample.generalstore:id/productName","context":"","multiple":true}
[debug] &amp#27;[35m[WD Proxy]&amp#27;[39m Got response with status 200: {"sessionId":"c2364b19-a4b9-4c59-bbfd-59359cbc8353","value":[{"ELEMENT":"00000000-0000-02c7-ffff-ffff0000007f","element-6066-11e4-a52e-4f735466cecf":"00000000-0000-02c7-ffff-ffff0000007f"},{"ELEMENT":"00000000-0000-02c7-ffff-ffff0000004e","element-6066-11e4-a52e-4f735466cecf":"00000000-0000-02c7-ffff-ffff0000004e"}]}
[debug] &amp#27;[35m[W3C (a9e0d40a)]&amp#27;[39m Responding to client with driver.findElements() result: [{"element-6066-11e4-a52e-4f735466cecf":"00000000-0000-02c7-ffff-ffff0000007f","ELEMENT":"00000000-0000-02c7-ffff-ffff0000007f"},{"element-6066-11e4-a52e-4f735466cecf":"00000000-0000-02c7-ffff-ffff0000004e","ELEMENT":"00000000-0000-02c7-ffff-ffff0000004e"}]
&amp#27;[35m[HTTP]&amp#27;[39m &amp#27;[37m<-- POST /wd/hub/session/a9e0d40a-f90c-4f14-a794-bf3a6abbc39e/elements &amp#27;[39m&amp#27;[32m200&amp#27;[39m &amp#27;[90m12 ms - 267&amp#27;[39m
&amp#27;[35m[HTTP]&amp#27;[39m &amp#27;[90m&amp#27;[39m
&amp#27;[35m[HTTP]&amp#27;[39m &amp#27;[37m-->&amp#27;[39m &amp#27;[37mGET&amp#27;[39m &amp#27;[37m/wd/hub/session/a9e0d40a-f90c-4f14-a794-bf3a6abbc39e/element/00000000-0000-02c7-ffff-ffff0000007f/text&amp#27;[39m
&amp#27;[35m[HTTP]&amp#27;[39m &amp#27;[90m{}&amp#27;[39m
&amp#27;[35m[W3C (a9e0d40a)]&amp#27;[39m Driver proxy active, passing request on via HTTP proxy
[debug] &amp#27;[35m[WD Proxy]&amp#27;[39m Matched '/wd/hub/session/a9e0d40a-f90c-4f14-a794-bf3a6abbc39e/element/00000000-0000-02c7-ffff-ffff0000007f/text' to command name 'getText'
[debug] &amp#27;[35m[WD Proxy]&amp#27;[39m Proxying [GET /wd/hub/session/a9e0d40a-f90c-4f14-a794-bf3a6abbc39e/element/00000000-0000-02c7-ffff-ffff0000007f/text] to [GET http://127.0.0.1:8205/wd/hub/session/c2364b19-a4b9-4c59-bbfd-59359cbc8353/element/00000000-0000-02c7-ffff-ffff0000007f/text] with no body
[debug] &amp#27;[35m[WD Proxy]&amp#27;[39m Got response with status 200: {"sessionId":"c2364b19-a4b9-4c59-bbfd-59359cbc8353","value":"Jordan Lift Off"}
&amp#27;[35m[WD Proxy]&amp#27;[39m Replacing sessionId c2364b19-a4b9-4c59-bbfd-59359cbc8353 with a9e0d40a-f90c-4f14-a794-bf3a6abbc39e
&amp#27;[35m[HTTP]&amp#27;[39m &amp#27;[37m<-- GET /wd/hub/session/a9e0d40a-f90c-4f14-a794-bf3a6abbc39e/element/00000000-0000-02c7-ffff-ffff0000007f/text &amp#27;[39m&amp#27;[32m200&amp#27;[39m &amp#27;[90m10 ms - 78&amp#27;[39m
&amp#27;[35m[HTTP]&amp#27;[39m &amp#27;[90m&amp#27;[39m
&amp#27;[35m[HTTP]&amp#27;[39m &amp#27;[37m-->&amp#27;[39m &amp#27;[37mPOST&amp#27;[39m &amp#27;[37m/wd/hub/session/a9e0d40a-f90c-4f14-a794-bf3a6abbc39e/elements&amp#27;[39m
&amp#27;[35m[HTTP]&amp#27;[39m &amp#27;[90m{"using":"id","value":"com.androidsample.generalstore:id/productName"}&amp#27;[39m
[debug] &amp#27;[35m[W3C (a9e0d40a)]&amp#27;[39m Calling AppiumDriver.findElements() with args: ["id","com.androidsample.generalstore:id/productName","a9e0d40a-f90c-4f14-a794-bf3a6abbc39e"]
[debug] &amp#27;[35m[BaseDriver]&amp#27;[39m Valid locator strategies for this request: xpath, id, class name, accessibility id, css selector, -android uiautomator
[debug] &amp#27;[35m[BaseDriver]&amp#27;[39m Waiting up to 10000 ms for condition
[debug] &amp#27;[35m[WD Proxy]&amp#27;[39m Matched '/elements' to command name 'findElements'
[debug] &amp#27;[35m[WD Proxy]&amp#27;[39m Proxying [POST /elements] to [POST http://127.0.0.1:8205/wd/hub/session/c2364b19-a4b9-4c59-bbfd-59359cbc8353/elements] with body: {"strategy":"id","selector":"com.androidsample.generalstore:id/productName","context":"","multiple":true}
[debug] &amp#27;[35m[WD Proxy]&amp#27;[39m Got response with status 200: {"sessionId":"c2364b19-a4b9-4c59-bbfd-59359cbc8353","value":[{"ELEMENT":"00000000-0000-02c7-ffff-ffff0000007f","element-6066-11e4-a52e-4f735466cecf":"00000000-0000-02c7-ffff-ffff0000007f"},{"ELEMENT":"00000000-0000-02c7-ffff-ffff0000004e","element-6066-11e4-a52e-4f735466cecf":"00000000-0000-02c7-ffff-ffff0000004e"}]}
[debug] &amp#27;[35m[W3C (a9e0d40a)]&amp#27;[39m Responding to client with driver.findElements() result: [{"element-6066-11e4-a52e-4f735466cecf":"00000000-0000-02c7-ffff-ffff0000007f","ELEMENT":"00000000-0000-02c7-ffff-ffff0000007f"},{"element-6066-11e4-a52e-4f735466cecf":"00000000-0000-02c7-ffff-ffff0000004e","ELEMENT":"00000000-0000-02c7-ffff-ffff0000004e"}]
&amp#27;[35m[HTTP]&amp#27;[39m &amp#27;[37m<-- POST /wd/hub/session/a9e0d40a-f90c-4f14-a794-bf3a6abbc39e/elements &amp#27;[39m&amp#27;[32m200&amp#27;[39m &amp#27;[90m11 ms - 267&amp#27;[39m
&amp#27;[35m[HTTP]&amp#27;[39m &amp#27;[90m&amp#27;[39m
&amp#27;[35m[HTTP]&amp#27;[39m &amp#27;[37m-->&amp#27;[39m &amp#27;[37mGET&amp#27;[39m &amp#27;[37m/wd/hub/session/a9e0d40a-f90c-4f14-a794-bf3a6abbc39e/element/00000000-0000-02c7-ffff-ffff0000004e/text&amp#27;[39m
&amp#27;[35m[HTTP]&amp#27;[39m &amp#27;[90m{}&amp#27;[39m
&amp#27;[35m[W3C (a9e0d40a)]&amp#27;[39m Driver proxy active, passing request on via HTTP proxy
[debug] &amp#27;[35m[WD Proxy]&amp#27;[39m Matched '/wd/hub/session/a9e0d40a-f90c-4f14-a794-bf3a6abbc39e/element/00000000-0000-02c7-ffff-ffff0000004e/text' to command name 'getText'
[debug] &amp#27;[35m[WD Proxy]&amp#27;[39m Proxying [GET /wd/hub/session/a9e0d40a-f90c-4f14-a794-bf3a6abbc39e/element/00000000-0000-02c7-ffff-ffff0000004e/text] to [GET http://127.0.0.1:8205/wd/hub/session/c2364b19-a4b9-4c59-bbfd-59359cbc8353/element/00000000-0000-02c7-ffff-ffff0000004e/text] with no body
[debug] &amp#27;[35m[WD Proxy]&amp#27;[39m Got response with status 200: {"sessionId":"c2364b19-a4b9-4c59-bbfd-59359cbc8353","value":"LeBron Soldier 12 "}
&amp#27;[35m[WD Proxy]&amp#27;[39m Replacing sessionId c2364b19-a4b9-4c59-bbfd-59359cbc8353 with a9e0d40a-f90c-4f14-a794-bf3a6abbc39e
&amp#27;[35m[HTTP]&amp#27;[39m &amp#27;[37m<-- GET /wd/hub/session/a9e0d40a-f90c-4f14-a794-bf3a6abbc39e/element/00000000-0000-02c7-ffff-ffff0000004e/text &amp#27;[39m&amp#27;[32m200&amp#27;[39m &amp#27;[90m7 ms - 81&amp#27;[39m
&amp#27;[35m[HTTP]&amp#27;[39m &amp#27;[90m&amp#27;[39m
&amp#27;[35m[HTTP]&amp#27;[39m &amp#27;[37m-->&amp#27;[39m &amp#27;[37mPOST&amp#27;[39m &amp#27;[37m/wd/hub/session/a9e0d40a-f90c-4f14-a794-bf3a6abbc39e/elements&amp#27;[39m
&amp#27;[35m[HTTP]&amp#27;[39m &amp#27;[90m{"using":"id","value":"com.androidsample.generalstore:id/productAddCart"}&amp#27;[39m
[debug] &amp#27;[35m[W3C (a9e0d40a)]&amp#27;[39m Calling AppiumDriver.findElements() with args: ["id","com.androidsample.generalstore:id/productAddCart","a9e0d40a-f90c-4f14-a794-bf3a6abbc39e"]
[debug] &amp#27;[35m[BaseDriver]&amp#27;[39m Valid locator strategies for this request: xpath, id, class name, accessibility id, css selector, -android uiautomator
[debug] &amp#27;[35m[BaseDriver]&amp#27;[39m Waiting up to 10000 ms for condition
[debug] &amp#27;[35m[WD Proxy]&amp#27;[39m Matched '/elements' to command name 'findElements'
[debug] &amp#27;[35m[WD Proxy]&amp#27;[39m Proxying [POST /elements] to [POST http://127.0.0.1:8205/wd/hub/session/c2364b19-a4b9-4c59-bbfd-59359cbc8353/elements] with body: {"strategy":"id","selector":"com.androidsample.generalstore:id/productAddCart","context":"","multiple":true}
[debug] &amp#27;[35m[WD Proxy]&amp#27;[39m Got response with status 200: {"sessionId":"c2364b19-a4b9-4c59-bbfd-59359cbc8353","value":[{"ELEMENT":"00000000-0000-02c7-ffff-ffff00000083","element-6066-11e4-a52e-4f735466cecf":"00000000-0000-02c7-ffff-ffff00000083"},{"ELEMENT":"00000000-0000-02c7-ffff-ffff00000052","element-6066-11e4-a52e-4f735466cecf":"00000000-0000-02c7-ffff-ffff00000052"}]}
[debug] &amp#27;[35m[W3C (a9e0d40a)]&amp#27;[39m Responding to client with driver.findElements() result: [{"element-6066-11e4-a52e-4f735466cecf":"00000000-0000-02c7-ffff-ffff00000083","ELEMENT":"00000000-0000-02c7-ffff-ffff00000083"},{"element-6066-11e4-a52e-4f735466cecf":"00000000-0000-02c7-ffff-ffff00000052","ELEMENT":"00000000-0000-02c7-ffff-ffff00000052"}]
&amp#27;[35m[HTTP]&amp#27;[39m &amp#27;[37m<-- POST /wd/hub/session/a9e0d40a-f90c-4f14-a794-bf3a6abbc39e/elements &amp#27;[39m&amp#27;[32m200&amp#27;[39m &amp#27;[90m16 ms - 267&amp#27;[39m
&amp#27;[35m[HTTP]&amp#27;[39m &amp#27;[90m&amp#27;[39m
&amp#27;[35m[HTTP]&amp#27;[39m &amp#27;[37m-->&amp#27;[39m &amp#27;[37mPOST&amp#27;[39m &amp#27;[37m/wd/hub/session/a9e0d40a-f90c-4f14-a794-bf3a6abbc39e/element/00000000-0000-02c7-ffff-ffff00000052/click&amp#27;[39m
&amp#27;[35m[HTTP]&amp#27;[39m &amp#27;[90m{"id":"00000000-0000-02c7-ffff-ffff00000052"}&amp#27;[39m
[debug] &amp#27;[35m[W3C (a9e0d40a)]&amp#27;[39m Calling AppiumDriver.click() with args: ["00000000-0000-02c7-ffff-ffff00000052","a9e0d40a-f90c-4f14-a794-bf3a6abbc39e"]
[debug] &amp#27;[35m[WD Proxy]&amp#27;[39m Matched '/element/00000000-0000-02c7-ffff-ffff00000052/click' to command name 'click'
[debug] &amp#27;[35m[WD Proxy]&amp#27;[39m Proxying [POST /element/00000000-0000-02c7-ffff-ffff00000052/click] to [POST http://127.0.0.1:8205/wd/hub/session/c2364b19-a4b9-4c59-bbfd-59359cbc8353/element/00000000-0000-02c7-ffff-ffff00000052/click] with body: {"element":"00000000-0000-02c7-ffff-ffff00000052"}
[debug] &amp#27;[35m[WD Proxy]&amp#27;[39m Got response with status 200: {"sessionId":"c2364b19-a4b9-4c59-bbfd-59359cbc8353","value":null}
[debug] &amp#27;[35m[W3C (a9e0d40a)]&amp#27;[39m Responding to client with driver.click() result: null
&amp#27;[35m[HTTP]&amp#27;[39m &amp#27;[37m<-- POST /wd/hub/session/a9e0d40a-f90c-4f14-a794-bf3a6abbc39e/element/00000000-0000-02c7-ffff-ffff00000052/click &amp#27;[39m&amp#27;[32m200&amp#27;[39m &amp#27;[90m529 ms - 14&amp#27;[39m
&amp#27;[35m[HTTP]&amp#27;[39m &amp#27;[90m&amp#27;[39m
]]></system-out>
    <system-err><![CDATA[Jan 15, 2022 6:00:27 PM io.appium.java_client.remote.AppiumCommandExecutor$1 lambda$0
INFO: Detected dialect: W3C
]]></system-err>
  </testcase>
  <testcase name="wifiAccess" classname="apiDemosApp.AccessWifi" time="15.887">
    <system-out><![CDATA[&amp#27;[35m[Appium]&amp#27;[39m Welcome to Appium v1.22.1
&amp#27;[35m[Appium]&amp#27;[39m Appium REST http interface listener started on 0.0.0.0:4723
&amp#27;[35m[HTTP]&amp#27;[39m &amp#27;[37m-->&amp#27;[39m &amp#27;[37mGET&amp#27;[39m &amp#27;[37m/wd/hub/status&amp#27;[39m
&amp#27;[35m[HTTP]&amp#27;[39m &amp#27;[90m{}&amp#27;[39m
[debug] &amp#27;[35m[GENERIC]&amp#27;[39m Calling AppiumDriver.getStatus() with args: []
[debug] &amp#27;[35m[GENERIC]&amp#27;[39m Responding to client with driver.getStatus() result: {"build":{"version":"1.22.1"}}
&amp#27;[35m[HTTP]&amp#27;[39m &amp#27;[37m<-- GET /wd/hub/status &amp#27;[39m&amp#27;[32m200&amp#27;[39m &amp#27;[90m3 ms - 68&amp#27;[39m
&amp#27;[35m[HTTP]&amp#27;[39m &amp#27;[90m&amp#27;[39m
[debug] &amp#27;[35m[HTTP]&amp#27;[39m Request idempotency key: f66976fb-7a50-42f2-bedb-d1a2281c1b3e
&amp#27;[35m[HTTP]&amp#27;[39m &amp#27;[37m-->&amp#27;[39m &amp#27;[37mPOST&amp#27;[39m &amp#27;[37m/wd/hub/session&amp#27;[39m
&amp#27;[35m[HTTP]&amp#27;[39m &amp#27;[90m{"desiredCapabilities":{"app":"C:\\Users\\joelv\\eclipse-workspace2\\framework\\src\\ApiDemos-debug.apk","automationName":"uiautomator2","appium:chromeOptions":{"w3c":false},"platformName":"Android","deviceName":"emulator1","avd":"emulator1"},"capabilities":{"firstMatch":[{"appium:app":"C:\\Users\\joelv\\eclipse-workspace2\\framework\\src\\ApiDemos-debug.apk","appium:chromeOptions":{"w3c":false},"appium:automationName":"uiautomator2","appium:avd":"emulator1","appium:deviceName":"emulator1","platformName":"android"}]}}&amp#27;[39m
[debug] &amp#27;[35m[W3C]&amp#27;[39m Calling AppiumDriver.createSession() with args: [{"app":"C:\\Users\\joelv\\eclipse-workspace2\\framework\\src\\ApiDemos-debug.apk","automationName":"uiautomator2","appium:chromeOptions":{"w3c":false},"platformName":"Android","deviceName":"emulator1","avd":"emulator1"},null,{"firstMatch":[{"appium:app":"C:\\Users\\joelv\\eclipse-workspace2\\framework\\src\\ApiDemos-debug.apk","appium:chromeOptions":{"w3c":false},"appium:automationName":"uiautomator2","appium:avd":"emulator1","appium:deviceName":"emulator1","platformName":"android"}]}]
[debug] &amp#27;[35m[BaseDriver]&amp#27;[39m Event 'newSessionRequested' logged at 1642249863841 (18:01:03 GMT+0530 (India Standard Time))
&amp#27;[35m[Appium]&amp#27;[39m Appium v1.22.1 creating new AndroidUiautomator2Driver (v1.70.1) session
[debug] &amp#27;[35m[BaseDriver]&amp#27;[39m W3C capabilities and MJSONWP desired capabilities were provided
[debug] &amp#27;[35m[BaseDriver]&amp#27;[39m Creating session with W3C capabilities: {
[debug] &amp#27;[35m[BaseDriver]&amp#27;[39m   "alwaysMatch": {
[debug] &amp#27;[35m[BaseDriver]&amp#27;[39m     "platformName": "android",
[debug] &amp#27;[35m[BaseDriver]&amp#27;[39m     "appium:app": "C:\\Users\\joelv\\eclipse-workspace2\\framework\\src\\ApiDemos-debug.apk",
[debug] &amp#27;[35m[BaseDriver]&amp#27;[39m     "appium:chromeOptions": {
[debug] &amp#27;[35m[BaseDriver]&amp#27;[39m       "w3c": false
[debug] &amp#27;[35m[BaseDriver]&amp#27;[39m     },
[debug] &amp#27;[35m[BaseDriver]&amp#27;[39m     "appium:automationName": "uiautomator2",
[debug] &amp#27;[35m[BaseDriver]&amp#27;[39m     "appium:avd": "emulator1",
[debug] &amp#27;[35m[BaseDriver]&amp#27;[39m     "appium:deviceName": "emulator1"
[debug] &amp#27;[35m[BaseDriver]&amp#27;[39m   },
[debug] &amp#27;[35m[BaseDriver]&amp#27;[39m   "firstMatch": [
[debug] &amp#27;[35m[BaseDriver]&amp#27;[39m     {}
[debug] &amp#27;[35m[BaseDriver]&amp#27;[39m   ]
[debug] &amp#27;[35m[BaseDriver]&amp#27;[39m }
&amp#27;[35m[BaseDriver]&amp#27;[39m Session created with session id: 9b0a95b6-c97f-4b57-90da-b4ea59049ab0
&amp#27;[35m[BaseDriver]&amp#27;[39m Using local app 'C:\Users\joelv\eclipse-workspace2\framework\src\ApiDemos-debug.apk'
[debug] &amp#27;[35m[UiAutomator2]&amp#27;[39m Checking whether app is actually present
&amp#27;[35m[ADB]&amp#27;[39m Found 1 'build-tools' folders under 'C:\Users\joelv\AppData\Local\Android\Sdk' (newest first):
&amp#27;[35m[ADB]&amp#27;[39m     C:/Users/joelv/AppData/Local/Android/Sdk/build-tools/32.0.0
&amp#27;[35m[ADB]&amp#27;[39m Using 'adb.exe' from 'C:\Users\joelv\AppData\Local\Android\Sdk\platform-tools\adb.exe'
[debug] &amp#27;[35m[ADB]&amp#27;[39m Running 'C:\Users\joelv\AppData\Local\Android\Sdk\platform-tools\adb.exe -P 5037 start-server'
[debug] &amp#27;[35m[ADB]&amp#27;[39m Trying to find 'emulator1' emulator
[debug] &amp#27;[35m[ADB]&amp#27;[39m Getting connected emulators
[debug] &amp#27;[35m[ADB]&amp#27;[39m Getting connected devices
[debug] &amp#27;[35m[ADB]&amp#27;[39m Connected devices: [{"udid":"emulator-5554","state":"device"}]
[debug] &amp#27;[35m[ADB]&amp#27;[39m 1 emulator connected
[debug] &amp#27;[35m[ADB]&amp#27;[39m Overriding C:\Users\joelv\.emulator_console_auth_token with an empty string to avoid telnet authentication for emulator commands
[debug] &amp#27;[35m[ADB]&amp#27;[39m Executing Emulator console command: avd name
[debug] &amp#27;[35m[ADB]&amp#27;[39m Found emulator 'emulator1' on port 5554
[debug] &amp#27;[35m[ADB]&amp#27;[39m Setting device id to emulator-5554
[debug] &amp#27;[35m[AndroidDriver]&amp#27;[39m Not launching AVD because it is already running.
&amp#27;[35m[AndroidDriver]&amp#27;[39m Using device: emulator-5554
&amp#27;[35m[ADB]&amp#27;[39m Using 'adb.exe' from 'C:\Users\joelv\AppData\Local\Android\Sdk\platform-tools\adb.exe'
[debug] &amp#27;[35m[ADB]&amp#27;[39m Running 'C:\Users\joelv\AppData\Local\Android\Sdk\platform-tools\adb.exe -P 5037 start-server'
[debug] &amp#27;[35m[ADB]&amp#27;[39m Setting device id to emulator-5554
[debug] &amp#27;[35m[ADB]&amp#27;[39m Running 'C:\Users\joelv\AppData\Local\Android\Sdk\platform-tools\adb.exe -P 5037 -s emulator-5554 shell getprop ro.build.version.sdk'
[debug] &amp#27;[35m[ADB]&amp#27;[39m Current device property 'ro.build.version.sdk': 30
&amp#27;[35m[ADB]&amp#27;[39m Getting device platform version
[debug] &amp#27;[35m[ADB]&amp#27;[39m Running 'C:\Users\joelv\AppData\Local\Android\Sdk\platform-tools\adb.exe -P 5037 -s emulator-5554 shell getprop ro.build.version.release'
[debug] &amp#27;[35m[ADB]&amp#27;[39m Current device property 'ro.build.version.release': 11
[debug] &amp#27;[35m[ADB]&amp#27;[39m Device API level: 30
&amp#27;[35m[UiAutomator2]&amp#27;[39m Relaxing hidden api policy
[debug] &amp#27;[35m[ADB]&amp#27;[39m Running 'C:\Users\joelv\AppData\Local\Android\Sdk\platform-tools\adb.exe -P 5037 -s emulator-5554 shell 'settings put global hidden_api_policy_pre_p_apps 1;settings put global hidden_api_policy_p_apps 1;settings put global hidden_api_policy 1''
[debug] &amp#27;[35m[AndroidDriver]&amp#27;[39m Parsing package and activity from app manifest
&amp#27;[35m[ADB]&amp#27;[39m Package name: 'io.appium.android.apis'
&amp#27;[35m[ADB]&amp#27;[39m Main activity name: 'io.appium.android.apis.ApiDemos'
[debug] &amp#27;[35m[AndroidDriver]&amp#27;[39m Parsed package and activity are: io.appium.android.apis/io.appium.android.apis.ApiDemos
[debug] &amp#27;[35m[ADB]&amp#27;[39m Running 'C:\Users\joelv\AppData\Local\Android\Sdk\platform-tools\adb.exe -P 5037 -s emulator-5554 wait-for-device'
[debug] &amp#27;[35m[ADB]&amp#27;[39m Running 'C:\Users\joelv\AppData\Local\Android\Sdk\platform-tools\adb.exe -P 5037 -s emulator-5554 shell echo ping'
[debug] &amp#27;[35m[AndroidDriver]&amp#27;[39m Pushing settings apk to device...
[debug] &amp#27;[35m[ADB]&amp#27;[39m Getting install status for io.appium.settings
[debug] &amp#27;[35m[ADB]&amp#27;[39m Running 'C:\Users\joelv\AppData\Local\Android\Sdk\platform-tools\adb.exe -P 5037 -s emulator-5554 shell dumpsys package io.appium.settings'
[debug] &amp#27;[35m[ADB]&amp#27;[39m 'io.appium.settings' is installed
[debug] &amp#27;[35m[ADB]&amp#27;[39m Getting package info for 'io.appium.settings'
[debug] &amp#27;[35m[ADB]&amp#27;[39m Running 'C:\Users\joelv\AppData\Local\Android\Sdk\platform-tools\adb.exe -P 5037 -s emulator-5554 shell dumpsys package io.appium.settings'
[debug] &amp#27;[35m[ADB]&amp#27;[39m The version name of the installed 'io.appium.settings' is greater or equal to the application version name ('3.4.0' >= '3.4.0')
[debug] &amp#27;[35m[ADB]&amp#27;[39m There is no need to install/upgrade 'C:\Users\joelv\AppData\Roaming\npm\node_modules\appium\node_modules\io.appium.settings\apks\settings_apk-debug.apk'
[debug] &amp#27;[35m[ADB]&amp#27;[39m Getting IDs of all 'io.appium.settings' processes
[debug] &amp#27;[35m[ADB]&amp#27;[39m Running 'C:\Users\joelv\AppData\Local\Android\Sdk\platform-tools\adb.exe -P 5037 -s emulator-5554 shell 'pgrep --help; echo $?''
[debug] &amp#27;[35m[ADB]&amp#27;[39m Running 'C:\Users\joelv\AppData\Local\Android\Sdk\platform-tools\adb.exe -P 5037 -s emulator-5554 shell pgrep -f \(\[\[:blank:\]\]\|\^\)io\.appium\.settings\(\[\[:blank:\]\]\|\$\)'
[debug] &amp#27;[35m[AndroidDriver]&amp#27;[39m io.appium.settings is already running. There is no need to reset its permissions.
[debug] &amp#27;[35m[Logcat]&amp#27;[39m Starting logs capture with command: C:\\Users\\joelv\\AppData\\Local\\Android\\Sdk\\platform-tools\\adb.exe -P 5037 -s emulator-5554 logcat -v threadtime
[debug] &amp#27;[35m[UiAutomator2]&amp#27;[39m Forwarding UiAutomator2 Server port 6790 to local port 8206
[debug] &amp#27;[35m[ADB]&amp#27;[39m Forwarding system: 8206 to device: 6790
[debug] &amp#27;[35m[ADB]&amp#27;[39m Running 'C:\Users\joelv\AppData\Local\Android\Sdk\platform-tools\adb.exe -P 5037 -s emulator-5554 forward tcp:8206 tcp:6790'
[debug] &amp#27;[35m[ADB]&amp#27;[39m Getting install status for io.appium.uiautomator2.server
[debug] &amp#27;[35m[ADB]&amp#27;[39m Running 'C:\Users\joelv\AppData\Local\Android\Sdk\platform-tools\adb.exe -P 5037 -s emulator-5554 shell dumpsys package io.appium.uiautomator2.server'
[debug] &amp#27;[35m[ADB]&amp#27;[39m 'io.appium.uiautomator2.server' is installed
[debug] &amp#27;[35m[ADB]&amp#27;[39m Getting package info for 'io.appium.uiautomator2.server'
[debug] &amp#27;[35m[ADB]&amp#27;[39m Running 'C:\Users\joelv\AppData\Local\Android\Sdk\platform-tools\adb.exe -P 5037 -s emulator-5554 shell dumpsys package io.appium.uiautomator2.server'
[debug] &amp#27;[35m[ADB]&amp#27;[39m The version name of the installed 'io.appium.uiautomator2.server' is greater or equal to the application version name ('4.27.0' >= '4.27.0')
[debug] &amp#27;[35m[UiAutomator2]&amp#27;[39m io.appium.uiautomator2.server installation state: sameVersionInstalled
[debug] &amp#27;[35m[ADB]&amp#27;[39m Checking app cert for C:\Users\joelv\AppData\Roaming\npm\node_modules\appium\node_modules\appium-uiautomator2-server\apks\appium-uiautomator2-server-v4.27.0.apk
&amp#27;[35m[ADB]&amp#27;[39m Using 'apksigner.jar' from 'C:\Users\joelv\AppData\Local\Android\Sdk\build-tools\32.0.0\lib\apksigner.jar'
[debug] &amp#27;[35m[ADB]&amp#27;[39m Starting apksigner: 'C:\\Program Files\\Java\\jdk1.8.0_311\\bin\\java.exe' -Xmx1024M -Xss1m -jar C:\\Users\\joelv\\AppData\\Local\\Android\\Sdk\\build-tools\\32.0.0\\lib\\apksigner.jar verify --print-certs C:\\Users\\joelv\\AppData\\Roaming\\npm\\node_modules\\appium\\node_modules\\appium-uiautomator2-server\\apks\\appium-uiautomator2-server-v4.27.0.apk
[debug] &amp#27;[35m[ADB]&amp#27;[39m apksigner stdout: Signer #1 certificate DN: EMAILADDRESS=android@android.com, CN=Android, OU=Android, O=Android, L=Mountain View, ST=California, C=US
[debug] &amp#27;[35m[ADB]&amp#27;[39m Signer #1 certificate SHA-256 digest: a40da80a59d170caa950cf15c18c454d47a39b26989d8b640ecd745ba71bf5dc
[debug] &amp#27;[35m[ADB]&amp#27;[39m Signer #1 certificate SHA-1 digest: 61ed377e85d386a8dfee6b864bd85b0bfaa5af81
[debug] &amp#27;[35m[ADB]&amp#27;[39m Signer #1 certificate MD5 digest: e89b158e4bcf988ebd09eb83f5378e87
[debug] &amp#27;[35m[ADB]&amp#27;[39m 
[debug] &amp#27;[35m[ADB]&amp#27;[39m sha256 hash did match for 'appium-uiautomator2-server-v4.27.0.apk'
&amp#27;[35m[ADB]&amp#27;[39m 'C:\Users\joelv\AppData\Roaming\npm\node_modules\appium\node_modules\appium-uiautomator2-server\apks\appium-uiautomator2-server-v4.27.0.apk' is signed with the default certificate
[debug] &amp#27;[35m[ADB]&amp#27;[39m Getting install status for io.appium.uiautomator2.server.test
[debug] &amp#27;[35m[ADB]&amp#27;[39m Running 'C:\Users\joelv\AppData\Local\Android\Sdk\platform-tools\adb.exe -P 5037 -s emulator-5554 shell dumpsys package io.appium.uiautomator2.server.test'
[debug] &amp#27;[35m[ADB]&amp#27;[39m 'io.appium.uiautomator2.server.test' is installed
[debug] &amp#27;[35m[ADB]&amp#27;[39m Checking app cert for C:\Users\joelv\AppData\Roaming\npm\node_modules\appium\node_modules\appium-uiautomator2-server\apks\appium-uiautomator2-server-debug-androidTest.apk
[debug] &amp#27;[35m[ADB]&amp#27;[39m Starting apksigner: 'C:\\Program Files\\Java\\jdk1.8.0_311\\bin\\java.exe' -Xmx1024M -Xss1m -jar C:\\Users\\joelv\\AppData\\Local\\Android\\Sdk\\build-tools\\32.0.0\\lib\\apksigner.jar verify --print-certs C:\\Users\\joelv\\AppData\\Roaming\\npm\\node_modules\\appium\\node_modules\\appium-uiautomator2-server\\apks\\appium-uiautomator2-server-debug-androidTest.apk
[debug] &amp#27;[35m[ADB]&amp#27;[39m apksigner stdout: Signer #1 certificate DN: EMAILADDRESS=android@android.com, CN=Android, OU=Android, O=Android, L=Mountain View, ST=California, C=US
[debug] &amp#27;[35m[ADB]&amp#27;[39m Signer #1 certificate SHA-256 digest: a40da80a59d170caa950cf15c18c454d47a39b26989d8b640ecd745ba71bf5dc
[debug] &amp#27;[35m[ADB]&amp#27;[39m Signer #1 certificate SHA-1 digest: 61ed377e85d386a8dfee6b864bd85b0bfaa5af81
[debug] &amp#27;[35m[ADB]&amp#27;[39m Signer #1 certificate MD5 digest: e89b158e4bcf988ebd09eb83f5378e87
[debug] &amp#27;[35m[ADB]&amp#27;[39m 
[debug] &amp#27;[35m[ADB]&amp#27;[39m sha256 hash did match for 'appium-uiautomator2-server-debug-androidTest.apk'
&amp#27;[35m[ADB]&amp#27;[39m 'C:\Users\joelv\AppData\Roaming\npm\node_modules\appium\node_modules\appium-uiautomator2-server\apks\appium-uiautomator2-server-debug-androidTest.apk' is signed with the default certificate
&amp#27;[35m[UiAutomator2]&amp#27;[39m Server packages are not going to be (re)installed
[debug] &amp#27;[35m[UiAutomator2]&amp#27;[39m Waiting up to 30000ms for services to be available
[debug] &amp#27;[35m[ADB]&amp#27;[39m Running 'C:\Users\joelv\AppData\Local\Android\Sdk\platform-tools\adb.exe -P 5037 -s emulator-5554 shell pm list instrumentation'
[debug] &amp#27;[35m[UiAutomator2]&amp#27;[39m Instrumentation target 'io.appium.uiautomator2.server.test/androidx.test.runner.AndroidJUnitRunner' is available
&amp#27;[35m[ADB]&amp#27;[39m Adding packages ["io.appium.settings","io.appium.uiautomator2.server","io.appium.uiautomator2.server.test"] to Doze whitelist
[debug] &amp#27;[35m[ADB]&amp#27;[39m Got the following command chunks to execute: [["dumpsys","deviceidle","whitelist","+io.appium.settings",";","dumpsys","deviceidle","whitelist","+io.appium.uiautomator2.server",";","dumpsys","deviceidle","whitelist","+io.appium.uiautomator2.server.test",";"]]
[debug] &amp#27;[35m[ADB]&amp#27;[39m Running 'C:\Users\joelv\AppData\Local\Android\Sdk\platform-tools\adb.exe -P 5037 -s emulator-5554 shell dumpsys deviceidle whitelist +io.appium.settings ; dumpsys deviceidle whitelist +io.appium.uiautomator2.server ; dumpsys deviceidle whitelist +io.appium.uiautomator2.server.test ;'
[debug] &amp#27;[35m[ADB]&amp#27;[39m Checking app cert for C:\Users\joelv\eclipse-workspace2\framework\src\ApiDemos-debug.apk
[debug] &amp#27;[35m[ADB]&amp#27;[39m Starting apksigner: 'C:\\Program Files\\Java\\jdk1.8.0_311\\bin\\java.exe' -Xmx1024M -Xss1m -jar C:\\Users\\joelv\\AppData\\Local\\Android\\Sdk\\build-tools\\32.0.0\\lib\\apksigner.jar verify --print-certs C:\\Users\\joelv\\eclipse-workspace2\\framework\\src\\ApiDemos-debug.apk
[debug] &amp#27;[35m[ADB]&amp#27;[39m apksigner stdout: Signer #1 certificate DN: C=US, O=Android, CN=Android Debug
[debug] &amp#27;[35m[ADB]&amp#27;[39m Signer #1 certificate SHA-256 digest: ff2c1b0d041edb6e32a5f7c190ca9c3e78c4ca2cddbbb76133fc30c40b291e30
[debug] &amp#27;[35m[ADB]&amp#27;[39m Signer #1 certificate SHA-1 digest: b3de7d52e6aa703f166c4ee6e921c2816278c393
[debug] &amp#27;[35m[ADB]&amp#27;[39m Signer #1 certificate MD5 digest: 7dce13e4e43fbe159a70f7a252cb0acf
[debug] &amp#27;[35m[ADB]&amp#27;[39m 
&amp#27;[35m[ADB]&amp#27;[39m 'C:\Users\joelv\eclipse-workspace2\framework\src\ApiDemos-debug.apk' is signed with a non-default certificate
[debug] &amp#27;[35m[ADB]&amp#27;[39m Getting install status for io.appium.android.apis
[debug] &amp#27;[35m[ADB]&amp#27;[39m Running 'C:\Users\joelv\AppData\Local\Android\Sdk\platform-tools\adb.exe -P 5037 -s emulator-5554 shell dumpsys package io.appium.android.apis'
[debug] &amp#27;[35m[ADB]&amp#27;[39m 'io.appium.android.apis' is installed
[debug] &amp#27;[35m[ADB]&amp#27;[39m Getting package info for 'io.appium.android.apis'
[debug] &amp#27;[35m[ADB]&amp#27;[39m Running 'C:\Users\joelv\AppData\Local\Android\Sdk\platform-tools\adb.exe -P 5037 -s emulator-5554 shell dumpsys package io.appium.android.apis'
[debug] &amp#27;[35m[ADB]&amp#27;[39m The version name of the installed 'io.appium.android.apis' is greater or equal to the application version name ('3.3.1' >= '3.3.1')
[debug] &amp#27;[35m[ADB]&amp#27;[39m There is no need to install/upgrade 'C:\Users\joelv\eclipse-workspace2\framework\src\ApiDemos-debug.apk'
&amp#27;[35m[AndroidDriver]&amp#27;[39m Performing fast reset on 'io.appium.android.apis'
[debug] &amp#27;[35m[ADB]&amp#27;[39m Getting install status for io.appium.android.apis
[debug] &amp#27;[35m[ADB]&amp#27;[39m Running 'C:\Users\joelv\AppData\Local\Android\Sdk\platform-tools\adb.exe -P 5037 -s emulator-5554 shell dumpsys package io.appium.android.apis'
[debug] &amp#27;[35m[ADB]&amp#27;[39m 'io.appium.android.apis' is installed
[debug] &amp#27;[35m[ADB]&amp#27;[39m Running 'C:\Users\joelv\AppData\Local\Android\Sdk\platform-tools\adb.exe -P 5037 -s emulator-5554 shell am force-stop io.appium.android.apis'
[debug] &amp#27;[35m[ADB]&amp#27;[39m Running 'C:\Users\joelv\AppData\Local\Android\Sdk\platform-tools\adb.exe -P 5037 -s emulator-5554 shell pm clear io.appium.android.apis'
[debug] &amp#27;[35m[AndroidDriver]&amp#27;[39m Performed fast reset on the installed 'io.appium.android.apis' application (stop and clear)
[debug] &amp#27;[35m[UiAutomator2]&amp#27;[39m Performing shallow cleanup of automation leftovers
[debug] &amp#27;[35m[UiAutomator2]&amp#27;[39m The following obsolete sessions are still running: ["c2364b19-a4b9-4c59-bbfd-59359cbc8353"]
[debug] &amp#27;[35m[UiAutomator2]&amp#27;[39m Cleaning up 1 obsolete session
[debug] &amp#27;[35m[ADB]&amp#27;[39m Running 'C:\Users\joelv\AppData\Local\Android\Sdk\platform-tools\adb.exe -P 5037 -s emulator-5554 shell am force-stop io.appium.uiautomator2.server.test'
&amp#27;[35m[UiAutomator2]&amp#27;[39m Starting UIAutomator2 server 4.27.0
&amp#27;[35m[UiAutomator2]&amp#27;[39m Using UIAutomator2 server from 'C:\Users\joelv\AppData\Roaming\npm\node_modules\appium\node_modules\appium-uiautomator2-server\apks\appium-uiautomator2-server-v4.27.0.apk' and test from 'C:\Users\joelv\AppData\Roaming\npm\node_modules\appium\node_modules\appium-uiautomator2-server\apks\appium-uiautomator2-server-debug-androidTest.apk'
&amp#27;[35m[UiAutomator2]&amp#27;[39m Waiting up to 30000ms for UiAutomator2 to be online...
[debug] &amp#27;[35m[ADB]&amp#27;[39m Creating ADB subprocess with args: ["-P",5037,"-s","emulator-5554","shell","am","instrument","-w","-e","disableAnalytics",true,"io.appium.uiautomator2.server.test/androidx.test.runner.AndroidJUnitRunner"]
[debug] &amp#27;[35m[WD Proxy]&amp#27;[39m Matched '/status' to command name 'getStatus'
[debug] &amp#27;[35m[WD Proxy]&amp#27;[39m Proxying [GET /status] to [GET http://127.0.0.1:8206/wd/hub/status] with no body
&amp#27;[35m[WD Proxy]&amp#27;[39m socket hang up
[debug] &amp#27;[35m[Instrumentation]&amp#27;[39m io.appium.uiautomator2.server.test.AppiumUiAutomator2Server:
[debug] &amp#27;[35m[WD Proxy]&amp#27;[39m Matched '/status' to command name 'getStatus'
[debug] &amp#27;[35m[WD Proxy]&amp#27;[39m Proxying [GET /status] to [GET http://127.0.0.1:8206/wd/hub/status] with no body
&amp#27;[35m[WD Proxy]&amp#27;[39m socket hang up
[debug] &amp#27;[35m[WD Proxy]&amp#27;[39m Matched '/status' to command name 'getStatus'
[debug] &amp#27;[35m[WD Proxy]&amp#27;[39m Proxying [GET /status] to [GET http://127.0.0.1:8206/wd/hub/status] with no body
[debug] &amp#27;[35m[WD Proxy]&amp#27;[39m Got response with status 200: {"sessionId":"None","value":{"message":"UiAutomator2 Server is ready to accept commands","ready":true}}
[debug] &amp#27;[35m[UiAutomator2]&amp#27;[39m The initialization of the instrumentation process took 2088ms
[debug] &amp#27;[35m[WD Proxy]&amp#27;[39m Matched '/session' to command name 'createSession'
[debug] &amp#27;[35m[WD Proxy]&amp#27;[39m Proxying [POST /session] to [POST http://127.0.0.1:8206/wd/hub/session] with body: {"capabilities":{"firstMatch":[{"platform":"LINUX","webStorageEnabled":false,"takesScreenshot":true,"javascriptEnabled":true,"databaseEnabled":false,"networkConnectionEnabled":true,"locationContextEnabled":false,"warnings":{},"desired":{"platformName":"android","app":"C:\\Users\\joelv\\eclipse-workspace2\\framework\\src\\ApiDemos-debug.apk","chromeOptions":{"w3c":false},"automationName":"uiautomator2","avd":"emulator1","deviceName":"emulator1"},"platformName":"android","app":"C:\\Users\\joelv\\eclipse-workspace2\\framework\\src\\ApiDemos-debug.apk","chromeOptions":{"w3c":false},"automationName":"uiautomator2","avd":"emulator1","deviceName":"emulator-5554","deviceUDID":"emulator-5554","appPackage":"io.appium.android.apis"}],"alwaysMatch":{}}}
[debug] &amp#27;[35m[WD Proxy]&amp#27;[39m Got response with status 200: {"sessionId":"062ea97d-1774-4866-a8f3-cec8bb68279d","value":{"capabilities":{"firstMatch":[{"platform":"LINUX","webStorageEnabled":false,"takesScreenshot":true,"javascriptEnabled":true,"databaseEnabled":false,"networkConnectionEnabled":true,"locationContextEnabled":false,"warnings":{},"desired":{"platformName":"android","app":"C:\\Users\\joelv\\eclipse-workspace2\\framework\\src\\ApiDemos-debug.apk","chromeOptions":{"w3c":false},"automationName":"uiautomator2","avd":"emulator1","deviceName":"emulator1"},"platformName":"android","app":"C:\\Users\\joelv\\eclipse-workspace2\\framework\\src\\ApiDemos-debug.apk","chromeOptions":{"w3c":false},"automationName":"uiautomator2","avd":"emulator1","deviceName":"emulator-5554","deviceUDID":"emulator-5554","appPackage":"io.appium.android.apis"}],"alwaysMatch":{}},"sessionId":"062ea97d-1774-4866-a8f3-cec8bb68279d"}}
&amp#27;[35m[WD Proxy]&amp#27;[39m Determined the downstream protocol as 'W3C'
[debug] &amp#27;[35m[WD Proxy]&amp#27;[39m Proxying [GET /appium/device/info] to [GET http://127.0.0.1:8206/wd/hub/session/062ea97d-1774-4866-a8f3-cec8bb68279d/appium/device/info] with no body
[debug] &amp#27;[35m[WD Proxy]&amp#27;[39m Got response with status 200: {"sessionId":"062ea97d-1774-4866-a8f3-cec8bb68279d","value":{"androidId":"36aa52b107025819","apiVersion":"30","bluetooth":{"state":"ON"},"brand":"Android","carrierName":"Android","displayDensity":560,"locale":"en_US","manufacturer":"unknown","model":"Android SDK built for x86","networks":[{"capabilities":{"SSID":null,"linkDownBandwidthKbps":30000,"linkUpstreamBandwidthKbps":15000,"networkCapabilities":"NET_CAPABILITY_MMS,NET_CAPABILITY_SUPL,NET_CAPABILITY_DUN,NET_CAPABILITY_FOTA,NET_CAPABILITY_IMS,NET_CAPABILITY_CBS,NET_CAPABILITY_INTERNET,NET_CAPABILITY_NOT_RESTRICTED,NET_CAPABILITY_TRUSTED,NET_CAPABILITY_NOT_VPN,NET_CAPABILITY_VALIDATED,NET_CAPABILITY_NOT_ROAMING,NET_CAPABILITY_NOT_CONGESTED,NET_CAPABILITY_NOT_SUSPENDED","signalStrength":-2147483648,"transportTypes":"TRANSPORT_CELLULAR"},"detailedState":"CONNECTED","extraInfo":"epc.tmobile.com","isAvailable":true,"isConnected":true,"isFailover":false,"isRoaming":false,"state":"CONNECTED","subtype":13,"subtypeName":"LTE","type":0,"typeName":"MOBILE"},{"ca...
[debug] &amp#27;[35m[ADB]&amp#27;[39m Running 'C:\Users\joelv\AppData\Local\Android\Sdk\platform-tools\adb.exe -P 5037 -s emulator-5554 shell dumpsys window'
&amp#27;[35m[AndroidDriver]&amp#27;[39m Screen already unlocked, doing nothing
&amp#27;[35m[UiAutomator2]&amp#27;[39m Starting 'io.appium.android.apis/io.appium.android.apis.ApiDemos and waiting for 'io.appium.android.apis/io.appium.android.apis.ApiDemos'
[debug] &amp#27;[35m[ADB]&amp#27;[39m Running 'C:\Users\joelv\AppData\Local\Android\Sdk\platform-tools\adb.exe -P 5037 -s emulator-5554 shell am start -W -n io.appium.android.apis/io.appium.android.apis.ApiDemos -S -a android.intent.action.MAIN -c android.intent.category.LAUNCHER -f 0x10200000'
[debug] &amp#27;[35m[ADB]&amp#27;[39m Waiting up to 20000ms for activity matching pkg: 'io.appium.android.apis' and activity: 'io.appium.android.apis.ApiDemos' to be focused
[debug] &amp#27;[35m[ADB]&amp#27;[39m Possible activities, to be checked: 'io.appium.android.apis.ApiDemos', 'io.appium.android.apis.io.appium.android.apis.ApiDemos'
[debug] &amp#27;[35m[ADB]&amp#27;[39m Getting focused package and activity
[debug] &amp#27;[35m[ADB]&amp#27;[39m Running 'C:\Users\joelv\AppData\Local\Android\Sdk\platform-tools\adb.exe -P 5037 -s emulator-5554 shell dumpsys window displays'
[debug] &amp#27;[35m[ADB]&amp#27;[39m Found package: 'io.appium.android.apis' and fully qualified activity name : 'io.appium.android.apis.ApiDemos'
[debug] &amp#27;[35m[WD Proxy]&amp#27;[39m Proxying [GET /appium/device/pixel_ratio] to [GET http://127.0.0.1:8206/wd/hub/session/062ea97d-1774-4866-a8f3-cec8bb68279d/appium/device/pixel_ratio] with no body
[debug] &amp#27;[35m[WD Proxy]&amp#27;[39m Got response with status 200: {"sessionId":"062ea97d-1774-4866-a8f3-cec8bb68279d","value":3.5}
[debug] &amp#27;[35m[WD Proxy]&amp#27;[39m Matched '/appium/device/system_bars' to command name 'getSystemBars'
[debug] &amp#27;[35m[WD Proxy]&amp#27;[39m Proxying [GET /appium/device/system_bars] to [GET http://127.0.0.1:8206/wd/hub/session/062ea97d-1774-4866-a8f3-cec8bb68279d/appium/device/system_bars] with no body
[debug] &amp#27;[35m[WD Proxy]&amp#27;[39m Got response with status 200: {"sessionId":"062ea97d-1774-4866-a8f3-cec8bb68279d","value":{"statusBar":84}}
[debug] &amp#27;[35m[WD Proxy]&amp#27;[39m Matched '/window/current/size' to command name 'getWindowSize'
[debug] &amp#27;[35m[WD Proxy]&amp#27;[39m Proxying [GET /window/current/size] to [GET http://127.0.0.1:8206/wd/hub/session/062ea97d-1774-4866-a8f3-cec8bb68279d/window/current/size] with no body
[debug] &amp#27;[35m[WD Proxy]&amp#27;[39m Got response with status 200: {"sessionId":"062ea97d-1774-4866-a8f3-cec8bb68279d","value":{"height":2712,"width":1440}}
&amp#27;[35m[Appium]&amp#27;[39m New AndroidUiautomator2Driver session created successfully, session 9b0a95b6-c97f-4b57-90da-b4ea59049ab0 added to master session list
[debug] &amp#27;[35m[BaseDriver]&amp#27;[39m Event 'newSessionStarted' logged at 1642249870460 (18:01:10 GMT+0530 (India Standard Time))
[debug] &amp#27;[35m[W3C (9b0a95b6)]&amp#27;[39m Cached the protocol value 'W3C' for the new session 9b0a95b6-c97f-4b57-90da-b4ea59049ab0
[debug] &amp#27;[35m[W3C (9b0a95b6)]&amp#27;[39m Responding to client with driver.createSession() result: {"capabilities":{"platform":"LINUX","webStorageEnabled":false,"takesScreenshot":true,"javascriptEnabled":true,"databaseEnabled":false,"networkConnectionEnabled":true,"locationContextEnabled":false,"warnings":{},"desired":{"platformName":"android","app":"C:\\Users\\joelv\\eclipse-workspace2\\framework\\src\\ApiDemos-debug.apk","chromeOptions":{"w3c":false},"automationName":"uiautomator2","avd":"emulator1","deviceName":"emulator1"},"platformName":"android","app":"C:\\Users\\joelv\\eclipse-workspace2\\framework\\src\\ApiDemos-debug.apk","chromeOptions":{"w3c":false},"automationName":"uiautomator2","avd":"emulator1","deviceName":"emulator-5554","deviceUDID":"emulator-5554","appPackage":"io.appium.android.apis","deviceApiLevel":30,"platformVersion":"11","deviceScreenSize":"1440x2880","deviceScreenDensity":560,"deviceModel":"Android SDK built for x86","deviceManufacturer":"unknown","pixelRatio":3.5,"statBarHeight":84,"viewportRect":{"left":0,"top":84,"width":1440,"height":2628}}}
&amp#27;[35m[HTTP]&amp#27;[39m &amp#27;[37m<-- POST /wd/hub/session &amp#27;[39m&amp#27;[32m200&amp#27;[39m &amp#27;[90m6621 ms - 1049&amp#27;[39m
&amp#27;[35m[HTTP]&amp#27;[39m &amp#27;[90m&amp#27;[39m
&amp#27;[35m[HTTP]&amp#27;[39m &amp#27;[37m-->&amp#27;[39m &amp#27;[37mPOST&amp#27;[39m &amp#27;[37m/wd/hub/session/9b0a95b6-c97f-4b57-90da-b4ea59049ab0/timeouts&amp#27;[39m
&amp#27;[35m[HTTP]&amp#27;[39m &amp#27;[90m{"implicit":10000}&amp#27;[39m
[debug] &amp#27;[35m[W3C (9b0a95b6)]&amp#27;[39m Calling AppiumDriver.timeouts() with args: [null,null,null,null,10000,"9b0a95b6-c97f-4b57-90da-b4ea59049ab0"]
[debug] &amp#27;[35m[BaseDriver]&amp#27;[39m W3C timeout argument: {"implicit":10000}}
[debug] &amp#27;[35m[BaseDriver]&amp#27;[39m Set implicit wait to 10000ms
[debug] &amp#27;[35m[W3C (9b0a95b6)]&amp#27;[39m Responding to client with driver.timeouts() result: null
&amp#27;[35m[HTTP]&amp#27;[39m &amp#27;[37m<-- POST /wd/hub/session/9b0a95b6-c97f-4b57-90da-b4ea59049ab0/timeouts &amp#27;[39m&amp#27;[32m200&amp#27;[39m &amp#27;[90m2 ms - 14&amp#27;[39m
&amp#27;[35m[HTTP]&amp#27;[39m &amp#27;[90m&amp#27;[39m
&amp#27;[35m[HTTP]&amp#27;[39m &amp#27;[37m-->&amp#27;[39m &amp#27;[37mPOST&amp#27;[39m &amp#27;[37m/wd/hub/session/9b0a95b6-c97f-4b57-90da-b4ea59049ab0/element&amp#27;[39m
&amp#27;[35m[HTTP]&amp#27;[39m &amp#27;[90m{"using":"xpath","value":"//*[@text='Preference']"}&amp#27;[39m
[debug] &amp#27;[35m[W3C (9b0a95b6)]&amp#27;[39m Calling AppiumDriver.findElement() with args: ["xpath","//*[@text='Preference']","9b0a95b6-c97f-4b57-90da-b4ea59049ab0"]
[debug] &amp#27;[35m[BaseDriver]&amp#27;[39m Valid locator strategies for this request: xpath, id, class name, accessibility id, css selector, -android uiautomator
[debug] &amp#27;[35m[BaseDriver]&amp#27;[39m Waiting up to 10000 ms for condition
[debug] &amp#27;[35m[WD Proxy]&amp#27;[39m Matched '/element' to command name 'findElement'
[debug] &amp#27;[35m[WD Proxy]&amp#27;[39m Proxying [POST /element] to [POST http://127.0.0.1:8206/wd/hub/session/062ea97d-1774-4866-a8f3-cec8bb68279d/element] with body: {"strategy":"xpath","selector":"//*[@text='Preference']","context":"","multiple":false}
[debug] &amp#27;[35m[WD Proxy]&amp#27;[39m Got response with status 200: {"sessionId":"062ea97d-1774-4866-a8f3-cec8bb68279d","value":{"ELEMENT":"00000000-0000-02d2-ffff-ffff00000012","element-6066-11e4-a52e-4f735466cecf":"00000000-0000-02d2-ffff-ffff00000012"}}
[debug] &amp#27;[35m[W3C (9b0a95b6)]&amp#27;[39m Responding to client with driver.findElement() result: {"element-6066-11e4-a52e-4f735466cecf":"00000000-0000-02d2-ffff-ffff00000012","ELEMENT":"00000000-0000-02d2-ffff-ffff00000012"}
&amp#27;[35m[HTTP]&amp#27;[39m &amp#27;[37m<-- POST /wd/hub/session/9b0a95b6-c97f-4b57-90da-b4ea59049ab0/element &amp#27;[39m&amp#27;[32m200&amp#27;[39m &amp#27;[90m786 ms - 137&amp#27;[39m
&amp#27;[35m[HTTP]&amp#27;[39m &amp#27;[90m&amp#27;[39m
&amp#27;[35m[HTTP]&amp#27;[39m &amp#27;[37m-->&amp#27;[39m &amp#27;[37mPOST&amp#27;[39m &amp#27;[37m/wd/hub/session/9b0a95b6-c97f-4b57-90da-b4ea59049ab0/element/00000000-0000-02d2-ffff-ffff00000012/click&amp#27;[39m
&amp#27;[35m[HTTP]&amp#27;[39m &amp#27;[90m{"id":"00000000-0000-02d2-ffff-ffff00000012"}&amp#27;[39m
[debug] &amp#27;[35m[W3C (9b0a95b6)]&amp#27;[39m Calling AppiumDriver.click() with args: ["00000000-0000-02d2-ffff-ffff00000012","9b0a95b6-c97f-4b57-90da-b4ea59049ab0"]
[debug] &amp#27;[35m[WD Proxy]&amp#27;[39m Matched '/element/00000000-0000-02d2-ffff-ffff00000012/click' to command name 'click'
[debug] &amp#27;[35m[WD Proxy]&amp#27;[39m Proxying [POST /element/00000000-0000-02d2-ffff-ffff00000012/click] to [POST http://127.0.0.1:8206/wd/hub/session/062ea97d-1774-4866-a8f3-cec8bb68279d/element/00000000-0000-02d2-ffff-ffff00000012/click] with body: {"element":"00000000-0000-02d2-ffff-ffff00000012"}
[debug] &amp#27;[35m[WD Proxy]&amp#27;[39m Got response with status 200: {"sessionId":"062ea97d-1774-4866-a8f3-cec8bb68279d","value":null}
[debug] &amp#27;[35m[W3C (9b0a95b6)]&amp#27;[39m Responding to client with driver.click() result: null
&amp#27;[35m[HTTP]&amp#27;[39m &amp#27;[37m<-- POST /wd/hub/session/9b0a95b6-c97f-4b57-90da-b4ea59049ab0/element/00000000-0000-02d2-ffff-ffff00000012/click &amp#27;[39m&amp#27;[32m200&amp#27;[39m &amp#27;[90m791 ms - 14&amp#27;[39m
&amp#27;[35m[HTTP]&amp#27;[39m &amp#27;[90m&amp#27;[39m
&amp#27;[35m[HTTP]&amp#27;[39m &amp#27;[37m-->&amp#27;[39m &amp#27;[37mPOST&amp#27;[39m &amp#27;[37m/wd/hub/session/9b0a95b6-c97f-4b57-90da-b4ea59049ab0/element&amp#27;[39m
&amp#27;[35m[HTTP]&amp#27;[39m &amp#27;[90m{"using":"-android uiautomator","value":"text(\"3. Preference dependencies\")"}&amp#27;[39m
[debug] &amp#27;[35m[W3C (9b0a95b6)]&amp#27;[39m Calling AppiumDriver.findElement() with args: ["-android uiautomator","text(\"3. Preference dependencies\")","9b0a95b6-c97f-4b57-90da-b4ea59049ab0"]
[debug] &amp#27;[35m[BaseDriver]&amp#27;[39m Valid locator strategies for this request: xpath, id, class name, accessibility id, css selector, -android uiautomator
[debug] &amp#27;[35m[BaseDriver]&amp#27;[39m Waiting up to 10000 ms for condition
[debug] &amp#27;[35m[WD Proxy]&amp#27;[39m Matched '/element' to command name 'findElement'
[debug] &amp#27;[35m[WD Proxy]&amp#27;[39m Proxying [POST /element] to [POST http://127.0.0.1:8206/wd/hub/session/062ea97d-1774-4866-a8f3-cec8bb68279d/element] with body: {"strategy":"-android uiautomator","selector":"text(\"3. Preference dependencies\")","context":"","multiple":false}
[debug] &amp#27;[35m[WD Proxy]&amp#27;[39m Got response with status 200: {"sessionId":"062ea97d-1774-4866-a8f3-cec8bb68279d","value":{"ELEMENT":"00000000-0000-02d3-ffff-ffff00000021","element-6066-11e4-a52e-4f735466cecf":"00000000-0000-02d3-ffff-ffff00000021"}}
[debug] &amp#27;[35m[W3C (9b0a95b6)]&amp#27;[39m Responding to client with driver.findElement() result: {"element-6066-11e4-a52e-4f735466cecf":"00000000-0000-02d3-ffff-ffff00000021","ELEMENT":"00000000-0000-02d3-ffff-ffff00000021"}
&amp#27;[35m[HTTP]&amp#27;[39m &amp#27;[37m<-- POST /wd/hub/session/9b0a95b6-c97f-4b57-90da-b4ea59049ab0/element &amp#27;[39m&amp#27;[32m200&amp#27;[39m &amp#27;[90m23 ms - 137&amp#27;[39m
&amp#27;[35m[HTTP]&amp#27;[39m &amp#27;[90m&amp#27;[39m
&amp#27;[35m[HTTP]&amp#27;[39m &amp#27;[37m-->&amp#27;[39m &amp#27;[37mPOST&amp#27;[39m &amp#27;[37m/wd/hub/session/9b0a95b6-c97f-4b57-90da-b4ea59049ab0/element/00000000-0000-02d3-ffff-ffff00000021/click&amp#27;[39m
&amp#27;[35m[HTTP]&amp#27;[39m &amp#27;[90m{"id":"00000000-0000-02d3-ffff-ffff00000021"}&amp#27;[39m
[debug] &amp#27;[35m[W3C (9b0a95b6)]&amp#27;[39m Calling AppiumDriver.click() with args: ["00000000-0000-02d3-ffff-ffff00000021","9b0a95b6-c97f-4b57-90da-b4ea59049ab0"]
[debug] &amp#27;[35m[WD Proxy]&amp#27;[39m Matched '/element/00000000-0000-02d3-ffff-ffff00000021/click' to command name 'click'
[debug] &amp#27;[35m[WD Proxy]&amp#27;[39m Proxying [POST /element/00000000-0000-02d3-ffff-ffff00000021/click] to [POST http://127.0.0.1:8206/wd/hub/session/062ea97d-1774-4866-a8f3-cec8bb68279d/element/00000000-0000-02d3-ffff-ffff00000021/click] with body: {"element":"00000000-0000-02d3-ffff-ffff00000021"}
[debug] &amp#27;[35m[WD Proxy]&amp#27;[39m Got response with status 200: {"sessionId":"062ea97d-1774-4866-a8f3-cec8bb68279d","value":null}
[debug] &amp#27;[35m[W3C (9b0a95b6)]&amp#27;[39m Responding to client with driver.click() result: null
&amp#27;[35m[HTTP]&amp#27;[39m &amp#27;[37m<-- POST /wd/hub/session/9b0a95b6-c97f-4b57-90da-b4ea59049ab0/element/00000000-0000-02d3-ffff-ffff00000021/click &amp#27;[39m&amp#27;[32m200&amp#27;[39m &amp#27;[90m819 ms - 14&amp#27;[39m
&amp#27;[35m[HTTP]&amp#27;[39m &amp#27;[90m&amp#27;[39m
&amp#27;[35m[HTTP]&amp#27;[39m &amp#27;[37m-->&amp#27;[39m &amp#27;[37mPOST&amp#27;[39m &amp#27;[37m/wd/hub/session/9b0a95b6-c97f-4b57-90da-b4ea59049ab0/element&amp#27;[39m
&amp#27;[35m[HTTP]&amp#27;[39m &amp#27;[90m{"using":"id","value":"android:id/checkbox"}&amp#27;[39m
[debug] &amp#27;[35m[W3C (9b0a95b6)]&amp#27;[39m Calling AppiumDriver.findElement() with args: ["id","android:id/checkbox","9b0a95b6-c97f-4b57-90da-b4ea59049ab0"]
[debug] &amp#27;[35m[BaseDriver]&amp#27;[39m Valid locator strategies for this request: xpath, id, class name, accessibility id, css selector, -android uiautomator
[debug] &amp#27;[35m[BaseDriver]&amp#27;[39m Waiting up to 10000 ms for condition
[debug] &amp#27;[35m[WD Proxy]&amp#27;[39m Matched '/element' to command name 'findElement'
[debug] &amp#27;[35m[WD Proxy]&amp#27;[39m Proxying [POST /element] to [POST http://127.0.0.1:8206/wd/hub/session/062ea97d-1774-4866-a8f3-cec8bb68279d/element] with body: {"strategy":"id","selector":"android:id/checkbox","context":"","multiple":false}
[debug] &amp#27;[35m[WD Proxy]&amp#27;[39m Got response with status 200: {"sessionId":"062ea97d-1774-4866-a8f3-cec8bb68279d","value":{"ELEMENT":"00000000-0000-02d4-ffff-ffff00000044","element-6066-11e4-a52e-4f735466cecf":"00000000-0000-02d4-ffff-ffff00000044"}}
[debug] &amp#27;[35m[W3C (9b0a95b6)]&amp#27;[39m Responding to client with driver.findElement() result: {"element-6066-11e4-a52e-4f735466cecf":"00000000-0000-02d4-ffff-ffff00000044","ELEMENT":"00000000-0000-02d4-ffff-ffff00000044"}
&amp#27;[35m[HTTP]&amp#27;[39m &amp#27;[37m<-- POST /wd/hub/session/9b0a95b6-c97f-4b57-90da-b4ea59049ab0/element &amp#27;[39m&amp#27;[32m200&amp#27;[39m &amp#27;[90m18 ms - 137&amp#27;[39m
&amp#27;[35m[HTTP]&amp#27;[39m &amp#27;[90m&amp#27;[39m
&amp#27;[35m[HTTP]&amp#27;[39m &amp#27;[37m-->&amp#27;[39m &amp#27;[37mPOST&amp#27;[39m &amp#27;[37m/wd/hub/session/9b0a95b6-c97f-4b57-90da-b4ea59049ab0/element/00000000-0000-02d4-ffff-ffff00000044/click&amp#27;[39m
&amp#27;[35m[HTTP]&amp#27;[39m &amp#27;[90m{"id":"00000000-0000-02d4-ffff-ffff00000044"}&amp#27;[39m
[debug] &amp#27;[35m[W3C (9b0a95b6)]&amp#27;[39m Calling AppiumDriver.click() with args: ["00000000-0000-02d4-ffff-ffff00000044","9b0a95b6-c97f-4b57-90da-b4ea59049ab0"]
[debug] &amp#27;[35m[WD Proxy]&amp#27;[39m Matched '/element/00000000-0000-02d4-ffff-ffff00000044/click' to command name 'click'
[debug] &amp#27;[35m[WD Proxy]&amp#27;[39m Proxying [POST /element/00000000-0000-02d4-ffff-ffff00000044/click] to [POST http://127.0.0.1:8206/wd/hub/session/062ea97d-1774-4866-a8f3-cec8bb68279d/element/00000000-0000-02d4-ffff-ffff00000044/click] with body: {"element":"00000000-0000-02d4-ffff-ffff00000044"}
[debug] &amp#27;[35m[WD Proxy]&amp#27;[39m Got response with status 200: {"sessionId":"062ea97d-1774-4866-a8f3-cec8bb68279d","value":null}
[debug] &amp#27;[35m[W3C (9b0a95b6)]&amp#27;[39m Responding to client with driver.click() result: null
&amp#27;[35m[HTTP]&amp#27;[39m &amp#27;[37m<-- POST /wd/hub/session/9b0a95b6-c97f-4b57-90da-b4ea59049ab0/element/00000000-0000-02d4-ffff-ffff00000044/click &amp#27;[39m&amp#27;[32m200&amp#27;[39m &amp#27;[90m626 ms - 14&amp#27;[39m
&amp#27;[35m[HTTP]&amp#27;[39m &amp#27;[90m&amp#27;[39m
&amp#27;[35m[HTTP]&amp#27;[39m &amp#27;[37m-->&amp#27;[39m &amp#27;[37mPOST&amp#27;[39m &amp#27;[37m/wd/hub/session/9b0a95b6-c97f-4b57-90da-b4ea59049ab0/element&amp#27;[39m
&amp#27;[35m[HTTP]&amp#27;[39m &amp#27;[90m{"using":"xpath","value":"//*[@text='WiFi settings']"}&amp#27;[39m
[debug] &amp#27;[35m[W3C (9b0a95b6)]&amp#27;[39m Calling AppiumDriver.findElement() with args: ["xpath","//*[@text='WiFi settings']","9b0a95b6-c97f-4b57-90da-b4ea59049ab0"]
[debug] &amp#27;[35m[BaseDriver]&amp#27;[39m Valid locator strategies for this request: xpath, id, class name, accessibility id, css selector, -android uiautomator
[debug] &amp#27;[35m[BaseDriver]&amp#27;[39m Waiting up to 10000 ms for condition
[debug] &amp#27;[35m[WD Proxy]&amp#27;[39m Matched '/element' to command name 'findElement'
[debug] &amp#27;[35m[WD Proxy]&amp#27;[39m Proxying [POST /element] to [POST http://127.0.0.1:8206/wd/hub/session/062ea97d-1774-4866-a8f3-cec8bb68279d/element] with body: {"strategy":"xpath","selector":"//*[@text='WiFi settings']","context":"","multiple":false}
[debug] &amp#27;[35m[WD Proxy]&amp#27;[39m Got response with status 200: {"sessionId":"062ea97d-1774-4866-a8f3-cec8bb68279d","value":{"ELEMENT":"00000000-0000-02d4-ffff-ffff00000049","element-6066-11e4-a52e-4f735466cecf":"00000000-0000-02d4-ffff-ffff00000049"}}
[debug] &amp#27;[35m[W3C (9b0a95b6)]&amp#27;[39m Responding to client with driver.findElement() result: {"element-6066-11e4-a52e-4f735466cecf":"00000000-0000-02d4-ffff-ffff00000049","ELEMENT":"00000000-0000-02d4-ffff-ffff00000049"}
&amp#27;[35m[HTTP]&amp#27;[39m &amp#27;[37m<-- POST /wd/hub/session/9b0a95b6-c97f-4b57-90da-b4ea59049ab0/element &amp#27;[39m&amp#27;[32m200&amp#27;[39m &amp#27;[90m40 ms - 137&amp#27;[39m
&amp#27;[35m[HTTP]&amp#27;[39m &amp#27;[90m&amp#27;[39m
&amp#27;[35m[HTTP]&amp#27;[39m &amp#27;[37m-->&amp#27;[39m &amp#27;[37mPOST&amp#27;[39m &amp#27;[37m/wd/hub/session/9b0a95b6-c97f-4b57-90da-b4ea59049ab0/element/00000000-0000-02d4-ffff-ffff00000049/click&amp#27;[39m
&amp#27;[35m[HTTP]&amp#27;[39m &amp#27;[90m{"id":"00000000-0000-02d4-ffff-ffff00000049"}&amp#27;[39m
[debug] &amp#27;[35m[W3C (9b0a95b6)]&amp#27;[39m Calling AppiumDriver.click() with args: ["00000000-0000-02d4-ffff-ffff00000049","9b0a95b6-c97f-4b57-90da-b4ea59049ab0"]
[debug] &amp#27;[35m[WD Proxy]&amp#27;[39m Matched '/element/00000000-0000-02d4-ffff-ffff00000049/click' to command name 'click'
[debug] &amp#27;[35m[WD Proxy]&amp#27;[39m Proxying [POST /element/00000000-0000-02d4-ffff-ffff00000049/click] to [POST http://127.0.0.1:8206/wd/hub/session/062ea97d-1774-4866-a8f3-cec8bb68279d/element/00000000-0000-02d4-ffff-ffff00000049/click] with body: {"element":"00000000-0000-02d4-ffff-ffff00000049"}
[debug] &amp#27;[35m[WD Proxy]&amp#27;[39m Got response with status 200: {"sessionId":"062ea97d-1774-4866-a8f3-cec8bb68279d","value":null}
[debug] &amp#27;[35m[W3C (9b0a95b6)]&amp#27;[39m Responding to client with driver.click() result: null
&amp#27;[35m[HTTP]&amp#27;[39m &amp#27;[37m<-- POST /wd/hub/session/9b0a95b6-c97f-4b57-90da-b4ea59049ab0/element/00000000-0000-02d4-ffff-ffff00000049/click &amp#27;[39m&amp#27;[32m200&amp#27;[39m &amp#27;[90m633 ms - 14&amp#27;[39m
&amp#27;[35m[HTTP]&amp#27;[39m &amp#27;[90m&amp#27;[39m
&amp#27;[35m[HTTP]&amp#27;[39m &amp#27;[37m-->&amp#27;[39m &amp#27;[37mPOST&amp#27;[39m &amp#27;[37m/wd/hub/session/9b0a95b6-c97f-4b57-90da-b4ea59049ab0/element&amp#27;[39m
&amp#27;[35m[HTTP]&amp#27;[39m &amp#27;[90m{"using":"id","value":"android:id/edit"}&amp#27;[39m
[debug] &amp#27;[35m[W3C (9b0a95b6)]&amp#27;[39m Calling AppiumDriver.findElement() with args: ["id","android:id/edit","9b0a95b6-c97f-4b57-90da-b4ea59049ab0"]
[debug] &amp#27;[35m[BaseDriver]&amp#27;[39m Valid locator strategies for this request: xpath, id, class name, accessibility id, css selector, -android uiautomator
[debug] &amp#27;[35m[BaseDriver]&amp#27;[39m Waiting up to 10000 ms for condition
[debug] &amp#27;[35m[WD Proxy]&amp#27;[39m Matched '/element' to command name 'findElement'
[debug] &amp#27;[35m[WD Proxy]&amp#27;[39m Proxying [POST /element] to [POST http://127.0.0.1:8206/wd/hub/session/062ea97d-1774-4866-a8f3-cec8bb68279d/element] with body: {"strategy":"id","selector":"android:id/edit","context":"","multiple":false}
[debug] &amp#27;[35m[WD Proxy]&amp#27;[39m Got response with status 200: {"sessionId":"062ea97d-1774-4866-a8f3-cec8bb68279d","value":{"ELEMENT":"00000000-0000-02d5-ffff-ffff0000005f","element-6066-11e4-a52e-4f735466cecf":"00000000-0000-02d5-ffff-ffff0000005f"}}
[debug] &amp#27;[35m[W3C (9b0a95b6)]&amp#27;[39m Responding to client with driver.findElement() result: {"element-6066-11e4-a52e-4f735466cecf":"00000000-0000-02d5-ffff-ffff0000005f","ELEMENT":"00000000-0000-02d5-ffff-ffff0000005f"}
&amp#27;[35m[HTTP]&amp#27;[39m &amp#27;[37m<-- POST /wd/hub/session/9b0a95b6-c97f-4b57-90da-b4ea59049ab0/element &amp#27;[39m&amp#27;[32m200&amp#27;[39m &amp#27;[90m19 ms - 137&amp#27;[39m
&amp#27;[35m[HTTP]&amp#27;[39m &amp#27;[90m&amp#27;[39m
&amp#27;[35m[HTTP]&amp#27;[39m &amp#27;[37m-->&amp#27;[39m &amp#27;[37mPOST&amp#27;[39m &amp#27;[37m/wd/hub/session/9b0a95b6-c97f-4b57-90da-b4ea59049ab0/element/00000000-0000-02d5-ffff-ffff0000005f/value&amp#27;[39m
&amp#27;[35m[HTTP]&amp#27;[39m &amp#27;[90m{"id":"00000000-0000-02d5-ffff-ffff0000005f","text":"Password","value":["P","a","s","s","w","o","r","d"]}&amp#27;[39m
[debug] &amp#27;[35m[W3C (9b0a95b6)]&amp#27;[39m Calling AppiumDriver.setValue() with args: [["P","a","s","s","w","o","r","d"],"00000000-0000-02d5-ffff-ffff0000005f","9b0a95b6-c97f-4b57-90da-b4ea59049ab0"]
[debug] &amp#27;[35m[WD Proxy]&amp#27;[39m Matched '/element/00000000-0000-02d5-ffff-ffff0000005f/value' to command name 'setValue'
[debug] &amp#27;[35m[Protocol Converter]&amp#27;[39m Added 'value' property ["P","a","s","s","w","o","r","d"] to 'setValue' request body
[debug] &amp#27;[35m[WD Proxy]&amp#27;[39m Proxying [POST /element/00000000-0000-02d5-ffff-ffff0000005f/value] to [POST http://127.0.0.1:8206/wd/hub/session/062ea97d-1774-4866-a8f3-cec8bb68279d/element/00000000-0000-02d5-ffff-ffff0000005f/value] with body: {"elementId":"00000000-0000-02d5-ffff-ffff0000005f","text":"Password","replace":false,"value":["P","a","s","s","w","o","r","d"]}
[debug] &amp#27;[35m[WD Proxy]&amp#27;[39m Got response with status 200: {"sessionId":"062ea97d-1774-4866-a8f3-cec8bb68279d","value":null}
[debug] &amp#27;[35m[W3C (9b0a95b6)]&amp#27;[39m Responding to client with driver.setValue() result: null
&amp#27;[35m[HTTP]&amp#27;[39m &amp#27;[37m<-- POST /wd/hub/session/9b0a95b6-c97f-4b57-90da-b4ea59049ab0/element/00000000-0000-02d5-ffff-ffff0000005f/value &amp#27;[39m&amp#27;[32m200&amp#27;[39m &amp#27;[90m19 ms - 14&amp#27;[39m
&amp#27;[35m[HTTP]&amp#27;[39m &amp#27;[90m&amp#27;[39m
&amp#27;[35m[HTTP]&amp#27;[39m &amp#27;[37m-->&amp#27;[39m &amp#27;[37mPOST&amp#27;[39m &amp#27;[37m/wd/hub/session/9b0a95b6-c97f-4b57-90da-b4ea59049ab0/element&amp#27;[39m
&amp#27;[35m[HTTP]&amp#27;[39m &amp#27;[90m{"using":"id","value":"android:id/button1"}&amp#27;[39m
[debug] &amp#27;[35m[W3C (9b0a95b6)]&amp#27;[39m Calling AppiumDriver.findElement() with args: ["id","android:id/button1","9b0a95b6-c97f-4b57-90da-b4ea59049ab0"]
[debug] &amp#27;[35m[BaseDriver]&amp#27;[39m Valid locator strategies for this request: xpath, id, class name, accessibility id, css selector, -android uiautomator
[debug] &amp#27;[35m[BaseDriver]&amp#27;[39m Waiting up to 10000 ms for condition
[debug] &amp#27;[35m[WD Proxy]&amp#27;[39m Matched '/element' to command name 'findElement'
[debug] &amp#27;[35m[WD Proxy]&amp#27;[39m Proxying [POST /element] to [POST http://127.0.0.1:8206/wd/hub/session/062ea97d-1774-4866-a8f3-cec8bb68279d/element] with body: {"strategy":"id","selector":"android:id/button1","context":"","multiple":false}
[debug] &amp#27;[35m[WD Proxy]&amp#27;[39m Got response with status 200: {"sessionId":"062ea97d-1774-4866-a8f3-cec8bb68279d","value":{"ELEMENT":"00000000-0000-02d5-ffff-ffff00000065","element-6066-11e4-a52e-4f735466cecf":"00000000-0000-02d5-ffff-ffff00000065"}}
[debug] &amp#27;[35m[W3C (9b0a95b6)]&amp#27;[39m Responding to client with driver.findElement() result: {"element-6066-11e4-a52e-4f735466cecf":"00000000-0000-02d5-ffff-ffff00000065","ELEMENT":"00000000-0000-02d5-ffff-ffff00000065"}
&amp#27;[35m[HTTP]&amp#27;[39m &amp#27;[37m<-- POST /wd/hub/session/9b0a95b6-c97f-4b57-90da-b4ea59049ab0/element &amp#27;[39m&amp#27;[32m200&amp#27;[39m &amp#27;[90m501 ms - 137&amp#27;[39m
&amp#27;[35m[HTTP]&amp#27;[39m &amp#27;[90m&amp#27;[39m
&amp#27;[35m[HTTP]&amp#27;[39m &amp#27;[37m-->&amp#27;[39m &amp#27;[37mPOST&amp#27;[39m &amp#27;[37m/wd/hub/session/9b0a95b6-c97f-4b57-90da-b4ea59049ab0/element/00000000-0000-02d5-ffff-ffff00000065/click&amp#27;[39m
&amp#27;[35m[HTTP]&amp#27;[39m &amp#27;[90m{"id":"00000000-0000-02d5-ffff-ffff00000065"}&amp#27;[39m
[debug] &amp#27;[35m[W3C (9b0a95b6)]&amp#27;[39m Calling AppiumDriver.click() with args: ["00000000-0000-02d5-ffff-ffff00000065","9b0a95b6-c97f-4b57-90da-b4ea59049ab0"]
[debug] &amp#27;[35m[WD Proxy]&amp#27;[39m Matched '/element/00000000-0000-02d5-ffff-ffff00000065/click' to command name 'click'
[debug] &amp#27;[35m[WD Proxy]&amp#27;[39m Proxying [POST /element/00000000-0000-02d5-ffff-ffff00000065/click] to [POST http://127.0.0.1:8206/wd/hub/session/062ea97d-1774-4866-a8f3-cec8bb68279d/element/00000000-0000-02d5-ffff-ffff00000065/click] with body: {"element":"00000000-0000-02d5-ffff-ffff00000065"}
[debug] &amp#27;[35m[WD Proxy]&amp#27;[39m Got response with status 200: {"sessionId":"062ea97d-1774-4866-a8f3-cec8bb68279d","value":null}
[debug] &amp#27;[35m[W3C (9b0a95b6)]&amp#27;[39m Responding to client with driver.click() result: null
&amp#27;[35m[HTTP]&amp#27;[39m &amp#27;[37m<-- POST /wd/hub/session/9b0a95b6-c97f-4b57-90da-b4ea59049ab0/element/00000000-0000-02d5-ffff-ffff00000065/click &amp#27;[39m&amp#27;[32m200&amp#27;[39m &amp#27;[90m47 ms - 14&amp#27;[39m
&amp#27;[35m[HTTP]&amp#27;[39m &amp#27;[90m&amp#27;[39m
]]></system-out>
    <system-err><![CDATA[Jan 15, 2022 6:01:10 PM io.appium.java_client.remote.AppiumCommandExecutor$1 lambda$0
INFO: Detected dialect: W3C
]]></system-err>
  </testcase>
  <testcase name="dragDrop" classname="apiDemosApp.DragAndDrop" time="22.043">
    <system-out><![CDATA[&amp#27;[35m[Appium]&amp#27;[39m Welcome to Appium v1.22.1
&amp#27;[35m[Appium]&amp#27;[39m Appium REST http interface listener started on 0.0.0.0:4723
&amp#27;[35m[HTTP]&amp#27;[39m &amp#27;[37m-->&amp#27;[39m &amp#27;[37mGET&amp#27;[39m &amp#27;[37m/wd/hub/status&amp#27;[39m
&amp#27;[35m[HTTP]&amp#27;[39m &amp#27;[90m{}&amp#27;[39m
[debug] &amp#27;[35m[GENERIC]&amp#27;[39m Calling AppiumDriver.getStatus() with args: []
[debug] &amp#27;[35m[GENERIC]&amp#27;[39m Responding to client with driver.getStatus() result: {"build":{"version":"1.22.1"}}
&amp#27;[35m[HTTP]&amp#27;[39m &amp#27;[37m<-- GET /wd/hub/status &amp#27;[39m&amp#27;[32m200&amp#27;[39m &amp#27;[90m4 ms - 68&amp#27;[39m
&amp#27;[35m[HTTP]&amp#27;[39m &amp#27;[90m&amp#27;[39m
[debug] &amp#27;[35m[HTTP]&amp#27;[39m Request idempotency key: 8fa6b7aa-ab5d-4535-927b-94d252ec754d
&amp#27;[35m[HTTP]&amp#27;[39m &amp#27;[37m-->&amp#27;[39m &amp#27;[37mPOST&amp#27;[39m &amp#27;[37m/wd/hub/session&amp#27;[39m
&amp#27;[35m[HTTP]&amp#27;[39m &amp#27;[90m{"desiredCapabilities":{"app":"C:\\Users\\joelv\\eclipse-workspace2\\framework\\src\\ApiDemos-debug.apk","automationName":"uiautomator2","appium:chromeOptions":{"w3c":false},"platformName":"Android","deviceName":"emulator1","avd":"emulator1"},"capabilities":{"firstMatch":[{"appium:app":"C:\\Users\\joelv\\eclipse-workspace2\\framework\\src\\ApiDemos-debug.apk","appium:chromeOptions":{"w3c":false},"appium:automationName":"uiautomator2","appium:avd":"emulator1","appium:deviceName":"emulator1","platformName":"android"}]}}&amp#27;[39m
[debug] &amp#27;[35m[W3C]&amp#27;[39m Calling AppiumDriver.createSession() with args: [{"app":"C:\\Users\\joelv\\eclipse-workspace2\\framework\\src\\ApiDemos-debug.apk","automationName":"uiautomator2","appium:chromeOptions":{"w3c":false},"platformName":"Android","deviceName":"emulator1","avd":"emulator1"},null,{"firstMatch":[{"appium:app":"C:\\Users\\joelv\\eclipse-workspace2\\framework\\src\\ApiDemos-debug.apk","appium:chromeOptions":{"w3c":false},"appium:automationName":"uiautomator2","appium:avd":"emulator1","appium:deviceName":"emulator1","platformName":"android"}]}]
[debug] &amp#27;[35m[BaseDriver]&amp#27;[39m Event 'newSessionRequested' logged at 1642249879731 (18:01:19 GMT+0530 (India Standard Time))
&amp#27;[35m[Appium]&amp#27;[39m Appium v1.22.1 creating new AndroidUiautomator2Driver (v1.70.1) session
[debug] &amp#27;[35m[BaseDriver]&amp#27;[39m W3C capabilities and MJSONWP desired capabilities were provided
[debug] &amp#27;[35m[BaseDriver]&amp#27;[39m Creating session with W3C capabilities: {
[debug] &amp#27;[35m[BaseDriver]&amp#27;[39m   "alwaysMatch": {
[debug] &amp#27;[35m[BaseDriver]&amp#27;[39m     "platformName": "android",
[debug] &amp#27;[35m[BaseDriver]&amp#27;[39m     "appium:app": "C:\\Users\\joelv\\eclipse-workspace2\\framework\\src\\ApiDemos-debug.apk",
[debug] &amp#27;[35m[BaseDriver]&amp#27;[39m     "appium:chromeOptions": {
[debug] &amp#27;[35m[BaseDriver]&amp#27;[39m       "w3c": false
[debug] &amp#27;[35m[BaseDriver]&amp#27;[39m     },
[debug] &amp#27;[35m[BaseDriver]&amp#27;[39m     "appium:automationName": "uiautomator2",
[debug] &amp#27;[35m[BaseDriver]&amp#27;[39m     "appium:avd": "emulator1",
[debug] &amp#27;[35m[BaseDriver]&amp#27;[39m     "appium:deviceName": "emulator1"
[debug] &amp#27;[35m[BaseDriver]&amp#27;[39m   },
[debug] &amp#27;[35m[BaseDriver]&amp#27;[39m   "firstMatch": [
[debug] &amp#27;[35m[BaseDriver]&amp#27;[39m     {}
[debug] &amp#27;[35m[BaseDriver]&amp#27;[39m   ]
[debug] &amp#27;[35m[BaseDriver]&amp#27;[39m }
&amp#27;[35m[BaseDriver]&amp#27;[39m Session created with session id: 59025bd3-69a6-4798-bec0-8281671e3116
&amp#27;[35m[BaseDriver]&amp#27;[39m Using local app 'C:\Users\joelv\eclipse-workspace2\framework\src\ApiDemos-debug.apk'
[debug] &amp#27;[35m[UiAutomator2]&amp#27;[39m Checking whether app is actually present
&amp#27;[35m[ADB]&amp#27;[39m Found 1 'build-tools' folders under 'C:\Users\joelv\AppData\Local\Android\Sdk' (newest first):
&amp#27;[35m[ADB]&amp#27;[39m     C:/Users/joelv/AppData/Local/Android/Sdk/build-tools/32.0.0
&amp#27;[35m[ADB]&amp#27;[39m Using 'adb.exe' from 'C:\Users\joelv\AppData\Local\Android\Sdk\platform-tools\adb.exe'
[debug] &amp#27;[35m[ADB]&amp#27;[39m Running 'C:\Users\joelv\AppData\Local\Android\Sdk\platform-tools\adb.exe -P 5037 start-server'
[debug] &amp#27;[35m[ADB]&amp#27;[39m Trying to find 'emulator1' emulator
[debug] &amp#27;[35m[ADB]&amp#27;[39m Getting connected emulators
[debug] &amp#27;[35m[ADB]&amp#27;[39m Getting connected devices
[debug] &amp#27;[35m[ADB]&amp#27;[39m Connected devices: [{"udid":"emulator-5554","state":"device"}]
[debug] &amp#27;[35m[ADB]&amp#27;[39m 1 emulator connected
[debug] &amp#27;[35m[ADB]&amp#27;[39m Overriding C:\Users\joelv\.emulator_console_auth_token with an empty string to avoid telnet authentication for emulator commands
[debug] &amp#27;[35m[ADB]&amp#27;[39m Executing Emulator console command: avd name
[debug] &amp#27;[35m[ADB]&amp#27;[39m Found emulator 'emulator1' on port 5554
[debug] &amp#27;[35m[ADB]&amp#27;[39m Setting device id to emulator-5554
[debug] &amp#27;[35m[AndroidDriver]&amp#27;[39m Not launching AVD because it is already running.
&amp#27;[35m[AndroidDriver]&amp#27;[39m Using device: emulator-5554
&amp#27;[35m[ADB]&amp#27;[39m Using 'adb.exe' from 'C:\Users\joelv\AppData\Local\Android\Sdk\platform-tools\adb.exe'
[debug] &amp#27;[35m[ADB]&amp#27;[39m Running 'C:\Users\joelv\AppData\Local\Android\Sdk\platform-tools\adb.exe -P 5037 start-server'
[debug] &amp#27;[35m[ADB]&amp#27;[39m Setting device id to emulator-5554
[debug] &amp#27;[35m[ADB]&amp#27;[39m Running 'C:\Users\joelv\AppData\Local\Android\Sdk\platform-tools\adb.exe -P 5037 -s emulator-5554 shell getprop ro.build.version.sdk'
[debug] &amp#27;[35m[ADB]&amp#27;[39m Current device property 'ro.build.version.sdk': 30
&amp#27;[35m[ADB]&amp#27;[39m Getting device platform version
[debug] &amp#27;[35m[ADB]&amp#27;[39m Running 'C:\Users\joelv\AppData\Local\Android\Sdk\platform-tools\adb.exe -P 5037 -s emulator-5554 shell getprop ro.build.version.release'
[debug] &amp#27;[35m[ADB]&amp#27;[39m Current device property 'ro.build.version.release': 11
[debug] &amp#27;[35m[ADB]&amp#27;[39m Device API level: 30
&amp#27;[35m[UiAutomator2]&amp#27;[39m Relaxing hidden api policy
[debug] &amp#27;[35m[ADB]&amp#27;[39m Running 'C:\Users\joelv\AppData\Local\Android\Sdk\platform-tools\adb.exe -P 5037 -s emulator-5554 shell 'settings put global hidden_api_policy_pre_p_apps 1;settings put global hidden_api_policy_p_apps 1;settings put global hidden_api_policy 1''
[debug] &amp#27;[35m[AndroidDriver]&amp#27;[39m Parsing package and activity from app manifest
&amp#27;[35m[ADB]&amp#27;[39m Package name: 'io.appium.android.apis'
&amp#27;[35m[ADB]&amp#27;[39m Main activity name: 'io.appium.android.apis.ApiDemos'
[debug] &amp#27;[35m[AndroidDriver]&amp#27;[39m Parsed package and activity are: io.appium.android.apis/io.appium.android.apis.ApiDemos
[debug] &amp#27;[35m[ADB]&amp#27;[39m Running 'C:\Users\joelv\AppData\Local\Android\Sdk\platform-tools\adb.exe -P 5037 -s emulator-5554 wait-for-device'
[debug] &amp#27;[35m[ADB]&amp#27;[39m Running 'C:\Users\joelv\AppData\Local\Android\Sdk\platform-tools\adb.exe -P 5037 -s emulator-5554 shell echo ping'
[debug] &amp#27;[35m[AndroidDriver]&amp#27;[39m Pushing settings apk to device...
[debug] &amp#27;[35m[ADB]&amp#27;[39m Getting install status for io.appium.settings
[debug] &amp#27;[35m[ADB]&amp#27;[39m Running 'C:\Users\joelv\AppData\Local\Android\Sdk\platform-tools\adb.exe -P 5037 -s emulator-5554 shell dumpsys package io.appium.settings'
[debug] &amp#27;[35m[ADB]&amp#27;[39m 'io.appium.settings' is installed
[debug] &amp#27;[35m[ADB]&amp#27;[39m Getting package info for 'io.appium.settings'
[debug] &amp#27;[35m[ADB]&amp#27;[39m Running 'C:\Users\joelv\AppData\Local\Android\Sdk\platform-tools\adb.exe -P 5037 -s emulator-5554 shell dumpsys package io.appium.settings'
[debug] &amp#27;[35m[ADB]&amp#27;[39m The version name of the installed 'io.appium.settings' is greater or equal to the application version name ('3.4.0' >= '3.4.0')
[debug] &amp#27;[35m[ADB]&amp#27;[39m There is no need to install/upgrade 'C:\Users\joelv\AppData\Roaming\npm\node_modules\appium\node_modules\io.appium.settings\apks\settings_apk-debug.apk'
[debug] &amp#27;[35m[ADB]&amp#27;[39m Getting IDs of all 'io.appium.settings' processes
[debug] &amp#27;[35m[ADB]&amp#27;[39m Running 'C:\Users\joelv\AppData\Local\Android\Sdk\platform-tools\adb.exe -P 5037 -s emulator-5554 shell 'pgrep --help; echo $?''
[debug] &amp#27;[35m[ADB]&amp#27;[39m Running 'C:\Users\joelv\AppData\Local\Android\Sdk\platform-tools\adb.exe -P 5037 -s emulator-5554 shell pgrep -f \(\[\[:blank:\]\]\|\^\)io\.appium\.settings\(\[\[:blank:\]\]\|\$\)'
[debug] &amp#27;[35m[AndroidDriver]&amp#27;[39m io.appium.settings is already running. There is no need to reset its permissions.
[debug] &amp#27;[35m[Logcat]&amp#27;[39m Starting logs capture with command: C:\\Users\\joelv\\AppData\\Local\\Android\\Sdk\\platform-tools\\adb.exe -P 5037 -s emulator-5554 logcat -v threadtime
[debug] &amp#27;[35m[UiAutomator2]&amp#27;[39m Forwarding UiAutomator2 Server port 6790 to local port 8207
[debug] &amp#27;[35m[ADB]&amp#27;[39m Forwarding system: 8207 to device: 6790
[debug] &amp#27;[35m[ADB]&amp#27;[39m Running 'C:\Users\joelv\AppData\Local\Android\Sdk\platform-tools\adb.exe -P 5037 -s emulator-5554 forward tcp:8207 tcp:6790'
[debug] &amp#27;[35m[ADB]&amp#27;[39m Getting install status for io.appium.uiautomator2.server
[debug] &amp#27;[35m[ADB]&amp#27;[39m Running 'C:\Users\joelv\AppData\Local\Android\Sdk\platform-tools\adb.exe -P 5037 -s emulator-5554 shell dumpsys package io.appium.uiautomator2.server'
[debug] &amp#27;[35m[ADB]&amp#27;[39m 'io.appium.uiautomator2.server' is installed
[debug] &amp#27;[35m[ADB]&amp#27;[39m Getting package info for 'io.appium.uiautomator2.server'
[debug] &amp#27;[35m[ADB]&amp#27;[39m Running 'C:\Users\joelv\AppData\Local\Android\Sdk\platform-tools\adb.exe -P 5037 -s emulator-5554 shell dumpsys package io.appium.uiautomator2.server'
[debug] &amp#27;[35m[ADB]&amp#27;[39m The version name of the installed 'io.appium.uiautomator2.server' is greater or equal to the application version name ('4.27.0' >= '4.27.0')
[debug] &amp#27;[35m[UiAutomator2]&amp#27;[39m io.appium.uiautomator2.server installation state: sameVersionInstalled
[debug] &amp#27;[35m[ADB]&amp#27;[39m Checking app cert for C:\Users\joelv\AppData\Roaming\npm\node_modules\appium\node_modules\appium-uiautomator2-server\apks\appium-uiautomator2-server-v4.27.0.apk
&amp#27;[35m[ADB]&amp#27;[39m Using 'apksigner.jar' from 'C:\Users\joelv\AppData\Local\Android\Sdk\build-tools\32.0.0\lib\apksigner.jar'
[debug] &amp#27;[35m[ADB]&amp#27;[39m Starting apksigner: 'C:\\Program Files\\Java\\jdk1.8.0_311\\bin\\java.exe' -Xmx1024M -Xss1m -jar C:\\Users\\joelv\\AppData\\Local\\Android\\Sdk\\build-tools\\32.0.0\\lib\\apksigner.jar verify --print-certs C:\\Users\\joelv\\AppData\\Roaming\\npm\\node_modules\\appium\\node_modules\\appium-uiautomator2-server\\apks\\appium-uiautomator2-server-v4.27.0.apk
[debug] &amp#27;[35m[ADB]&amp#27;[39m apksigner stdout: Signer #1 certificate DN: EMAILADDRESS=android@android.com, CN=Android, OU=Android, O=Android, L=Mountain View, ST=California, C=US
[debug] &amp#27;[35m[ADB]&amp#27;[39m Signer #1 certificate SHA-256 digest: a40da80a59d170caa950cf15c18c454d47a39b26989d8b640ecd745ba71bf5dc
[debug] &amp#27;[35m[ADB]&amp#27;[39m Signer #1 certificate SHA-1 digest: 61ed377e85d386a8dfee6b864bd85b0bfaa5af81
[debug] &amp#27;[35m[ADB]&amp#27;[39m Signer #1 certificate MD5 digest: e89b158e4bcf988ebd09eb83f5378e87
[debug] &amp#27;[35m[ADB]&amp#27;[39m 
[debug] &amp#27;[35m[ADB]&amp#27;[39m sha256 hash did match for 'appium-uiautomator2-server-v4.27.0.apk'
&amp#27;[35m[ADB]&amp#27;[39m 'C:\Users\joelv\AppData\Roaming\npm\node_modules\appium\node_modules\appium-uiautomator2-server\apks\appium-uiautomator2-server-v4.27.0.apk' is signed with the default certificate
[debug] &amp#27;[35m[ADB]&amp#27;[39m Getting install status for io.appium.uiautomator2.server.test
[debug] &amp#27;[35m[ADB]&amp#27;[39m Running 'C:\Users\joelv\AppData\Local\Android\Sdk\platform-tools\adb.exe -P 5037 -s emulator-5554 shell dumpsys package io.appium.uiautomator2.server.test'
[debug] &amp#27;[35m[ADB]&amp#27;[39m 'io.appium.uiautomator2.server.test' is installed
[debug] &amp#27;[35m[ADB]&amp#27;[39m Checking app cert for C:\Users\joelv\AppData\Roaming\npm\node_modules\appium\node_modules\appium-uiautomator2-server\apks\appium-uiautomator2-server-debug-androidTest.apk
[debug] &amp#27;[35m[ADB]&amp#27;[39m Starting apksigner: 'C:\\Program Files\\Java\\jdk1.8.0_311\\bin\\java.exe' -Xmx1024M -Xss1m -jar C:\\Users\\joelv\\AppData\\Local\\Android\\Sdk\\build-tools\\32.0.0\\lib\\apksigner.jar verify --print-certs C:\\Users\\joelv\\AppData\\Roaming\\npm\\node_modules\\appium\\node_modules\\appium-uiautomator2-server\\apks\\appium-uiautomator2-server-debug-androidTest.apk
[debug] &amp#27;[35m[ADB]&amp#27;[39m apksigner stdout: Signer #1 certificate DN: EMAILADDRESS=android@android.com, CN=Android, OU=Android, O=Android, L=Mountain View, ST=California, C=US
[debug] &amp#27;[35m[ADB]&amp#27;[39m Signer #1 certificate SHA-256 digest: a40da80a59d170caa950cf15c18c454d47a39b26989d8b640ecd745ba71bf5dc
[debug] &amp#27;[35m[ADB]&amp#27;[39m Signer #1 certificate SHA-1 digest: 61ed377e85d386a8dfee6b864bd85b0bfaa5af81
[debug] &amp#27;[35m[ADB]&amp#27;[39m Signer #1 certificate MD5 digest: e89b158e4bcf988ebd09eb83f5378e87
[debug] &amp#27;[35m[ADB]&amp#27;[39m 
[debug] &amp#27;[35m[ADB]&amp#27;[39m sha256 hash did match for 'appium-uiautomator2-server-debug-androidTest.apk'
&amp#27;[35m[ADB]&amp#27;[39m 'C:\Users\joelv\AppData\Roaming\npm\node_modules\appium\node_modules\appium-uiautomator2-server\apks\appium-uiautomator2-server-debug-androidTest.apk' is signed with the default certificate
&amp#27;[35m[UiAutomator2]&amp#27;[39m Server packages are not going to be (re)installed
[debug] &amp#27;[35m[UiAutomator2]&amp#27;[39m Waiting up to 30000ms for services to be available
[debug] &amp#27;[35m[ADB]&amp#27;[39m Running 'C:\Users\joelv\AppData\Local\Android\Sdk\platform-tools\adb.exe -P 5037 -s emulator-5554 shell pm list instrumentation'
[debug] &amp#27;[35m[UiAutomator2]&amp#27;[39m Instrumentation target 'io.appium.uiautomator2.server.test/androidx.test.runner.AndroidJUnitRunner' is available
&amp#27;[35m[ADB]&amp#27;[39m Adding packages ["io.appium.settings","io.appium.uiautomator2.server","io.appium.uiautomator2.server.test"] to Doze whitelist
[debug] &amp#27;[35m[ADB]&amp#27;[39m Got the following command chunks to execute: [["dumpsys","deviceidle","whitelist","+io.appium.settings",";","dumpsys","deviceidle","whitelist","+io.appium.uiautomator2.server",";","dumpsys","deviceidle","whitelist","+io.appium.uiautomator2.server.test",";"]]
[debug] &amp#27;[35m[ADB]&amp#27;[39m Running 'C:\Users\joelv\AppData\Local\Android\Sdk\platform-tools\adb.exe -P 5037 -s emulator-5554 shell dumpsys deviceidle whitelist +io.appium.settings ; dumpsys deviceidle whitelist +io.appium.uiautomator2.server ; dumpsys deviceidle whitelist +io.appium.uiautomator2.server.test ;'
[debug] &amp#27;[35m[ADB]&amp#27;[39m Checking app cert for C:\Users\joelv\eclipse-workspace2\framework\src\ApiDemos-debug.apk
[debug] &amp#27;[35m[ADB]&amp#27;[39m Starting apksigner: 'C:\\Program Files\\Java\\jdk1.8.0_311\\bin\\java.exe' -Xmx1024M -Xss1m -jar C:\\Users\\joelv\\AppData\\Local\\Android\\Sdk\\build-tools\\32.0.0\\lib\\apksigner.jar verify --print-certs C:\\Users\\joelv\\eclipse-workspace2\\framework\\src\\ApiDemos-debug.apk
[debug] &amp#27;[35m[ADB]&amp#27;[39m apksigner stdout: Signer #1 certificate DN: C=US, O=Android, CN=Android Debug
[debug] &amp#27;[35m[ADB]&amp#27;[39m Signer #1 certificate SHA-256 digest: ff2c1b0d041edb6e32a5f7c190ca9c3e78c4ca2cddbbb76133fc30c40b291e30
[debug] &amp#27;[35m[ADB]&amp#27;[39m Signer #1 certificate SHA-1 digest: b3de7d52e6aa703f166c4ee6e921c2816278c393
[debug] &amp#27;[35m[ADB]&amp#27;[39m Signer #1 certificate MD5 digest: 7dce13e4e43fbe159a70f7a252cb0acf
[debug] &amp#27;[35m[ADB]&amp#27;[39m 
&amp#27;[35m[ADB]&amp#27;[39m 'C:\Users\joelv\eclipse-workspace2\framework\src\ApiDemos-debug.apk' is signed with a non-default certificate
[debug] &amp#27;[35m[ADB]&amp#27;[39m Getting install status for io.appium.android.apis
[debug] &amp#27;[35m[ADB]&amp#27;[39m Running 'C:\Users\joelv\AppData\Local\Android\Sdk\platform-tools\adb.exe -P 5037 -s emulator-5554 shell dumpsys package io.appium.android.apis'
[debug] &amp#27;[35m[ADB]&amp#27;[39m 'io.appium.android.apis' is installed
[debug] &amp#27;[35m[ADB]&amp#27;[39m Getting package info for 'io.appium.android.apis'
[debug] &amp#27;[35m[ADB]&amp#27;[39m Running 'C:\Users\joelv\AppData\Local\Android\Sdk\platform-tools\adb.exe -P 5037 -s emulator-5554 shell dumpsys package io.appium.android.apis'
[debug] &amp#27;[35m[ADB]&amp#27;[39m The version name of the installed 'io.appium.android.apis' is greater or equal to the application version name ('3.3.1' >= '3.3.1')
[debug] &amp#27;[35m[ADB]&amp#27;[39m There is no need to install/upgrade 'C:\Users\joelv\eclipse-workspace2\framework\src\ApiDemos-debug.apk'
&amp#27;[35m[AndroidDriver]&amp#27;[39m Performing fast reset on 'io.appium.android.apis'
[debug] &amp#27;[35m[ADB]&amp#27;[39m Getting install status for io.appium.android.apis
[debug] &amp#27;[35m[ADB]&amp#27;[39m Running 'C:\Users\joelv\AppData\Local\Android\Sdk\platform-tools\adb.exe -P 5037 -s emulator-5554 shell dumpsys package io.appium.android.apis'
[debug] &amp#27;[35m[ADB]&amp#27;[39m 'io.appium.android.apis' is installed
[debug] &amp#27;[35m[ADB]&amp#27;[39m Running 'C:\Users\joelv\AppData\Local\Android\Sdk\platform-tools\adb.exe -P 5037 -s emulator-5554 shell am force-stop io.appium.android.apis'
[debug] &amp#27;[35m[ADB]&amp#27;[39m Running 'C:\Users\joelv\AppData\Local\Android\Sdk\platform-tools\adb.exe -P 5037 -s emulator-5554 shell pm clear io.appium.android.apis'
[debug] &amp#27;[35m[AndroidDriver]&amp#27;[39m Performed fast reset on the installed 'io.appium.android.apis' application (stop and clear)
[debug] &amp#27;[35m[UiAutomator2]&amp#27;[39m Performing shallow cleanup of automation leftovers
[debug] &amp#27;[35m[UiAutomator2]&amp#27;[39m The following obsolete sessions are still running: ["062ea97d-1774-4866-a8f3-cec8bb68279d"]
[debug] &amp#27;[35m[UiAutomator2]&amp#27;[39m Cleaning up 1 obsolete session
[debug] &amp#27;[35m[ADB]&amp#27;[39m Running 'C:\Users\joelv\AppData\Local\Android\Sdk\platform-tools\adb.exe -P 5037 -s emulator-5554 shell am force-stop io.appium.uiautomator2.server.test'
&amp#27;[35m[UiAutomator2]&amp#27;[39m Starting UIAutomator2 server 4.27.0
&amp#27;[35m[UiAutomator2]&amp#27;[39m Using UIAutomator2 server from 'C:\Users\joelv\AppData\Roaming\npm\node_modules\appium\node_modules\appium-uiautomator2-server\apks\appium-uiautomator2-server-v4.27.0.apk' and test from 'C:\Users\joelv\AppData\Roaming\npm\node_modules\appium\node_modules\appium-uiautomator2-server\apks\appium-uiautomator2-server-debug-androidTest.apk'
&amp#27;[35m[UiAutomator2]&amp#27;[39m Waiting up to 30000ms for UiAutomator2 to be online...
[debug] &amp#27;[35m[ADB]&amp#27;[39m Creating ADB subprocess with args: ["-P",5037,"-s","emulator-5554","shell","am","instrument","-w","-e","disableAnalytics",true,"io.appium.uiautomator2.server.test/androidx.test.runner.AndroidJUnitRunner"]
[debug] &amp#27;[35m[WD Proxy]&amp#27;[39m Matched '/status' to command name 'getStatus'
[debug] &amp#27;[35m[WD Proxy]&amp#27;[39m Proxying [GET /status] to [GET http://127.0.0.1:8207/wd/hub/status] with no body
&amp#27;[35m[WD Proxy]&amp#27;[39m socket hang up
[debug] &amp#27;[35m[Instrumentation]&amp#27;[39m io.appium.uiautomator2.server.test.AppiumUiAutomator2Server:
[debug] &amp#27;[35m[WD Proxy]&amp#27;[39m Matched '/status' to command name 'getStatus'
[debug] &amp#27;[35m[WD Proxy]&amp#27;[39m Proxying [GET /status] to [GET http://127.0.0.1:8207/wd/hub/status] with no body
&amp#27;[35m[WD Proxy]&amp#27;[39m socket hang up
[debug] &amp#27;[35m[WD Proxy]&amp#27;[39m Matched '/status' to command name 'getStatus'
[debug] &amp#27;[35m[WD Proxy]&amp#27;[39m Proxying [GET /status] to [GET http://127.0.0.1:8207/wd/hub/status] with no body
[debug] &amp#27;[35m[WD Proxy]&amp#27;[39m Got response with status 200: {"sessionId":"None","value":{"message":"UiAutomator2 Server is ready to accept commands","ready":true}}
[debug] &amp#27;[35m[UiAutomator2]&amp#27;[39m The initialization of the instrumentation process took 2089ms
[debug] &amp#27;[35m[WD Proxy]&amp#27;[39m Matched '/session' to command name 'createSession'
[debug] &amp#27;[35m[WD Proxy]&amp#27;[39m Proxying [POST /session] to [POST http://127.0.0.1:8207/wd/hub/session] with body: {"capabilities":{"firstMatch":[{"platform":"LINUX","webStorageEnabled":false,"takesScreenshot":true,"javascriptEnabled":true,"databaseEnabled":false,"networkConnectionEnabled":true,"locationContextEnabled":false,"warnings":{},"desired":{"platformName":"android","app":"C:\\Users\\joelv\\eclipse-workspace2\\framework\\src\\ApiDemos-debug.apk","chromeOptions":{"w3c":false},"automationName":"uiautomator2","avd":"emulator1","deviceName":"emulator1"},"platformName":"android","app":"C:\\Users\\joelv\\eclipse-workspace2\\framework\\src\\ApiDemos-debug.apk","chromeOptions":{"w3c":false},"automationName":"uiautomator2","avd":"emulator1","deviceName":"emulator-5554","deviceUDID":"emulator-5554","appPackage":"io.appium.android.apis"}],"alwaysMatch":{}}}
[debug] &amp#27;[35m[WD Proxy]&amp#27;[39m Got response with status 200: {"sessionId":"dd6318c0-96ad-4993-a85e-eb7041faf211","value":{"capabilities":{"firstMatch":[{"platform":"LINUX","webStorageEnabled":false,"takesScreenshot":true,"javascriptEnabled":true,"databaseEnabled":false,"networkConnectionEnabled":true,"locationContextEnabled":false,"warnings":{},"desired":{"platformName":"android","app":"C:\\Users\\joelv\\eclipse-workspace2\\framework\\src\\ApiDemos-debug.apk","chromeOptions":{"w3c":false},"automationName":"uiautomator2","avd":"emulator1","deviceName":"emulator1"},"platformName":"android","app":"C:\\Users\\joelv\\eclipse-workspace2\\framework\\src\\ApiDemos-debug.apk","chromeOptions":{"w3c":false},"automationName":"uiautomator2","avd":"emulator1","deviceName":"emulator-5554","deviceUDID":"emulator-5554","appPackage":"io.appium.android.apis"}],"alwaysMatch":{}},"sessionId":"dd6318c0-96ad-4993-a85e-eb7041faf211"}}
&amp#27;[35m[WD Proxy]&amp#27;[39m Determined the downstream protocol as 'W3C'
[debug] &amp#27;[35m[WD Proxy]&amp#27;[39m Proxying [GET /appium/device/info] to [GET http://127.0.0.1:8207/wd/hub/session/dd6318c0-96ad-4993-a85e-eb7041faf211/appium/device/info] with no body
[debug] &amp#27;[35m[WD Proxy]&amp#27;[39m Got response with status 200: {"sessionId":"dd6318c0-96ad-4993-a85e-eb7041faf211","value":{"androidId":"36aa52b107025819","apiVersion":"30","bluetooth":{"state":"ON"},"brand":"Android","carrierName":"Android","displayDensity":560,"locale":"en_US","manufacturer":"unknown","model":"Android SDK built for x86","networks":[{"capabilities":{"SSID":null,"linkDownBandwidthKbps":30000,"linkUpstreamBandwidthKbps":15000,"networkCapabilities":"NET_CAPABILITY_MMS,NET_CAPABILITY_SUPL,NET_CAPABILITY_DUN,NET_CAPABILITY_FOTA,NET_CAPABILITY_IMS,NET_CAPABILITY_CBS,NET_CAPABILITY_INTERNET,NET_CAPABILITY_NOT_RESTRICTED,NET_CAPABILITY_TRUSTED,NET_CAPABILITY_NOT_VPN,NET_CAPABILITY_VALIDATED,NET_CAPABILITY_NOT_ROAMING,NET_CAPABILITY_NOT_CONGESTED,NET_CAPABILITY_NOT_SUSPENDED","signalStrength":-2147483648,"transportTypes":"TRANSPORT_CELLULAR"},"detailedState":"CONNECTED","extraInfo":"epc.tmobile.com","isAvailable":true,"isConnected":true,"isFailover":false,"isRoaming":false,"state":"CONNECTED","subtype":13,"subtypeName":"LTE","type":0,"typeName":"MOBILE"},{"ca...
[debug] &amp#27;[35m[ADB]&amp#27;[39m Running 'C:\Users\joelv\AppData\Local\Android\Sdk\platform-tools\adb.exe -P 5037 -s emulator-5554 shell dumpsys window'
&amp#27;[35m[AndroidDriver]&amp#27;[39m Screen already unlocked, doing nothing
&amp#27;[35m[UiAutomator2]&amp#27;[39m Starting 'io.appium.android.apis/io.appium.android.apis.ApiDemos and waiting for 'io.appium.android.apis/io.appium.android.apis.ApiDemos'
[debug] &amp#27;[35m[ADB]&amp#27;[39m Running 'C:\Users\joelv\AppData\Local\Android\Sdk\platform-tools\adb.exe -P 5037 -s emulator-5554 shell am start -W -n io.appium.android.apis/io.appium.android.apis.ApiDemos -S -a android.intent.action.MAIN -c android.intent.category.LAUNCHER -f 0x10200000'
[debug] &amp#27;[35m[ADB]&amp#27;[39m Waiting up to 20000ms for activity matching pkg: 'io.appium.android.apis' and activity: 'io.appium.android.apis.ApiDemos' to be focused
[debug] &amp#27;[35m[ADB]&amp#27;[39m Possible activities, to be checked: 'io.appium.android.apis.ApiDemos', 'io.appium.android.apis.io.appium.android.apis.ApiDemos'
[debug] &amp#27;[35m[ADB]&amp#27;[39m Getting focused package and activity
[debug] &amp#27;[35m[ADB]&amp#27;[39m Running 'C:\Users\joelv\AppData\Local\Android\Sdk\platform-tools\adb.exe -P 5037 -s emulator-5554 shell dumpsys window displays'
[debug] &amp#27;[35m[ADB]&amp#27;[39m Found package: 'io.appium.android.apis' and fully qualified activity name : 'io.appium.android.apis.ApiDemos'
[debug] &amp#27;[35m[WD Proxy]&amp#27;[39m Proxying [GET /appium/device/pixel_ratio] to [GET http://127.0.0.1:8207/wd/hub/session/dd6318c0-96ad-4993-a85e-eb7041faf211/appium/device/pixel_ratio] with no body
[debug] &amp#27;[35m[WD Proxy]&amp#27;[39m Got response with status 200: {"sessionId":"dd6318c0-96ad-4993-a85e-eb7041faf211","value":3.5}
[debug] &amp#27;[35m[WD Proxy]&amp#27;[39m Matched '/appium/device/system_bars' to command name 'getSystemBars'
[debug] &amp#27;[35m[WD Proxy]&amp#27;[39m Proxying [GET /appium/device/system_bars] to [GET http://127.0.0.1:8207/wd/hub/session/dd6318c0-96ad-4993-a85e-eb7041faf211/appium/device/system_bars] with no body
[debug] &amp#27;[35m[WD Proxy]&amp#27;[39m Got response with status 200: {"sessionId":"dd6318c0-96ad-4993-a85e-eb7041faf211","value":{"statusBar":84}}
[debug] &amp#27;[35m[WD Proxy]&amp#27;[39m Matched '/window/current/size' to command name 'getWindowSize'
[debug] &amp#27;[35m[WD Proxy]&amp#27;[39m Proxying [GET /window/current/size] to [GET http://127.0.0.1:8207/wd/hub/session/dd6318c0-96ad-4993-a85e-eb7041faf211/window/current/size] with no body
[debug] &amp#27;[35m[WD Proxy]&amp#27;[39m Got response with status 200: {"sessionId":"dd6318c0-96ad-4993-a85e-eb7041faf211","value":{"height":2712,"width":1440}}
&amp#27;[35m[Appium]&amp#27;[39m New AndroidUiautomator2Driver session created successfully, session 59025bd3-69a6-4798-bec0-8281671e3116 added to master session list
[debug] &amp#27;[35m[BaseDriver]&amp#27;[39m Event 'newSessionStarted' logged at 1642249886290 (18:01:26 GMT+0530 (India Standard Time))
[debug] &amp#27;[35m[W3C (59025bd3)]&amp#27;[39m Cached the protocol value 'W3C' for the new session 59025bd3-69a6-4798-bec0-8281671e3116
[debug] &amp#27;[35m[W3C (59025bd3)]&amp#27;[39m Responding to client with driver.createSession() result: {"capabilities":{"platform":"LINUX","webStorageEnabled":false,"takesScreenshot":true,"javascriptEnabled":true,"databaseEnabled":false,"networkConnectionEnabled":true,"locationContextEnabled":false,"warnings":{},"desired":{"platformName":"android","app":"C:\\Users\\joelv\\eclipse-workspace2\\framework\\src\\ApiDemos-debug.apk","chromeOptions":{"w3c":false},"automationName":"uiautomator2","avd":"emulator1","deviceName":"emulator1"},"platformName":"android","app":"C:\\Users\\joelv\\eclipse-workspace2\\framework\\src\\ApiDemos-debug.apk","chromeOptions":{"w3c":false},"automationName":"uiautomator2","avd":"emulator1","deviceName":"emulator-5554","deviceUDID":"emulator-5554","appPackage":"io.appium.android.apis","deviceApiLevel":30,"platformVersion":"11","deviceScreenSize":"1440x2880","deviceScreenDensity":560,"deviceModel":"Android SDK built for x86","deviceManufacturer":"unknown","pixelRatio":3.5,"statBarHeight":84,"viewportRect":{"left":0,"top":84,"width":1440,"height":2628}}}
&amp#27;[35m[HTTP]&amp#27;[39m &amp#27;[37m<-- POST /wd/hub/session &amp#27;[39m&amp#27;[32m200&amp#27;[39m &amp#27;[90m6560 ms - 1049&amp#27;[39m
&amp#27;[35m[HTTP]&amp#27;[39m &amp#27;[90m&amp#27;[39m
&amp#27;[35m[HTTP]&amp#27;[39m &amp#27;[37m-->&amp#27;[39m &amp#27;[37mPOST&amp#27;[39m &amp#27;[37m/wd/hub/session/59025bd3-69a6-4798-bec0-8281671e3116/timeouts&amp#27;[39m
&amp#27;[35m[HTTP]&amp#27;[39m &amp#27;[90m{"implicit":10000}&amp#27;[39m
[debug] &amp#27;[35m[W3C (59025bd3)]&amp#27;[39m Calling AppiumDriver.timeouts() with args: [null,null,null,null,10000,"59025bd3-69a6-4798-bec0-8281671e3116"]
[debug] &amp#27;[35m[BaseDriver]&amp#27;[39m W3C timeout argument: {"implicit":10000}}
[debug] &amp#27;[35m[BaseDriver]&amp#27;[39m Set implicit wait to 10000ms
[debug] &amp#27;[35m[W3C (59025bd3)]&amp#27;[39m Responding to client with driver.timeouts() result: null
&amp#27;[35m[HTTP]&amp#27;[39m &amp#27;[37m<-- POST /wd/hub/session/59025bd3-69a6-4798-bec0-8281671e3116/timeouts &amp#27;[39m&amp#27;[32m200&amp#27;[39m &amp#27;[90m2 ms - 14&amp#27;[39m
&amp#27;[35m[HTTP]&amp#27;[39m &amp#27;[90m&amp#27;[39m
&amp#27;[35m[HTTP]&amp#27;[39m &amp#27;[37m-->&amp#27;[39m &amp#27;[37mPOST&amp#27;[39m &amp#27;[37m/wd/hub/session/59025bd3-69a6-4798-bec0-8281671e3116/element&amp#27;[39m
&amp#27;[35m[HTTP]&amp#27;[39m &amp#27;[90m{"using":"xpath","value":"//*[@text='Views']"}&amp#27;[39m
[debug] &amp#27;[35m[W3C (59025bd3)]&amp#27;[39m Calling AppiumDriver.findElement() with args: ["xpath","//*[@text='Views']","59025bd3-69a6-4798-bec0-8281671e3116"]
[debug] &amp#27;[35m[BaseDriver]&amp#27;[39m Valid locator strategies for this request: xpath, id, class name, accessibility id, css selector, -android uiautomator
[debug] &amp#27;[35m[BaseDriver]&amp#27;[39m Waiting up to 10000 ms for condition
[debug] &amp#27;[35m[WD Proxy]&amp#27;[39m Matched '/element' to command name 'findElement'
[debug] &amp#27;[35m[WD Proxy]&amp#27;[39m Proxying [POST /element] to [POST http://127.0.0.1:8207/wd/hub/session/dd6318c0-96ad-4993-a85e-eb7041faf211/element] with body: {"strategy":"xpath","selector":"//*[@text='Views']","context":"","multiple":false}
[debug] &amp#27;[35m[WD Proxy]&amp#27;[39m Got response with status 200: {"sessionId":"dd6318c0-96ad-4993-a85e-eb7041faf211","value":{"ELEMENT":"00000000-0000-02e0-ffff-ffff00000014","element-6066-11e4-a52e-4f735466cecf":"00000000-0000-02e0-ffff-ffff00000014"}}
[debug] &amp#27;[35m[W3C (59025bd3)]&amp#27;[39m Responding to client with driver.findElement() result: {"element-6066-11e4-a52e-4f735466cecf":"00000000-0000-02e0-ffff-ffff00000014","ELEMENT":"00000000-0000-02e0-ffff-ffff00000014"}
&amp#27;[35m[HTTP]&amp#27;[39m &amp#27;[37m<-- POST /wd/hub/session/59025bd3-69a6-4798-bec0-8281671e3116/element &amp#27;[39m&amp#27;[32m200&amp#27;[39m &amp#27;[90m763 ms - 137&amp#27;[39m
&amp#27;[35m[HTTP]&amp#27;[39m &amp#27;[90m&amp#27;[39m
&amp#27;[35m[HTTP]&amp#27;[39m &amp#27;[37m-->&amp#27;[39m &amp#27;[37mPOST&amp#27;[39m &amp#27;[37m/wd/hub/session/59025bd3-69a6-4798-bec0-8281671e3116/element/00000000-0000-02e0-ffff-ffff00000014/click&amp#27;[39m
&amp#27;[35m[HTTP]&amp#27;[39m &amp#27;[90m{"id":"00000000-0000-02e0-ffff-ffff00000014"}&amp#27;[39m
[debug] &amp#27;[35m[W3C (59025bd3)]&amp#27;[39m Calling AppiumDriver.click() with args: ["00000000-0000-02e0-ffff-ffff00000014","59025bd3-69a6-4798-bec0-8281671e3116"]
[debug] &amp#27;[35m[WD Proxy]&amp#27;[39m Matched '/element/00000000-0000-02e0-ffff-ffff00000014/click' to command name 'click'
[debug] &amp#27;[35m[WD Proxy]&amp#27;[39m Proxying [POST /element/00000000-0000-02e0-ffff-ffff00000014/click] to [POST http://127.0.0.1:8207/wd/hub/session/dd6318c0-96ad-4993-a85e-eb7041faf211/element/00000000-0000-02e0-ffff-ffff00000014/click] with body: {"element":"00000000-0000-02e0-ffff-ffff00000014"}
[debug] &amp#27;[35m[WD Proxy]&amp#27;[39m Got response with status 200: {"sessionId":"dd6318c0-96ad-4993-a85e-eb7041faf211","value":null}
[debug] &amp#27;[35m[W3C (59025bd3)]&amp#27;[39m Responding to client with driver.click() result: null
&amp#27;[35m[HTTP]&amp#27;[39m &amp#27;[37m<-- POST /wd/hub/session/59025bd3-69a6-4798-bec0-8281671e3116/element/00000000-0000-02e0-ffff-ffff00000014/click &amp#27;[39m&amp#27;[32m200&amp#27;[39m &amp#27;[90m797 ms - 14&amp#27;[39m
&amp#27;[35m[HTTP]&amp#27;[39m &amp#27;[90m&amp#27;[39m
&amp#27;[35m[HTTP]&amp#27;[39m &amp#27;[37m-->&amp#27;[39m &amp#27;[37mPOST&amp#27;[39m &amp#27;[37m/wd/hub/session/59025bd3-69a6-4798-bec0-8281671e3116/element&amp#27;[39m
&amp#27;[35m[HTTP]&amp#27;[39m &amp#27;[90m{"using":"xpath","value":"//android.widget.TextView[@text='Drag and Drop']"}&amp#27;[39m
[debug] &amp#27;[35m[W3C (59025bd3)]&amp#27;[39m Calling AppiumDriver.findElement() with args: ["xpath","//android.widget.TextView[@text='Drag and Drop']","59025bd3-69a6-4798-bec0-8281671e3116"]
[debug] &amp#27;[35m[BaseDriver]&amp#27;[39m Valid locator strategies for this request: xpath, id, class name, accessibility id, css selector, -android uiautomator
[debug] &amp#27;[35m[BaseDriver]&amp#27;[39m Waiting up to 10000 ms for condition
[debug] &amp#27;[35m[WD Proxy]&amp#27;[39m Matched '/element' to command name 'findElement'
[debug] &amp#27;[35m[WD Proxy]&amp#27;[39m Proxying [POST /element] to [POST http://127.0.0.1:8207/wd/hub/session/dd6318c0-96ad-4993-a85e-eb7041faf211/element] with body: {"strategy":"xpath","selector":"//android.widget.TextView[@text='Drag and Drop']","context":"","multiple":false}
[debug] &amp#27;[35m[WD Proxy]&amp#27;[39m Got response with status 200: {"sessionId":"dd6318c0-96ad-4993-a85e-eb7041faf211","value":{"ELEMENT":"00000000-0000-02e1-ffff-ffff00000026","element-6066-11e4-a52e-4f735466cecf":"00000000-0000-02e1-ffff-ffff00000026"}}
[debug] &amp#27;[35m[W3C (59025bd3)]&amp#27;[39m Responding to client with driver.findElement() result: {"element-6066-11e4-a52e-4f735466cecf":"00000000-0000-02e1-ffff-ffff00000026","ELEMENT":"00000000-0000-02e1-ffff-ffff00000026"}
&amp#27;[35m[HTTP]&amp#27;[39m &amp#27;[37m<-- POST /wd/hub/session/59025bd3-69a6-4798-bec0-8281671e3116/element &amp#27;[39m&amp#27;[32m200&amp#27;[39m &amp#27;[90m47 ms - 137&amp#27;[39m
&amp#27;[35m[HTTP]&amp#27;[39m &amp#27;[90m&amp#27;[39m
&amp#27;[35m[HTTP]&amp#27;[39m &amp#27;[37m-->&amp#27;[39m &amp#27;[37mPOST&amp#27;[39m &amp#27;[37m/wd/hub/session/59025bd3-69a6-4798-bec0-8281671e3116/element/00000000-0000-02e1-ffff-ffff00000026/click&amp#27;[39m
&amp#27;[35m[HTTP]&amp#27;[39m &amp#27;[90m{"id":"00000000-0000-02e1-ffff-ffff00000026"}&amp#27;[39m
[debug] &amp#27;[35m[W3C (59025bd3)]&amp#27;[39m Calling AppiumDriver.click() with args: ["00000000-0000-02e1-ffff-ffff00000026","59025bd3-69a6-4798-bec0-8281671e3116"]
[debug] &amp#27;[35m[WD Proxy]&amp#27;[39m Matched '/element/00000000-0000-02e1-ffff-ffff00000026/click' to command name 'click'
[debug] &amp#27;[35m[WD Proxy]&amp#27;[39m Proxying [POST /element/00000000-0000-02e1-ffff-ffff00000026/click] to [POST http://127.0.0.1:8207/wd/hub/session/dd6318c0-96ad-4993-a85e-eb7041faf211/element/00000000-0000-02e1-ffff-ffff00000026/click] with body: {"element":"00000000-0000-02e1-ffff-ffff00000026"}
[debug] &amp#27;[35m[WD Proxy]&amp#27;[39m Got response with status 200: {"sessionId":"dd6318c0-96ad-4993-a85e-eb7041faf211","value":null}
[debug] &amp#27;[35m[W3C (59025bd3)]&amp#27;[39m Responding to client with driver.click() result: null
&amp#27;[35m[HTTP]&amp#27;[39m &amp#27;[37m<-- POST /wd/hub/session/59025bd3-69a6-4798-bec0-8281671e3116/element/00000000-0000-02e1-ffff-ffff00000026/click &amp#27;[39m&amp#27;[32m200&amp#27;[39m &amp#27;[90m929 ms - 14&amp#27;[39m
&amp#27;[35m[HTTP]&amp#27;[39m &amp#27;[90m&amp#27;[39m
&amp#27;[35m[HTTP]&amp#27;[39m &amp#27;[37m-->&amp#27;[39m &amp#27;[37mPOST&amp#27;[39m &amp#27;[37m/wd/hub/session/59025bd3-69a6-4798-bec0-8281671e3116/element&amp#27;[39m
&amp#27;[35m[HTTP]&amp#27;[39m &amp#27;[90m{"using":"id","value":"io.appium.android.apis:id/drag_dot_1"}&amp#27;[39m
[debug] &amp#27;[35m[W3C (59025bd3)]&amp#27;[39m Calling AppiumDriver.findElement() with args: ["id","io.appium.android.apis:id/drag_dot_1","59025bd3-69a6-4798-bec0-8281671e3116"]
[debug] &amp#27;[35m[BaseDriver]&amp#27;[39m Valid locator strategies for this request: xpath, id, class name, accessibility id, css selector, -android uiautomator
[debug] &amp#27;[35m[BaseDriver]&amp#27;[39m Waiting up to 10000 ms for condition
[debug] &amp#27;[35m[WD Proxy]&amp#27;[39m Matched '/element' to command name 'findElement'
[debug] &amp#27;[35m[WD Proxy]&amp#27;[39m Proxying [POST /element] to [POST http://127.0.0.1:8207/wd/hub/session/dd6318c0-96ad-4993-a85e-eb7041faf211/element] with body: {"strategy":"id","selector":"io.appium.android.apis:id/drag_dot_1","context":"","multiple":false}
[debug] &amp#27;[35m[WD Proxy]&amp#27;[39m Got response with status 200: {"sessionId":"dd6318c0-96ad-4993-a85e-eb7041faf211","value":{"ELEMENT":"00000000-0000-02e2-ffff-ffff00000033","element-6066-11e4-a52e-4f735466cecf":"00000000-0000-02e2-ffff-ffff00000033"}}
[debug] &amp#27;[35m[W3C (59025bd3)]&amp#27;[39m Responding to client with driver.findElement() result: {"element-6066-11e4-a52e-4f735466cecf":"00000000-0000-02e2-ffff-ffff00000033","ELEMENT":"00000000-0000-02e2-ffff-ffff00000033"}
&amp#27;[35m[HTTP]&amp#27;[39m &amp#27;[37m<-- POST /wd/hub/session/59025bd3-69a6-4798-bec0-8281671e3116/element &amp#27;[39m&amp#27;[32m200&amp#27;[39m &amp#27;[90m17 ms - 137&amp#27;[39m
&amp#27;[35m[HTTP]&amp#27;[39m &amp#27;[90m&amp#27;[39m
&amp#27;[35m[HTTP]&amp#27;[39m &amp#27;[37m-->&amp#27;[39m &amp#27;[37mPOST&amp#27;[39m &amp#27;[37m/wd/hub/session/59025bd3-69a6-4798-bec0-8281671e3116/element&amp#27;[39m
&amp#27;[35m[HTTP]&amp#27;[39m &amp#27;[90m{"using":"id","value":"io.appium.android.apis:id/drag_dot_2"}&amp#27;[39m
[debug] &amp#27;[35m[W3C (59025bd3)]&amp#27;[39m Calling AppiumDriver.findElement() with args: ["id","io.appium.android.apis:id/drag_dot_2","59025bd3-69a6-4798-bec0-8281671e3116"]
[debug] &amp#27;[35m[BaseDriver]&amp#27;[39m Valid locator strategies for this request: xpath, id, class name, accessibility id, css selector, -android uiautomator
[debug] &amp#27;[35m[BaseDriver]&amp#27;[39m Waiting up to 10000 ms for condition
[debug] &amp#27;[35m[WD Proxy]&amp#27;[39m Matched '/element' to command name 'findElement'
[debug] &amp#27;[35m[WD Proxy]&amp#27;[39m Proxying [POST /element] to [POST http://127.0.0.1:8207/wd/hub/session/dd6318c0-96ad-4993-a85e-eb7041faf211/element] with body: {"strategy":"id","selector":"io.appium.android.apis:id/drag_dot_2","context":"","multiple":false}
[debug] &amp#27;[35m[WD Proxy]&amp#27;[39m Got response with status 200: {"sessionId":"dd6318c0-96ad-4993-a85e-eb7041faf211","value":{"ELEMENT":"00000000-0000-02e2-ffff-ffff00000034","element-6066-11e4-a52e-4f735466cecf":"00000000-0000-02e2-ffff-ffff00000034"}}
[debug] &amp#27;[35m[W3C (59025bd3)]&amp#27;[39m Responding to client with driver.findElement() result: {"element-6066-11e4-a52e-4f735466cecf":"00000000-0000-02e2-ffff-ffff00000034","ELEMENT":"00000000-0000-02e2-ffff-ffff00000034"}
&amp#27;[35m[HTTP]&amp#27;[39m &amp#27;[37m<-- POST /wd/hub/session/59025bd3-69a6-4798-bec0-8281671e3116/element &amp#27;[39m&amp#27;[32m200&amp#27;[39m &amp#27;[90m12 ms - 137&amp#27;[39m
&amp#27;[35m[HTTP]&amp#27;[39m &amp#27;[90m&amp#27;[39m
&amp#27;[35m[HTTP]&amp#27;[39m &amp#27;[37m-->&amp#27;[39m &amp#27;[37mPOST&amp#27;[39m &amp#27;[37m/wd/hub/session/59025bd3-69a6-4798-bec0-8281671e3116/touch/perform&amp#27;[39m
&amp#27;[35m[HTTP]&amp#27;[39m &amp#27;[90m{"actions":[{"action":"longPress","options":{"element":"00000000-0000-02e2-ffff-ffff00000033"}},{"action":"moveTo","options":{"element":"00000000-0000-02e2-ffff-ffff00000034"}},{"action":"release","options":{}}]}&amp#27;[39m
[debug] &amp#27;[35m[W3C (59025bd3)]&amp#27;[39m Calling AppiumDriver.performTouch() with args: [[{"action":"longPress","options":{"element":"00000000-0000-02e2-ffff-ffff00000033"}},{"action":"moveTo","options":{"element":"00000000-0000-02e2-ffff-ffff00000034"}},{"action":"release","options":{}}],"59025bd3-69a6-4798-bec0-8281671e3116"]
&amp#27;[35m[UiAutomator2]&amp#27;[39m calling get location: 00000000-0000-02e2-ffff-ffff00000033
[debug] &amp#27;[35m[WD Proxy]&amp#27;[39m Matched '/element/00000000-0000-02e2-ffff-ffff00000033/location' to command name 'getLocation'
[debug] &amp#27;[35m[WD Proxy]&amp#27;[39m Proxying [GET /element/00000000-0000-02e2-ffff-ffff00000033/location] to [GET http://127.0.0.1:8207/wd/hub/session/dd6318c0-96ad-4993-a85e-eb7041faf211/element/00000000-0000-02e2-ffff-ffff00000033/location] with no body
[debug] &amp#27;[35m[WD Proxy]&amp#27;[39m Got response with status 200: {"sessionId":"dd6318c0-96ad-4993-a85e-eb7041faf211","value":{"x":0,"y":460}}
&amp#27;[35m[UiAutomator2]&amp#27;[39m calling get location: 00000000-0000-02e2-ffff-ffff00000034
[debug] &amp#27;[35m[WD Proxy]&amp#27;[39m Matched '/element/00000000-0000-02e2-ffff-ffff00000034/location' to command name 'getLocation'
[debug] &amp#27;[35m[WD Proxy]&amp#27;[39m Proxying [GET /element/00000000-0000-02e2-ffff-ffff00000034/location] to [GET http://127.0.0.1:8207/wd/hub/session/dd6318c0-96ad-4993-a85e-eb7041faf211/element/00000000-0000-02e2-ffff-ffff00000034/location] with no body
[debug] &amp#27;[35m[WD Proxy]&amp#27;[39m Got response with status 200: {"sessionId":"dd6318c0-96ad-4993-a85e-eb7041faf211","value":{"x":554,"y":460}}
[debug] &amp#27;[35m[WD Proxy]&amp#27;[39m Proxying [POST /touch/drag] to [POST http://127.0.0.1:8207/wd/hub/session/dd6318c0-96ad-4993-a85e-eb7041faf211/touch/drag] with body: {"elementId":"00000000-0000-02e2-ffff-ffff00000033","destElId":"00000000-0000-02e2-ffff-ffff00000034","startX":0,"startY":460,"endX":554,"endY":460,"steps":80}
[debug] &amp#27;[35m[WD Proxy]&amp#27;[39m Got response with status 200: {"sessionId":"dd6318c0-96ad-4993-a85e-eb7041faf211","value":null}
[debug] &amp#27;[35m[W3C (59025bd3)]&amp#27;[39m Responding to client with driver.performTouch() result: null
&amp#27;[35m[HTTP]&amp#27;[39m &amp#27;[37m<-- POST /wd/hub/session/59025bd3-69a6-4798-bec0-8281671e3116/touch/perform &amp#27;[39m&amp#27;[32m200&amp#27;[39m &amp#27;[90m7372 ms - 14&amp#27;[39m
&amp#27;[35m[HTTP]&amp#27;[39m &amp#27;[90m&amp#27;[39m
&amp#27;[35m[HTTP]&amp#27;[39m &amp#27;[37m-->&amp#27;[39m &amp#27;[37mPOST&amp#27;[39m &amp#27;[37m/wd/hub/session/59025bd3-69a6-4798-bec0-8281671e3116/element&amp#27;[39m
&amp#27;[35m[HTTP]&amp#27;[39m &amp#27;[90m{"using":"id","value":"io.appium.android.apis:id/drag_result_text"}&amp#27;[39m
[debug] &amp#27;[35m[W3C (59025bd3)]&amp#27;[39m Calling AppiumDriver.findElement() with args: ["id","io.appium.android.apis:id/drag_result_text","59025bd3-69a6-4798-bec0-8281671e3116"]
[debug] &amp#27;[35m[BaseDriver]&amp#27;[39m Valid locator strategies for this request: xpath, id, class name, accessibility id, css selector, -android uiautomator
[debug] &amp#27;[35m[BaseDriver]&amp#27;[39m Waiting up to 10000 ms for condition
[debug] &amp#27;[35m[WD Proxy]&amp#27;[39m Matched '/element' to command name 'findElement'
[debug] &amp#27;[35m[WD Proxy]&amp#27;[39m Proxying [POST /element] to [POST http://127.0.0.1:8207/wd/hub/session/dd6318c0-96ad-4993-a85e-eb7041faf211/element] with body: {"strategy":"id","selector":"io.appium.android.apis:id/drag_result_text","context":"","multiple":false}
[debug] &amp#27;[35m[WD Proxy]&amp#27;[39m Got response with status 200: {"sessionId":"dd6318c0-96ad-4993-a85e-eb7041faf211","value":{"ELEMENT":"00000000-0000-02e2-ffff-ffff00000037","element-6066-11e4-a52e-4f735466cecf":"00000000-0000-02e2-ffff-ffff00000037"}}
[debug] &amp#27;[35m[W3C (59025bd3)]&amp#27;[39m Responding to client with driver.findElement() result: {"element-6066-11e4-a52e-4f735466cecf":"00000000-0000-02e2-ffff-ffff00000037","ELEMENT":"00000000-0000-02e2-ffff-ffff00000037"}
&amp#27;[35m[HTTP]&amp#27;[39m &amp#27;[37m<-- POST /wd/hub/session/59025bd3-69a6-4798-bec0-8281671e3116/element &amp#27;[39m&amp#27;[32m200&amp#27;[39m &amp#27;[90m605 ms - 137&amp#27;[39m
&amp#27;[35m[HTTP]&amp#27;[39m &amp#27;[90m&amp#27;[39m
&amp#27;[35m[HTTP]&amp#27;[39m &amp#27;[37m-->&amp#27;[39m &amp#27;[37mGET&amp#27;[39m &amp#27;[37m/wd/hub/session/59025bd3-69a6-4798-bec0-8281671e3116/element/00000000-0000-02e2-ffff-ffff00000037/text&amp#27;[39m
&amp#27;[35m[HTTP]&amp#27;[39m &amp#27;[90m{}&amp#27;[39m
&amp#27;[35m[W3C (59025bd3)]&amp#27;[39m Driver proxy active, passing request on via HTTP proxy
[debug] &amp#27;[35m[WD Proxy]&amp#27;[39m Matched '/wd/hub/session/59025bd3-69a6-4798-bec0-8281671e3116/element/00000000-0000-02e2-ffff-ffff00000037/text' to command name 'getText'
[debug] &amp#27;[35m[WD Proxy]&amp#27;[39m Proxying [GET /wd/hub/session/59025bd3-69a6-4798-bec0-8281671e3116/element/00000000-0000-02e2-ffff-ffff00000037/text] to [GET http://127.0.0.1:8207/wd/hub/session/dd6318c0-96ad-4993-a85e-eb7041faf211/element/00000000-0000-02e2-ffff-ffff00000037/text] with no body
[debug] &amp#27;[35m[WD Proxy]&amp#27;[39m Got response with status 200: {"sessionId":"dd6318c0-96ad-4993-a85e-eb7041faf211","value":"Dropped!"}
&amp#27;[35m[WD Proxy]&amp#27;[39m Replacing sessionId dd6318c0-96ad-4993-a85e-eb7041faf211 with 59025bd3-69a6-4798-bec0-8281671e3116
&amp#27;[35m[HTTP]&amp#27;[39m &amp#27;[37m<-- GET /wd/hub/session/59025bd3-69a6-4798-bec0-8281671e3116/element/00000Message displayed is: Dropped!
000-0000-02e2-ffff-ffff00000037/text &amp#27;[39m&amp#27;[32m200&amp#27;[39m &amp#27;[90m10 ms - 71&amp#27;[39m
&amp#27;[35m[HTTP]&amp#27;[39m &amp#27;[90m&amp#27;[39m
]]></system-out>
    <system-err><![CDATA[Jan 15, 2022 6:01:26 PM io.appium.java_client.remote.AppiumCommandExecutor$1 lambda$0
INFO: Detected dialect: W3C
]]></system-err>
  </testcase>
  <testcase name="timeSettings" classname="apiDemosApp.SetTime" time="19.983">
    <system-out><![CDATA[&amp#27;[35m[Appium]&amp#27;[39m Welcome to Appium v1.22.1
&amp#27;[35m[Appium]&amp#27;[39m Appium REST http interface listener started on 0.0.0.0:4723
&amp#27;[35m[HTTP]&amp#27;[39m &amp#27;[37m-->&amp#27;[39m &amp#27;[37mGET&amp#27;[39m &amp#27;[37m/wd/hub/status&amp#27;[39m
&amp#27;[35m[HTTP]&amp#27;[39m &amp#27;[90m{}&amp#27;[39m
[debug] &amp#27;[35m[GENERIC]&amp#27;[39m Calling AppiumDriver.getStatus() with args: []
[debug] &amp#27;[35m[GENERIC]&amp#27;[39m Responding to client with driver.getStatus() result: {"build":{"version":"1.22.1"}}
&amp#27;[35m[HTTP]&amp#27;[39m &amp#27;[37m<-- GET /wd/hub/status &amp#27;[39m&amp#27;[32m200&amp#27;[39m &amp#27;[90m3 ms - 68&amp#27;[39m
&amp#27;[35m[HTTP]&amp#27;[39m &amp#27;[90m&amp#27;[39m
[debug] &amp#27;[35m[HTTP]&amp#27;[39m Request idempotency key: 9c162bfc-3816-494d-b0f1-28d7ca2d83bf
&amp#27;[35m[HTTP]&amp#27;[39m &amp#27;[37m-->&amp#27;[39m &amp#27;[37mPOST&amp#27;[39m &amp#27;[37m/wd/hub/session&amp#27;[39m
&amp#27;[35m[HTTP]&amp#27;[39m &amp#27;[90m{"desiredCapabilities":{"app":"C:\\Users\\joelv\\eclipse-workspace2\\framework\\src\\ApiDemos-debug.apk","automationName":"uiautomator2","appium:chromeOptions":{"w3c":false},"platformName":"Android","deviceName":"emulator1","avd":"emulator1"},"capabilities":{"firstMatch":[{"appium:app":"C:\\Users\\joelv\\eclipse-workspace2\\framework\\src\\ApiDemos-debug.apk","appium:chromeOptions":{"w3c":false},"appium:automationName":"uiautomator2","appium:avd":"emulator1","appium:deviceName":"emulator1","platformName":"android"}]}}&amp#27;[39m
[debug] &amp#27;[35m[W3C]&amp#27;[39m Calling AppiumDriver.createSession() with args: [{"app":"C:\\Users\\joelv\\eclipse-workspace2\\framework\\src\\ApiDemos-debug.apk","automationName":"uiautomator2","appium:chromeOptions":{"w3c":false},"platformName":"Android","deviceName":"emulator1","avd":"emulator1"},null,{"firstMatch":[{"appium:app":"C:\\Users\\joelv\\eclipse-workspace2\\framework\\src\\ApiDemos-debug.apk","appium:chromeOptions":{"w3c":false},"appium:automationName":"uiautomator2","appium:avd":"emulator1","appium:deviceName":"emulator1","platformName":"android"}]}]
[debug] &amp#27;[35m[BaseDriver]&amp#27;[39m Event 'newSessionRequested' logged at 1642249901809 (18:01:41 GMT+0530 (India Standard Time))
&amp#27;[35m[Appium]&amp#27;[39m Appium v1.22.1 creating new AndroidUiautomator2Driver (v1.70.1) session
[debug] &amp#27;[35m[BaseDriver]&amp#27;[39m W3C capabilities and MJSONWP desired capabilities were provided
[debug] &amp#27;[35m[BaseDriver]&amp#27;[39m Creating session with W3C capabilities: {
[debug] &amp#27;[35m[BaseDriver]&amp#27;[39m   "alwaysMatch": {
[debug] &amp#27;[35m[BaseDriver]&amp#27;[39m     "platformName": "android",
[debug] &amp#27;[35m[BaseDriver]&amp#27;[39m     "appium:app": "C:\\Users\\joelv\\eclipse-workspace2\\framework\\src\\ApiDemos-debug.apk",
[debug] &amp#27;[35m[BaseDriver]&amp#27;[39m     "appium:chromeOptions": {
[debug] &amp#27;[35m[BaseDriver]&amp#27;[39m       "w3c": false
[debug] &amp#27;[35m[BaseDriver]&amp#27;[39m     },
[debug] &amp#27;[35m[BaseDriver]&amp#27;[39m     "appium:automationName": "uiautomator2",
[debug] &amp#27;[35m[BaseDriver]&amp#27;[39m     "appium:avd": "emulator1",
[debug] &amp#27;[35m[BaseDriver]&amp#27;[39m     "appium:deviceName": "emulator1"
[debug] &amp#27;[35m[BaseDriver]&amp#27;[39m   },
[debug] &amp#27;[35m[BaseDriver]&amp#27;[39m   "firstMatch": [
[debug] &amp#27;[35m[BaseDriver]&amp#27;[39m     {}
[debug] &amp#27;[35m[BaseDriver]&amp#27;[39m   ]
[debug] &amp#27;[35m[BaseDriver]&amp#27;[39m }
&amp#27;[35m[BaseDriver]&amp#27;[39m Session created with session id: c070afbf-5564-4972-9096-4da79cd2f094
&amp#27;[35m[BaseDriver]&amp#27;[39m Using local app 'C:\Users\joelv\eclipse-workspace2\framework\src\ApiDemos-debug.apk'
[debug] &amp#27;[35m[UiAutomator2]&amp#27;[39m Checking whether app is actually present
&amp#27;[35m[ADB]&amp#27;[39m Found 1 'build-tools' folders under 'C:\Users\joelv\AppData\Local\Android\Sdk' (newest first):
&amp#27;[35m[ADB]&amp#27;[39m     C:/Users/joelv/AppData/Local/Android/Sdk/build-tools/32.0.0
&amp#27;[35m[ADB]&amp#27;[39m Using 'adb.exe' from 'C:\Users\joelv\AppData\Local\Android\Sdk\platform-tools\adb.exe'
[debug] &amp#27;[35m[ADB]&amp#27;[39m Running 'C:\Users\joelv\AppData\Local\Android\Sdk\platform-tools\adb.exe -P 5037 start-server'
[debug] &amp#27;[35m[ADB]&amp#27;[39m Trying to find 'emulator1' emulator
[debug] &amp#27;[35m[ADB]&amp#27;[39m Getting connected emulators
[debug] &amp#27;[35m[ADB]&amp#27;[39m Getting connected devices
[debug] &amp#27;[35m[ADB]&amp#27;[39m Connected devices: [{"udid":"emulator-5554","state":"device"}]
[debug] &amp#27;[35m[ADB]&amp#27;[39m 1 emulator connected
[debug] &amp#27;[35m[ADB]&amp#27;[39m Overriding C:\Users\joelv\.emulator_console_auth_token with an empty string to avoid telnet authentication for emulator commands
[debug] &amp#27;[35m[ADB]&amp#27;[39m Executing Emulator console command: avd name
[debug] &amp#27;[35m[ADB]&amp#27;[39m Found emulator 'emulator1' on port 5554
[debug] &amp#27;[35m[ADB]&amp#27;[39m Setting device id to emulator-5554
[debug] &amp#27;[35m[AndroidDriver]&amp#27;[39m Not launching AVD because it is already running.
&amp#27;[35m[AndroidDriver]&amp#27;[39m Using device: emulator-5554
&amp#27;[35m[ADB]&amp#27;[39m Using 'adb.exe' from 'C:\Users\joelv\AppData\Local\Android\Sdk\platform-tools\adb.exe'
[debug] &amp#27;[35m[ADB]&amp#27;[39m Running 'C:\Users\joelv\AppData\Local\Android\Sdk\platform-tools\adb.exe -P 5037 start-server'
[debug] &amp#27;[35m[ADB]&amp#27;[39m Setting device id to emulator-5554
[debug] &amp#27;[35m[ADB]&amp#27;[39m Running 'C:\Users\joelv\AppData\Local\Android\Sdk\platform-tools\adb.exe -P 5037 -s emulator-5554 shell getprop ro.build.version.sdk'
[debug] &amp#27;[35m[ADB]&amp#27;[39m Current device property 'ro.build.version.sdk': 30
&amp#27;[35m[ADB]&amp#27;[39m Getting device platform version
[debug] &amp#27;[35m[ADB]&amp#27;[39m Running 'C:\Users\joelv\AppData\Local\Android\Sdk\platform-tools\adb.exe -P 5037 -s emulator-5554 shell getprop ro.build.version.release'
[debug] &amp#27;[35m[ADB]&amp#27;[39m Current device property 'ro.build.version.release': 11
[debug] &amp#27;[35m[ADB]&amp#27;[39m Device API level: 30
&amp#27;[35m[UiAutomator2]&amp#27;[39m Relaxing hidden api policy
[debug] &amp#27;[35m[ADB]&amp#27;[39m Running 'C:\Users\joelv\AppData\Local\Android\Sdk\platform-tools\adb.exe -P 5037 -s emulator-5554 shell 'settings put global hidden_api_policy_pre_p_apps 1;settings put global hidden_api_policy_p_apps 1;settings put global hidden_api_policy 1''
[debug] &amp#27;[35m[AndroidDriver]&amp#27;[39m Parsing package and activity from app manifest
&amp#27;[35m[ADB]&amp#27;[39m Package name: 'io.appium.android.apis'
&amp#27;[35m[ADB]&amp#27;[39m Main activity name: 'io.appium.android.apis.ApiDemos'
[debug] &amp#27;[35m[AndroidDriver]&amp#27;[39m Parsed package and activity are: io.appium.android.apis/io.appium.android.apis.ApiDemos
[debug] &amp#27;[35m[ADB]&amp#27;[39m Running 'C:\Users\joelv\AppData\Local\Android\Sdk\platform-tools\adb.exe -P 5037 -s emulator-5554 wait-for-device'
[debug] &amp#27;[35m[ADB]&amp#27;[39m Running 'C:\Users\joelv\AppData\Local\Android\Sdk\platform-tools\adb.exe -P 5037 -s emulator-5554 shell echo ping'
[debug] &amp#27;[35m[AndroidDriver]&amp#27;[39m Pushing settings apk to device...
[debug] &amp#27;[35m[ADB]&amp#27;[39m Getting install status for io.appium.settings
[debug] &amp#27;[35m[ADB]&amp#27;[39m Running 'C:\Users\joelv\AppData\Local\Android\Sdk\platform-tools\adb.exe -P 5037 -s emulator-5554 shell dumpsys package io.appium.settings'
[debug] &amp#27;[35m[ADB]&amp#27;[39m 'io.appium.settings' is installed
[debug] &amp#27;[35m[ADB]&amp#27;[39m Getting package info for 'io.appium.settings'
[debug] &amp#27;[35m[ADB]&amp#27;[39m Running 'C:\Users\joelv\AppData\Local\Android\Sdk\platform-tools\adb.exe -P 5037 -s emulator-5554 shell dumpsys package io.appium.settings'
[debug] &amp#27;[35m[ADB]&amp#27;[39m The version name of the installed 'io.appium.settings' is greater or equal to the application version name ('3.4.0' >= '3.4.0')
[debug] &amp#27;[35m[ADB]&amp#27;[39m There is no need to install/upgrade 'C:\Users\joelv\AppData\Roaming\npm\node_modules\appium\node_modules\io.appium.settings\apks\settings_apk-debug.apk'
[debug] &amp#27;[35m[ADB]&amp#27;[39m Getting IDs of all 'io.appium.settings' processes
[debug] &amp#27;[35m[ADB]&amp#27;[39m Running 'C:\Users\joelv\AppData\Local\Android\Sdk\platform-tools\adb.exe -P 5037 -s emulator-5554 shell 'pgrep --help; echo $?''
[debug] &amp#27;[35m[ADB]&amp#27;[39m Running 'C:\Users\joelv\AppData\Local\Android\Sdk\platform-tools\adb.exe -P 5037 -s emulator-5554 shell pgrep -f \(\[\[:blank:\]\]\|\^\)io\.appium\.settings\(\[\[:blank:\]\]\|\$\)'
[debug] &amp#27;[35m[AndroidDriver]&amp#27;[39m io.appium.settings is already running. There is no need to reset its permissions.
[debug] &amp#27;[35m[Logcat]&amp#27;[39m Starting logs capture with command: C:\\Users\\joelv\\AppData\\Local\\Android\\Sdk\\platform-tools\\adb.exe -P 5037 -s emulator-5554 logcat -v threadtime
[debug] &amp#27;[35m[UiAutomator2]&amp#27;[39m Forwarding UiAutomator2 Server port 6790 to local port 8208
[debug] &amp#27;[35m[ADB]&amp#27;[39m Forwarding system: 8208 to device: 6790
[debug] &amp#27;[35m[ADB]&amp#27;[39m Running 'C:\Users\joelv\AppData\Local\Android\Sdk\platform-tools\adb.exe -P 5037 -s emulator-5554 forward tcp:8208 tcp:6790'
[debug] &amp#27;[35m[ADB]&amp#27;[39m Getting install status for io.appium.uiautomator2.server
[debug] &amp#27;[35m[ADB]&amp#27;[39m Running 'C:\Users\joelv\AppData\Local\Android\Sdk\platform-tools\adb.exe -P 5037 -s emulator-5554 shell dumpsys package io.appium.uiautomator2.server'
[debug] &amp#27;[35m[ADB]&amp#27;[39m 'io.appium.uiautomator2.server' is installed
[debug] &amp#27;[35m[ADB]&amp#27;[39m Getting package info for 'io.appium.uiautomator2.server'
[debug] &amp#27;[35m[ADB]&amp#27;[39m Running 'C:\Users\joelv\AppData\Local\Android\Sdk\platform-tools\adb.exe -P 5037 -s emulator-5554 shell dumpsys package io.appium.uiautomator2.server'
[debug] &amp#27;[35m[ADB]&amp#27;[39m The version name of the installed 'io.appium.uiautomator2.server' is greater or equal to the application version name ('4.27.0' >= '4.27.0')
[debug] &amp#27;[35m[UiAutomator2]&amp#27;[39m io.appium.uiautomator2.server installation state: sameVersionInstalled
[debug] &amp#27;[35m[ADB]&amp#27;[39m Checking app cert for C:\Users\joelv\AppData\Roaming\npm\node_modules\appium\node_modules\appium-uiautomator2-server\apks\appium-uiautomator2-server-v4.27.0.apk
&amp#27;[35m[ADB]&amp#27;[39m Using 'apksigner.jar' from 'C:\Users\joelv\AppData\Local\Android\Sdk\build-tools\32.0.0\lib\apksigner.jar'
[debug] &amp#27;[35m[ADB]&amp#27;[39m Starting apksigner: 'C:\\Program Files\\Java\\jdk1.8.0_311\\bin\\java.exe' -Xmx1024M -Xss1m -jar C:\\Users\\joelv\\AppData\\Local\\Android\\Sdk\\build-tools\\32.0.0\\lib\\apksigner.jar verify --print-certs C:\\Users\\joelv\\AppData\\Roaming\\npm\\node_modules\\appium\\node_modules\\appium-uiautomator2-server\\apks\\appium-uiautomator2-server-v4.27.0.apk
[debug] &amp#27;[35m[ADB]&amp#27;[39m apksigner stdout: Signer #1 certificate DN: EMAILADDRESS=android@android.com, CN=Android, OU=Android, O=Android, L=Mountain View, ST=California, C=US
[debug] &amp#27;[35m[ADB]&amp#27;[39m Signer #1 certificate SHA-256 digest: a40da80a59d170caa950cf15c18c454d47a39b26989d8b640ecd745ba71bf5dc
[debug] &amp#27;[35m[ADB]&amp#27;[39m Signer #1 certificate SHA-1 digest: 61ed377e85d386a8dfee6b864bd85b0bfaa5af81
[debug] &amp#27;[35m[ADB]&amp#27;[39m Signer #1 certificate MD5 digest: e89b158e4bcf988ebd09eb83f5378e87
[debug] &amp#27;[35m[ADB]&amp#27;[39m 
[debug] &amp#27;[35m[ADB]&amp#27;[39m sha256 hash did match for 'appium-uiautomator2-server-v4.27.0.apk'
&amp#27;[35m[ADB]&amp#27;[39m 'C:\Users\joelv\AppData\Roaming\npm\node_modules\appium\node_modules\appium-uiautomator2-server\apks\appium-uiautomator2-server-v4.27.0.apk' is signed with the default certificate
[debug] &amp#27;[35m[ADB]&amp#27;[39m Getting install status for io.appium.uiautomator2.server.test
[debug] &amp#27;[35m[ADB]&amp#27;[39m Running 'C:\Users\joelv\AppData\Local\Android\Sdk\platform-tools\adb.exe -P 5037 -s emulator-5554 shell dumpsys package io.appium.uiautomator2.server.test'
[debug] &amp#27;[35m[ADB]&amp#27;[39m 'io.appium.uiautomator2.server.test' is installed
[debug] &amp#27;[35m[ADB]&amp#27;[39m Checking app cert for C:\Users\joelv\AppData\Roaming\npm\node_modules\appium\node_modules\appium-uiautomator2-server\apks\appium-uiautomator2-server-debug-androidTest.apk
[debug] &amp#27;[35m[ADB]&amp#27;[39m Starting apksigner: 'C:\\Program Files\\Java\\jdk1.8.0_311\\bin\\java.exe' -Xmx1024M -Xss1m -jar C:\\Users\\joelv\\AppData\\Local\\Android\\Sdk\\build-tools\\32.0.0\\lib\\apksigner.jar verify --print-certs C:\\Users\\joelv\\AppData\\Roaming\\npm\\node_modules\\appium\\node_modules\\appium-uiautomator2-server\\apks\\appium-uiautomator2-server-debug-androidTest.apk
[debug] &amp#27;[35m[ADB]&amp#27;[39m apksigner stdout: Signer #1 certificate DN: EMAILADDRESS=android@android.com, CN=Android, OU=Android, O=Android, L=Mountain View, ST=California, C=US
[debug] &amp#27;[35m[ADB]&amp#27;[39m Signer #1 certificate SHA-256 digest: a40da80a59d170caa950cf15c18c454d47a39b26989d8b640ecd745ba71bf5dc
[debug] &amp#27;[35m[ADB]&amp#27;[39m Signer #1 certificate SHA-1 digest: 61ed377e85d386a8dfee6b864bd85b0bfaa5af81
[debug] &amp#27;[35m[ADB]&amp#27;[39m Signer #1 certificate MD5 digest: e89b158e4bcf988ebd09eb83f5378e87
[debug] &amp#27;[35m[ADB]&amp#27;[39m 
[debug] &amp#27;[35m[ADB]&amp#27;[39m sha256 hash did match for 'appium-uiautomator2-server-debug-androidTest.apk'
&amp#27;[35m[ADB]&amp#27;[39m 'C:\Users\joelv\AppData\Roaming\npm\node_modules\appium\node_modules\appium-uiautomator2-server\apks\appium-uiautomator2-server-debug-androidTest.apk' is signed with the default certificate
&amp#27;[35m[UiAutomator2]&amp#27;[39m Server packages are not going to be (re)installed
[debug] &amp#27;[35m[UiAutomator2]&amp#27;[39m Waiting up to 30000ms for services to be available
[debug] &amp#27;[35m[ADB]&amp#27;[39m Running 'C:\Users\joelv\AppData\Local\Android\Sdk\platform-tools\adb.exe -P 5037 -s emulator-5554 shell pm list instrumentation'
[debug] &amp#27;[35m[UiAutomator2]&amp#27;[39m Instrumentation target 'io.appium.uiautomator2.server.test/androidx.test.runner.AndroidJUnitRunner' is available
&amp#27;[35m[ADB]&amp#27;[39m Adding packages ["io.appium.settings","io.appium.uiautomator2.server","io.appium.uiautomator2.server.test"] to Doze whitelist
[debug] &amp#27;[35m[ADB]&amp#27;[39m Got the following command chunks to execute: [["dumpsys","deviceidle","whitelist","+io.appium.settings",";","dumpsys","deviceidle","whitelist","+io.appium.uiautomator2.server",";","dumpsys","deviceidle","whitelist","+io.appium.uiautomator2.server.test",";"]]
[debug] &amp#27;[35m[ADB]&amp#27;[39m Running 'C:\Users\joelv\AppData\Local\Android\Sdk\platform-tools\adb.exe -P 5037 -s emulator-5554 shell dumpsys deviceidle whitelist +io.appium.settings ; dumpsys deviceidle whitelist +io.appium.uiautomator2.server ; dumpsys deviceidle whitelist +io.appium.uiautomator2.server.test ;'
[debug] &amp#27;[35m[ADB]&amp#27;[39m Checking app cert for C:\Users\joelv\eclipse-workspace2\framework\src\ApiDemos-debug.apk
[debug] &amp#27;[35m[ADB]&amp#27;[39m Starting apksigner: 'C:\\Program Files\\Java\\jdk1.8.0_311\\bin\\java.exe' -Xmx1024M -Xss1m -jar C:\\Users\\joelv\\AppData\\Local\\Android\\Sdk\\build-tools\\32.0.0\\lib\\apksigner.jar verify --print-certs C:\\Users\\joelv\\eclipse-workspace2\\framework\\src\\ApiDemos-debug.apk
[debug] &amp#27;[35m[ADB]&amp#27;[39m apksigner stdout: Signer #1 certificate DN: C=US, O=Android, CN=Android Debug
[debug] &amp#27;[35m[ADB]&amp#27;[39m Signer #1 certificate SHA-256 digest: ff2c1b0d041edb6e32a5f7c190ca9c3e78c4ca2cddbbb76133fc30c40b291e30
[debug] &amp#27;[35m[ADB]&amp#27;[39m Signer #1 certificate SHA-1 digest: b3de7d52e6aa703f166c4ee6e921c2816278c393
[debug] &amp#27;[35m[ADB]&amp#27;[39m Signer #1 certificate MD5 digest: 7dce13e4e43fbe159a70f7a252cb0acf
[debug] &amp#27;[35m[ADB]&amp#27;[39m 
&amp#27;[35m[ADB]&amp#27;[39m 'C:\Users\joelv\eclipse-workspace2\framework\src\ApiDemos-debug.apk' is signed with a non-default certificate
[debug] &amp#27;[35m[ADB]&amp#27;[39m Getting install status for io.appium.android.apis
[debug] &amp#27;[35m[ADB]&amp#27;[39m Running 'C:\Users\joelv\AppData\Local\Android\Sdk\platform-tools\adb.exe -P 5037 -s emulator-5554 shell dumpsys package io.appium.android.apis'
[debug] &amp#27;[35m[ADB]&amp#27;[39m 'io.appium.android.apis' is installed
[debug] &amp#27;[35m[ADB]&amp#27;[39m Getting package info for 'io.appium.android.apis'
[debug] &amp#27;[35m[ADB]&amp#27;[39m Running 'C:\Users\joelv\AppData\Local\Android\Sdk\platform-tools\adb.exe -P 5037 -s emulator-5554 shell dumpsys package io.appium.android.apis'
[debug] &amp#27;[35m[ADB]&amp#27;[39m The version name of the installed 'io.appium.android.apis' is greater or equal to the application version name ('3.3.1' >= '3.3.1')
[debug] &amp#27;[35m[ADB]&amp#27;[39m There is no need to install/upgrade 'C:\Users\joelv\eclipse-workspace2\framework\src\ApiDemos-debug.apk'
&amp#27;[35m[AndroidDriver]&amp#27;[39m Performing fast reset on 'io.appium.android.apis'
[debug] &amp#27;[35m[ADB]&amp#27;[39m Getting install status for io.appium.android.apis
[debug] &amp#27;[35m[ADB]&amp#27;[39m Running 'C:\Users\joelv\AppData\Local\Android\Sdk\platform-tools\adb.exe -P 5037 -s emulator-5554 shell dumpsys package io.appium.android.apis'
[debug] &amp#27;[35m[ADB]&amp#27;[39m 'io.appium.android.apis' is installed
[debug] &amp#27;[35m[ADB]&amp#27;[39m Running 'C:\Users\joelv\AppData\Local\Android\Sdk\platform-tools\adb.exe -P 5037 -s emulator-5554 shell am force-stop io.appium.android.apis'
[debug] &amp#27;[35m[ADB]&amp#27;[39m Running 'C:\Users\joelv\AppData\Local\Android\Sdk\platform-tools\adb.exe -P 5037 -s emulator-5554 shell pm clear io.appium.android.apis'
[debug] &amp#27;[35m[AndroidDriver]&amp#27;[39m Performed fast reset on the installed 'io.appium.android.apis' application (stop and clear)
[debug] &amp#27;[35m[UiAutomator2]&amp#27;[39m Performing shallow cleanup of automation leftovers
[debug] &amp#27;[35m[UiAutomator2]&amp#27;[39m The following obsolete sessions are still running: ["dd6318c0-96ad-4993-a85e-eb7041faf211"]
[debug] &amp#27;[35m[UiAutomator2]&amp#27;[39m Cleaning up 1 obsolete session
[debug] &amp#27;[35m[ADB]&amp#27;[39m Running 'C:\Users\joelv\AppData\Local\Android\Sdk\platform-tools\adb.exe -P 5037 -s emulator-5554 shell am force-stop io.appium.uiautomator2.server.test'
&amp#27;[35m[UiAutomator2]&amp#27;[39m Starting UIAutomator2 server 4.27.0
&amp#27;[35m[UiAutomator2]&amp#27;[39m Using UIAutomator2 server from 'C:\Users\joelv\AppData\Roaming\npm\node_modules\appium\node_modules\appium-uiautomator2-server\apks\appium-uiautomator2-server-v4.27.0.apk' and test from 'C:\Users\joelv\AppData\Roaming\npm\node_modules\appium\node_modules\appium-uiautomator2-server\apks\appium-uiautomator2-server-debug-androidTest.apk'
&amp#27;[35m[UiAutomator2]&amp#27;[39m Waiting up to 30000ms for UiAutomator2 to be online...
[debug] &amp#27;[35m[ADB]&amp#27;[39m Creating ADB subprocess with args: ["-P",5037,"-s","emulator-5554","shell","am","instrument","-w","-e","disableAnalytics",true,"io.appium.uiautomator2.server.test/androidx.test.runner.AndroidJUnitRunner"]
[debug] &amp#27;[35m[WD Proxy]&amp#27;[39m Matched '/status' to command name 'getStatus'
[debug] &amp#27;[35m[WD Proxy]&amp#27;[39m Proxying [GET /status] to [GET http://127.0.0.1:8208/wd/hub/status] with no body
&amp#27;[35m[WD Proxy]&amp#27;[39m socket hang up
[debug] &amp#27;[35m[Instrumentation]&amp#27;[39m io.appium.uiautomator2.server.test.AppiumUiAutomator2Server:
[debug] &amp#27;[35m[WD Proxy]&amp#27;[39m Matched '/status' to command name 'getStatus'
[debug] &amp#27;[35m[WD Proxy]&amp#27;[39m Proxying [GET /status] to [GET http://127.0.0.1:8208/wd/hub/status] with no body
&amp#27;[35m[WD Proxy]&amp#27;[39m socket hang up
[debug] &amp#27;[35m[WD Proxy]&amp#27;[39m Matched '/status' to command name 'getStatus'
[debug] &amp#27;[35m[WD Proxy]&amp#27;[39m Proxying [GET /status] to [GET http://127.0.0.1:8208/wd/hub/status] with no body
[debug] &amp#27;[35m[WD Proxy]&amp#27;[39m Got response with status 200: {"sessionId":"None","value":{"message":"UiAutomator2 Server is ready to accept commands","ready":true}}
[debug] &amp#27;[35m[UiAutomator2]&amp#27;[39m The initialization of the instrumentation process took 2085ms
[debug] &amp#27;[35m[WD Proxy]&amp#27;[39m Matched '/session' to command name 'createSession'
[debug] &amp#27;[35m[WD Proxy]&amp#27;[39m Proxying [POST /session] to [POST http://127.0.0.1:8208/wd/hub/session] with body: {"capabilities":{"firstMatch":[{"platform":"LINUX","webStorageEnabled":false,"takesScreenshot":true,"javascriptEnabled":true,"databaseEnabled":false,"networkConnectionEnabled":true,"locationContextEnabled":false,"warnings":{},"desired":{"platformName":"android","app":"C:\\Users\\joelv\\eclipse-workspace2\\framework\\src\\ApiDemos-debug.apk","chromeOptions":{"w3c":false},"automationName":"uiautomator2","avd":"emulator1","deviceName":"emulator1"},"platformName":"android","app":"C:\\Users\\joelv\\eclipse-workspace2\\framework\\src\\ApiDemos-debug.apk","chromeOptions":{"w3c":false},"automationName":"uiautomator2","avd":"emulator1","deviceName":"emulator-5554","deviceUDID":"emulator-5554","appPackage":"io.appium.android.apis"}],"alwaysMatch":{}}}
[debug] &amp#27;[35m[WD Proxy]&amp#27;[39m Got response with status 200: {"sessionId":"ae7a8a70-d38f-4b9c-ac26-011b0cd34df3","value":{"capabilities":{"firstMatch":[{"platform":"LINUX","webStorageEnabled":false,"takesScreenshot":true,"javascriptEnabled":true,"databaseEnabled":false,"networkConnectionEnabled":true,"locationContextEnabled":false,"warnings":{},"desired":{"platformName":"android","app":"C:\\Users\\joelv\\eclipse-workspace2\\framework\\src\\ApiDemos-debug.apk","chromeOptions":{"w3c":false},"automationName":"uiautomator2","avd":"emulator1","deviceName":"emulator1"},"platformName":"android","app":"C:\\Users\\joelv\\eclipse-workspace2\\framework\\src\\ApiDemos-debug.apk","chromeOptions":{"w3c":false},"automationName":"uiautomator2","avd":"emulator1","deviceName":"emulator-5554","deviceUDID":"emulator-5554","appPackage":"io.appium.android.apis"}],"alwaysMatch":{}},"sessionId":"ae7a8a70-d38f-4b9c-ac26-011b0cd34df3"}}
&amp#27;[35m[WD Proxy]&amp#27;[39m Determined the downstream protocol as 'W3C'
[debug] &amp#27;[35m[WD Proxy]&amp#27;[39m Proxying [GET /appium/device/info] to [GET http://127.0.0.1:8208/wd/hub/session/ae7a8a70-d38f-4b9c-ac26-011b0cd34df3/appium/device/info] with no body
[debug] &amp#27;[35m[WD Proxy]&amp#27;[39m Got response with status 200: {"sessionId":"ae7a8a70-d38f-4b9c-ac26-011b0cd34df3","value":{"androidId":"36aa52b107025819","apiVersion":"30","bluetooth":{"state":"ON"},"brand":"Android","carrierName":"Android","displayDensity":560,"locale":"en_US","manufacturer":"unknown","model":"Android SDK built for x86","networks":[{"capabilities":{"SSID":null,"linkDownBandwidthKbps":30000,"linkUpstreamBandwidthKbps":15000,"networkCapabilities":"NET_CAPABILITY_MMS,NET_CAPABILITY_SUPL,NET_CAPABILITY_DUN,NET_CAPABILITY_FOTA,NET_CAPABILITY_IMS,NET_CAPABILITY_CBS,NET_CAPABILITY_INTERNET,NET_CAPABILITY_NOT_RESTRICTED,NET_CAPABILITY_TRUSTED,NET_CAPABILITY_NOT_VPN,NET_CAPABILITY_VALIDATED,NET_CAPABILITY_NOT_ROAMING,NET_CAPABILITY_NOT_CONGESTED,NET_CAPABILITY_NOT_SUSPENDED","signalStrength":-2147483648,"transportTypes":"TRANSPORT_CELLULAR"},"detailedState":"CONNECTED","extraInfo":"epc.tmobile.com","isAvailable":true,"isConnected":true,"isFailover":false,"isRoaming":false,"state":"CONNECTED","subtype":13,"subtypeName":"LTE","type":0,"typeName":"MOBILE"},{"ca...
[debug] &amp#27;[35m[ADB]&amp#27;[39m Running 'C:\Users\joelv\AppData\Local\Android\Sdk\platform-tools\adb.exe -P 5037 -s emulator-5554 shell dumpsys window'
&amp#27;[35m[AndroidDriver]&amp#27;[39m Screen already unlocked, doing nothing
&amp#27;[35m[UiAutomator2]&amp#27;[39m Starting 'io.appium.android.apis/io.appium.android.apis.ApiDemos and waiting for 'io.appium.android.apis/io.appium.android.apis.ApiDemos'
[debug] &amp#27;[35m[ADB]&amp#27;[39m Running 'C:\Users\joelv\AppData\Local\Android\Sdk\platform-tools\adb.exe -P 5037 -s emulator-5554 shell am start -W -n io.appium.android.apis/io.appium.android.apis.ApiDemos -S -a android.intent.action.MAIN -c android.intent.category.LAUNCHER -f 0x10200000'
[debug] &amp#27;[35m[ADB]&amp#27;[39m Waiting up to 20000ms for activity matching pkg: 'io.appium.android.apis' and activity: 'io.appium.android.apis.ApiDemos' to be focused
[debug] &amp#27;[35m[ADB]&amp#27;[39m Possible activities, to be checked: 'io.appium.android.apis.ApiDemos', 'io.appium.android.apis.io.appium.android.apis.ApiDemos'
[debug] &amp#27;[35m[ADB]&amp#27;[39m Getting focused package and activity
[debug] &amp#27;[35m[ADB]&amp#27;[39m Running 'C:\Users\joelv\AppData\Local\Android\Sdk\platform-tools\adb.exe -P 5037 -s emulator-5554 shell dumpsys window displays'
[debug] &amp#27;[35m[ADB]&amp#27;[39m Found package: 'io.appium.android.apis' and fully qualified activity name : 'io.appium.android.apis.ApiDemos'
[debug] &amp#27;[35m[WD Proxy]&amp#27;[39m Proxying [GET /appium/device/pixel_ratio] to [GET http://127.0.0.1:8208/wd/hub/session/ae7a8a70-d38f-4b9c-ac26-011b0cd34df3/appium/device/pixel_ratio] with no body
[debug] &amp#27;[35m[WD Proxy]&amp#27;[39m Got response with status 200: {"sessionId":"ae7a8a70-d38f-4b9c-ac26-011b0cd34df3","value":3.5}
[debug] &amp#27;[35m[WD Proxy]&amp#27;[39m Matched '/appium/device/system_bars' to command name 'getSystemBars'
[debug] &amp#27;[35m[WD Proxy]&amp#27;[39m Proxying [GET /appium/device/system_bars] to [GET http://127.0.0.1:8208/wd/hub/session/ae7a8a70-d38f-4b9c-ac26-011b0cd34df3/appium/device/system_bars] with no body
[debug] &amp#27;[35m[WD Proxy]&amp#27;[39m Got response with status 200: {"sessionId":"ae7a8a70-d38f-4b9c-ac26-011b0cd34df3","value":{"statusBar":84}}
[debug] &amp#27;[35m[WD Proxy]&amp#27;[39m Matched '/window/current/size' to command name 'getWindowSize'
[debug] &amp#27;[35m[WD Proxy]&amp#27;[39m Proxying [GET /window/current/size] to [GET http://127.0.0.1:8208/wd/hub/session/ae7a8a70-d38f-4b9c-ac26-011b0cd34df3/window/current/size] with no body
[debug] &amp#27;[35m[WD Proxy]&amp#27;[39m Got response with status 200: {"sessionId":"ae7a8a70-d38f-4b9c-ac26-011b0cd34df3","value":{"height":2712,"width":1440}}
&amp#27;[35m[Appium]&amp#27;[39m New AndroidUiautomator2Driver session created successfully, session c070afbf-5564-4972-9096-4da79cd2f094 added to master session list
[debug] &amp#27;[35m[BaseDriver]&amp#27;[39m Event 'newSessionStarted' logged at 1642249908340 (18:01:48 GMT+0530 (India Standard Time))
[debug] &amp#27;[35m[W3C (c070afbf)]&amp#27;[39m Cached the protocol value 'W3C' for the new session c070afbf-5564-4972-9096-4da79cd2f094
[debug] &amp#27;[35m[W3C (c070afbf)]&amp#27;[39m Responding to client with driver.createSession() result: {"capabilities":{"platform":"LINUX","webStorageEnabled":false,"takesScreenshot":true,"javascriptEnabled":true,"databaseEnabled":false,"networkConnectionEnabled":true,"locationContextEnabled":false,"warnings":{},"desired":{"platformName":"android","app":"C:\\Users\\joelv\\eclipse-workspace2\\framework\\src\\ApiDemos-debug.apk","chromeOptions":{"w3c":false},"automationName":"uiautomator2","avd":"emulator1","deviceName":"emulator1"},"platformName":"android","app":"C:\\Users\\joelv\\eclipse-workspace2\\framework\\src\\ApiDemos-debug.apk","chromeOptions":{"w3c":false},"automationName":"uiautomator2","avd":"emulator1","deviceName":"emulator-5554","deviceUDID":"emulator-5554","appPackage":"io.appium.android.apis","deviceApiLevel":30,"platformVersion":"11","deviceScreenSize":"1440x2880","deviceScreenDensity":560,"deviceModel":"Android SDK built for x86","deviceManufacturer":"unknown","pixelRatio":3.5,"statBarHeight":84,"viewportRect":{"left":0,"top":84,"width":1440,"height":2628}}}
&amp#27;[35m[HTTP]&amp#27;[39m &amp#27;[37m<-- POST /wd/hub/session &amp#27;[39m&amp#27;[32m200&amp#27;[39m &amp#27;[90m6533 ms - 1049&amp#27;[39m
&amp#27;[35m[HTTP]&amp#27;[39m &amp#27;[90m&amp#27;[39m
&amp#27;[35m[HTTP]&amp#27;[39m &amp#27;[37m-->&amp#27;[39m &amp#27;[37mPOST&amp#27;[39m &amp#27;[37m/wd/hub/session/c070afbf-5564-4972-9096-4da79cd2f094/timeouts&amp#27;[39m
&amp#27;[35m[HTTP]&amp#27;[39m &amp#27;[90m{"implicit":10000}&amp#27;[39m
[debug] &amp#27;[35m[W3C (c070afbf)]&amp#27;[39m Calling AppiumDriver.timeouts() with args: [null,null,null,null,10000,"c070afbf-5564-4972-9096-4da79cd2f094"]
[debug] &amp#27;[35m[BaseDriver]&amp#27;[39m W3C timeout argument: {"implicit":10000}}
[debug] &amp#27;[35m[BaseDriver]&amp#27;[39m Set implicit wait to 10000ms
[debug] &amp#27;[35m[W3C (c070afbf)]&amp#27;[39m Responding to client with driver.timeouts() result: null
&amp#27;[35m[HTTP]&amp#27;[39m &amp#27;[37m<-- POST /wd/hub/session/c070afbf-5564-4972-9096-4da79cd2f094/timeouts &amp#27;[39m&amp#27;[32m200&amp#27;[39m &amp#27;[90m3 ms - 14&amp#27;[39m
&amp#27;[35m[HTTP]&amp#27;[39m &amp#27;[90m&amp#27;[39m
&amp#27;[35m[HTTP]&amp#27;[39m &amp#27;[37m-->&amp#27;[39m &amp#27;[37mPOST&amp#27;[39m &amp#27;[37m/wd/hub/session/c070afbf-5564-4972-9096-4da79cd2f094/element&amp#27;[39m
&amp#27;[35m[HTTP]&amp#27;[39m &amp#27;[90m{"using":"xpath","value":"//*[@text='Views']"}&amp#27;[39m
[debug] &amp#27;[35m[W3C (c070afbf)]&amp#27;[39m Calling AppiumDriver.findElement() with args: ["xpath","//*[@text='Views']","c070afbf-5564-4972-9096-4da79cd2f094"]
[debug] &amp#27;[35m[BaseDriver]&amp#27;[39m Valid locator strategies for this request: xpath, id, class name, accessibility id, css selector, -android uiautomator
[debug] &amp#27;[35m[BaseDriver]&amp#27;[39m Waiting up to 10000 ms for condition
[debug] &amp#27;[35m[WD Proxy]&amp#27;[39m Matched '/element' to command name 'findElement'
[debug] &amp#27;[35m[WD Proxy]&amp#27;[39m Proxying [POST /element] to [POST http://127.0.0.1:8208/wd/hub/session/ae7a8a70-d38f-4b9c-ac26-011b0cd34df3/element] with body: {"strategy":"xpath","selector":"//*[@text='Views']","context":"","multiple":false}
[debug] &amp#27;[35m[WD Proxy]&amp#27;[39m Got response with status 200: {"sessionId":"ae7a8a70-d38f-4b9c-ac26-011b0cd34df3","value":{"ELEMENT":"00000000-0000-02ed-ffff-ffff00000014","element-6066-11e4-a52e-4f735466cecf":"00000000-0000-02ed-ffff-ffff00000014"}}
[debug] &amp#27;[35m[W3C (c070afbf)]&amp#27;[39m Responding to client with driver.findElement() result: {"element-6066-11e4-a52e-4f735466cecf":"00000000-0000-02ed-ffff-ffff00000014","ELEMENT":"00000000-0000-02ed-ffff-ffff00000014"}
&amp#27;[35m[HTTP]&amp#27;[39m &amp#27;[37m<-- POST /wd/hub/session/c070afbf-5564-4972-9096-4da79cd2f094/element &amp#27;[39m&amp#27;[32m200&amp#27;[39m &amp#27;[90m717 ms - 137&amp#27;[39m
&amp#27;[35m[HTTP]&amp#27;[39m &amp#27;[90m&amp#27;[39m
&amp#27;[35m[HTTP]&amp#27;[39m &amp#27;[37m-->&amp#27;[39m &amp#27;[37mPOST&amp#27;[39m &amp#27;[37m/wd/hub/session/c070afbf-5564-4972-9096-4da79cd2f094/element/00000000-0000-02ed-ffff-ffff00000014/click&amp#27;[39m
&amp#27;[35m[HTTP]&amp#27;[39m &amp#27;[90m{"id":"00000000-0000-02ed-ffff-ffff00000014"}&amp#27;[39m
[debug] &amp#27;[35m[W3C (c070afbf)]&amp#27;[39m Calling AppiumDriver.click() with args: ["00000000-0000-02ed-ffff-ffff00000014","c070afbf-5564-4972-9096-4da79cd2f094"]
[debug] &amp#27;[35m[WD Proxy]&amp#27;[39m Matched '/element/00000000-0000-02ed-ffff-ffff00000014/click' to command name 'click'
[debug] &amp#27;[35m[WD Proxy]&amp#27;[39m Proxying [POST /element/00000000-0000-02ed-ffff-ffff00000014/click] to [POST http://127.0.0.1:8208/wd/hub/session/ae7a8a70-d38f-4b9c-ac26-011b0cd34df3/element/00000000-0000-02ed-ffff-ffff00000014/click] with body: {"element":"00000000-0000-02ed-ffff-ffff00000014"}
[debug] &amp#27;[35m[WD Proxy]&amp#27;[39m Got response with status 200: {"sessionId":"ae7a8a70-d38f-4b9c-ac26-011b0cd34df3","value":null}
[debug] &amp#27;[35m[W3C (c070afbf)]&amp#27;[39m Responding to client with driver.click() result: null
&amp#27;[35m[HTTP]&amp#27;[39m &amp#27;[37m<-- POST /wd/hub/session/c070afbf-5564-4972-9096-4da79cd2f094/element/00000000-0000-02ed-ffff-ffff00000014/click &amp#27;[39m&amp#27;[32m200&amp#27;[39m &amp#27;[90m823 ms - 14&amp#27;[39m
&amp#27;[35m[HTTP]&amp#27;[39m &amp#27;[90m&amp#27;[39m
&amp#27;[35m[HTTP]&amp#27;[39m &amp#27;[37m-->&amp#27;[39m &amp#27;[37mPOST&amp#27;[39m &amp#27;[37m/wd/hub/session/c070afbf-5564-4972-9096-4da79cd2f094/element&amp#27;[39m
&amp#27;[35m[HTTP]&amp#27;[39m &amp#27;[90m{"using":"xpath","value":"//android.widget.TextView[@text='Date Widgets']"}&amp#27;[39m
[debug] &amp#27;[35m[W3C (c070afbf)]&amp#27;[39m Calling AppiumDriver.findElement() with args: ["xpath","//android.widget.TextView[@text='Date Widgets']","c070afbf-5564-4972-9096-4da79cd2f094"]
[debug] &amp#27;[35m[BaseDriver]&amp#27;[39m Valid locator strategies for this request: xpath, id, class name, accessibility id, css selector, -android uiautomator
[debug] &amp#27;[35m[BaseDriver]&amp#27;[39m Waiting up to 10000 ms for condition
[debug] &amp#27;[35m[WD Proxy]&amp#27;[39m Matched '/element' to command name 'findElement'
[debug] &amp#27;[35m[WD Proxy]&amp#27;[39m Proxying [POST /element] to [POST http://127.0.0.1:8208/wd/hub/session/ae7a8a70-d38f-4b9c-ac26-011b0cd34df3/element] with body: {"strategy":"xpath","selector":"//android.widget.TextView[@text='Date Widgets']","context":"","multiple":false}
[debug] &amp#27;[35m[WD Proxy]&amp#27;[39m Got response with status 200: {"sessionId":"ae7a8a70-d38f-4b9c-ac26-011b0cd34df3","value":{"ELEMENT":"00000000-0000-02ee-ffff-ffff00000025","element-6066-11e4-a52e-4f735466cecf":"00000000-0000-02ee-ffff-ffff00000025"}}
[debug] &amp#27;[35m[W3C (c070afbf)]&amp#27;[39m Responding to client with driver.findElement() result: {"element-6066-11e4-a52e-4f735466cecf":"00000000-0000-02ee-ffff-ffff00000025","ELEMENT":"00000000-0000-02ee-ffff-ffff00000025"}
&amp#27;[35m[HTTP]&amp#27;[39m &amp#27;[37m<-- POST /wd/hub/session/c070afbf-5564-4972-9096-4da79cd2f094/element &amp#27;[39m&amp#27;[32m200&amp#27;[39m &amp#27;[90m48 ms - 137&amp#27;[39m
&amp#27;[35m[HTTP]&amp#27;[39m &amp#27;[90m&amp#27;[39m
&amp#27;[35m[HTTP]&amp#27;[39m &amp#27;[37m-->&amp#27;[39m &amp#27;[37mPOST&amp#27;[39m &amp#27;[37m/wd/hub/session/c070afbf-5564-4972-9096-4da79cd2f094/element/00000000-0000-02ee-ffff-ffff00000025/click&amp#27;[39m
&amp#27;[35m[HTTP]&amp#27;[39m &amp#27;[90m{"id":"00000000-0000-02ee-ffff-ffff00000025"}&amp#27;[39m
[debug] &amp#27;[35m[W3C (c070afbf)]&amp#27;[39m Calling AppiumDriver.click() with args: ["00000000-0000-02ee-ffff-ffff00000025","c070afbf-5564-4972-9096-4da79cd2f094"]
[debug] &amp#27;[35m[WD Proxy]&amp#27;[39m Matched '/element/00000000-0000-02ee-ffff-ffff00000025/click' to command name 'click'
[debug] &amp#27;[35m[WD Proxy]&amp#27;[39m Proxying [POST /element/00000000-0000-02ee-ffff-ffff00000025/click] to [POST http://127.0.0.1:8208/wd/hub/session/ae7a8a70-d38f-4b9c-ac26-011b0cd34df3/element/00000000-0000-02ee-ffff-ffff00000025/click] with body: {"element":"00000000-0000-02ee-ffff-ffff00000025"}
[debug] &amp#27;[35m[WD Proxy]&amp#27;[39m Got response with status 200: {"sessionId":"ae7a8a70-d38f-4b9c-ac26-011b0cd34df3","value":null}
[debug] &amp#27;[35m[W3C (c070afbf)]&amp#27;[39m Responding to client with driver.click() result: null
&amp#27;[35m[HTTP]&amp#27;[39m &amp#27;[37m<-- POST /wd/hub/session/c070afbf-5564-4972-9096-4da79cd2f094/element/00000000-0000-02ee-ffff-ffff00000025/click &amp#27;[39m&amp#27;[32m200&amp#27;[39m &amp#27;[90m789 ms - 14&amp#27;[39m
&amp#27;[35m[HTTP]&amp#27;[39m &amp#27;[90m&amp#27;[39m
&amp#27;[35m[HTTP]&amp#27;[39m &amp#27;[37m-->&amp#27;[39m &amp#27;[37mPOST&amp#27;[39m &amp#27;[37m/wd/hub/session/c070afbf-5564-4972-9096-4da79cd2f094/element&amp#27;[39m
&amp#27;[35m[HTTP]&amp#27;[39m &amp#27;[90m{"using":"xpath","value":"//android.widget.TextView[@text='2. Inline']"}&amp#27;[39m
[debug] &amp#27;[35m[W3C (c070afbf)]&amp#27;[39m Calling AppiumDriver.findElement() with args: ["xpath","//android.widget.TextView[@text='2. Inline']","c070afbf-5564-4972-9096-4da79cd2f094"]
[debug] &amp#27;[35m[BaseDriver]&amp#27;[39m Valid locator strategies for this request: xpath, id, class name, accessibility id, css selector, -android uiautomator
[debug] &amp#27;[35m[BaseDriver]&amp#27;[39m Waiting up to 10000 ms for condition
[debug] &amp#27;[35m[WD Proxy]&amp#27;[39m Matched '/element' to command name 'findElement'
[debug] &amp#27;[35m[WD Proxy]&amp#27;[39m Proxying [POST /element] to [POST http://127.0.0.1:8208/wd/hub/session/ae7a8a70-d38f-4b9c-ac26-011b0cd34df3/element] with body: {"strategy":"xpath","selector":"//android.widget.TextView[@text='2. Inline']","context":"","multiple":false}
[debug] &amp#27;[35m[WD Proxy]&amp#27;[39m Got response with status 200: {"sessionId":"ae7a8a70-d38f-4b9c-ac26-011b0cd34df3","value":{"ELEMENT":"00000000-0000-02ef-ffff-ffff00000039","element-6066-11e4-a52e-4f735466cecf":"00000000-0000-02ef-ffff-ffff00000039"}}
[debug] &amp#27;[35m[W3C (c070afbf)]&amp#27;[39m Responding to client with driver.findElement() result: {"element-6066-11e4-a52e-4f735466cecf":"00000000-0000-02ef-ffff-ffff00000039","ELEMENT":"00000000-0000-02ef-ffff-ffff00000039"}
&amp#27;[35m[HTTP]&amp#27;[39m &amp#27;[37m<-- POST /wd/hub/session/c070afbf-5564-4972-9096-4da79cd2f094/element &amp#27;[39m&amp#27;[32m200&amp#27;[39m &amp#27;[90m28 ms - 137&amp#27;[39m
&amp#27;[35m[HTTP]&amp#27;[39m &amp#27;[90m&amp#27;[39m
&amp#27;[35m[HTTP]&amp#27;[39m &amp#27;[37m-->&amp#27;[39m &amp#27;[37mPOST&amp#27;[39m &amp#27;[37m/wd/hub/session/c070afbf-5564-4972-9096-4da79cd2f094/element/00000000-0000-02ef-ffff-ffff00000039/click&amp#27;[39m
&amp#27;[35m[HTTP]&amp#27;[39m &amp#27;[90m{"id":"00000000-0000-02ef-ffff-ffff00000039"}&amp#27;[39m
[debug] &amp#27;[35m[W3C (c070afbf)]&amp#27;[39m Calling AppiumDriver.click() with args: ["00000000-0000-02ef-ffff-ffff00000039","c070afbf-5564-4972-9096-4da79cd2f094"]
[debug] &amp#27;[35m[WD Proxy]&amp#27;[39m Matched '/element/00000000-0000-02ef-ffff-ffff00000039/click' to command name 'click'
[debug] &amp#27;[35m[WD Proxy]&amp#27;[39m Proxying [POST /element/00000000-0000-02ef-ffff-ffff00000039/click] to [POST http://127.0.0.1:8208/wd/hub/session/ae7a8a70-d38f-4b9c-ac26-011b0cd34df3/element/00000000-0000-02ef-ffff-ffff00000039/click] with body: {"element":"00000000-0000-02ef-ffff-ffff00000039"}
[debug] &amp#27;[35m[WD Proxy]&amp#27;[39m Got response with status 200: {"sessionId":"ae7a8a70-d38f-4b9c-ac26-011b0cd34df3","value":null}
[debug] &amp#27;[35m[W3C (c070afbf)]&amp#27;[39m Responding to client with driver.click() result: null
&amp#27;[35m[HTTP]&amp#27;[39m &amp#27;[37m<-- POST /wd/hub/session/c070afbf-5564-4972-9096-4da79cd2f094/element/00000000-0000-02ef-ffff-ffff00000039/click &amp#27;[39m&amp#27;[32m200&amp#27;[39m &amp#27;[90m839 ms - 14&amp#27;[39m
&amp#27;[35m[HTTP]&amp#27;[39m &amp#27;[90m&amp#27;[39m
&amp#27;[35m[HTTP]&amp#27;[39m &amp#27;[37m-->&amp#27;[39m &amp#27;[37mPOST&amp#27;[39m &amp#27;[37m/wd/hub/session/c070afbf-5564-4972-9096-4da79cd2f094/element&amp#27;[39m
&amp#27;[35m[HTTP]&amp#27;[39m &amp#27;[90m{"using":"xpath","value":"//*[@content-desc='4']"}&amp#27;[39m
[debug] &amp#27;[35m[W3C (c070afbf)]&amp#27;[39m Calling AppiumDriver.findElement() with args: ["xpath","//*[@content-desc='4']","c070afbf-5564-4972-9096-4da79cd2f094"]
[debug] &amp#27;[35m[BaseDriver]&amp#27;[39m Valid locator strategies for this request: xpath, id, class name, accessibility id, css selector, -android uiautomator
[debug] &amp#27;[35m[BaseDriver]&amp#27;[39m Waiting up to 10000 ms for condition
[debug] &amp#27;[35m[WD Proxy]&amp#27;[39m Matched '/element' to command name 'findElement'
[debug] &amp#27;[35m[WD Proxy]&amp#27;[39m Proxying [POST /element] to [POST http://127.0.0.1:8208/wd/hub/session/ae7a8a70-d38f-4b9c-ac26-011b0cd34df3/element] with body: {"strategy":"xpath","selector":"//*[@content-desc='4']","context":"","multiple":false}
[debug] &amp#27;[35m[WD Proxy]&amp#27;[39m Got response with status 200: {"sessionId":"ae7a8a70-d38f-4b9c-ac26-011b0cd34df3","value":{"ELEMENT":"00000000-0000-02f0-0000-040100000047","element-6066-11e4-a52e-4f735466cecf":"00000000-0000-02f0-0000-040100000047"}}
[debug] &amp#27;[35m[W3C (c070afbf)]&amp#27;[39m Responding to client with driver.findElement() result: {"element-6066-11e4-a52e-4f735466cecf":"00000000-0000-02f0-0000-040100000047","ELEMENT":"00000000-0000-02f0-0000-040100000047"}
&amp#27;[35m[HTTP]&amp#27;[39m &amp#27;[37m<-- POST /wd/hub/session/c070afbf-5564-4972-9096-4da79cd2f094/element &amp#27;[39m&amp#27;[32m200&amp#27;[39m &amp#27;[90m67 ms - 137&amp#27;[39m
&amp#27;[35m[HTTP]&amp#27;[39m &amp#27;[90m&amp#27;[39m
&amp#27;[35m[HTTP]&amp#27;[39m &amp#27;[37m-->&amp#27;[39m &amp#27;[37mPOST&amp#27;[39m &amp#27;[37m/wd/hub/session/c070afbf-5564-4972-9096-4da79cd2f094/element/00000000-0000-02f0-0000-040100000047/click&amp#27;[39m
&amp#27;[35m[HTTP]&amp#27;[39m &amp#27;[90m{"id":"00000000-0000-02f0-0000-040100000047"}&amp#27;[39m
[debug] &amp#27;[35m[W3C (c070afbf)]&amp#27;[39m Calling AppiumDriver.click() with args: ["00000000-0000-02f0-0000-040100000047","c070afbf-5564-4972-9096-4da79cd2f094"]
[debug] &amp#27;[35m[WD Proxy]&amp#27;[39m Matched '/element/00000000-0000-02f0-0000-040100000047/click' to command name 'click'
[debug] &amp#27;[35m[WD Proxy]&amp#27;[39m Proxying [POST /element/00000000-0000-02f0-0000-040100000047/click] to [POST http://127.0.0.1:8208/wd/hub/session/ae7a8a70-d38f-4b9c-ac26-011b0cd34df3/element/00000000-0000-02f0-0000-040100000047/click] with body: {"element":"00000000-0000-02f0-0000-040100000047"}
[debug] &amp#27;[35m[WD Proxy]&amp#27;[39m Got response with status 200: {"sessionId":"ae7a8a70-d38f-4b9c-ac26-011b0cd34df3","value":null}
[debug] &amp#27;[35m[W3C (c070afbf)]&amp#27;[39m Responding to client with driver.click() result: null
&amp#27;[35m[HTTP]&amp#27;[39m &amp#27;[37m<-- POST /wd/hub/session/c070afbf-5564-4972-9096-4da79cd2f094/element/00000000-0000-02f0-0000-040100000047/click &amp#27;[39m&amp#27;[32m200&amp#27;[39m &amp#27;[90m554 ms - 14&amp#27;[39m
&amp#27;[35m[HTTP]&amp#27;[39m &amp#27;[90m&amp#27;[39m
&amp#27;[35m[HTTP]&amp#27;[39m &amp#27;[37m-->&amp#27;[39m &amp#27;[37mPOST&amp#27;[39m &amp#27;[37m/wd/hub/session/c070afbf-5564-4972-9096-4da79cd2f094/element&amp#27;[39m
&amp#27;[35m[HTTP]&amp#27;[39m &amp#27;[90m{"using":"xpath","value":"//*[@content-desc='15']"}&amp#27;[39m
[debug] &amp#27;[35m[W3C (c070afbf)]&amp#27;[39m Calling AppiumDriver.findElement() with args: ["xpath","//*[@content-desc='15']","c070afbf-5564-4972-9096-4da79cd2f094"]
[debug] &amp#27;[35m[BaseDriver]&amp#27;[39m Valid locator strategies for this request: xpath, id, class name, accessibility id, css selector, -android uiautomator
[debug] &amp#27;[35m[BaseDriver]&amp#27;[39m Waiting up to 10000 ms for condition
[debug] &amp#27;[35m[WD Proxy]&amp#27;[39m Matched '/element' to command name 'findElement'
[debug] &amp#27;[35m[WD Proxy]&amp#27;[39m Proxying [POST /element] to [POST http://127.0.0.1:8208/wd/hub/session/ae7a8a70-d38f-4b9c-ac26-011b0cd34df3/element] with body: {"strategy":"xpath","selector":"//*[@content-desc='15']","context":"","multiple":false}
[debug] &amp#27;[35m[WD Proxy]&amp#27;[39m Got response with status 200: {"sessionId":"ae7a8a70-d38f-4b9c-ac26-011b0cd34df3","value":{"ELEMENT":"00000000-0000-02f0-0000-0f0200000047","element-6066-11e4-a52e-4f735466cecf":"00000000-0000-02f0-0000-0f0200000047"}}
[debug] &amp#27;[35m[W3C (c070afbf)]&amp#27;[39m Responding to client with driver.findElement() result: {"element-6066-11e4-a52e-4f735466cecf":"00000000-0000-02f0-0000-0f0200000047","ELEMENT":"00000000-0000-02f0-0000-0f0200000047"}
&amp#27;[35m[HTTP]&amp#27;[39m &amp#27;[37m<-- POST /wd/hub/session/c070afbf-5564-4972-9096-4da79cd2f094/element &amp#27;[39m&amp#27;[32m200&amp#27;[39m &amp#27;[90m55 ms - 137&amp#27;[39m
&amp#27;[35m[HTTP]&amp#27;[39m &amp#27;[90m&amp#27;[39m
&amp#27;[35m[HTTP]&amp#27;[39m &amp#27;[37m-->&amp#27;[39m &amp#27;[37mPOST&amp#27;[39m &amp#27;[37m/wd/hub/session/c070afbf-5564-4972-9096-4da79cd2f094/element&amp#27;[39m
&amp#27;[35m[HTTP]&amp#27;[39m &amp#27;[90m{"using":"xpath","value":"//*[@content-desc='5']"}&amp#27;[39m
[debug] &amp#27;[35m[W3C (c070afbf)]&amp#27;[39m Calling AppiumDriver.findElement() with args: ["xpath","//*[@content-desc='5']","c070afbf-5564-4972-9096-4da79cd2f094"]
[debug] &amp#27;[35m[BaseDriver]&amp#27;[39m Valid locator strategies for this request: xpath, id, class name, accessibility id, css selector, -android uiautomator
[debug] &amp#27;[35m[BaseDriver]&amp#27;[39m Waiting up to 10000 ms for condition
[debug] &amp#27;[35m[WD Proxy]&amp#27;[39m Matched '/element' to command name 'findElement'
[debug] &amp#27;[35m[WD Proxy]&amp#27;[39m Proxying [POST /element] to [POST http://127.0.0.1:8208/wd/hub/session/ae7a8a70-d38f-4b9c-ac26-011b0cd34df3/element] with body: {"strategy":"xpath","selector":"//*[@content-desc='5']","context":"","multiple":false}
[debug] &amp#27;[35m[WD Proxy]&amp#27;[39m Got response with status 200: {"sessionId":"ae7a8a70-d38f-4b9c-ac26-011b0cd34df3","value":{"ELEMENT":"00000000-0000-02f0-0000-050200000047","element-6066-11e4-a52e-4f735466cecf":"00000000-0000-02f0-0000-050200000047"}}
[debug] &amp#27;[35m[W3C (c070afbf)]&amp#27;[39m Responding to client with driver.findElement() result: {"element-6066-11e4-a52e-4f735466cecf":"00000000-0000-02f0-0000-050200000047","ELEMENT":"00000000-0000-02f0-0000-050200000047"}
&amp#27;[35m[HTTP]&amp#27;[39m &amp#27;[37m<-- POST /wd/hub/session/c070afbf-5564-4972-9096-4da79cd2f094/element &amp#27;[39m&amp#27;[32m200&amp#27;[39m &amp#27;[90m56 ms - 137&amp#27;[39m
&amp#27;[35m[HTTP]&amp#27;[39m &amp#27;[90m&amp#27;[39m
&amp#27;[35m[HTTP]&amp#27;[39m &amp#27;[37m-->&amp#27;[39m &amp#27;[37mPOST&amp#27;[39m &amp#27;[37m/wd/hub/session/c070afbf-5564-4972-9096-4da79cd2f094/touch/perform&amp#27;[39m
&amp#27;[35m[HTTP]&amp#27;[39m &amp#27;[90m{"actions":[{"action":"longPress","options":{"duration":2000,"element":"00000000-0000-02f0-0000-0f0200000047"}},{"action":"moveTo","options":{"element":"00000000-0000-02f0-0000-050200000047"}},{"action":"release","options":{}}]}&amp#27;[39m
[debug] &amp#27;[35m[W3C (c070afbf)]&amp#27;[39m Calling AppiumDriver.performTouch() with args: [[{"action":"longPress","options":{"duration":2000,"element":"00000000-0000-02f0-0000-0f0200000047"}},{"action":"moveTo","options":{"element":"00000000-0000-02f0-0000-050200000047"}},{"action":"release","options":{}}],"c070afbf-5564-4972-9096-4da79cd2f094"]
&amp#27;[35m[UiAutomator2]&amp#27;[39m calling get location: 00000000-0000-02f0-0000-0f0200000047
[debug] &amp#27;[35m[WD Proxy]&amp#27;[39m Matched '/element/00000000-0000-02f0-0000-0f0200000047/location' to command name 'getLocation'
[debug] &amp#27;[35m[WD Proxy]&amp#27;[39m Proxying [GET /element/00000000-0000-02f0-0000-0f0200000047/location] to [GET http://127.0.0.1:8208/wd/hub/session/ae7a8a70-d38f-4b9c-ac26-011b0cd34df3/element/00000000-0000-02f0-0000-0f0200000047/location] with no body
[debug] &amp#27;[35m[WD Proxy]&amp#27;[39m Got response with status 200: {"sessionId":"ae7a8a70-d38f-4b9c-ac26-011b0cd34df3","value":{"x":965,"y":1008}}
&amp#27;[35m[UiAutomator2]&amp#27;[39m calling get location: 00000000-0000-02f0-0000-050200000047
[debug] &amp#27;[35m[WD Proxy]&amp#27;[39m Matched '/element/00000000-0000-02f0-0000-050200000047/location' to command name 'getLocation'
[debug] &amp#27;[35m[WD Proxy]&amp#27;[39m Proxying [GET /element/00000000-0000-02f0-0000-050200000047/location] to [GET http://127.0.0.1:8208/wd/hub/session/ae7a8a70-d38f-4b9c-ac26-011b0cd34df3/element/00000000-0000-02f0-0000-050200000047/location] with no body
[debug] &amp#27;[35m[WD Proxy]&amp#27;[39m Got response with status 200: {"sessionId":"ae7a8a70-d38f-4b9c-ac26-011b0cd34df3","value":{"x":807,"y":735}}
[debug] &amp#27;[35m[WD Proxy]&amp#27;[39m Proxying [POST /touch/drag] to [POST http://127.0.0.1:8208/wd/hub/session/ae7a8a70-d38f-4b9c-ac26-011b0cd34df3/touch/drag] with body: {"elementId":"00000000-0000-02f0-0000-0f0200000047","destElId":"00000000-0000-02f0-0000-050200000047","startX":965,"startY":1008,"endX":807,"endY":735,"steps":80}
[debug] &amp#27;[35m[WD Proxy]&amp#27;[39m Got response with status 200: {"sessionId":"ae7a8a70-d38f-4b9c-ac26-011b0cd34df3","value":null}
[debug] &amp#27;[35m[W3C (c070afbf)]&amp#27;[39m Responding to client with driver.performTouch() result: null
&amp#27;[35m[HTTP]&amp#27;[39m &amp#27;[37m<-- POST /wd/hub/session/c070afbf-5564-4972-9096-4da79cd2f094/touch/perform &amp#27;[39m&amp#27;[32m200&amp#27;[39m &amp#27;[90m4413 ms - 14&amp#27;[39m
&amp#27;[35m[HTTP]&amp#27;[39m &amp#27;[90m&amp#27;[39m
&amp#27;[35m[HTTP]&amp#27;[39m &amp#27;[37m-->&amp#27;[39m &amp#27;[37mPOST&amp#27;[39m &amp#27;[37m/wd/hub/session/c070afbf-5564-4972-9096-4da79cd2f094/element&amp#27;[39m
&amp#27;[35m[HTTP]&amp#27;[39m &amp#27;[90m{"using":"id","value":"android:id/hours"}&amp#27;[39m
[debug] &amp#27;[35m[W3C (c070afbf)]&amp#27;[39m Calling AppiumDriver.findElement() with args: ["id","android:id/hours","c070afbf-5564-4972-9096-4da79cd2f094"]
[debug] &amp#27;[35m[BaseDriver]&amp#27;[39m Valid locator strategies for this request: xpath, id, class name, accessibility id, css selector, -android uiautomator
[debug] &amp#27;[35m[BaseDriver]&amp#27;[39m Waiting up to 10000 ms for condition
[debug] &amp#27;[35m[WD Proxy]&amp#27;[39m Matched '/element' to command name 'findElement'
[debug] &amp#27;[35m[WD Proxy]&amp#27;[39m Proxying [POST /element] to [POST http://127.0.0.1:8208/wd/hub/session/ae7a8a70-d38f-4b9c-ac26-011b0cd34df3/element] with body: {"strategy":"id","selector":"android:id/hours","context":"","multiple":false}
[debug] &amp#27;[35m[WD Proxy]&amp#27;[39m Got response with status 200: {"sessionId":"ae7a8a70-d38f-4b9c-ac26-011b0cd34df3","value":{"ELEMENT":"00000000-0000-02f0-ffff-ffff00000041","element-6066-11e4-a52e-4f735466cecf":"00000000-0000-02f0-ffff-ffff00000041"}}
[debug] &amp#27;[35m[W3C (c070afbf)]&amp#27;[39m Responding to client with driver.findElement() result: {"element-6066-11e4-a52e-4f735466cecf":"00000000-0000-02f0-ffff-ffff00000041","ELEMENT":"00000000-0000-02f0-ffff-ffff00000041"}
&amp#27;[35m[HTTP]&amp#27;[39m &amp#27;[37m<-- POST /wd/hub/session/c070afbf-5564-4972-9096-4da79cd2f094/element &amp#27;[39m&amp#27;[32m200&amp#27;[39m &amp#27;[90m29 ms - 137&amp#27;[39m
&amp#27;[35m[HTTP]&amp#27;[39m &amp#27;[90m&amp#27;[39m
&amp#27;[35m[HTTP]&amp#27;[39m &amp#27;[37m-->&amp#27;[39m &amp#27;[37mGET&amp#27;[39m &amp#27;[37m/wd/hub/session/c070afbf-5564-4972-9096-4da79cd2f094/element/00000000-0000-02f0-ffff-ffff00000041/text&amp#27;[39m
&amp#27;[35m[HTTP]&amp#27;[39m &amp#27;[90m{}&amp#27;[39m
&amp#27;[35m[W3C (c070afbf)]&amp#27;[39m Driver proxy active, passing request on via HTTP proxy
[debug] &amp#27;[35m[WD Proxy]&amp#27;[39m Matched '/wd/hub/session/c070afbf-5564-4972-9096-4da79cd2f094/element/00000000-0000-02f0-ffff-ffff00000041/text' to command name 'getText'
[debug] &amp#27;[35m[WD Proxy]&amp#27;[39m Proxying [GET /wd/hub/session/c070afbf-5564-4972-9096-4da79cd2f094/element/00000000-0000-02f0-ffff-ffff00000041/text] to [GET http://127.0.0.1:8208/wd/hub/session/ae7a8a70-d38f-4b9c-ac26-011b0cd34df3/element/00000000-0000-02f0-ffff-ffff00000041/text] with no body
[debug] &amp#27;[35m[WD Proxy]&amp#27;[39m Got response with status 200: {"sessionId":"ae7a8a70-d38f-4b9c-ac26-011b0cd34df3","value":"4"}
&amp#27;[35m[WD Proxy]&amp#27;[39m Replacing sessionId ae7a8a70-d38f-4b9c-ac26-011b0cd34df3 with c070afbf-5564-4972-9096-4da79cd2f094
&amp#27;[35m[HTTP]&amp#27;[39m &amp#27;[37m<-- GET /wd/hub/session/c070afbf-5564-4972-9096-4da79cd2f094/element/00000000-0000-02f0-ffff-ffff00000041/text &amp#27;[39m&amp#27;[32m200&amp#27;[39m &amp#27;[90m9 ms - 64&amp#27;[39m
&amp#27;[35m[HTTP]&amp#27;[39m &amp#27;[90m&amp#27;[39m
Current Hours is: 4
&amp#27;[35m[HTTP]&amp#27;[39m &amp#27;[37m-->&amp#27;[39m &amp#27;[37mPOST&amp#27;[39m &amp#27;[37m/wd/hub/session/c070afbf-5564-4972-9096-4da79cd2f094/element&amp#27;[39m
&amp#27;[35m[HTTP]&amp#27;[39m &amp#27;[90m{"using":"id","value":"android:id/minutes"}&amp#27;[39m
[debug] &amp#27;[35m[W3C (c070afbf)]&amp#27;[39m Calling AppiumDriver.findElement() with args: ["id","android:id/minutes","c070afbf-5564-4972-9096-4da79cd2f094"]
[debug] &amp#27;[35m[BaseDriver]&amp#27;[39m Valid locator strategies for this request: xpath, id, class name, accessibility id, css selector, -android uiautomator
[debug] &amp#27;[35m[BaseDriver]&amp#27;[39m Waiting up to 10000 ms for condition
[debug] &amp#27;[35m[WD Proxy]&amp#27;[39m Matched '/element' to command name 'findElement'
[debug] &amp#27;[35m[WD Proxy]&amp#27;[39m Proxying [POST /element] to [POST http://127.0.0.1:8208/wd/hub/session/ae7a8a70-d38f-4b9c-ac26-011b0cd34df3/element] with body: {"strategy":"id","selector":"android:id/minutes","context":"","multiple":false}
[debug] &amp#27;[35m[WD Proxy]&amp#27;[39m Got response with status 200: {"sessionId":"ae7a8a70-d38f-4b9c-ac26-011b0cd34df3","value":{"ELEMENT":"00000000-0000-02f0-ffff-ffff00000043","element-6066-11e4-a52e-4f735466cecf":"00000000-0000-02f0-ffff-ffff00000043"}}
[debug] &amp#27;[35m[W3C (c070afbf)]&amp#27;[39m Responding to client with driver.findElement() result: {"element-6066-11e4-a52e-4f735466cecf":"00000000-0000-02f0-ffff-ffff00000043","ELEMENT":"00000000-0000-02f0-ffff-ffff00000043"}
&amp#27;[35m[HTTP]&amp#27;[39m &amp#27;[37m<-- POST /wd/hub/session/c070afbf-5564-4972-9096-4da79cd2f094/element &amp#27;[39m&amp#27;[32m200&amp#27;[39m &amp#27;[90m12 ms - 137&amp#27;[39m
&amp#27;[35m[HTTP]&amp#27;[39m &amp#27;[90m&amp#27;[39m
&amp#27;[35m[HTTP]&amp#27;[39m &amp#27;[37m-->&amp#27;[39m &amp#27;[37mGET&amp#27;[39m &amp#27;[37m/wd/hub/session/c070afbf-5564-4972-9096-4da79cd2f094/element/00000000-0000-02f0-ffff-ffff00000043/text&amp#27;[39m
&amp#27;[35m[HTTP]&amp#27;[39m &amp#27;[90m{}&amp#27;[39m
&amp#27;[35m[W3C (c070afbf)]&amp#27;[39m Driver proxy active, passing request on via HTTP proxy
[debug] &amp#27;[35m[WD Proxy]&amp#27;[39m Matched '/wd/hub/session/c070afbf-5564-4972-9096-4da79cd2f094/element/00000000-0000-02f0-ffff-ffff00000043/text' to command name 'getText'
[debug] &amp#27;[35m[WD Proxy]&amp#27;[39m Proxying [GET /wd/hub/session/c070afbf-5564-4972-9096-4da79cd2f094/element/00000000-0000-02f0-ffff-ffff00000043/text] to [GET http://127.0.0.1:8208/wd/hub/session/ae7a8a70-d38f-4b9c-ac26-011b0cd34df3/element/00000000-0000-02f0-ffff-ffff00000043/text] with no body
[debug] &amp#27;[35m[WD Proxy]&amp#27;[39m Got response with status 200: {"sessionId":"ae7a8a70-d38f-4b9c-ac26-011b0cd34df3","value":"05"}
&amp#27;[35m[WD Proxy]&amp#27;[39m Replacing sessionId ae7a8a70-d38f-4b9c-ac26-011b0cd34df3 with c070afbf-5564-4972-9096-4da79cd2f094
&amp#27;[35m[HTTP]&amp#27;[39m &amp#27;[37m<-- GET /wd/hub/session/c070afbf-5564-4972-9096-4da79cd2f094/element/00000000-0000-02f0-ffff-ffff00000043/text &amp#27;[39m&amp#27;[32m200&amp#27;[39m &amp#27;[90m8 ms - 65&amp#27;[39m
&amp#27;[35m[HTTP]&amp#27;[39m &amp#27;[90m&amp#27;[39m
Current Minutes is: 05
&amp#27;[35m[HTTP]&amp#27;[39m &amp#27;[37m-->&amp#27;[39m &amp#27;[37mPOST&amp#27;[39m &amp#27;[37m/wd/hub/session/c070afbf-5564-4972-9096-4da79cd2f094/element&amp#27;[39m
&amp#27;[35m[HTTP]&amp#27;[39m &amp#27;[90m{"using":"id","value":"android:id/pm_label"}&amp#27;[39m
[debug] &amp#27;[35m[W3C (c070afbf)]&amp#27;[39m Calling AppiumDriver.findElement() with args: ["id","android:id/pm_label","c070afbf-5564-4972-9096-4da79cd2f094"]
[debug] &amp#27;[35m[BaseDriver]&amp#27;[39m Valid locator strategies for this request: xpath, id, class name, accessibility id, css selector, -android uiautomator
[debug] &amp#27;[35m[BaseDriver]&amp#27;[39m Waiting up to 10000 ms for condition
[debug] &amp#27;[35m[WD Proxy]&amp#27;[39m Matched '/element' to command name 'findElement'
[debug] &amp#27;[35m[WD Proxy]&amp#27;[39m Proxying [POST /element] to [POST http://127.0.0.1:8208/wd/hub/session/ae7a8a70-d38f-4b9c-ac26-011b0cd34df3/element] with body: {"strategy":"id","selector":"android:id/pm_label","context":"","multiple":false}
[debug] &amp#27;[35m[WD Proxy]&amp#27;[39m Got response with status 200: {"sessionId":"ae7a8a70-d38f-4b9c-ac26-011b0cd34df3","value":{"ELEMENT":"00000000-0000-02f0-ffff-ffff00000046","element-6066-11e4-a52e-4f735466cecf":"00000000-0000-02f0-ffff-ffff00000046"}}
[debug] &amp#27;[35m[W3C (c070afbf)]&amp#27;[39m Responding to client with driver.findElement() result: {"element-6066-11e4-a52e-4f735466cecf":"00000000-0000-02f0-ffff-ffff00000046","ELEMENT":"00000000-0000-02f0-ffff-ffff00000046"}
&amp#27;[35m[HTTP]&amp#27;[39m &amp#27;[37m<-- POST /wd/hub/session/c070afbf-5564-4972-9096-4da79cd2f094/element &amp#27;[39m&amp#27;[32m200&amp#27;[39m &amp#27;[90m16 ms - 137&amp#27;[39m
&amp#27;[35m[HTTP]&amp#27;[39m &amp#27;[90m&amp#27;[39m
&amp#27;[35m[HTTP]&amp#27;[39m &amp#27;[37m-->&amp#27;[39m &amp#27;[37mGET&amp#27;[39m &amp#27;[37m/wd/hub/session/c070afbf-5564-4972-9096-4da79cd2f094/element/00000000-0000-02f0-ffff-ffff00000046/text&amp#27;[39m
&amp#27;[35m[HTTP]&amp#27;[39m &amp#27;[90m{}&amp#27;[39m
&amp#27;[35m[W3C (c070afbf)]&amp#27;[39m Driver proxy active, passing request on via HTTP proxy
[debug] &amp#27;[35m[WD Proxy]&amp#27;[39m Matched '/wd/hub/session/c070afbf-5564-4972-9096-4da79cd2f094/element/00000000-0000-02f0-ffff-ffff00000046/text' to command name 'getText'
[debug] &amp#27;[35m[WD Proxy]&amp#27;[39m Proxying [GET /wd/hub/session/c070afbf-5564-4972-9096-4da79cd2f094/element/00000000-0000-02f0-ffff-ffff00000046/text] to [GET http://127.0.0.1:8208/wd/hub/session/ae7a8a70-d38f-4b9c-ac26-011b0cd34df3/element/00000000-0000-02f0-ffff-ffff00000046/text] with no body
[debug] &amp#27;[35m[WD Proxy]&amp#27;[39m Got response with status 200: {"sessionId":"ae7a8a70-d38f-4b9c-ac26-011b0cd34df3","value":"PM"}
&amp#27;[35m[WD Proxy]&amp#27;[39m Replacing sessionId ae7a8a70-d38f-4b9c-ac26-011b0cd34df3 with c070afbf-5564-4972-9096-4da79cd2f094
&amp#27;[35m[HTTP]&amp#27;[39m &amp#27;[37m<-- GET /wd/hub/session/c070afbf-5564-4972-9096-4da79cd2f094/element/00000000-0000-02f0-ffff-ffff00000046/text &amp#27;[39m&amp#27;[32m200&amp#27;[39m &amp#27;[90m9 ms - 65&amp#27;[39m
&amp#27;[35m[HTTP]&amp#27;[39m &amp#27;[90m&amp#27;[39m
Label status: PM
]]></system-out>
    <system-err><![CDATA[Jan 15, 2022 6:01:48 PM io.appium.java_client.remote.AppiumCommandExecutor$1 lambda$0
INFO: Detected dialect: W3C
]]></system-err>
  </testcase>
</testsuite>