<?xml version="1.0" encoding="UTF-8"?>
<!-- Generated by org.testng.reporters.JUnitReportReporter -->
<testsuite hostname="MSI" failures="0" tests="1" name="apiDemosApp.AccessWifiTest" time="38.511" errors="0" timestamp="2022-01-20T18:09:35 IST" skipped="0">
  <testcase classname="apiDemosApp.AccessWifiTest" name="wifiAccess" time="38.511"/>
  <system-out/>
</testsuite> <!-- apiDemosApp.AccessWifiTest -->
