<?xml version="1.0" encoding="UTF-8"?>
<!-- Generated by org.testng.reporters.JUnitReportReporter -->
<testsuite hostname="MSI" failures="0" tests="1" name="apiDemosApp.AccessWifiTest" time="28.515" errors="0" timestamp="2022-01-19T15:42:37 IST" skipped="0">
  <testcase classname="apiDemosApp.AccessWifiTest" name="wifiAccess" time="28.515"/>
  <system-out/>
</testsuite> <!-- apiDemosApp.AccessWifiTest -->
