<?xml version="1.0" encoding="UTF-8"?>
<!-- Generated by org.testng.reporters.JUnitReportReporter -->
<testsuite hostname="MSI" failures="0" tests="1" name="appium.framework.CheckHomePage" time="34.725" errors="0" timestamp="2022-01-17T14:52:02 IST" skipped="0">
  <testcase classname="appium.framework.CheckHomePage" name="verifyHome" time="34.725"/>
  <system-out/>
</testsuite> <!-- appium.framework.CheckHomePage -->
