<?xml version="1.0" encoding="UTF-8"?>
<!-- Generated by org.testng.reporters.JUnitReportReporter -->
<testsuite hostname="MSI" failures="0" tests="1" name="apiDemosApp.SetTimeTest" time="32.170" errors="0" timestamp="2022-01-19T15:59:54 IST" skipped="0">
  <testcase classname="apiDemosApp.SetTimeTest" name="timeSettings" time="32.170"/>
  <system-out/>
</testsuite> <!-- apiDemosApp.SetTimeTest -->
