<?xml version="1.0" encoding="UTF-8"?>
<!-- Generated by org.testng.reporters.JUnitReportReporter -->
<testsuite hostname="MSI" failures="0" tests="1" name="apiDemosApp.SetTime" time="0.000" errors="0" timestamp="2022-01-15T17:56:37 IST" skipped="1">
  <testcase classname="apiDemosApp.SetTime" name="timeSettings" time="0.000">
    <skipped/>
  </testcase> <!-- timeSettings -->
  <system-out/>
</testsuite> <!-- apiDemosApp.SetTime -->
