<?xml version="1.0" encoding="UTF-8"?>
<!-- Generated by org.testng.reporters.JUnitReportReporter -->
<testsuite hostname="MSI" failures="0" tests="1" name="appium.framework.CheckHomePageTest2_cloud" time="104.015" errors="0" timestamp="2022-01-20T17:49:05 IST" skipped="0">
  <testcase classname="appium.framework.CheckHomePageTest2_cloud" name="verifyHome" time="104.015"/>
  <system-out/>
</testsuite> <!-- appium.framework.CheckHomePageTest2_cloud -->
