<?xml version="1.0" encoding="UTF-8"?>
<!-- Generated by org.testng.reporters.JUnitReportReporter -->
<testsuite hostname="MSI" failures="0" tests="1" name="appium.framework.ScrollAndSelectTest" time="62.363" errors="0" timestamp="2022-01-20T18:09:35 IST" skipped="0">
  <testcase classname="appium.framework.ScrollAndSelectTest" name="ScrollSelect" time="62.363"/>
  <system-out/>
</testsuite> <!-- appium.framework.ScrollAndSelectTest -->
