<?xml version="1.0" encoding="UTF-8"?>
<!-- Generated by org.testng.reporters.JUnitReportReporter -->
<testsuite hostname="MSI" failures="0" tests="1" name="apiDemosApp.DragAndDropTest" time="36.587" errors="0" timestamp="2022-01-20T18:09:35 IST" skipped="0">
  <testcase classname="apiDemosApp.DragAndDropTest" name="dragDrop" time="36.587"/>
  <system-out/>
</testsuite> <!-- apiDemosApp.DragAndDropTest -->
