<?xml version="1.0" encoding="UTF-8"?>
<!-- Generated by org.testng.reporters.JUnitReportReporter -->
<testsuite hostname="MSI" failures="0" tests="1" name="appium.framework.ScrollAndSelect" time="39.442" errors="0" timestamp="2022-01-15T17:56:37 IST" skipped="0">
  <testcase classname="appium.framework.ScrollAndSelect" name="ScrollSelect" time="39.442"/>
  <system-out/>
</testsuite> <!-- appium.framework.ScrollAndSelect -->
