<?xml version="1.0" encoding="UTF-8"?>
<!-- Generated by org.testng.reporters.JUnitReportReporter -->
<testsuite hostname="MSI" failures="0" tests="1" name="appium.framework.WebViewCheckTest" time="64.352" errors="0" timestamp="2022-01-20T18:20:58 IST" skipped="0">
  <testcase classname="appium.framework.WebViewCheckTest" name="webAutomation" time="64.352"/>
  <system-out/>
</testsuite> <!-- appium.framework.WebViewCheckTest -->
