<?xml version="1.0" encoding="UTF-8"?>
<!-- Generated by org.testng.reporters.JUnitReportReporter -->
<testsuite hostname="MSI" failures="0" tests="1" name="apiDemosApp.DragAndDropTest" time="34.936" errors="0" timestamp="2022-01-19T15:42:37 IST" skipped="0">
  <testcase classname="apiDemosApp.DragAndDropTest" name="dragDrop" time="34.936"/>
  <system-out/>
</testsuite> <!-- apiDemosApp.DragAndDropTest -->
