<?xml version="1.0" encoding="UTF-8"?>
<!-- Generated by org.testng.reporters.JUnitReportReporter -->
<testsuite hostname="MSI" failures="0" tests="1" name="appium.framework.VerifyToastMessage" time="16.517" errors="0" timestamp="2022-01-15T17:56:37 IST" skipped="0">
  <testcase classname="appium.framework.VerifyToastMessage" name="toastMessage" time="16.517"/>
  <system-out/>
</testsuite> <!-- appium.framework.VerifyToastMessage -->
