<?xml version="1.0" encoding="UTF-8"?>
<!-- Generated by org.testng.reporters.JUnitReportReporter -->
<testsuite hostname="MSI" failures="0" tests="1" name="appium.framework.WebViewCheck" time="44.948" errors="0" timestamp="2022-01-15T17:56:38 IST" skipped="0">
  <testcase classname="appium.framework.WebViewCheck" name="webAutomation" time="44.948"/>
  <system-out/>
</testsuite> <!-- appium.framework.WebViewCheck -->
