<?xml version="1.0" encoding="UTF-8"?>
<!-- Generated by org.testng.reporters.JUnitReportReporter -->
<testsuite hostname="MSI" failures="0" tests="1" name="appium.framework.SumOfProductTest" time="56.079" errors="0" timestamp="2022-01-19T15:42:37 IST" skipped="0">
  <testcase classname="appium.framework.SumOfProductTest" name="totalValidation" time="56.079"/>
  <system-out/>
</testsuite> <!-- appium.framework.SumOfProductTest -->
