<?xml version="1.0" encoding="UTF-8"?>
<!-- Generated by org.testng.reporters.JUnitReportReporter -->
<testsuite hostname="MSI" failures="0" tests="1" name="appium.framework.CheckHomePageTest" time="59.752" errors="0" timestamp="2022-01-20T18:09:35 IST" skipped="0">
  <testcase classname="appium.framework.CheckHomePageTest" name="verifyHome" time="59.752"/>
  <system-out/>
</testsuite> <!-- appium.framework.CheckHomePageTest -->
