<?xml version="1.0" encoding="UTF-8"?>
<!-- Generated by org.testng.reporters.JUnitReportReporter -->
<testsuite hostname="MSI" failures="0" tests="1" name="appium.framework.ScrollAndSelectTest" time="47.239" errors="0" timestamp="2022-01-19T15:59:54 IST" skipped="0">
  <testcase classname="appium.framework.ScrollAndSelectTest" name="ScrollSelect" time="47.239"/>
  <system-out/>
</testsuite> <!-- appium.framework.ScrollAndSelectTest -->
