<?xml version="1.0" encoding="UTF-8"?>
<!-- Generated by org.testng.reporters.JUnitReportReporter -->
<testsuite skipped="0" hostname="MSI" name="apiDemosApp.AccessWifiTest" tests="1" failures="0" timestamp="2022-01-19T16:19:28 IST" time="18.070" errors="0">
  <testcase name="wifiAccess" time="18.070" classname="apiDemosApp.AccessWifiTest"/>
  <system-out/>
</testsuite> <!-- apiDemosApp.AccessWifiTest -->
