<?xml version="1.0" encoding="UTF-8"?>
<!-- Generated by org.testng.reporters.JUnitReportReporter -->
<testsuite skipped="0" hostname="MSI" name="appium.framework.CheckHomePage" tests="1" failures="0" timestamp="2022-01-15T18:01:57 IST" time="36.536" errors="0">
  <testcase name="verifyHome" time="36.536" classname="appium.framework.CheckHomePage"/>
  <system-out/>
</testsuite> <!-- appium.framework.CheckHomePage -->
