<?xml version="1.0" encoding="UTF-8"?>
<!-- Generated by org.testng.reporters.JUnitReportReporter -->
<testsuite skipped="0" hostname="MSI" name="apiDemosApp.GesturesTest" tests="1" failures="0" timestamp="2022-01-19T16:19:28 IST" time="16.604" errors="0">
  <testcase name="tapCheckBox" time="16.604" classname="apiDemosApp.GesturesTest"/>
  <system-out/>
</testsuite> <!-- apiDemosApp.GesturesTest -->
