<?xml version="1.0" encoding="UTF-8"?>
<!-- Generated by org.testng.reporters.JUnitReportReporter -->
<testsuite skipped="0" hostname="MSI" name="apiDemosApp.DragAndDropTest" tests="1" failures="0" timestamp="2022-01-19T16:19:28 IST" time="24.082" errors="0">
  <testcase name="dragDrop" time="24.082" classname="apiDemosApp.DragAndDropTest"/>
  <system-out/>
</testsuite> <!-- apiDemosApp.DragAndDropTest -->
