<?xml version="1.0" encoding="UTF-8"?>
<!-- Generated by org.testng.reporters.JUnitReportReporter -->
<testsuite skipped="0" hostname="MSI" name="appium.framework.ScrollAndSelectTest" tests="1" failures="0" timestamp="2022-01-19T16:19:28 IST" time="39.035" errors="0">
  <testcase name="ScrollSelect" time="39.035" classname="appium.framework.ScrollAndSelectTest"/>
  <system-out/>
</testsuite> <!-- appium.framework.ScrollAndSelectTest -->
