<?xml version="1.0" encoding="UTF-8"?>
<!-- Generated by org.testng.reporters.JUnitReportReporter -->
<testsuite skipped="0" hostname="MSI" name="appium.framework.sumOfProduct" tests="1" failures="0" timestamp="2022-01-15T18:01:57 IST" time="36.648" errors="0">
  <testcase name="totalValidation" time="36.648" classname="appium.framework.sumOfProduct"/>
  <system-out/>
</testsuite> <!-- appium.framework.sumOfProduct -->
