<?xml version="1.0" encoding="UTF-8"?>
<!-- Generated by org.testng.reporters.JUnitReportReporter -->
<testsuite skipped="0" hostname="MSI" name="apiDemosApp.DragAndDrop" tests="1" failures="0" timestamp="2022-01-15T18:01:57 IST" time="22.051" errors="0">
  <testcase name="dragDrop" time="22.051" classname="apiDemosApp.DragAndDrop"/>
  <system-out/>
</testsuite> <!-- apiDemosApp.DragAndDrop -->
