<?xml version="1.0" encoding="UTF-8"?>
<!-- Generated by org.testng.reporters.JUnitReportReporter -->
<testsuite skipped="0" hostname="MSI" name="appium.framework.ScrollAndSelect" tests="1" failures="0" timestamp="2022-01-15T18:01:57 IST" time="39.208" errors="0">
  <testcase name="ScrollSelect" time="39.208" classname="appium.framework.ScrollAndSelect"/>
  <system-out/>
</testsuite> <!-- appium.framework.ScrollAndSelect -->
