<?xml version="1.0" encoding="UTF-8"?>
<!-- Generated by org.testng.reporters.JUnitReportReporter -->
<testsuite skipped="0" hostname="MSI" name="appium.framework.VerifyToastMessage" tests="1" failures="0" timestamp="2022-01-15T18:01:57 IST" time="17.915" errors="0">
  <testcase name="toastMessage" time="17.915" classname="appium.framework.VerifyToastMessage"/>
  <system-out/>
</testsuite> <!-- appium.framework.VerifyToastMessage -->
