<?xml version="1.0" encoding="UTF-8"?>
<!-- Generated by org.testng.reporters.JUnitReportReporter -->
<testsuite skipped="0" hostname="MSI" name="appium.framework.WebViewCheck" tests="1" failures="0" timestamp="2022-01-15T18:01:57 IST" time="45.081" errors="0">
  <testcase name="webAutomation" time="45.081" classname="appium.framework.WebViewCheck"/>
  <system-out/>
</testsuite> <!-- appium.framework.WebViewCheck -->
