<?xml version="1.0" encoding="UTF-8"?>
<!-- Generated by org.testng.reporters.JUnitReportReporter -->
<testsuite skipped="0" hostname="MSI" name="appium.framework.VerifyToastMessageTest" tests="1" failures="0" timestamp="2022-01-19T16:19:28 IST" time="19.907" errors="0">
  <testcase name="toastMessage" time="19.907" classname="appium.framework.VerifyToastMessageTest"/>
  <system-out/>
</testsuite> <!-- appium.framework.VerifyToastMessageTest -->
