<?xml version="1.0" encoding="UTF-8"?>
<!-- Generated by org.testng.reporters.JUnitReportReporter -->
<testsuite skipped="0" hostname="MSI" name="apiDemosApp.SetTimeTest" tests="1" failures="0" timestamp="2022-01-19T16:19:28 IST" time="22.090" errors="0">
  <testcase name="timeSettings" time="22.090" classname="apiDemosApp.SetTimeTest"/>
  <system-out/>
</testsuite> <!-- apiDemosApp.SetTimeTest -->
