<?xml version="1.0" encoding="UTF-8"?>
<!-- Generated by org.testng.reporters.JUnitReportReporter -->
<testsuite skipped="0" hostname="MSI" name="appium.framework.VerifyLoginTest" tests="1" failures="0" timestamp="2022-01-19T16:19:28 IST" time="29.908" errors="0">
  <testcase name="verifyLoginFunction" time="29.908" classname="appium.framework.VerifyLoginTest"/>
  <system-out/>
</testsuite> <!-- appium.framework.VerifyLoginTest -->
