<?xml version="1.0" encoding="UTF-8"?>
<!-- Generated by org.testng.reporters.JUnitReportReporter -->
<testsuite skipped="0" hostname="MSI" name="apiDemosApp.SetTime" tests="1" failures="0" timestamp="2022-01-15T18:01:57 IST" time="19.982" errors="0">
  <testcase name="timeSettings" time="19.982" classname="apiDemosApp.SetTime"/>
  <system-out/>
</testsuite> <!-- apiDemosApp.SetTime -->
