<?xml version="1.0" encoding="UTF-8"?>
<!-- Generated by org.testng.reporters.JUnitReportReporter -->
<testsuite skipped="0" hostname="MSI" name="appium.framework.VerifyLogin" tests="1" failures="0" timestamp="2022-01-15T18:01:57 IST" time="29.753" errors="0">
  <testcase name="verifyLoginFunction" time="29.753" classname="appium.framework.VerifyLogin"/>
  <system-out/>
</testsuite> <!-- appium.framework.VerifyLogin -->
