<?xml version="1.0" encoding="UTF-8"?>
<!-- Generated by org.testng.reporters.JUnitReportReporter -->
<testsuite skipped="0" hostname="MSI" name="appium.framework.SumOfProductTest" tests="1" failures="0" timestamp="2022-01-19T16:19:28 IST" time="38.272" errors="0">
  <testcase name="totalValidation" time="38.272" classname="appium.framework.SumOfProductTest"/>
  <system-out/>
</testsuite> <!-- appium.framework.SumOfProductTest -->
